ARM GAS  C:\Users\82057\AppData\Local\Temp\cctMMCG8.s 			page 1


   1              		.cpu cortex-m4
   2              		.eabi_attribute 27, 1
   3              		.eabi_attribute 28, 1
   4              		.eabi_attribute 20, 1
   5              		.eabi_attribute 21, 1
   6              		.eabi_attribute 23, 3
   7              		.eabi_attribute 24, 1
   8              		.eabi_attribute 25, 1
   9              		.eabi_attribute 26, 1
  10              		.eabi_attribute 30, 4
  11              		.eabi_attribute 34, 1
  12              		.eabi_attribute 18, 4
  13              		.file	"nvic.c"
  14              		.text
  15              	.Ltext0:
  16              		.cfi_sections	.debug_frame
  17              		.section	.text.NVIC_Configuration,"ax",%progbits
  18              		.align	1
  19              		.global	NVIC_Configuration
  20              		.syntax unified
  21              		.thumb
  22              		.thumb_func
  23              		.fpu fpv4-sp-d16
  25              	NVIC_Configuration:
  26              	.LFB333:
  27              		.file 1 "Src/nvic.c"
   1:Src/nvic.c    **** #include "stm32g4xx_hal.h"
   2:Src/nvic.c    **** #include "nvic.h"
   3:Src/nvic.c    **** #include "global.h"
   4:Src/nvic.c    **** void NVIC_Configuration(void)
   5:Src/nvic.c    **** {
  28              		.loc 1 5 0
  29              		.cfi_startproc
  30              		@ args = 0, pretend = 0, frame = 0
  31              		@ frame_needed = 0, uses_anonymous_args = 0
  32              		@ link register save eliminated.
   6:Src/nvic.c    **** 
   7:Src/nvic.c    **** 
   8:Src/nvic.c    ****   /* Set the Vector Table base location at 0x08000000 */
   9:Src/nvic.c    **** 
  10:Src/nvic.c    ****   HAL_NVIC_SetPriorityGrouping(NVIC_PRIORITYGROUP_2);
  33              		.loc 1 10 0
  34 0000 0520     		movs	r0, #5
  35 0002 FFF7FEBF 		b	HAL_NVIC_SetPriorityGrouping
  36              	.LVL0:
  37              		.cfi_endproc
  38              	.LFE333:
  40              		.text
  41              	.Letext0:
  42              		.file 2 "c:\\program files (x86)\\gnu tools arm embedded\\7 2018-q2-update\\arm-none-eabi\\include
  43              		.file 3 "c:\\program files (x86)\\gnu tools arm embedded\\7 2018-q2-update\\arm-none-eabi\\include
  44              		.file 4 "Drivers/STM32G4xx_HAL_Driver/Inc/stm32g4xx_hal.h"
  45              		.file 5 "Drivers/CMSIS/Include/core_cm4.h"
  46              		.file 6 "Drivers/CMSIS/Device/ST/STM32G4xx/Include/system_stm32g4xx.h"
  47              		.file 7 "Drivers/CMSIS/Device/ST/STM32G4xx/Include/stm32g431xx.h"
  48              		.file 8 "Drivers/CMSIS/Device/ST/STM32G4xx/Include/stm32g4xx.h"
  49              		.file 9 "Drivers/STM32G4xx_HAL_Driver/Inc/stm32g4xx_hal_def.h"
ARM GAS  C:\Users\82057\AppData\Local\Temp\cctMMCG8.s 			page 2


  50              		.file 10 "Drivers/STM32G4xx_HAL_Driver/Inc/stm32g4xx_hal_dma.h"
  51              		.file 11 "Drivers/STM32G4xx_HAL_Driver/Inc/stm32g4xx_hal_adc.h"
  52              		.file 12 "Drivers/STM32G4xx_HAL_Driver/Inc/stm32g4xx_hal_flash.h"
  53              		.file 13 "Drivers/STM32G4xx_HAL_Driver/Inc/stm32g4xx_hal_spi.h"
  54              		.file 14 "Drivers/STM32G4xx_HAL_Driver/Inc/stm32g4xx_hal_tim.h"
  55              		.file 15 "Drivers/STM32G4xx_HAL_Driver/Inc/stm32g4xx_hal_uart.h"
  56              		.file 16 "c:\\program files (x86)\\gnu tools arm embedded\\7 2018-q2-update\\arm-none-eabi\\includ
  57              		.file 17 "c:\\program files (x86)\\gnu tools arm embedded\\7 2018-q2-update\\arm-none-eabi\\includ
  58              		.file 18 "c:\\program files (x86)\\gnu tools arm embedded\\7 2018-q2-update\\lib\\gcc\\arm-none-ea
  59              		.file 19 "c:\\program files (x86)\\gnu tools arm embedded\\7 2018-q2-update\\arm-none-eabi\\includ
  60              		.file 20 "c:\\program files (x86)\\gnu tools arm embedded\\7 2018-q2-update\\arm-none-eabi\\includ
  61              		.file 21 "Inc/uart.h"
  62              		.file 22 "Inc/pwm.h"
  63              		.file 23 "Inc/spi_MEncoder.h"
  64              		.file 24 "Inc/adc.h"
  65              		.file 25 "Inc/stm32_math_sin.h"
  66              		.file 26 "Inc/pid.h"
  67              		.file 27 "Inc/profile_joint.h"
  68              		.file 28 "Inc/icmu.h"
  69              		.file 29 "Inc/performance_test.h"
  70              		.file 30 "Inc/global.h"
  71              		.file 31 "Drivers/STM32G4xx_HAL_Driver/Inc/stm32g4xx_hal_cortex.h"
ARM GAS  C:\Users\82057\AppData\Local\Temp\cctMMCG8.s 			page 3


DEFINED SYMBOLS
                            *ABS*:00000000 nvic.c
C:\Users\82057\AppData\Local\Temp\cctMMCG8.s:18     .text.NVIC_Configuration:00000000 $t
C:\Users\82057\AppData\Local\Temp\cctMMCG8.s:25     .text.NVIC_Configuration:00000000 NVIC_Configuration

UNDEFINED SYMBOLS
HAL_NVIC_SetPriorityGrouping
