ARM GAS  C:\Users\82057\AppData\Local\Temp\cci3RBMP.s 			page 1


   1              		.cpu cortex-m4
   2              		.eabi_attribute 27, 1
   3              		.eabi_attribute 28, 1
   4              		.eabi_attribute 20, 1
   5              		.eabi_attribute 21, 1
   6              		.eabi_attribute 23, 3
   7              		.eabi_attribute 24, 1
   8              		.eabi_attribute 25, 1
   9              		.eabi_attribute 26, 1
  10              		.eabi_attribute 30, 1
  11              		.eabi_attribute 34, 1
  12              		.eabi_attribute 18, 4
  13              		.file	"spi_IChaus.c"
  14              		.text
  15              	.Ltext0:
  16              		.cfi_sections	.debug_frame
  17              	.Letext0:
  18              		.file 1 "c:\\program files (x86)\\gnu tools arm embedded\\7 2018-q2-update\\arm-none-eabi\\include
  19              		.file 2 "c:\\program files (x86)\\gnu tools arm embedded\\7 2018-q2-update\\arm-none-eabi\\include
  20              		.file 3 "Drivers/STM32G4xx_HAL_Driver/Inc/stm32g4xx_hal.h"
  21              		.file 4 "Drivers/CMSIS/Include/core_cm4.h"
  22              		.file 5 "Drivers/CMSIS/Device/ST/STM32G4xx/Include/system_stm32g4xx.h"
  23              		.file 6 "Drivers/CMSIS/Device/ST/STM32G4xx/Include/stm32g431xx.h"
  24              		.file 7 "Drivers/CMSIS/Device/ST/STM32G4xx/Include/stm32g4xx.h"
  25              		.file 8 "Drivers/STM32G4xx_HAL_Driver/Inc/stm32g4xx_hal_def.h"
  26              		.file 9 "Drivers/STM32G4xx_HAL_Driver/Inc/stm32g4xx_hal_dma.h"
  27              		.file 10 "Drivers/STM32G4xx_HAL_Driver/Inc/stm32g4xx_hal_adc.h"
  28              		.file 11 "Drivers/STM32G4xx_HAL_Driver/Inc/stm32g4xx_hal_flash.h"
  29              		.file 12 "Drivers/STM32G4xx_HAL_Driver/Inc/stm32g4xx_hal_spi.h"
  30              		.file 13 "Drivers/STM32G4xx_HAL_Driver/Inc/stm32g4xx_hal_tim.h"
  31              		.file 14 "Drivers/STM32G4xx_HAL_Driver/Inc/stm32g4xx_hal_uart.h"
  32              		.file 15 "c:\\program files (x86)\\gnu tools arm embedded\\7 2018-q2-update\\arm-none-eabi\\includ
  33              		.file 16 "c:\\program files (x86)\\gnu tools arm embedded\\7 2018-q2-update\\arm-none-eabi\\includ
  34              		.file 17 "c:\\program files (x86)\\gnu tools arm embedded\\7 2018-q2-update\\lib\\gcc\\arm-none-ea
  35              		.file 18 "c:\\program files (x86)\\gnu tools arm embedded\\7 2018-q2-update\\arm-none-eabi\\includ
  36              		.file 19 "c:\\program files (x86)\\gnu tools arm embedded\\7 2018-q2-update\\arm-none-eabi\\includ
  37              		.file 20 "Inc/uart.h"
  38              		.file 21 "Inc/pwm.h"
  39              		.file 22 "Inc/spi_MEncoder.h"
  40              		.file 23 "Inc/adc.h"
  41              		.file 24 "Inc/stm32_math_sin.h"
  42              		.file 25 "Inc/pid.h"
  43              		.file 26 "Inc/profile_joint.h"
  44              		.file 27 "Inc/icmu.h"
  45              		.file 28 "Inc/performance_test.h"
  46              		.file 29 "Inc/global.h"
ARM GAS  C:\Users\82057\AppData\Local\Temp\cci3RBMP.s 			page 2


DEFINED SYMBOLS
                            *ABS*:00000000 spi_IChaus.c

NO UNDEFINED SYMBOLS
