ARM GAS  C:\Users\82057\AppData\Local\Temp\ccxhzQ0H.s 			page 1


   1              		.cpu cortex-m4
   2              		.eabi_attribute 27, 1
   3              		.eabi_attribute 28, 1
   4              		.eabi_attribute 20, 1
   5              		.eabi_attribute 21, 1
   6              		.eabi_attribute 23, 3
   7              		.eabi_attribute 24, 1
   8              		.eabi_attribute 25, 1
   9              		.eabi_attribute 26, 1
  10              		.eabi_attribute 30, 1
  11              		.eabi_attribute 34, 1
  12              		.eabi_attribute 18, 4
  13              		.file	"stm32g4xx_hal_spi_ex.c"
  14              		.text
  15              	.Ltext0:
  16              		.cfi_sections	.debug_frame
  17              		.section	.text.HAL_SPIEx_FlushRxFifo,"ax",%progbits
  18              		.align	1
  19              		.global	HAL_SPIEx_FlushRxFifo
  20              		.syntax unified
  21              		.thumb
  22              		.thumb_func
  23              		.fpu fpv4-sp-d16
  25              	HAL_SPIEx_FlushRxFifo:
  26              	.LFB329:
  27              		.file 1 "Drivers/STM32G4xx_HAL_Driver/Src/stm32g4xx_hal_spi_ex.c"
   1:Drivers/STM32G4xx_HAL_Driver/Src/stm32g4xx_hal_spi_ex.c **** /**
   2:Drivers/STM32G4xx_HAL_Driver/Src/stm32g4xx_hal_spi_ex.c ****   ******************************************************************************
   3:Drivers/STM32G4xx_HAL_Driver/Src/stm32g4xx_hal_spi_ex.c ****   * @file    stm32g4xx_hal_spi_ex.c
   4:Drivers/STM32G4xx_HAL_Driver/Src/stm32g4xx_hal_spi_ex.c ****   * @author  MCD Application Team
   5:Drivers/STM32G4xx_HAL_Driver/Src/stm32g4xx_hal_spi_ex.c ****   * @brief   Extended SPI HAL module driver.
   6:Drivers/STM32G4xx_HAL_Driver/Src/stm32g4xx_hal_spi_ex.c ****   *          This file provides firmware functions to manage the following
   7:Drivers/STM32G4xx_HAL_Driver/Src/stm32g4xx_hal_spi_ex.c ****   *          SPI peripheral extended functionalities :
   8:Drivers/STM32G4xx_HAL_Driver/Src/stm32g4xx_hal_spi_ex.c ****   *           + IO operation functions
   9:Drivers/STM32G4xx_HAL_Driver/Src/stm32g4xx_hal_spi_ex.c ****   *
  10:Drivers/STM32G4xx_HAL_Driver/Src/stm32g4xx_hal_spi_ex.c ****   ******************************************************************************
  11:Drivers/STM32G4xx_HAL_Driver/Src/stm32g4xx_hal_spi_ex.c ****   * @attention
  12:Drivers/STM32G4xx_HAL_Driver/Src/stm32g4xx_hal_spi_ex.c ****   *
  13:Drivers/STM32G4xx_HAL_Driver/Src/stm32g4xx_hal_spi_ex.c ****   * Copyright (c) 2019 STMicroelectronics.
  14:Drivers/STM32G4xx_HAL_Driver/Src/stm32g4xx_hal_spi_ex.c ****   * All rights reserved.
  15:Drivers/STM32G4xx_HAL_Driver/Src/stm32g4xx_hal_spi_ex.c ****   *
  16:Drivers/STM32G4xx_HAL_Driver/Src/stm32g4xx_hal_spi_ex.c ****   * This software is licensed under terms that can be found in the LICENSE file
  17:Drivers/STM32G4xx_HAL_Driver/Src/stm32g4xx_hal_spi_ex.c ****   * in the root directory of this software component.
  18:Drivers/STM32G4xx_HAL_Driver/Src/stm32g4xx_hal_spi_ex.c ****   * If no LICENSE file comes with this software, it is provided AS-IS.
  19:Drivers/STM32G4xx_HAL_Driver/Src/stm32g4xx_hal_spi_ex.c ****   *
  20:Drivers/STM32G4xx_HAL_Driver/Src/stm32g4xx_hal_spi_ex.c ****   ******************************************************************************
  21:Drivers/STM32G4xx_HAL_Driver/Src/stm32g4xx_hal_spi_ex.c ****   */
  22:Drivers/STM32G4xx_HAL_Driver/Src/stm32g4xx_hal_spi_ex.c **** 
  23:Drivers/STM32G4xx_HAL_Driver/Src/stm32g4xx_hal_spi_ex.c **** /* Includes ------------------------------------------------------------------*/
  24:Drivers/STM32G4xx_HAL_Driver/Src/stm32g4xx_hal_spi_ex.c **** #include "stm32g4xx_hal.h"
  25:Drivers/STM32G4xx_HAL_Driver/Src/stm32g4xx_hal_spi_ex.c **** 
  26:Drivers/STM32G4xx_HAL_Driver/Src/stm32g4xx_hal_spi_ex.c **** /** @addtogroup STM32G4xx_HAL_Driver
  27:Drivers/STM32G4xx_HAL_Driver/Src/stm32g4xx_hal_spi_ex.c ****   * @{
  28:Drivers/STM32G4xx_HAL_Driver/Src/stm32g4xx_hal_spi_ex.c ****   */
  29:Drivers/STM32G4xx_HAL_Driver/Src/stm32g4xx_hal_spi_ex.c **** 
  30:Drivers/STM32G4xx_HAL_Driver/Src/stm32g4xx_hal_spi_ex.c **** /** @defgroup SPIEx SPIEx
  31:Drivers/STM32G4xx_HAL_Driver/Src/stm32g4xx_hal_spi_ex.c ****   * @brief SPI Extended HAL module driver
ARM GAS  C:\Users\82057\AppData\Local\Temp\ccxhzQ0H.s 			page 2


  32:Drivers/STM32G4xx_HAL_Driver/Src/stm32g4xx_hal_spi_ex.c ****   * @{
  33:Drivers/STM32G4xx_HAL_Driver/Src/stm32g4xx_hal_spi_ex.c ****   */
  34:Drivers/STM32G4xx_HAL_Driver/Src/stm32g4xx_hal_spi_ex.c **** #ifdef HAL_SPI_MODULE_ENABLED
  35:Drivers/STM32G4xx_HAL_Driver/Src/stm32g4xx_hal_spi_ex.c **** 
  36:Drivers/STM32G4xx_HAL_Driver/Src/stm32g4xx_hal_spi_ex.c **** /* Private typedef -----------------------------------------------------------*/
  37:Drivers/STM32G4xx_HAL_Driver/Src/stm32g4xx_hal_spi_ex.c **** /* Private defines -----------------------------------------------------------*/
  38:Drivers/STM32G4xx_HAL_Driver/Src/stm32g4xx_hal_spi_ex.c **** /** @defgroup SPIEx_Private_Constants SPIEx Private Constants
  39:Drivers/STM32G4xx_HAL_Driver/Src/stm32g4xx_hal_spi_ex.c ****   * @{
  40:Drivers/STM32G4xx_HAL_Driver/Src/stm32g4xx_hal_spi_ex.c ****   */
  41:Drivers/STM32G4xx_HAL_Driver/Src/stm32g4xx_hal_spi_ex.c **** #define SPI_FIFO_SIZE       4UL
  42:Drivers/STM32G4xx_HAL_Driver/Src/stm32g4xx_hal_spi_ex.c **** /**
  43:Drivers/STM32G4xx_HAL_Driver/Src/stm32g4xx_hal_spi_ex.c ****   * @}
  44:Drivers/STM32G4xx_HAL_Driver/Src/stm32g4xx_hal_spi_ex.c ****   */
  45:Drivers/STM32G4xx_HAL_Driver/Src/stm32g4xx_hal_spi_ex.c **** 
  46:Drivers/STM32G4xx_HAL_Driver/Src/stm32g4xx_hal_spi_ex.c **** /* Private macros ------------------------------------------------------------*/
  47:Drivers/STM32G4xx_HAL_Driver/Src/stm32g4xx_hal_spi_ex.c **** /* Private variables ---------------------------------------------------------*/
  48:Drivers/STM32G4xx_HAL_Driver/Src/stm32g4xx_hal_spi_ex.c **** /* Private function prototypes -----------------------------------------------*/
  49:Drivers/STM32G4xx_HAL_Driver/Src/stm32g4xx_hal_spi_ex.c **** /* Exported functions --------------------------------------------------------*/
  50:Drivers/STM32G4xx_HAL_Driver/Src/stm32g4xx_hal_spi_ex.c **** 
  51:Drivers/STM32G4xx_HAL_Driver/Src/stm32g4xx_hal_spi_ex.c **** /** @defgroup SPIEx_Exported_Functions SPIEx Exported Functions
  52:Drivers/STM32G4xx_HAL_Driver/Src/stm32g4xx_hal_spi_ex.c ****   * @{
  53:Drivers/STM32G4xx_HAL_Driver/Src/stm32g4xx_hal_spi_ex.c ****   */
  54:Drivers/STM32G4xx_HAL_Driver/Src/stm32g4xx_hal_spi_ex.c **** 
  55:Drivers/STM32G4xx_HAL_Driver/Src/stm32g4xx_hal_spi_ex.c **** /** @defgroup SPIEx_Exported_Functions_Group1 IO operation functions
  56:Drivers/STM32G4xx_HAL_Driver/Src/stm32g4xx_hal_spi_ex.c ****   *  @brief   Data transfers functions
  57:Drivers/STM32G4xx_HAL_Driver/Src/stm32g4xx_hal_spi_ex.c ****   *
  58:Drivers/STM32G4xx_HAL_Driver/Src/stm32g4xx_hal_spi_ex.c **** @verbatim
  59:Drivers/STM32G4xx_HAL_Driver/Src/stm32g4xx_hal_spi_ex.c ****   ==============================================================================
  60:Drivers/STM32G4xx_HAL_Driver/Src/stm32g4xx_hal_spi_ex.c ****                       ##### IO operation functions #####
  61:Drivers/STM32G4xx_HAL_Driver/Src/stm32g4xx_hal_spi_ex.c ****  ===============================================================================
  62:Drivers/STM32G4xx_HAL_Driver/Src/stm32g4xx_hal_spi_ex.c ****  [..]
  63:Drivers/STM32G4xx_HAL_Driver/Src/stm32g4xx_hal_spi_ex.c ****     This subsection provides a set of extended functions to manage the SPI
  64:Drivers/STM32G4xx_HAL_Driver/Src/stm32g4xx_hal_spi_ex.c ****     data transfers.
  65:Drivers/STM32G4xx_HAL_Driver/Src/stm32g4xx_hal_spi_ex.c **** 
  66:Drivers/STM32G4xx_HAL_Driver/Src/stm32g4xx_hal_spi_ex.c ****     (#) Rx data flush function:
  67:Drivers/STM32G4xx_HAL_Driver/Src/stm32g4xx_hal_spi_ex.c ****         (++) HAL_SPIEx_FlushRxFifo()
  68:Drivers/STM32G4xx_HAL_Driver/Src/stm32g4xx_hal_spi_ex.c **** 
  69:Drivers/STM32G4xx_HAL_Driver/Src/stm32g4xx_hal_spi_ex.c **** @endverbatim
  70:Drivers/STM32G4xx_HAL_Driver/Src/stm32g4xx_hal_spi_ex.c ****   * @{
  71:Drivers/STM32G4xx_HAL_Driver/Src/stm32g4xx_hal_spi_ex.c ****   */
  72:Drivers/STM32G4xx_HAL_Driver/Src/stm32g4xx_hal_spi_ex.c **** 
  73:Drivers/STM32G4xx_HAL_Driver/Src/stm32g4xx_hal_spi_ex.c **** /**
  74:Drivers/STM32G4xx_HAL_Driver/Src/stm32g4xx_hal_spi_ex.c ****   * @brief  Flush the RX fifo.
  75:Drivers/STM32G4xx_HAL_Driver/Src/stm32g4xx_hal_spi_ex.c ****   * @param  hspi pointer to a SPI_HandleTypeDef structure that contains
  76:Drivers/STM32G4xx_HAL_Driver/Src/stm32g4xx_hal_spi_ex.c ****   *               the configuration information for the specified SPI module.
  77:Drivers/STM32G4xx_HAL_Driver/Src/stm32g4xx_hal_spi_ex.c ****   * @retval HAL status
  78:Drivers/STM32G4xx_HAL_Driver/Src/stm32g4xx_hal_spi_ex.c ****   */
  79:Drivers/STM32G4xx_HAL_Driver/Src/stm32g4xx_hal_spi_ex.c **** HAL_StatusTypeDef HAL_SPIEx_FlushRxFifo(const SPI_HandleTypeDef *hspi)
  80:Drivers/STM32G4xx_HAL_Driver/Src/stm32g4xx_hal_spi_ex.c **** {
  28              		.loc 1 80 0
  29              		.cfi_startproc
  30              		@ args = 0, pretend = 0, frame = 8
  31              		@ frame_needed = 0, uses_anonymous_args = 0
  32              		@ link register save eliminated.
  33              	.LVL0:
  81:Drivers/STM32G4xx_HAL_Driver/Src/stm32g4xx_hal_spi_ex.c ****   __IO uint32_t tmpreg;
  82:Drivers/STM32G4xx_HAL_Driver/Src/stm32g4xx_hal_spi_ex.c ****   uint8_t  count = 0U;
ARM GAS  C:\Users\82057\AppData\Local\Temp\ccxhzQ0H.s 			page 3


  34              		.loc 1 82 0
  35 0000 0023     		movs	r3, #0
  36              	.LVL1:
  83:Drivers/STM32G4xx_HAL_Driver/Src/stm32g4xx_hal_spi_ex.c ****   while ((hspi->Instance->SR & SPI_FLAG_FRLVL) !=  SPI_FRLVL_EMPTY)
  37              		.loc 1 83 0
  38 0002 0268     		ldr	r2, [r0]
  39 0004 9168     		ldr	r1, [r2, #8]
  40 0006 11F4C06F 		tst	r1, #1536
  41 000a 12D0     		beq	.L10
  80:Drivers/STM32G4xx_HAL_Driver/Src/stm32g4xx_hal_spi_ex.c ****   __IO uint32_t tmpreg;
  42              		.loc 1 80 0
  43 000c 82B0     		sub	sp, sp, #8
  44              	.LCFI0:
  45              		.cfi_def_cfa_offset 8
  46 000e 04E0     		b	.L4
  47              	.L12:
  48              		.loc 1 83 0
  49 0010 0268     		ldr	r2, [r0]
  50 0012 9168     		ldr	r1, [r2, #8]
  51 0014 11F4C06F 		tst	r1, #1536
  52 0018 09D0     		beq	.L11
  53              	.L4:
  84:Drivers/STM32G4xx_HAL_Driver/Src/stm32g4xx_hal_spi_ex.c ****   {
  85:Drivers/STM32G4xx_HAL_Driver/Src/stm32g4xx_hal_spi_ex.c ****     count++;
  54              		.loc 1 85 0
  55 001a 0133     		adds	r3, r3, #1
  56              	.LVL2:
  57 001c DBB2     		uxtb	r3, r3
  58              	.LVL3:
  86:Drivers/STM32G4xx_HAL_Driver/Src/stm32g4xx_hal_spi_ex.c ****     tmpreg = hspi->Instance->DR;
  59              		.loc 1 86 0
  60 001e D268     		ldr	r2, [r2, #12]
  61 0020 0192     		str	r2, [sp, #4]
  87:Drivers/STM32G4xx_HAL_Driver/Src/stm32g4xx_hal_spi_ex.c ****     UNUSED(tmpreg); /* To avoid GCC warning */
  62              		.loc 1 87 0
  63 0022 019A     		ldr	r2, [sp, #4]
  88:Drivers/STM32G4xx_HAL_Driver/Src/stm32g4xx_hal_spi_ex.c ****     if (count == SPI_FIFO_SIZE)
  64              		.loc 1 88 0
  65 0024 042B     		cmp	r3, #4
  66 0026 F3D1     		bne	.L12
  89:Drivers/STM32G4xx_HAL_Driver/Src/stm32g4xx_hal_spi_ex.c ****     {
  90:Drivers/STM32G4xx_HAL_Driver/Src/stm32g4xx_hal_spi_ex.c ****       return HAL_TIMEOUT;
  67              		.loc 1 90 0
  68 0028 0320     		movs	r0, #3
  69              	.LVL4:
  70              	.L3:
  91:Drivers/STM32G4xx_HAL_Driver/Src/stm32g4xx_hal_spi_ex.c ****     }
  92:Drivers/STM32G4xx_HAL_Driver/Src/stm32g4xx_hal_spi_ex.c ****   }
  93:Drivers/STM32G4xx_HAL_Driver/Src/stm32g4xx_hal_spi_ex.c ****   return HAL_OK;
  94:Drivers/STM32G4xx_HAL_Driver/Src/stm32g4xx_hal_spi_ex.c **** }
  71              		.loc 1 94 0
  72 002a 02B0     		add	sp, sp, #8
  73              	.LCFI1:
  74              		.cfi_remember_state
  75              		.cfi_def_cfa_offset 0
  76              		@ sp needed
  77 002c 7047     		bx	lr
ARM GAS  C:\Users\82057\AppData\Local\Temp\ccxhzQ0H.s 			page 4


  78              	.LVL5:
  79              	.L11:
  80              	.LCFI2:
  81              		.cfi_restore_state
  93:Drivers/STM32G4xx_HAL_Driver/Src/stm32g4xx_hal_spi_ex.c **** }
  82              		.loc 1 93 0
  83 002e 0020     		movs	r0, #0
  84              	.LVL6:
  85 0030 FBE7     		b	.L3
  86              	.LVL7:
  87              	.L10:
  88              	.LCFI3:
  89              		.cfi_def_cfa_offset 0
  90 0032 0020     		movs	r0, #0
  91              	.LVL8:
  92              		.loc 1 94 0
  93 0034 7047     		bx	lr
  94              		.cfi_endproc
  95              	.LFE329:
  97              		.text
  98              	.Letext0:
  99              		.file 2 "c:\\program files (x86)\\gnu tools arm embedded\\7 2018-q2-update\\arm-none-eabi\\include
 100              		.file 3 "c:\\program files (x86)\\gnu tools arm embedded\\7 2018-q2-update\\arm-none-eabi\\include
 101              		.file 4 "Drivers/CMSIS/Include/core_cm4.h"
 102              		.file 5 "Drivers/CMSIS/Device/ST/STM32G4xx/Include/system_stm32g4xx.h"
 103              		.file 6 "Drivers/CMSIS/Device/ST/STM32G4xx/Include/stm32g431xx.h"
 104              		.file 7 "Drivers/STM32G4xx_HAL_Driver/Inc/stm32g4xx_hal_def.h"
 105              		.file 8 "Drivers/STM32G4xx_HAL_Driver/Inc/stm32g4xx_hal_dma.h"
 106              		.file 9 "Drivers/STM32G4xx_HAL_Driver/Inc/stm32g4xx_hal_flash.h"
 107              		.file 10 "Drivers/STM32G4xx_HAL_Driver/Inc/stm32g4xx_hal_spi.h"
 108              		.file 11 "Drivers/STM32G4xx_HAL_Driver/Inc/stm32g4xx_hal_uart.h"
 109              		.file 12 "Drivers/STM32G4xx_HAL_Driver/Inc/stm32g4xx_hal.h"
ARM GAS  C:\Users\82057\AppData\Local\Temp\ccxhzQ0H.s 			page 5


DEFINED SYMBOLS
                            *ABS*:00000000 stm32g4xx_hal_spi_ex.c
C:\Users\82057\AppData\Local\Temp\ccxhzQ0H.s:18     .text.HAL_SPIEx_FlushRxFifo:00000000 $t
C:\Users\82057\AppData\Local\Temp\ccxhzQ0H.s:25     .text.HAL_SPIEx_FlushRxFifo:00000000 HAL_SPIEx_FlushRxFifo

NO UNDEFINED SYMBOLS
