ARM GAS  C:\Users\82057\AppData\Local\Temp\ccIONums.s 			page 1


   1              		.cpu cortex-m4
   2              		.eabi_attribute 27, 1
   3              		.eabi_attribute 28, 1
   4              		.eabi_attribute 20, 1
   5              		.eabi_attribute 21, 1
   6              		.eabi_attribute 23, 3
   7              		.eabi_attribute 24, 1
   8              		.eabi_attribute 25, 1
   9              		.eabi_attribute 26, 1
  10              		.eabi_attribute 30, 1
  11              		.eabi_attribute 34, 1
  12              		.eabi_attribute 18, 4
  13              		.file	"stm32_math_sin.c"
  14              		.text
  15              	.Ltext0:
  16              		.cfi_sections	.debug_frame
  17              		.section	.text.Math_Trig_Functions_512,"ax",%progbits
  18              		.align	1
  19              		.global	Math_Trig_Functions_512
  20              		.syntax unified
  21              		.thumb
  22              		.thumb_func
  23              		.fpu fpv4-sp-d16
  25              	Math_Trig_Functions_512:
  26              	.LFB333:
  27              		.file 1 "Src/stm32_math_sin.c"
   1:Src/stm32_math_sin.c **** /* Includes ------------------------------------------------------------------*/
   2:Src/stm32_math_sin.c **** #include "stm32_math_sin.h"
   3:Src/stm32_math_sin.c **** #include "global.h"
   4:Src/stm32_math_sin.c **** 
   5:Src/stm32_math_sin.c **** /* Private macro -------------------------------------------------------------*/
   6:Src/stm32_math_sin.c **** #define SIN_MASK_512        0x0600u
   7:Src/stm32_math_sin.c **** #define U0_90_512           0x0400u
   8:Src/stm32_math_sin.c **** #define U90_180_512         0x0600u
   9:Src/stm32_math_sin.c **** #define U180_270_512        0x0000u
  10:Src/stm32_math_sin.c **** #define U270_360_512        0x0200u
  11:Src/stm32_math_sin.c **** 
  12:Src/stm32_math_sin.c **** /* Private variables ---------------------------------------------------------*/
  13:Src/stm32_math_sin.c **** // 将90度等分512份(360度等分2048份)，结果放大32768倍
  14:Src/stm32_math_sin.c **** const int16_t hSin_Cos_Table_512[512] = {
  15:Src/stm32_math_sin.c **** 0x0000, 0x0064, 0x00C9, 0x012E, 0x0192, 0x01F7, 0x025C, 0x02C1, 0x0325, 0x038A, 0x03EF, 0x0453, 0x0
  16:Src/stm32_math_sin.c **** 0x064A, 0x06AF, 0x0714, 0x0778, 0x07DD, 0x0841, 0x08A6, 0x090A, 0x096F, 0x09D3, 0x0A38, 0x0A9C, 0x0
  17:Src/stm32_math_sin.c **** 0x0C91, 0x0CF6, 0x0D5A, 0x0DBE, 0x0E22, 0x0E86, 0x0EEA, 0x0F4E, 0x0FB2, 0x1016, 0x107A, 0x10DE, 0x1
  18:Src/stm32_math_sin.c **** 0x12D1, 0x1334, 0x1398, 0x13FB, 0x145F, 0x14C2, 0x1526, 0x1589, 0x15EC, 0x164F, 0x16B3, 0x1716, 0x1
  19:Src/stm32_math_sin.c **** 0x1904, 0x1967, 0x19CA, 0x1A2C, 0x1A8F, 0x1AF2, 0x1B54, 0x1BB6, 0x1C19, 0x1C7B, 0x1CDD, 0x1D3F, 0x1
  20:Src/stm32_math_sin.c **** 0x1F28, 0x1F8A, 0x1FEC, 0x204D, 0x20AF, 0x2110, 0x2171, 0x21D2, 0x2234, 0x2295, 0x22F6, 0x2356, 0x2
  21:Src/stm32_math_sin.c **** 0x2539, 0x259A, 0x25FA, 0x265A, 0x26BA, 0x271A, 0x277A, 0x27DA, 0x2839, 0x2899, 0x28F8, 0x2958, 0x2
  22:Src/stm32_math_sin.c **** 0x2B33, 0x2B92, 0x2BF1, 0x2C4F, 0x2CAE, 0x2D0C, 0x2D6A, 0x2DC8, 0x2E26, 0x2E84, 0x2EE2, 0x2F40, 0x2
  23:Src/stm32_math_sin.c **** 0x3112, 0x316F, 0x31CC, 0x3229, 0x3285, 0x32E2, 0x333E, 0x339A, 0x33F6, 0x3452, 0x34AE, 0x350A, 0x3
  24:Src/stm32_math_sin.c **** 0x36D3, 0x372E, 0x3789, 0x37E3, 0x383E, 0x3898, 0x38F2, 0x394D, 0x39A7, 0x3A00, 0x3A5A, 0x3AB4, 0x3
  25:Src/stm32_math_sin.c **** 0x3C72, 0x3CCA, 0x3D23, 0x3D7B, 0x3DD3, 0x3E2C, 0x3E84, 0x3EDB, 0x3F33, 0x3F8B, 0x3FE2, 0x4039, 0x4
  26:Src/stm32_math_sin.c **** 0x41EB, 0x4241, 0x4297, 0x42ED, 0x4343, 0x4398, 0x43EE, 0x4443, 0x4498, 0x44ED, 0x4542, 0x4597, 0x4
  27:Src/stm32_math_sin.c **** 0x473B, 0x478F, 0x47E2, 0x4836, 0x4889, 0x48DC, 0x492E, 0x4981, 0x49D3, 0x4A25, 0x4A77, 0x4AC9, 0x4
  28:Src/stm32_math_sin.c **** 0x4C60, 0x4CB0, 0x4D01, 0x4D51, 0x4DA1, 0x4DF1, 0x4E41, 0x4E91, 0x4EE0, 0x4F30, 0x4F7F, 0x4FCD, 0x5
  29:Src/stm32_math_sin.c **** 0x5155, 0x51A2, 0x51F0, 0x523D, 0x528A, 0x52D7, 0x5324, 0x5370, 0x53BD, 0x5409, 0x5455, 0x54A0, 0x5
  30:Src/stm32_math_sin.c **** 0x5617, 0x5662, 0x56AC, 0x56F6, 0x5740, 0x5789, 0x57D3, 0x581C, 0x5865, 0x58AE, 0x58F6, 0x593F, 0x5
  31:Src/stm32_math_sin.c **** 0x5AA5, 0x5AEC, 0x5B33, 0x5B79, 0x5BC0, 0x5C06, 0x5C4C, 0x5C91, 0x5CD7, 0x5D1C, 0x5D61, 0x5DA6, 0x5
ARM GAS  C:\Users\82057\AppData\Local\Temp\ccIONums.s 			page 2


  32:Src/stm32_math_sin.c **** 0x5EFA, 0x5F3E, 0x5F81, 0x5FC4, 0x6006, 0x6049, 0x608B, 0x60CD, 0x610F, 0x6150, 0x6192, 0x61D3, 0x6
  33:Src/stm32_math_sin.c **** 0x6315, 0x6354, 0x6394, 0x63D3, 0x6412, 0x6450, 0x648F, 0x64CD, 0x650B, 0x6549, 0x6586, 0x65C3, 0x6
  34:Src/stm32_math_sin.c **** 0x66F2, 0x672E, 0x6769, 0x67A4, 0x67DF, 0x681A, 0x6854, 0x688F, 0x68C9, 0x6902, 0x693C, 0x6975, 0x6
  35:Src/stm32_math_sin.c **** 0x6A8F, 0x6AC7, 0x6AFE, 0x6B35, 0x6B6C, 0x6BA3, 0x6BD9, 0x6C0F, 0x6C45, 0x6C7B, 0x6CB0, 0x6CE5, 0x6
  36:Src/stm32_math_sin.c **** 0x6DEB, 0x6E1E, 0x6E51, 0x6E84, 0x6EB7, 0x6EE9, 0x6F1B, 0x6F4D, 0x6F7F, 0x6FB0, 0x6FE1, 0x7012, 0x7
  37:Src/stm32_math_sin.c **** 0x7102, 0x7131, 0x7160, 0x718F, 0x71BD, 0x71EB, 0x7219, 0x7246, 0x7274, 0x72A1, 0x72CD, 0x72FA, 0x7
  38:Src/stm32_math_sin.c **** 0x73D3, 0x73FE, 0x7429, 0x7453, 0x747D, 0x74A6, 0x74D0, 0x74F9, 0x7521, 0x754A, 0x7572, 0x759A, 0x7
  39:Src/stm32_math_sin.c **** 0x765D, 0x7683, 0x76A9, 0x76CF, 0x76F4, 0x7719, 0x773E, 0x7762, 0x7787, 0x77AA, 0x77CE, 0x77F1, 0x7
  40:Src/stm32_math_sin.c **** 0x789D, 0x78BF, 0x78E0, 0x7901, 0x7922, 0x7942, 0x7962, 0x7982, 0x79A2, 0x79C1, 0x79E0, 0x79FF, 0x7
  41:Src/stm32_math_sin.c **** 0x7A93, 0x7AB0, 0x7ACD, 0x7AE9, 0x7B05, 0x7B21, 0x7B3C, 0x7B57, 0x7B72, 0x7B8C, 0x7BA6, 0x7BC0, 0x7
  42:Src/stm32_math_sin.c **** 0x7C3D, 0x7C55, 0x7C6D, 0x7C84, 0x7C9C, 0x7CB2, 0x7CC9, 0x7CDF, 0x7CF5, 0x7D0B, 0x7D20, 0x7D35, 0x7
  43:Src/stm32_math_sin.c **** 0x7D9A, 0x7DAD, 0x7DC0, 0x7DD3, 0x7DE5, 0x7DF7, 0x7E09, 0x7E1A, 0x7E2B, 0x7E3C, 0x7E4D, 0x7E5D, 0x7
  44:Src/stm32_math_sin.c **** 0x7EA9, 0x7EB7, 0x7EC6, 0x7ED3, 0x7EE1, 0x7EEE, 0x7EFB, 0x7F07, 0x7F13, 0x7F1F, 0x7F2B, 0x7F36, 0x7
  45:Src/stm32_math_sin.c **** 0x7F6A, 0x7F73, 0x7F7C, 0x7F85, 0x7F8E, 0x7F96, 0x7F9E, 0x7FA5, 0x7FAD, 0x7FB4, 0x7FBA, 0x7FC1, 0x7
  46:Src/stm32_math_sin.c **** 0x7FDC, 0x7FE0, 0x7FE4, 0x7FE8, 0x7FEC, 0x7FEF, 0x7FF2, 0x7FF5, 0x7FF7, 0x7FF9, 0x7FFB, 0x7FFC, 0x7
  47:Src/stm32_math_sin.c **** };
  48:Src/stm32_math_sin.c **** 
  49:Src/stm32_math_sin.c **** 
  50:Src/stm32_math_sin.c **** // Q15 数据范围:-1<X<0.9999695
  51:Src/stm32_math_sin.c **** // 计算三角函数，sin和cos,以结构体返回sin和cos的值，结果放大32768倍
  52:Src/stm32_math_sin.c **** // 计算sin(30)度，30/180，Q15格式表示为:30/180*32768;
  53:Src/stm32_math_sin.c **** // 计算sin(-45)度，hAngle = -45/180*32768
  54:Src/stm32_math_sin.c **** // hAngle = Angle(角度) / 180 * 32768 (-360<Angle<360)
  55:Src/stm32_math_sin.c **** Trig_Components Math_Trig_Functions_512(int16_t hAngle)
  56:Src/stm32_math_sin.c **** {
  28              		.loc 1 56 0
  29              		.cfi_startproc
  30              		@ args = 0, pretend = 0, frame = 8
  31              		@ frame_needed = 0, uses_anonymous_args = 0
  32              		@ link register save eliminated.
  33              	.LVL0:
  34 0000 82B0     		sub	sp, sp, #8
  35              	.LCFI0:
  36              		.cfi_def_cfa_offset 8
  57:Src/stm32_math_sin.c ****   int32_t shindex;
  58:Src/stm32_math_sin.c ****   uint16_t uhindex; 
  59:Src/stm32_math_sin.c ****   Trig_Components Local_Components;
  60:Src/stm32_math_sin.c ****   
  61:Src/stm32_math_sin.c ****   /* 11 bit index computation  */  
  62:Src/stm32_math_sin.c ****   shindex =((int32_t)32768 + (int32_t)hAngle); 
  37              		.loc 1 62 0
  38 0002 00F50040 		add	r0, r0, #32768
  39              	.LVL1:
  63:Src/stm32_math_sin.c ****   uhindex = (uint16_t)shindex;
  64:Src/stm32_math_sin.c ****   //uhindex /= (uint16_t)32;     
  65:Src/stm32_math_sin.c ****   uhindex = uhindex >> 5; 
  40              		.loc 1 65 0
  41 0006 C0F34A10 		ubfx	r0, r0, #5, #11
  42              	.LVL2:
  66:Src/stm32_math_sin.c **** 
  67:Src/stm32_math_sin.c ****   switch ((uint16_t)(uhindex) & SIN_MASK_512) 
  43              		.loc 1 67 0
  44 000a 00F4C063 		and	r3, r0, #1536
  45 000e B3F5007F 		cmp	r3, #512
  46 0012 40D0     		beq	.L3
  47 0014 15D9     		bls	.L9
  48 0016 B3F5806F 		cmp	r3, #1024
ARM GAS  C:\Users\82057\AppData\Local\Temp\ccIONums.s 			page 3


  49 001a 24D0     		beq	.L6
  50 001c B3F5C06F 		cmp	r3, #1536
  51 0020 2FD1     		bne	.L2
  68:Src/stm32_math_sin.c ****   {
  69:Src/stm32_math_sin.c ****   case U0_90_512:
  70:Src/stm32_math_sin.c ****     Local_Components.hSin = hSin_Cos_Table_512[uhindex & 0x1FF];
  71:Src/stm32_math_sin.c ****     Local_Components.hCos = hSin_Cos_Table_512[0x1FFu-(uhindex & 0x1FF)];
  72:Src/stm32_math_sin.c ****     break;
  73:Src/stm32_math_sin.c ****   
  74:Src/stm32_math_sin.c ****   case U90_180_512:  
  75:Src/stm32_math_sin.c ****      Local_Components.hSin = hSin_Cos_Table_512[0x1FFu-(uhindex & 0x1FF)];
  52              		.loc 1 75 0
  53 0022 C343     		mvns	r3, r0
  54 0024 C3F30803 		ubfx	r3, r3, #0, #9
  55 0028 234A     		ldr	r2, .L10
  56 002a 32F91330 		ldrsh	r3, [r2, r3, lsl #1]
  57 002e ADF80030 		strh	r3, [sp]	@ movhi
  76:Src/stm32_math_sin.c ****      Local_Components.hCos = -hSin_Cos_Table_512[uhindex & 0x1FF];
  58              		.loc 1 76 0
  59 0032 C0F30800 		ubfx	r0, r0, #0, #9
  60              	.LVL3:
  61 0036 32F81030 		ldrh	r3, [r2, r0, lsl #1]
  62 003a 5B42     		negs	r3, r3
  63 003c ADF80230 		strh	r3, [sp, #2]	@ movhi
  77:Src/stm32_math_sin.c ****     break;
  64              		.loc 1 77 0
  65 0040 1FE0     		b	.L2
  66              	.LVL4:
  67              	.L9:
  67:Src/stm32_math_sin.c ****   {
  68              		.loc 1 67 0
  69 0042 F3B9     		cbnz	r3, .L2
  78:Src/stm32_math_sin.c ****   
  79:Src/stm32_math_sin.c ****   case U180_270_512:
  80:Src/stm32_math_sin.c ****      Local_Components.hSin = -hSin_Cos_Table_512[uhindex & 0x1FF];
  70              		.loc 1 80 0
  71 0044 C0F30803 		ubfx	r3, r0, #0, #9
  72 0048 1B4A     		ldr	r2, .L10
  73 004a 32F81330 		ldrh	r3, [r2, r3, lsl #1]
  74 004e 5B42     		negs	r3, r3
  75 0050 ADF80030 		strh	r3, [sp]	@ movhi
  81:Src/stm32_math_sin.c ****      Local_Components.hCos = -hSin_Cos_Table_512[0x1FFu-(uhindex & 0x1FF)];
  76              		.loc 1 81 0
  77 0054 C043     		mvns	r0, r0
  78              	.LVL5:
  79 0056 C0F30800 		ubfx	r0, r0, #0, #9
  80              	.LVL6:
  81 005a 32F81030 		ldrh	r3, [r2, r0, lsl #1]
  82 005e 5B42     		negs	r3, r3
  83 0060 ADF80230 		strh	r3, [sp, #2]	@ movhi
  82:Src/stm32_math_sin.c ****     break;
  84              		.loc 1 82 0
  85 0064 0DE0     		b	.L2
  86              	.LVL7:
  87              	.L6:
  70:Src/stm32_math_sin.c ****     Local_Components.hCos = hSin_Cos_Table_512[0x1FFu-(uhindex & 0x1FF)];
  88              		.loc 1 70 0
ARM GAS  C:\Users\82057\AppData\Local\Temp\ccIONums.s 			page 4


  89 0066 C0F30802 		ubfx	r2, r0, #0, #9
  90 006a 134B     		ldr	r3, .L10
  91 006c 33F91220 		ldrsh	r2, [r3, r2, lsl #1]
  92 0070 ADF80020 		strh	r2, [sp]	@ movhi
  71:Src/stm32_math_sin.c ****     break;
  93              		.loc 1 71 0
  94 0074 C043     		mvns	r0, r0
  95              	.LVL8:
  96 0076 C0F30800 		ubfx	r0, r0, #0, #9
  97              	.LVL9:
  98 007a 33F91030 		ldrsh	r3, [r3, r0, lsl #1]
  99 007e ADF80230 		strh	r3, [sp, #2]	@ movhi
 100              	.L2:
  83:Src/stm32_math_sin.c ****   
  84:Src/stm32_math_sin.c ****   case U270_360_512:
  85:Src/stm32_math_sin.c ****      Local_Components.hSin =  -hSin_Cos_Table_512[0x1FFu-(uhindex & 0x1FF)];
  86:Src/stm32_math_sin.c ****      Local_Components.hCos =  hSin_Cos_Table_512[uhindex & 0x1FF]; 
  87:Src/stm32_math_sin.c ****     break;
  88:Src/stm32_math_sin.c ****   default:
  89:Src/stm32_math_sin.c ****     break;
  90:Src/stm32_math_sin.c ****   }
  91:Src/stm32_math_sin.c ****   return (Local_Components);
 101              		.loc 1 91 0
 102 0082 009B     		ldr	r3, [sp]
 103 0084 0020     		movs	r0, #0
 104 0086 9AB2     		uxth	r2, r3
 105 0088 62F30F00 		bfi	r0, r2, #0, #16
 106 008c 1B0C     		lsrs	r3, r3, #16
 107 008e 63F31F40 		bfi	r0, r3, #16, #16
  92:Src/stm32_math_sin.c **** }
 108              		.loc 1 92 0
 109 0092 02B0     		add	sp, sp, #8
 110              	.LCFI1:
 111              		.cfi_remember_state
 112              		.cfi_def_cfa_offset 0
 113              		@ sp needed
 114 0094 7047     		bx	lr
 115              	.LVL10:
 116              	.L3:
 117              	.LCFI2:
 118              		.cfi_restore_state
  85:Src/stm32_math_sin.c ****      Local_Components.hCos =  hSin_Cos_Table_512[uhindex & 0x1FF]; 
 119              		.loc 1 85 0
 120 0096 C343     		mvns	r3, r0
 121 0098 C3F30803 		ubfx	r3, r3, #0, #9
 122 009c 064A     		ldr	r2, .L10
 123 009e 32F81330 		ldrh	r3, [r2, r3, lsl #1]
 124 00a2 5B42     		negs	r3, r3
 125 00a4 ADF80030 		strh	r3, [sp]	@ movhi
  86:Src/stm32_math_sin.c ****     break;
 126              		.loc 1 86 0
 127 00a8 C0F30800 		ubfx	r0, r0, #0, #9
 128              	.LVL11:
 129 00ac 32F91030 		ldrsh	r3, [r2, r0, lsl #1]
 130 00b0 ADF80230 		strh	r3, [sp, #2]	@ movhi
  87:Src/stm32_math_sin.c ****   default:
 131              		.loc 1 87 0
ARM GAS  C:\Users\82057\AppData\Local\Temp\ccIONums.s 			page 5


 132 00b4 E5E7     		b	.L2
 133              	.L11:
 134 00b6 00BF     		.align	2
 135              	.L10:
 136 00b8 00000000 		.word	.LANCHOR0
 137              		.cfi_endproc
 138              	.LFE333:
 140              		.section	.text.Math_Sin_EN360,"ax",%progbits
 141              		.align	1
 142              		.global	Math_Sin_EN360
 143              		.syntax unified
 144              		.thumb
 145              		.thumb_func
 146              		.fpu fpv4-sp-d16
 148              	Math_Sin_EN360:
 149              	.LFB334:
  93:Src/stm32_math_sin.c **** 
  94:Src/stm32_math_sin.c **** 
  95:Src/stm32_math_sin.c **** // 将360度等分EN_360份，求sin，计算结果放大32768倍
  96:Src/stm32_math_sin.c **** // input：0 <= angle <= EN_360
  97:Src/stm32_math_sin.c **** s32 Math_Sin_EN360(u16 angle)
  98:Src/stm32_math_sin.c **** {
 150              		.loc 1 98 0
 151              		.cfi_startproc
 152              		@ args = 0, pretend = 0, frame = 8
 153              		@ frame_needed = 0, uses_anonymous_args = 0
 154              	.LVL12:
 155 0000 00B5     		push	{lr}
 156              	.LCFI3:
 157              		.cfi_def_cfa_offset 4
 158              		.cfi_offset 14, -4
 159 0002 83B0     		sub	sp, sp, #12
 160              	.LCFI4:
 161              		.cfi_def_cfa_offset 16
 162              	.LVL13:
  99:Src/stm32_math_sin.c ****   Trig_Components Trig_temp;
 100:Src/stm32_math_sin.c ****   s32 angle_temp = 0; 
 101:Src/stm32_math_sin.c ****   angle_temp = (int)angle << 15;
 163              		.loc 1 101 0
 164 0004 C003     		lsls	r0, r0, #15
 165              	.LVL14:
 102:Src/stm32_math_sin.c ****   angle_temp /= EN_180;    
 166              		.loc 1 102 0
 167 0006 064B     		ldr	r3, .L14
 168 0008 B3F90030 		ldrsh	r3, [r3]
 169 000c 90FBF3F0 		sdiv	r0, r0, r3
 170              	.LVL15:
 103:Src/stm32_math_sin.c ****   Trig_temp = Math_Trig_Functions_512(angle_temp);  
 171              		.loc 1 103 0
 172 0010 00B2     		sxth	r0, r0
 173              	.LVL16:
 174 0012 FFF7FEFF 		bl	Math_Trig_Functions_512
 175              	.LVL17:
 104:Src/stm32_math_sin.c ****   return Trig_temp.hSin;
 105:Src/stm32_math_sin.c **** }
 176              		.loc 1 105 0
 177 0016 00B2     		sxth	r0, r0
ARM GAS  C:\Users\82057\AppData\Local\Temp\ccIONums.s 			page 6


 178 0018 03B0     		add	sp, sp, #12
 179              	.LCFI5:
 180              		.cfi_def_cfa_offset 4
 181              		@ sp needed
 182 001a 5DF804FB 		ldr	pc, [sp], #4
 183              	.L15:
 184 001e 00BF     		.align	2
 185              	.L14:
 186 0020 00000000 		.word	EN_180
 187              		.cfi_endproc
 188              	.LFE334:
 190              		.section	.text.Math_Cos_EN360,"ax",%progbits
 191              		.align	1
 192              		.global	Math_Cos_EN360
 193              		.syntax unified
 194              		.thumb
 195              		.thumb_func
 196              		.fpu fpv4-sp-d16
 198              	Math_Cos_EN360:
 199              	.LFB335:
 106:Src/stm32_math_sin.c **** 
 107:Src/stm32_math_sin.c **** 
 108:Src/stm32_math_sin.c **** // 将360度等分EN_360份，求cos，计算结果放大32768倍
 109:Src/stm32_math_sin.c **** // input：0 <= angle <= EN_360
 110:Src/stm32_math_sin.c **** s32 Math_Cos_EN360(u16 angle)
 111:Src/stm32_math_sin.c **** {
 200              		.loc 1 111 0
 201              		.cfi_startproc
 202              		@ args = 0, pretend = 0, frame = 8
 203              		@ frame_needed = 0, uses_anonymous_args = 0
 204              	.LVL18:
 205 0000 00B5     		push	{lr}
 206              	.LCFI6:
 207              		.cfi_def_cfa_offset 4
 208              		.cfi_offset 14, -4
 209 0002 83B0     		sub	sp, sp, #12
 210              	.LCFI7:
 211              		.cfi_def_cfa_offset 16
 212              	.LVL19:
 112:Src/stm32_math_sin.c ****   Trig_Components Trig_temp;
 113:Src/stm32_math_sin.c ****   s32 angle_temp = 0;
 114:Src/stm32_math_sin.c ****   
 115:Src/stm32_math_sin.c ****   angle_temp = (int)angle << 15;
 213              		.loc 1 115 0
 214 0004 C003     		lsls	r0, r0, #15
 215              	.LVL20:
 116:Src/stm32_math_sin.c ****   
 117:Src/stm32_math_sin.c ****   angle_temp /= EN_180;
 216              		.loc 1 117 0
 217 0006 064B     		ldr	r3, .L18
 218 0008 B3F90030 		ldrsh	r3, [r3]
 219 000c 90FBF3F0 		sdiv	r0, r0, r3
 220              	.LVL21:
 118:Src/stm32_math_sin.c ****     
 119:Src/stm32_math_sin.c ****   Trig_temp = Math_Trig_Functions_512(angle_temp);
 221              		.loc 1 119 0
 222 0010 00B2     		sxth	r0, r0
ARM GAS  C:\Users\82057\AppData\Local\Temp\ccIONums.s 			page 7


 223              	.LVL22:
 224 0012 FFF7FEFF 		bl	Math_Trig_Functions_512
 225              	.LVL23:
 120:Src/stm32_math_sin.c ****   
 121:Src/stm32_math_sin.c ****   return Trig_temp.hCos;
 122:Src/stm32_math_sin.c **** }
 226              		.loc 1 122 0
 227 0016 0014     		asrs	r0, r0, #16
 228 0018 03B0     		add	sp, sp, #12
 229              	.LCFI8:
 230              		.cfi_def_cfa_offset 4
 231              		@ sp needed
 232 001a 5DF804FB 		ldr	pc, [sp], #4
 233              	.L19:
 234 001e 00BF     		.align	2
 235              	.L18:
 236 0020 00000000 		.word	EN_180
 237              		.cfi_endproc
 238              	.LFE335:
 240              		.global	hSin_Cos_Table_512
 241              		.section	.rodata.hSin_Cos_Table_512,"a",%progbits
 242              		.align	2
 243              		.set	.LANCHOR0,. + 0
 246              	hSin_Cos_Table_512:
 247 0000 0000     		.short	0
 248 0002 6400     		.short	100
 249 0004 C900     		.short	201
 250 0006 2E01     		.short	302
 251 0008 9201     		.short	402
 252 000a F701     		.short	503
 253 000c 5C02     		.short	604
 254 000e C102     		.short	705
 255 0010 2503     		.short	805
 256 0012 8A03     		.short	906
 257 0014 EF03     		.short	1007
 258 0016 5304     		.short	1107
 259 0018 B804     		.short	1208
 260 001a 1D05     		.short	1309
 261 001c 8105     		.short	1409
 262 001e E605     		.short	1510
 263 0020 4A06     		.short	1610
 264 0022 AF06     		.short	1711
 265 0024 1407     		.short	1812
 266 0026 7807     		.short	1912
 267 0028 DD07     		.short	2013
 268 002a 4108     		.short	2113
 269 002c A608     		.short	2214
 270 002e 0A09     		.short	2314
 271 0030 6F09     		.short	2415
 272 0032 D309     		.short	2515
 273 0034 380A     		.short	2616
 274 0036 9C0A     		.short	2716
 275 0038 000B     		.short	2816
 276 003a 650B     		.short	2917
 277 003c C90B     		.short	3017
 278 003e 2D0C     		.short	3117
 279 0040 910C     		.short	3217
ARM GAS  C:\Users\82057\AppData\Local\Temp\ccIONums.s 			page 8


 280 0042 F60C     		.short	3318
 281 0044 5A0D     		.short	3418
 282 0046 BE0D     		.short	3518
 283 0048 220E     		.short	3618
 284 004a 860E     		.short	3718
 285 004c EA0E     		.short	3818
 286 004e 4E0F     		.short	3918
 287 0050 B20F     		.short	4018
 288 0052 1610     		.short	4118
 289 0054 7A10     		.short	4218
 290 0056 DE10     		.short	4318
 291 0058 4211     		.short	4418
 292 005a A611     		.short	4518
 293 005c 0912     		.short	4617
 294 005e 6D12     		.short	4717
 295 0060 D112     		.short	4817
 296 0062 3413     		.short	4916
 297 0064 9813     		.short	5016
 298 0066 FB13     		.short	5115
 299 0068 5F14     		.short	5215
 300 006a C214     		.short	5314
 301 006c 2615     		.short	5414
 302 006e 8915     		.short	5513
 303 0070 EC15     		.short	5612
 304 0072 4F16     		.short	5711
 305 0074 B316     		.short	5811
 306 0076 1617     		.short	5910
 307 0078 7917     		.short	6009
 308 007a DC17     		.short	6108
 309 007c 3F18     		.short	6207
 310 007e A218     		.short	6306
 311 0080 0419     		.short	6404
 312 0082 6719     		.short	6503
 313 0084 CA19     		.short	6602
 314 0086 2C1A     		.short	6700
 315 0088 8F1A     		.short	6799
 316 008a F21A     		.short	6898
 317 008c 541B     		.short	6996
 318 008e B61B     		.short	7094
 319 0090 191C     		.short	7193
 320 0092 7B1C     		.short	7291
 321 0094 DD1C     		.short	7389
 322 0096 3F1D     		.short	7487
 323 0098 A11D     		.short	7585
 324 009a 031E     		.short	7683
 325 009c 651E     		.short	7781
 326 009e C71E     		.short	7879
 327 00a0 281F     		.short	7976
 328 00a2 8A1F     		.short	8074
 329 00a4 EC1F     		.short	8172
 330 00a6 4D20     		.short	8269
 331 00a8 AF20     		.short	8367
 332 00aa 1021     		.short	8464
 333 00ac 7121     		.short	8561
 334 00ae D221     		.short	8658
 335 00b0 3422     		.short	8756
 336 00b2 9522     		.short	8853
ARM GAS  C:\Users\82057\AppData\Local\Temp\ccIONums.s 			page 9


 337 00b4 F622     		.short	8950
 338 00b6 5623     		.short	9046
 339 00b8 B723     		.short	9143
 340 00ba 1824     		.short	9240
 341 00bc 7824     		.short	9336
 342 00be D924     		.short	9433
 343 00c0 3925     		.short	9529
 344 00c2 9A25     		.short	9626
 345 00c4 FA25     		.short	9722
 346 00c6 5A26     		.short	9818
 347 00c8 BA26     		.short	9914
 348 00ca 1A27     		.short	10010
 349 00cc 7A27     		.short	10106
 350 00ce DA27     		.short	10202
 351 00d0 3928     		.short	10297
 352 00d2 9928     		.short	10393
 353 00d4 F828     		.short	10488
 354 00d6 5829     		.short	10584
 355 00d8 B729     		.short	10679
 356 00da 162A     		.short	10774
 357 00dc 752A     		.short	10869
 358 00de D42A     		.short	10964
 359 00e0 332B     		.short	11059
 360 00e2 922B     		.short	11154
 361 00e4 F12B     		.short	11249
 362 00e6 4F2C     		.short	11343
 363 00e8 AE2C     		.short	11438
 364 00ea 0C2D     		.short	11532
 365 00ec 6A2D     		.short	11626
 366 00ee C82D     		.short	11720
 367 00f0 262E     		.short	11814
 368 00f2 842E     		.short	11908
 369 00f4 E22E     		.short	12002
 370 00f6 402F     		.short	12096
 371 00f8 9D2F     		.short	12189
 372 00fa FB2F     		.short	12283
 373 00fc 5830     		.short	12376
 374 00fe B530     		.short	12469
 375 0100 1231     		.short	12562
 376 0102 6F31     		.short	12655
 377 0104 CC31     		.short	12748
 378 0106 2932     		.short	12841
 379 0108 8532     		.short	12933
 380 010a E232     		.short	13026
 381 010c 3E33     		.short	13118
 382 010e 9A33     		.short	13210
 383 0110 F633     		.short	13302
 384 0112 5234     		.short	13394
 385 0114 AE34     		.short	13486
 386 0116 0A35     		.short	13578
 387 0118 6635     		.short	13670
 388 011a C135     		.short	13761
 389 011c 1D36     		.short	13853
 390 011e 7836     		.short	13944
 391 0120 D336     		.short	14035
 392 0122 2E37     		.short	14126
 393 0124 8937     		.short	14217
ARM GAS  C:\Users\82057\AppData\Local\Temp\ccIONums.s 			page 10


 394 0126 E337     		.short	14307
 395 0128 3E38     		.short	14398
 396 012a 9838     		.short	14488
 397 012c F238     		.short	14578
 398 012e 4D39     		.short	14669
 399 0130 A739     		.short	14759
 400 0132 003A     		.short	14848
 401 0134 5A3A     		.short	14938
 402 0136 B43A     		.short	15028
 403 0138 0D3B     		.short	15117
 404 013a 663B     		.short	15206
 405 013c C03B     		.short	15296
 406 013e 193C     		.short	15385
 407 0140 723C     		.short	15474
 408 0142 CA3C     		.short	15562
 409 0144 233D     		.short	15651
 410 0146 7B3D     		.short	15739
 411 0148 D33D     		.short	15827
 412 014a 2C3E     		.short	15916
 413 014c 843E     		.short	16004
 414 014e DB3E     		.short	16091
 415 0150 333F     		.short	16179
 416 0152 8B3F     		.short	16267
 417 0154 E23F     		.short	16354
 418 0156 3940     		.short	16441
 419 0158 9040     		.short	16528
 420 015a E740     		.short	16615
 421 015c 3E41     		.short	16702
 422 015e 9441     		.short	16788
 423 0160 EB41     		.short	16875
 424 0162 4142     		.short	16961
 425 0164 9742     		.short	17047
 426 0166 ED42     		.short	17133
 427 0168 4343     		.short	17219
 428 016a 9843     		.short	17304
 429 016c EE43     		.short	17390
 430 016e 4344     		.short	17475
 431 0170 9844     		.short	17560
 432 0172 ED44     		.short	17645
 433 0174 4245     		.short	17730
 434 0176 9745     		.short	17815
 435 0178 EB45     		.short	17899
 436 017a 3F46     		.short	17983
 437 017c 9446     		.short	18068
 438 017e E746     		.short	18151
 439 0180 3B47     		.short	18235
 440 0182 8F47     		.short	18319
 441 0184 E247     		.short	18402
 442 0186 3648     		.short	18486
 443 0188 8948     		.short	18569
 444 018a DC48     		.short	18652
 445 018c 2E49     		.short	18734
 446 018e 8149     		.short	18817
 447 0190 D349     		.short	18899
 448 0192 254A     		.short	18981
 449 0194 774A     		.short	19063
 450 0196 C94A     		.short	19145
ARM GAS  C:\Users\82057\AppData\Local\Temp\ccIONums.s 			page 11


 451 0198 1B4B     		.short	19227
 452 019a 6C4B     		.short	19308
 453 019c BE4B     		.short	19390
 454 019e 0F4C     		.short	19471
 455 01a0 604C     		.short	19552
 456 01a2 B04C     		.short	19632
 457 01a4 014D     		.short	19713
 458 01a6 514D     		.short	19793
 459 01a8 A14D     		.short	19873
 460 01aa F14D     		.short	19953
 461 01ac 414E     		.short	20033
 462 01ae 914E     		.short	20113
 463 01b0 E04E     		.short	20192
 464 01b2 304F     		.short	20272
 465 01b4 7F4F     		.short	20351
 466 01b6 CD4F     		.short	20429
 467 01b8 1C50     		.short	20508
 468 01ba 6B50     		.short	20587
 469 01bc B950     		.short	20665
 470 01be 0751     		.short	20743
 471 01c0 5551     		.short	20821
 472 01c2 A251     		.short	20898
 473 01c4 F051     		.short	20976
 474 01c6 3D52     		.short	21053
 475 01c8 8A52     		.short	21130
 476 01ca D752     		.short	21207
 477 01cc 2453     		.short	21284
 478 01ce 7053     		.short	21360
 479 01d0 BD53     		.short	21437
 480 01d2 0954     		.short	21513
 481 01d4 5554     		.short	21589
 482 01d6 A054     		.short	21664
 483 01d8 EC54     		.short	21740
 484 01da 3755     		.short	21815
 485 01dc 8255     		.short	21890
 486 01de CD55     		.short	21965
 487 01e0 1756     		.short	22039
 488 01e2 6256     		.short	22114
 489 01e4 AC56     		.short	22188
 490 01e6 F656     		.short	22262
 491 01e8 4057     		.short	22336
 492 01ea 8957     		.short	22409
 493 01ec D357     		.short	22483
 494 01ee 1C58     		.short	22556
 495 01f0 6558     		.short	22629
 496 01f2 AE58     		.short	22702
 497 01f4 F658     		.short	22774
 498 01f6 3F59     		.short	22847
 499 01f8 8759     		.short	22919
 500 01fa CF59     		.short	22991
 501 01fc 165A     		.short	23062
 502 01fe 5E5A     		.short	23134
 503 0200 A55A     		.short	23205
 504 0202 EC5A     		.short	23276
 505 0204 335B     		.short	23347
 506 0206 795B     		.short	23417
 507 0208 C05B     		.short	23488
ARM GAS  C:\Users\82057\AppData\Local\Temp\ccIONums.s 			page 12


 508 020a 065C     		.short	23558
 509 020c 4C5C     		.short	23628
 510 020e 915C     		.short	23697
 511 0210 D75C     		.short	23767
 512 0212 1C5D     		.short	23836
 513 0214 615D     		.short	23905
 514 0216 A65D     		.short	23974
 515 0218 EA5D     		.short	24042
 516 021a 2F5E     		.short	24111
 517 021c 735E     		.short	24179
 518 021e B75E     		.short	24247
 519 0220 FA5E     		.short	24314
 520 0222 3E5F     		.short	24382
 521 0224 815F     		.short	24449
 522 0226 C45F     		.short	24516
 523 0228 0660     		.short	24582
 524 022a 4960     		.short	24649
 525 022c 8B60     		.short	24715
 526 022e CD60     		.short	24781
 527 0230 0F61     		.short	24847
 528 0232 5061     		.short	24912
 529 0234 9261     		.short	24978
 530 0236 D361     		.short	25043
 531 0238 1462     		.short	25108
 532 023a 5462     		.short	25172
 533 023c 9562     		.short	25237
 534 023e D562     		.short	25301
 535 0240 1563     		.short	25365
 536 0242 5463     		.short	25428
 537 0244 9463     		.short	25492
 538 0246 D363     		.short	25555
 539 0248 1264     		.short	25618
 540 024a 5064     		.short	25680
 541 024c 8F64     		.short	25743
 542 024e CD64     		.short	25805
 543 0250 0B65     		.short	25867
 544 0252 4965     		.short	25929
 545 0254 8665     		.short	25990
 546 0256 C365     		.short	26051
 547 0258 0066     		.short	26112
 548 025a 3D66     		.short	26173
 549 025c 7A66     		.short	26234
 550 025e B666     		.short	26294
 551 0260 F266     		.short	26354
 552 0262 2E67     		.short	26414
 553 0264 6967     		.short	26473
 554 0266 A467     		.short	26532
 555 0268 DF67     		.short	26591
 556 026a 1A68     		.short	26650
 557 026c 5468     		.short	26708
 558 026e 8F68     		.short	26767
 559 0270 C968     		.short	26825
 560 0272 0269     		.short	26882
 561 0274 3C69     		.short	26940
 562 0276 7569     		.short	26997
 563 0278 AE69     		.short	27054
 564 027a E769     		.short	27111
ARM GAS  C:\Users\82057\AppData\Local\Temp\ccIONums.s 			page 13


 565 027c 1F6A     		.short	27167
 566 027e 576A     		.short	27223
 567 0280 8F6A     		.short	27279
 568 0282 C76A     		.short	27335
 569 0284 FE6A     		.short	27390
 570 0286 356B     		.short	27445
 571 0288 6C6B     		.short	27500
 572 028a A36B     		.short	27555
 573 028c D96B     		.short	27609
 574 028e 0F6C     		.short	27663
 575 0290 456C     		.short	27717
 576 0292 7B6C     		.short	27771
 577 0294 B06C     		.short	27824
 578 0296 E56C     		.short	27877
 579 0298 1A6D     		.short	27930
 580 029a 4F6D     		.short	27983
 581 029c 836D     		.short	28035
 582 029e B76D     		.short	28087
 583 02a0 EB6D     		.short	28139
 584 02a2 1E6E     		.short	28190
 585 02a4 516E     		.short	28241
 586 02a6 846E     		.short	28292
 587 02a8 B76E     		.short	28343
 588 02aa E96E     		.short	28393
 589 02ac 1B6F     		.short	28443
 590 02ae 4D6F     		.short	28493
 591 02b0 7F6F     		.short	28543
 592 02b2 B06F     		.short	28592
 593 02b4 E16F     		.short	28641
 594 02b6 1270     		.short	28690
 595 02b8 4370     		.short	28739
 596 02ba 7370     		.short	28787
 597 02bc A370     		.short	28835
 598 02be D370     		.short	28883
 599 02c0 0271     		.short	28930
 600 02c2 3171     		.short	28977
 601 02c4 6071     		.short	29024
 602 02c6 8F71     		.short	29071
 603 02c8 BD71     		.short	29117
 604 02ca EB71     		.short	29163
 605 02cc 1972     		.short	29209
 606 02ce 4672     		.short	29254
 607 02d0 7472     		.short	29300
 608 02d2 A172     		.short	29345
 609 02d4 CD72     		.short	29389
 610 02d6 FA72     		.short	29434
 611 02d8 2673     		.short	29478
 612 02da 5273     		.short	29522
 613 02dc 7D73     		.short	29565
 614 02de A873     		.short	29608
 615 02e0 D373     		.short	29651
 616 02e2 FE73     		.short	29694
 617 02e4 2974     		.short	29737
 618 02e6 5374     		.short	29779
 619 02e8 7D74     		.short	29821
 620 02ea A674     		.short	29862
 621 02ec D074     		.short	29904
ARM GAS  C:\Users\82057\AppData\Local\Temp\ccIONums.s 			page 14


 622 02ee F974     		.short	29945
 623 02f0 2175     		.short	29985
 624 02f2 4A75     		.short	30026
 625 02f4 7275     		.short	30066
 626 02f6 9A75     		.short	30106
 627 02f8 C175     		.short	30145
 628 02fa E975     		.short	30185
 629 02fc 1076     		.short	30224
 630 02fe 3776     		.short	30263
 631 0300 5D76     		.short	30301
 632 0302 8376     		.short	30339
 633 0304 A976     		.short	30377
 634 0306 CF76     		.short	30415
 635 0308 F476     		.short	30452
 636 030a 1977     		.short	30489
 637 030c 3E77     		.short	30526
 638 030e 6277     		.short	30562
 639 0310 8777     		.short	30599
 640 0312 AA77     		.short	30634
 641 0314 CE77     		.short	30670
 642 0316 F177     		.short	30705
 643 0318 1478     		.short	30740
 644 031a 3778     		.short	30775
 645 031c 5A78     		.short	30810
 646 031e 7C78     		.short	30844
 647 0320 9D78     		.short	30877
 648 0322 BF78     		.short	30911
 649 0324 E078     		.short	30944
 650 0326 0179     		.short	30977
 651 0328 2279     		.short	31010
 652 032a 4279     		.short	31042
 653 032c 6279     		.short	31074
 654 032e 8279     		.short	31106
 655 0330 A279     		.short	31138
 656 0332 C179     		.short	31169
 657 0334 E079     		.short	31200
 658 0336 FF79     		.short	31231
 659 0338 1D7A     		.short	31261
 660 033a 3B7A     		.short	31291
 661 033c 597A     		.short	31321
 662 033e 767A     		.short	31350
 663 0340 937A     		.short	31379
 664 0342 B07A     		.short	31408
 665 0344 CD7A     		.short	31437
 666 0346 E97A     		.short	31465
 667 0348 057B     		.short	31493
 668 034a 217B     		.short	31521
 669 034c 3C7B     		.short	31548
 670 034e 577B     		.short	31575
 671 0350 727B     		.short	31602
 672 0352 8C7B     		.short	31628
 673 0354 A67B     		.short	31654
 674 0356 C07B     		.short	31680
 675 0358 DA7B     		.short	31706
 676 035a F37B     		.short	31731
 677 035c 0C7C     		.short	31756
 678 035e 257C     		.short	31781
ARM GAS  C:\Users\82057\AppData\Local\Temp\ccIONums.s 			page 15


 679 0360 3D7C     		.short	31805
 680 0362 557C     		.short	31829
 681 0364 6D7C     		.short	31853
 682 0366 847C     		.short	31876
 683 0368 9C7C     		.short	31900
 684 036a B27C     		.short	31922
 685 036c C97C     		.short	31945
 686 036e DF7C     		.short	31967
 687 0370 F57C     		.short	31989
 688 0372 0B7D     		.short	32011
 689 0374 207D     		.short	32032
 690 0376 357D     		.short	32053
 691 0378 4A7D     		.short	32074
 692 037a 5E7D     		.short	32094
 693 037c 737D     		.short	32115
 694 037e 867D     		.short	32134
 695 0380 9A7D     		.short	32154
 696 0382 AD7D     		.short	32173
 697 0384 C07D     		.short	32192
 698 0386 D37D     		.short	32211
 699 0388 E57D     		.short	32229
 700 038a F77D     		.short	32247
 701 038c 097E     		.short	32265
 702 038e 1A7E     		.short	32282
 703 0390 2B7E     		.short	32299
 704 0392 3C7E     		.short	32316
 705 0394 4D7E     		.short	32333
 706 0396 5D7E     		.short	32349
 707 0398 6D7E     		.short	32365
 708 039a 7C7E     		.short	32380
 709 039c 8B7E     		.short	32395
 710 039e 9A7E     		.short	32410
 711 03a0 A97E     		.short	32425
 712 03a2 B77E     		.short	32439
 713 03a4 C67E     		.short	32454
 714 03a6 D37E     		.short	32467
 715 03a8 E17E     		.short	32481
 716 03aa EE7E     		.short	32494
 717 03ac FB7E     		.short	32507
 718 03ae 077F     		.short	32519
 719 03b0 137F     		.short	32531
 720 03b2 1F7F     		.short	32543
 721 03b4 2B7F     		.short	32555
 722 03b6 367F     		.short	32566
 723 03b8 417F     		.short	32577
 724 03ba 4C7F     		.short	32588
 725 03bc 567F     		.short	32598
 726 03be 607F     		.short	32608
 727 03c0 6A7F     		.short	32618
 728 03c2 737F     		.short	32627
 729 03c4 7C7F     		.short	32636
 730 03c6 857F     		.short	32645
 731 03c8 8E7F     		.short	32654
 732 03ca 967F     		.short	32662
 733 03cc 9E7F     		.short	32670
 734 03ce A57F     		.short	32677
 735 03d0 AD7F     		.short	32685
ARM GAS  C:\Users\82057\AppData\Local\Temp\ccIONums.s 			page 16


 736 03d2 B47F     		.short	32692
 737 03d4 BA7F     		.short	32698
 738 03d6 C17F     		.short	32705
 739 03d8 C77F     		.short	32711
 740 03da CC7F     		.short	32716
 741 03dc D27F     		.short	32722
 742 03de D77F     		.short	32727
 743 03e0 DC7F     		.short	32732
 744 03e2 E07F     		.short	32736
 745 03e4 E47F     		.short	32740
 746 03e6 E87F     		.short	32744
 747 03e8 EC7F     		.short	32748
 748 03ea EF7F     		.short	32751
 749 03ec F27F     		.short	32754
 750 03ee F57F     		.short	32757
 751 03f0 F77F     		.short	32759
 752 03f2 F97F     		.short	32761
 753 03f4 FB7F     		.short	32763
 754 03f6 FC7F     		.short	32764
 755 03f8 FD7F     		.short	32765
 756 03fa FE7F     		.short	32766
 757 03fc FE7F     		.short	32766
 758 03fe FF7F     		.short	32767
 759              		.text
 760              	.Letext0:
 761              		.file 2 "c:\\program files (x86)\\gnu tools arm embedded\\7 2018-q2-update\\arm-none-eabi\\include
 762              		.file 3 "c:\\program files (x86)\\gnu tools arm embedded\\7 2018-q2-update\\arm-none-eabi\\include
 763              		.file 4 "Drivers/CMSIS/Include/core_cm4.h"
 764              		.file 5 "Drivers/CMSIS/Device/ST/STM32G4xx/Include/system_stm32g4xx.h"
 765              		.file 6 "Drivers/CMSIS/Device/ST/STM32G4xx/Include/stm32g431xx.h"
 766              		.file 7 "Drivers/STM32G4xx_HAL_Driver/Inc/stm32g4xx_hal.h"
 767              		.file 8 "Drivers/CMSIS/Device/ST/STM32G4xx/Include/stm32g4xx.h"
 768              		.file 9 "Drivers/STM32G4xx_HAL_Driver/Inc/stm32g4xx_hal_def.h"
 769              		.file 10 "Drivers/STM32G4xx_HAL_Driver/Inc/stm32g4xx_hal_dma.h"
 770              		.file 11 "Drivers/STM32G4xx_HAL_Driver/Inc/stm32g4xx_hal_adc.h"
 771              		.file 12 "Drivers/STM32G4xx_HAL_Driver/Inc/stm32g4xx_hal_flash.h"
 772              		.file 13 "Drivers/STM32G4xx_HAL_Driver/Inc/stm32g4xx_hal_spi.h"
 773              		.file 14 "Drivers/STM32G4xx_HAL_Driver/Inc/stm32g4xx_hal_tim.h"
 774              		.file 15 "Drivers/STM32G4xx_HAL_Driver/Inc/stm32g4xx_hal_uart.h"
 775              		.file 16 "Inc/stm32_math_sin.h"
 776              		.file 17 "c:\\program files (x86)\\gnu tools arm embedded\\7 2018-q2-update\\arm-none-eabi\\includ
 777              		.file 18 "c:\\program files (x86)\\gnu tools arm embedded\\7 2018-q2-update\\arm-none-eabi\\includ
 778              		.file 19 "c:\\program files (x86)\\gnu tools arm embedded\\7 2018-q2-update\\lib\\gcc\\arm-none-ea
 779              		.file 20 "c:\\program files (x86)\\gnu tools arm embedded\\7 2018-q2-update\\arm-none-eabi\\includ
 780              		.file 21 "c:\\program files (x86)\\gnu tools arm embedded\\7 2018-q2-update\\arm-none-eabi\\includ
 781              		.file 22 "Inc/uart.h"
 782              		.file 23 "Inc/pwm.h"
 783              		.file 24 "Inc/spi_MEncoder.h"
 784              		.file 25 "Inc/adc.h"
 785              		.file 26 "Inc/pid.h"
 786              		.file 27 "Inc/profile_joint.h"
 787              		.file 28 "Inc/icmu.h"
 788              		.file 29 "Inc/performance_test.h"
 789              		.file 30 "Inc/global.h"
ARM GAS  C:\Users\82057\AppData\Local\Temp\ccIONums.s 			page 17


DEFINED SYMBOLS
                            *ABS*:00000000 stm32_math_sin.c
C:\Users\82057\AppData\Local\Temp\ccIONums.s:18     .text.Math_Trig_Functions_512:00000000 $t
C:\Users\82057\AppData\Local\Temp\ccIONums.s:25     .text.Math_Trig_Functions_512:00000000 Math_Trig_Functions_512
C:\Users\82057\AppData\Local\Temp\ccIONums.s:136    .text.Math_Trig_Functions_512:000000b8 $d
C:\Users\82057\AppData\Local\Temp\ccIONums.s:141    .text.Math_Sin_EN360:00000000 $t
C:\Users\82057\AppData\Local\Temp\ccIONums.s:148    .text.Math_Sin_EN360:00000000 Math_Sin_EN360
C:\Users\82057\AppData\Local\Temp\ccIONums.s:186    .text.Math_Sin_EN360:00000020 $d
C:\Users\82057\AppData\Local\Temp\ccIONums.s:191    .text.Math_Cos_EN360:00000000 $t
C:\Users\82057\AppData\Local\Temp\ccIONums.s:198    .text.Math_Cos_EN360:00000000 Math_Cos_EN360
C:\Users\82057\AppData\Local\Temp\ccIONums.s:236    .text.Math_Cos_EN360:00000020 $d
C:\Users\82057\AppData\Local\Temp\ccIONums.s:246    .rodata.hSin_Cos_Table_512:00000000 hSin_Cos_Table_512
C:\Users\82057\AppData\Local\Temp\ccIONums.s:242    .rodata.hSin_Cos_Table_512:00000000 $d

UNDEFINED SYMBOLS
EN_180
