ARM GAS  C:\Users\82057\AppData\Local\Temp\cc3Yoa6X.s 			page 1


   1              		.cpu cortex-m4
   2              		.eabi_attribute 27, 1
   3              		.eabi_attribute 28, 1
   4              		.eabi_attribute 20, 1
   5              		.eabi_attribute 21, 1
   6              		.eabi_attribute 23, 3
   7              		.eabi_attribute 24, 1
   8              		.eabi_attribute 25, 1
   9              		.eabi_attribute 26, 1
  10              		.eabi_attribute 30, 4
  11              		.eabi_attribute 34, 1
  12              		.eabi_attribute 18, 4
  13              		.file	"stm32g4xx_hal_exti.c"
  14              		.text
  15              	.Ltext0:
  16              		.cfi_sections	.debug_frame
  17              		.section	.text.HAL_EXTI_SetConfigLine,"ax",%progbits
  18              		.align	1
  19              		.global	HAL_EXTI_SetConfigLine
  20              		.syntax unified
  21              		.thumb
  22              		.thumb_func
  23              		.fpu fpv4-sp-d16
  25              	HAL_EXTI_SetConfigLine:
  26              	.LFB329:
  27              		.file 1 "Drivers/STM32G4xx_HAL_Driver/Src/stm32g4xx_hal_exti.c"
   1:Drivers/STM32G4xx_HAL_Driver/Src/stm32g4xx_hal_exti.c **** /**
   2:Drivers/STM32G4xx_HAL_Driver/Src/stm32g4xx_hal_exti.c ****   ******************************************************************************
   3:Drivers/STM32G4xx_HAL_Driver/Src/stm32g4xx_hal_exti.c ****   * @file    stm32g4xx_hal_exti.c
   4:Drivers/STM32G4xx_HAL_Driver/Src/stm32g4xx_hal_exti.c ****   * @author  MCD Application Team
   5:Drivers/STM32G4xx_HAL_Driver/Src/stm32g4xx_hal_exti.c ****   * @brief   EXTI HAL module driver.
   6:Drivers/STM32G4xx_HAL_Driver/Src/stm32g4xx_hal_exti.c ****   *          This file provides firmware functions to manage the following
   7:Drivers/STM32G4xx_HAL_Driver/Src/stm32g4xx_hal_exti.c ****   *          functionalities of the Extended Interrupts and events controller (EXTI) peripheral:
   8:Drivers/STM32G4xx_HAL_Driver/Src/stm32g4xx_hal_exti.c ****   *          functionalities of the General Purpose Input/Output (EXTI) peripheral:
   9:Drivers/STM32G4xx_HAL_Driver/Src/stm32g4xx_hal_exti.c ****   *           + Initialization and de-initialization functions
  10:Drivers/STM32G4xx_HAL_Driver/Src/stm32g4xx_hal_exti.c ****   *           + IO operation functions
  11:Drivers/STM32G4xx_HAL_Driver/Src/stm32g4xx_hal_exti.c ****   *
  12:Drivers/STM32G4xx_HAL_Driver/Src/stm32g4xx_hal_exti.c ****   ******************************************************************************
  13:Drivers/STM32G4xx_HAL_Driver/Src/stm32g4xx_hal_exti.c ****   * @attention
  14:Drivers/STM32G4xx_HAL_Driver/Src/stm32g4xx_hal_exti.c ****   *
  15:Drivers/STM32G4xx_HAL_Driver/Src/stm32g4xx_hal_exti.c ****   * Copyright (c) 2019 STMicroelectronics.
  16:Drivers/STM32G4xx_HAL_Driver/Src/stm32g4xx_hal_exti.c ****   * All rights reserved.
  17:Drivers/STM32G4xx_HAL_Driver/Src/stm32g4xx_hal_exti.c ****   *
  18:Drivers/STM32G4xx_HAL_Driver/Src/stm32g4xx_hal_exti.c ****   * This software is licensed under terms that can be found in the LICENSE file
  19:Drivers/STM32G4xx_HAL_Driver/Src/stm32g4xx_hal_exti.c ****   * in the root directory of this software component.
  20:Drivers/STM32G4xx_HAL_Driver/Src/stm32g4xx_hal_exti.c ****   * If no LICENSE file comes with this software, it is provided AS-IS.
  21:Drivers/STM32G4xx_HAL_Driver/Src/stm32g4xx_hal_exti.c ****   *
  22:Drivers/STM32G4xx_HAL_Driver/Src/stm32g4xx_hal_exti.c ****   ******************************************************************************
  23:Drivers/STM32G4xx_HAL_Driver/Src/stm32g4xx_hal_exti.c ****   @verbatim
  24:Drivers/STM32G4xx_HAL_Driver/Src/stm32g4xx_hal_exti.c ****   ==============================================================================
  25:Drivers/STM32G4xx_HAL_Driver/Src/stm32g4xx_hal_exti.c ****                     ##### EXTI Peripheral features #####
  26:Drivers/STM32G4xx_HAL_Driver/Src/stm32g4xx_hal_exti.c ****   ==============================================================================
  27:Drivers/STM32G4xx_HAL_Driver/Src/stm32g4xx_hal_exti.c ****   [..]
  28:Drivers/STM32G4xx_HAL_Driver/Src/stm32g4xx_hal_exti.c ****     (+) Each Exti line can be configured within this driver.
  29:Drivers/STM32G4xx_HAL_Driver/Src/stm32g4xx_hal_exti.c **** 
  30:Drivers/STM32G4xx_HAL_Driver/Src/stm32g4xx_hal_exti.c ****     (+) Exti line can be configured in 3 different modes
  31:Drivers/STM32G4xx_HAL_Driver/Src/stm32g4xx_hal_exti.c ****         (++) Interrupt
ARM GAS  C:\Users\82057\AppData\Local\Temp\cc3Yoa6X.s 			page 2


  32:Drivers/STM32G4xx_HAL_Driver/Src/stm32g4xx_hal_exti.c ****         (++) Event
  33:Drivers/STM32G4xx_HAL_Driver/Src/stm32g4xx_hal_exti.c ****         (++) Both of them
  34:Drivers/STM32G4xx_HAL_Driver/Src/stm32g4xx_hal_exti.c **** 
  35:Drivers/STM32G4xx_HAL_Driver/Src/stm32g4xx_hal_exti.c ****     (+) Configurable Exti lines can be configured with 3 different triggers
  36:Drivers/STM32G4xx_HAL_Driver/Src/stm32g4xx_hal_exti.c ****         (++) Rising
  37:Drivers/STM32G4xx_HAL_Driver/Src/stm32g4xx_hal_exti.c ****         (++) Falling
  38:Drivers/STM32G4xx_HAL_Driver/Src/stm32g4xx_hal_exti.c ****         (++) Both of them
  39:Drivers/STM32G4xx_HAL_Driver/Src/stm32g4xx_hal_exti.c **** 
  40:Drivers/STM32G4xx_HAL_Driver/Src/stm32g4xx_hal_exti.c ****     (+) When set in interrupt mode, configurable Exti lines have two different
  41:Drivers/STM32G4xx_HAL_Driver/Src/stm32g4xx_hal_exti.c ****         interrupt pending registers which allow to distinguish which transition
  42:Drivers/STM32G4xx_HAL_Driver/Src/stm32g4xx_hal_exti.c ****         occurs:
  43:Drivers/STM32G4xx_HAL_Driver/Src/stm32g4xx_hal_exti.c ****         (++) Rising edge pending interrupt
  44:Drivers/STM32G4xx_HAL_Driver/Src/stm32g4xx_hal_exti.c ****         (++) Falling
  45:Drivers/STM32G4xx_HAL_Driver/Src/stm32g4xx_hal_exti.c **** 
  46:Drivers/STM32G4xx_HAL_Driver/Src/stm32g4xx_hal_exti.c ****     (+) Exti lines 0 to 15 are linked to gpio pin number 0 to 15. Gpio port can
  47:Drivers/STM32G4xx_HAL_Driver/Src/stm32g4xx_hal_exti.c ****         be selected through multiplexer.
  48:Drivers/STM32G4xx_HAL_Driver/Src/stm32g4xx_hal_exti.c **** 
  49:Drivers/STM32G4xx_HAL_Driver/Src/stm32g4xx_hal_exti.c ****                      ##### How to use this driver #####
  50:Drivers/STM32G4xx_HAL_Driver/Src/stm32g4xx_hal_exti.c ****   ==============================================================================
  51:Drivers/STM32G4xx_HAL_Driver/Src/stm32g4xx_hal_exti.c ****   [..]
  52:Drivers/STM32G4xx_HAL_Driver/Src/stm32g4xx_hal_exti.c **** 
  53:Drivers/STM32G4xx_HAL_Driver/Src/stm32g4xx_hal_exti.c ****     (#) Configure the EXTI line using HAL_EXTI_SetConfigLine().
  54:Drivers/STM32G4xx_HAL_Driver/Src/stm32g4xx_hal_exti.c ****         (++) Choose the interrupt line number by setting "Line" member from
  55:Drivers/STM32G4xx_HAL_Driver/Src/stm32g4xx_hal_exti.c ****              EXTI_ConfigTypeDef structure.
  56:Drivers/STM32G4xx_HAL_Driver/Src/stm32g4xx_hal_exti.c ****         (++) Configure the interrupt and/or event mode using "Mode" member from
  57:Drivers/STM32G4xx_HAL_Driver/Src/stm32g4xx_hal_exti.c ****              EXTI_ConfigTypeDef structure.
  58:Drivers/STM32G4xx_HAL_Driver/Src/stm32g4xx_hal_exti.c ****         (++) For configurable lines, configure rising and/or falling trigger
  59:Drivers/STM32G4xx_HAL_Driver/Src/stm32g4xx_hal_exti.c ****              "Trigger" member from EXTI_ConfigTypeDef structure.
  60:Drivers/STM32G4xx_HAL_Driver/Src/stm32g4xx_hal_exti.c ****         (++) For Exti lines linked to gpio, choose gpio port using "GPIOSel"
  61:Drivers/STM32G4xx_HAL_Driver/Src/stm32g4xx_hal_exti.c ****              member from GPIO_InitTypeDef structure.
  62:Drivers/STM32G4xx_HAL_Driver/Src/stm32g4xx_hal_exti.c **** 
  63:Drivers/STM32G4xx_HAL_Driver/Src/stm32g4xx_hal_exti.c ****     (#) Get current Exti configuration of a dedicated line using
  64:Drivers/STM32G4xx_HAL_Driver/Src/stm32g4xx_hal_exti.c ****         HAL_EXTI_GetConfigLine().
  65:Drivers/STM32G4xx_HAL_Driver/Src/stm32g4xx_hal_exti.c ****         (++) Provide exiting handle as parameter.
  66:Drivers/STM32G4xx_HAL_Driver/Src/stm32g4xx_hal_exti.c ****         (++) Provide pointer on EXTI_ConfigTypeDef structure as second parameter.
  67:Drivers/STM32G4xx_HAL_Driver/Src/stm32g4xx_hal_exti.c **** 
  68:Drivers/STM32G4xx_HAL_Driver/Src/stm32g4xx_hal_exti.c ****     (#) Clear Exti configuration of a dedicated line using HAL_EXTI_ClearConfigLine().
  69:Drivers/STM32G4xx_HAL_Driver/Src/stm32g4xx_hal_exti.c ****         (++) Provide exiting handle as parameter.
  70:Drivers/STM32G4xx_HAL_Driver/Src/stm32g4xx_hal_exti.c **** 
  71:Drivers/STM32G4xx_HAL_Driver/Src/stm32g4xx_hal_exti.c ****     (#) Register callback to treat Exti interrupts using HAL_EXTI_RegisterCallback().
  72:Drivers/STM32G4xx_HAL_Driver/Src/stm32g4xx_hal_exti.c ****         (++) Provide exiting handle as first parameter.
  73:Drivers/STM32G4xx_HAL_Driver/Src/stm32g4xx_hal_exti.c ****         (++) Provide which callback will be registered using one value from
  74:Drivers/STM32G4xx_HAL_Driver/Src/stm32g4xx_hal_exti.c ****              EXTI_CallbackIDTypeDef.
  75:Drivers/STM32G4xx_HAL_Driver/Src/stm32g4xx_hal_exti.c ****         (++) Provide callback function pointer.
  76:Drivers/STM32G4xx_HAL_Driver/Src/stm32g4xx_hal_exti.c **** 
  77:Drivers/STM32G4xx_HAL_Driver/Src/stm32g4xx_hal_exti.c ****     (#) Get interrupt pending bit using HAL_EXTI_GetPending().
  78:Drivers/STM32G4xx_HAL_Driver/Src/stm32g4xx_hal_exti.c **** 
  79:Drivers/STM32G4xx_HAL_Driver/Src/stm32g4xx_hal_exti.c ****     (#) Clear interrupt pending bit using HAL_EXTI_ClearPending().
  80:Drivers/STM32G4xx_HAL_Driver/Src/stm32g4xx_hal_exti.c **** 
  81:Drivers/STM32G4xx_HAL_Driver/Src/stm32g4xx_hal_exti.c ****     (#) Generate software interrupt using HAL_EXTI_GenerateSWI().
  82:Drivers/STM32G4xx_HAL_Driver/Src/stm32g4xx_hal_exti.c **** 
  83:Drivers/STM32G4xx_HAL_Driver/Src/stm32g4xx_hal_exti.c ****   @endverbatim
  84:Drivers/STM32G4xx_HAL_Driver/Src/stm32g4xx_hal_exti.c ****   */
  85:Drivers/STM32G4xx_HAL_Driver/Src/stm32g4xx_hal_exti.c **** 
  86:Drivers/STM32G4xx_HAL_Driver/Src/stm32g4xx_hal_exti.c **** /* Includes ------------------------------------------------------------------*/
  87:Drivers/STM32G4xx_HAL_Driver/Src/stm32g4xx_hal_exti.c **** #include "stm32g4xx_hal.h"
  88:Drivers/STM32G4xx_HAL_Driver/Src/stm32g4xx_hal_exti.c **** 
ARM GAS  C:\Users\82057\AppData\Local\Temp\cc3Yoa6X.s 			page 3


  89:Drivers/STM32G4xx_HAL_Driver/Src/stm32g4xx_hal_exti.c **** /** @addtogroup STM32G4xx_HAL_Driver
  90:Drivers/STM32G4xx_HAL_Driver/Src/stm32g4xx_hal_exti.c ****   * @{
  91:Drivers/STM32G4xx_HAL_Driver/Src/stm32g4xx_hal_exti.c ****   */
  92:Drivers/STM32G4xx_HAL_Driver/Src/stm32g4xx_hal_exti.c **** 
  93:Drivers/STM32G4xx_HAL_Driver/Src/stm32g4xx_hal_exti.c **** /** @addtogroup EXTI
  94:Drivers/STM32G4xx_HAL_Driver/Src/stm32g4xx_hal_exti.c ****   * @{
  95:Drivers/STM32G4xx_HAL_Driver/Src/stm32g4xx_hal_exti.c ****   */
  96:Drivers/STM32G4xx_HAL_Driver/Src/stm32g4xx_hal_exti.c **** /** MISRA C:2012 deviation rule has been granted for following rule:
  97:Drivers/STM32G4xx_HAL_Driver/Src/stm32g4xx_hal_exti.c ****   * Rule-18.1_b - Medium: Array `EXTICR' 1st subscript interval [0,7] may be out
  98:Drivers/STM32G4xx_HAL_Driver/Src/stm32g4xx_hal_exti.c ****   * of bounds [0,3] in following API :
  99:Drivers/STM32G4xx_HAL_Driver/Src/stm32g4xx_hal_exti.c ****   * HAL_EXTI_SetConfigLine
 100:Drivers/STM32G4xx_HAL_Driver/Src/stm32g4xx_hal_exti.c ****   * HAL_EXTI_GetConfigLine
 101:Drivers/STM32G4xx_HAL_Driver/Src/stm32g4xx_hal_exti.c ****   * HAL_EXTI_ClearConfigLine
 102:Drivers/STM32G4xx_HAL_Driver/Src/stm32g4xx_hal_exti.c ****   */
 103:Drivers/STM32G4xx_HAL_Driver/Src/stm32g4xx_hal_exti.c **** 
 104:Drivers/STM32G4xx_HAL_Driver/Src/stm32g4xx_hal_exti.c **** #ifdef HAL_EXTI_MODULE_ENABLED
 105:Drivers/STM32G4xx_HAL_Driver/Src/stm32g4xx_hal_exti.c **** 
 106:Drivers/STM32G4xx_HAL_Driver/Src/stm32g4xx_hal_exti.c **** /* Private typedef -----------------------------------------------------------*/
 107:Drivers/STM32G4xx_HAL_Driver/Src/stm32g4xx_hal_exti.c **** /* Private defines ------------------------------------------------------------*/
 108:Drivers/STM32G4xx_HAL_Driver/Src/stm32g4xx_hal_exti.c **** /** @defgroup EXTI_Private_Constants EXTI Private Constants
 109:Drivers/STM32G4xx_HAL_Driver/Src/stm32g4xx_hal_exti.c ****   * @{
 110:Drivers/STM32G4xx_HAL_Driver/Src/stm32g4xx_hal_exti.c ****   */
 111:Drivers/STM32G4xx_HAL_Driver/Src/stm32g4xx_hal_exti.c **** #define EXTI_MODE_OFFSET                    0x08U   /* 0x20: offset between MCU IMR/EMR registers *
 112:Drivers/STM32G4xx_HAL_Driver/Src/stm32g4xx_hal_exti.c **** #define EXTI_CONFIG_OFFSET                  0x08U   /* 0x20: offset between MCU Rising/Falling conf
 113:Drivers/STM32G4xx_HAL_Driver/Src/stm32g4xx_hal_exti.c **** /**
 114:Drivers/STM32G4xx_HAL_Driver/Src/stm32g4xx_hal_exti.c ****   * @}
 115:Drivers/STM32G4xx_HAL_Driver/Src/stm32g4xx_hal_exti.c ****   */
 116:Drivers/STM32G4xx_HAL_Driver/Src/stm32g4xx_hal_exti.c **** 
 117:Drivers/STM32G4xx_HAL_Driver/Src/stm32g4xx_hal_exti.c **** /* Private macros ------------------------------------------------------------*/
 118:Drivers/STM32G4xx_HAL_Driver/Src/stm32g4xx_hal_exti.c **** /* Private variables ---------------------------------------------------------*/
 119:Drivers/STM32G4xx_HAL_Driver/Src/stm32g4xx_hal_exti.c **** /* Private function prototypes -----------------------------------------------*/
 120:Drivers/STM32G4xx_HAL_Driver/Src/stm32g4xx_hal_exti.c **** /* Exported functions --------------------------------------------------------*/
 121:Drivers/STM32G4xx_HAL_Driver/Src/stm32g4xx_hal_exti.c **** 
 122:Drivers/STM32G4xx_HAL_Driver/Src/stm32g4xx_hal_exti.c **** /** @addtogroup EXTI_Exported_Functions
 123:Drivers/STM32G4xx_HAL_Driver/Src/stm32g4xx_hal_exti.c ****   * @{
 124:Drivers/STM32G4xx_HAL_Driver/Src/stm32g4xx_hal_exti.c ****   */
 125:Drivers/STM32G4xx_HAL_Driver/Src/stm32g4xx_hal_exti.c **** 
 126:Drivers/STM32G4xx_HAL_Driver/Src/stm32g4xx_hal_exti.c **** /** @addtogroup EXTI_Exported_Functions_Group1
 127:Drivers/STM32G4xx_HAL_Driver/Src/stm32g4xx_hal_exti.c ****   *  @brief    Configuration functions
 128:Drivers/STM32G4xx_HAL_Driver/Src/stm32g4xx_hal_exti.c ****   *
 129:Drivers/STM32G4xx_HAL_Driver/Src/stm32g4xx_hal_exti.c **** @verbatim
 130:Drivers/STM32G4xx_HAL_Driver/Src/stm32g4xx_hal_exti.c ****  ===============================================================================
 131:Drivers/STM32G4xx_HAL_Driver/Src/stm32g4xx_hal_exti.c ****               ##### Configuration functions #####
 132:Drivers/STM32G4xx_HAL_Driver/Src/stm32g4xx_hal_exti.c ****  ===============================================================================
 133:Drivers/STM32G4xx_HAL_Driver/Src/stm32g4xx_hal_exti.c **** 
 134:Drivers/STM32G4xx_HAL_Driver/Src/stm32g4xx_hal_exti.c **** @endverbatim
 135:Drivers/STM32G4xx_HAL_Driver/Src/stm32g4xx_hal_exti.c ****   * @{
 136:Drivers/STM32G4xx_HAL_Driver/Src/stm32g4xx_hal_exti.c ****   */
 137:Drivers/STM32G4xx_HAL_Driver/Src/stm32g4xx_hal_exti.c **** 
 138:Drivers/STM32G4xx_HAL_Driver/Src/stm32g4xx_hal_exti.c **** /**
 139:Drivers/STM32G4xx_HAL_Driver/Src/stm32g4xx_hal_exti.c ****   * @brief  Set configuration of a dedicated Exti line.
 140:Drivers/STM32G4xx_HAL_Driver/Src/stm32g4xx_hal_exti.c ****   * @param  hexti Exti handle.
 141:Drivers/STM32G4xx_HAL_Driver/Src/stm32g4xx_hal_exti.c ****   * @param  pExtiConfig Pointer on EXTI configuration to be set.
 142:Drivers/STM32G4xx_HAL_Driver/Src/stm32g4xx_hal_exti.c ****   * @retval HAL Status.
 143:Drivers/STM32G4xx_HAL_Driver/Src/stm32g4xx_hal_exti.c ****   */
 144:Drivers/STM32G4xx_HAL_Driver/Src/stm32g4xx_hal_exti.c **** HAL_StatusTypeDef HAL_EXTI_SetConfigLine(EXTI_HandleTypeDef *hexti, EXTI_ConfigTypeDef *pExtiConfig
 145:Drivers/STM32G4xx_HAL_Driver/Src/stm32g4xx_hal_exti.c **** {
ARM GAS  C:\Users\82057\AppData\Local\Temp\cc3Yoa6X.s 			page 4


  28              		.loc 1 145 0
  29              		.cfi_startproc
  30              		@ args = 0, pretend = 0, frame = 0
  31              		@ frame_needed = 0, uses_anonymous_args = 0
  32              	.LVL0:
  33 0000 F0B5     		push	{r4, r5, r6, r7, lr}
  34              	.LCFI0:
  35              		.cfi_def_cfa_offset 20
  36              		.cfi_offset 4, -20
  37              		.cfi_offset 5, -16
  38              		.cfi_offset 6, -12
  39              		.cfi_offset 7, -8
  40              		.cfi_offset 14, -4
 146:Drivers/STM32G4xx_HAL_Driver/Src/stm32g4xx_hal_exti.c ****   __IO uint32_t *regaddr;
 147:Drivers/STM32G4xx_HAL_Driver/Src/stm32g4xx_hal_exti.c ****   uint32_t regval;
 148:Drivers/STM32G4xx_HAL_Driver/Src/stm32g4xx_hal_exti.c ****   uint32_t linepos;
 149:Drivers/STM32G4xx_HAL_Driver/Src/stm32g4xx_hal_exti.c ****   uint32_t maskline;
 150:Drivers/STM32G4xx_HAL_Driver/Src/stm32g4xx_hal_exti.c ****   uint32_t offset;
 151:Drivers/STM32G4xx_HAL_Driver/Src/stm32g4xx_hal_exti.c **** 
 152:Drivers/STM32G4xx_HAL_Driver/Src/stm32g4xx_hal_exti.c ****   /* Check null pointer */
 153:Drivers/STM32G4xx_HAL_Driver/Src/stm32g4xx_hal_exti.c ****   if ((hexti == NULL) || (pExtiConfig == NULL))
  41              		.loc 1 153 0
  42 0002 0028     		cmp	r0, #0
  43 0004 4DD0     		beq	.L15
  44              		.loc 1 153 0 is_stmt 0 discriminator 1
  45 0006 0029     		cmp	r1, #0
  46 0008 4BD0     		beq	.L15
 154:Drivers/STM32G4xx_HAL_Driver/Src/stm32g4xx_hal_exti.c ****   {
 155:Drivers/STM32G4xx_HAL_Driver/Src/stm32g4xx_hal_exti.c ****     return HAL_ERROR;
 156:Drivers/STM32G4xx_HAL_Driver/Src/stm32g4xx_hal_exti.c ****   }
 157:Drivers/STM32G4xx_HAL_Driver/Src/stm32g4xx_hal_exti.c **** 
 158:Drivers/STM32G4xx_HAL_Driver/Src/stm32g4xx_hal_exti.c ****   /* Check parameters */
 159:Drivers/STM32G4xx_HAL_Driver/Src/stm32g4xx_hal_exti.c ****   assert_param(IS_EXTI_LINE(pExtiConfig->Line));
 160:Drivers/STM32G4xx_HAL_Driver/Src/stm32g4xx_hal_exti.c ****   assert_param(IS_EXTI_MODE(pExtiConfig->Mode));
 161:Drivers/STM32G4xx_HAL_Driver/Src/stm32g4xx_hal_exti.c **** 
 162:Drivers/STM32G4xx_HAL_Driver/Src/stm32g4xx_hal_exti.c ****   /* Assign line number to handle */
 163:Drivers/STM32G4xx_HAL_Driver/Src/stm32g4xx_hal_exti.c ****   hexti->Line = pExtiConfig->Line;
  47              		.loc 1 163 0 is_stmt 1
  48 000a 0A68     		ldr	r2, [r1]
  49 000c 0260     		str	r2, [r0]
  50              	.LVL1:
 164:Drivers/STM32G4xx_HAL_Driver/Src/stm32g4xx_hal_exti.c **** 
 165:Drivers/STM32G4xx_HAL_Driver/Src/stm32g4xx_hal_exti.c ****   /* Compute line register offset */
 166:Drivers/STM32G4xx_HAL_Driver/Src/stm32g4xx_hal_exti.c ****   offset = ((pExtiConfig->Line & EXTI_REG_MASK) >> EXTI_REG_SHIFT);
 167:Drivers/STM32G4xx_HAL_Driver/Src/stm32g4xx_hal_exti.c ****   /* Compute line position */
 168:Drivers/STM32G4xx_HAL_Driver/Src/stm32g4xx_hal_exti.c ****   linepos = (pExtiConfig->Line & EXTI_PIN_MASK);
  51              		.loc 1 168 0
  52 000e 02F01F04 		and	r4, r2, #31
  53              	.LVL2:
 169:Drivers/STM32G4xx_HAL_Driver/Src/stm32g4xx_hal_exti.c ****   /* Compute line mask */
 170:Drivers/STM32G4xx_HAL_Driver/Src/stm32g4xx_hal_exti.c ****   maskline = (1uL << linepos);
  54              		.loc 1 170 0
  55 0012 0123     		movs	r3, #1
 166:Drivers/STM32G4xx_HAL_Driver/Src/stm32g4xx_hal_exti.c ****   /* Compute line position */
  56              		.loc 1 166 0
  57 0014 C2F30040 		ubfx	r0, r2, #16, #1
  58              	.LVL3:
ARM GAS  C:\Users\82057\AppData\Local\Temp\cc3Yoa6X.s 			page 5


 171:Drivers/STM32G4xx_HAL_Driver/Src/stm32g4xx_hal_exti.c **** 
 172:Drivers/STM32G4xx_HAL_Driver/Src/stm32g4xx_hal_exti.c ****   /* Configure triggers for configurable lines */
 173:Drivers/STM32G4xx_HAL_Driver/Src/stm32g4xx_hal_exti.c ****   if ((pExtiConfig->Line & EXTI_CONFIG) != 0x00u)
  59              		.loc 1 173 0
  60 0018 9501     		lsls	r5, r2, #6
 170:Drivers/STM32G4xx_HAL_Driver/Src/stm32g4xx_hal_exti.c **** 
  61              		.loc 1 170 0
  62 001a 03FA04F3 		lsl	r3, r3, r4
  63              	.LVL4:
  64 001e 4FEA4010 		lsl	r0, r0, #5
  65              		.loc 1 173 0
  66 0022 28D5     		bpl	.L4
 174:Drivers/STM32G4xx_HAL_Driver/Src/stm32g4xx_hal_exti.c ****   {
 175:Drivers/STM32G4xx_HAL_Driver/Src/stm32g4xx_hal_exti.c ****     assert_param(IS_EXTI_TRIGGER(pExtiConfig->Trigger));
 176:Drivers/STM32G4xx_HAL_Driver/Src/stm32g4xx_hal_exti.c **** 
 177:Drivers/STM32G4xx_HAL_Driver/Src/stm32g4xx_hal_exti.c ****     /* Configure rising trigger */
 178:Drivers/STM32G4xx_HAL_Driver/Src/stm32g4xx_hal_exti.c ****     regaddr = (&EXTI->RTSR1 + (EXTI_CONFIG_OFFSET * offset));
  67              		.loc 1 178 0
  68 0024 204E     		ldr	r6, .L16
  69              	.LVL5:
 179:Drivers/STM32G4xx_HAL_Driver/Src/stm32g4xx_hal_exti.c ****     regval = *regaddr;
 180:Drivers/STM32G4xx_HAL_Driver/Src/stm32g4xx_hal_exti.c **** 
 181:Drivers/STM32G4xx_HAL_Driver/Src/stm32g4xx_hal_exti.c ****     /* Mask or set line */
 182:Drivers/STM32G4xx_HAL_Driver/Src/stm32g4xx_hal_exti.c ****     if ((pExtiConfig->Trigger & EXTI_TRIGGER_RISING) != 0x00u)
  70              		.loc 1 182 0
  71 0026 8F68     		ldr	r7, [r1, #8]
 179:Drivers/STM32G4xx_HAL_Driver/Src/stm32g4xx_hal_exti.c ****     regval = *regaddr;
  72              		.loc 1 179 0
  73 0028 8559     		ldr	r5, [r0, r6]
  74              	.LVL6:
  75              		.loc 1 182 0
  76 002a FF07     		lsls	r7, r7, #31
 183:Drivers/STM32G4xx_HAL_Driver/Src/stm32g4xx_hal_exti.c ****     {
 184:Drivers/STM32G4xx_HAL_Driver/Src/stm32g4xx_hal_exti.c ****       regval |= maskline;
  77              		.loc 1 184 0
  78 002c 4CBF     		ite	mi
  79 002e 1D43     		orrmi	r5, r5, r3
  80              	.LVL7:
 185:Drivers/STM32G4xx_HAL_Driver/Src/stm32g4xx_hal_exti.c ****     }
 186:Drivers/STM32G4xx_HAL_Driver/Src/stm32g4xx_hal_exti.c ****     else
 187:Drivers/STM32G4xx_HAL_Driver/Src/stm32g4xx_hal_exti.c ****     {
 188:Drivers/STM32G4xx_HAL_Driver/Src/stm32g4xx_hal_exti.c ****       regval &= ~maskline;
  81              		.loc 1 188 0
  82 0030 9D43     		bicpl	r5, r5, r3
  83              	.LVL8:
 189:Drivers/STM32G4xx_HAL_Driver/Src/stm32g4xx_hal_exti.c ****     }
 190:Drivers/STM32G4xx_HAL_Driver/Src/stm32g4xx_hal_exti.c **** 
 191:Drivers/STM32G4xx_HAL_Driver/Src/stm32g4xx_hal_exti.c ****     /* Store rising trigger mode */
 192:Drivers/STM32G4xx_HAL_Driver/Src/stm32g4xx_hal_exti.c ****     *regaddr = regval;
  84              		.loc 1 192 0
  85 0032 8551     		str	r5, [r0, r6]
 193:Drivers/STM32G4xx_HAL_Driver/Src/stm32g4xx_hal_exti.c **** 
 194:Drivers/STM32G4xx_HAL_Driver/Src/stm32g4xx_hal_exti.c ****     /* Configure falling trigger */
 195:Drivers/STM32G4xx_HAL_Driver/Src/stm32g4xx_hal_exti.c ****     regaddr = (&EXTI->FTSR1 + (EXTI_CONFIG_OFFSET * offset));
  86              		.loc 1 195 0
  87 0034 1D4E     		ldr	r6, .L16+4
  88              	.LVL9:
ARM GAS  C:\Users\82057\AppData\Local\Temp\cc3Yoa6X.s 			page 6


 196:Drivers/STM32G4xx_HAL_Driver/Src/stm32g4xx_hal_exti.c ****     regval = *regaddr;
 197:Drivers/STM32G4xx_HAL_Driver/Src/stm32g4xx_hal_exti.c **** 
 198:Drivers/STM32G4xx_HAL_Driver/Src/stm32g4xx_hal_exti.c ****     /* Mask or set line */
 199:Drivers/STM32G4xx_HAL_Driver/Src/stm32g4xx_hal_exti.c ****     if ((pExtiConfig->Trigger & EXTI_TRIGGER_FALLING) != 0x00u)
  89              		.loc 1 199 0
  90 0036 8F68     		ldr	r7, [r1, #8]
 196:Drivers/STM32G4xx_HAL_Driver/Src/stm32g4xx_hal_exti.c ****     regval = *regaddr;
  91              		.loc 1 196 0
  92 0038 8559     		ldr	r5, [r0, r6]
  93              	.LVL10:
  94              		.loc 1 199 0
  95 003a BF07     		lsls	r7, r7, #30
 200:Drivers/STM32G4xx_HAL_Driver/Src/stm32g4xx_hal_exti.c ****     {
 201:Drivers/STM32G4xx_HAL_Driver/Src/stm32g4xx_hal_exti.c ****       regval |= maskline;
  96              		.loc 1 201 0
  97 003c 4CBF     		ite	mi
  98 003e 1D43     		orrmi	r5, r5, r3
  99              	.LVL11:
 202:Drivers/STM32G4xx_HAL_Driver/Src/stm32g4xx_hal_exti.c ****     }
 203:Drivers/STM32G4xx_HAL_Driver/Src/stm32g4xx_hal_exti.c ****     else
 204:Drivers/STM32G4xx_HAL_Driver/Src/stm32g4xx_hal_exti.c ****     {
 205:Drivers/STM32G4xx_HAL_Driver/Src/stm32g4xx_hal_exti.c ****       regval &= ~maskline;
 100              		.loc 1 205 0
 101 0040 9D43     		bicpl	r5, r5, r3
 102              	.LVL12:
 206:Drivers/STM32G4xx_HAL_Driver/Src/stm32g4xx_hal_exti.c ****     }
 207:Drivers/STM32G4xx_HAL_Driver/Src/stm32g4xx_hal_exti.c **** 
 208:Drivers/STM32G4xx_HAL_Driver/Src/stm32g4xx_hal_exti.c ****     /* Store falling trigger mode */
 209:Drivers/STM32G4xx_HAL_Driver/Src/stm32g4xx_hal_exti.c ****     *regaddr = regval;
 103              		.loc 1 209 0
 104 0042 8551     		str	r5, [r0, r6]
 210:Drivers/STM32G4xx_HAL_Driver/Src/stm32g4xx_hal_exti.c **** 
 211:Drivers/STM32G4xx_HAL_Driver/Src/stm32g4xx_hal_exti.c ****     /* Configure gpio port selection in case of gpio exti line */
 212:Drivers/STM32G4xx_HAL_Driver/Src/stm32g4xx_hal_exti.c ****     if ((pExtiConfig->Line & EXTI_GPIO) == EXTI_GPIO)
 105              		.loc 1 212 0
 106 0044 0D68     		ldr	r5, [r1]
 107              	.LVL13:
 108 0046 05F0C065 		and	r5, r5, #100663296
 109 004a B5F1C06F 		cmp	r5, #100663296
 110 004e 12D1     		bne	.L4
 111 0050 04F01C04 		and	r4, r4, #28
 112              	.LVL14:
 113 0054 04F18044 		add	r4, r4, #1073741824
 114 0058 04F58034 		add	r4, r4, #65536
 213:Drivers/STM32G4xx_HAL_Driver/Src/stm32g4xx_hal_exti.c ****     {
 214:Drivers/STM32G4xx_HAL_Driver/Src/stm32g4xx_hal_exti.c ****       assert_param(IS_EXTI_GPIO_PORT(pExtiConfig->GPIOSel));
 215:Drivers/STM32G4xx_HAL_Driver/Src/stm32g4xx_hal_exti.c ****       assert_param(IS_EXTI_GPIO_PIN(linepos));
 216:Drivers/STM32G4xx_HAL_Driver/Src/stm32g4xx_hal_exti.c **** 
 217:Drivers/STM32G4xx_HAL_Driver/Src/stm32g4xx_hal_exti.c ****       regval = SYSCFG->EXTICR[linepos >> 2u];
 218:Drivers/STM32G4xx_HAL_Driver/Src/stm32g4xx_hal_exti.c ****       regval &= ~(SYSCFG_EXTICR1_EXTI0 << (SYSCFG_EXTICR1_EXTI1_Pos * (linepos & 0x03u)));
 115              		.loc 1 218 0
 116 005c 02F00302 		and	r2, r2, #3
 117              	.LVL15:
 217:Drivers/STM32G4xx_HAL_Driver/Src/stm32g4xx_hal_exti.c ****       regval &= ~(SYSCFG_EXTICR1_EXTI0 << (SYSCFG_EXTICR1_EXTI1_Pos * (linepos & 0x03u)));
 118              		.loc 1 217 0
 119 0060 A668     		ldr	r6, [r4, #8]
 120              	.LVL16:
ARM GAS  C:\Users\82057\AppData\Local\Temp\cc3Yoa6X.s 			page 7


 121              		.loc 1 218 0
 122 0062 9200     		lsls	r2, r2, #2
 123 0064 0725     		movs	r5, #7
 124 0066 9540     		lsls	r5, r5, r2
 125 0068 26EA0506 		bic	r6, r6, r5
 126              	.LVL17:
 219:Drivers/STM32G4xx_HAL_Driver/Src/stm32g4xx_hal_exti.c ****       regval |= (pExtiConfig->GPIOSel << (SYSCFG_EXTICR1_EXTI1_Pos * (linepos & 0x03u)));
 127              		.loc 1 219 0
 128 006c CD68     		ldr	r5, [r1, #12]
 129 006e 05FA02F2 		lsl	r2, r5, r2
 130 0072 3243     		orrs	r2, r2, r6
 131              	.LVL18:
 220:Drivers/STM32G4xx_HAL_Driver/Src/stm32g4xx_hal_exti.c ****       SYSCFG->EXTICR[linepos >> 2u] = regval;
 132              		.loc 1 220 0
 133 0074 A260     		str	r2, [r4, #8]
 134              	.LVL19:
 135              	.L4:
 221:Drivers/STM32G4xx_HAL_Driver/Src/stm32g4xx_hal_exti.c ****     }
 222:Drivers/STM32G4xx_HAL_Driver/Src/stm32g4xx_hal_exti.c ****   }
 223:Drivers/STM32G4xx_HAL_Driver/Src/stm32g4xx_hal_exti.c **** 
 224:Drivers/STM32G4xx_HAL_Driver/Src/stm32g4xx_hal_exti.c ****   /* Configure interrupt mode : read current mode */
 225:Drivers/STM32G4xx_HAL_Driver/Src/stm32g4xx_hal_exti.c ****   regaddr = (&EXTI->IMR1 + (EXTI_MODE_OFFSET * offset));
 136              		.loc 1 225 0
 137 0076 00F18044 		add	r4, r0, #1073741824
 138 007a 04F58234 		add	r4, r4, #66560
 139              	.LVL20:
 226:Drivers/STM32G4xx_HAL_Driver/Src/stm32g4xx_hal_exti.c ****   regval = *regaddr;
 227:Drivers/STM32G4xx_HAL_Driver/Src/stm32g4xx_hal_exti.c **** 
 228:Drivers/STM32G4xx_HAL_Driver/Src/stm32g4xx_hal_exti.c ****   /* Mask or set line */
 229:Drivers/STM32G4xx_HAL_Driver/Src/stm32g4xx_hal_exti.c ****   if ((pExtiConfig->Mode & EXTI_MODE_INTERRUPT) != 0x00u)
 140              		.loc 1 229 0
 141 007e 4D68     		ldr	r5, [r1, #4]
 226:Drivers/STM32G4xx_HAL_Driver/Src/stm32g4xx_hal_exti.c ****   regval = *regaddr;
 142              		.loc 1 226 0
 143 0080 2268     		ldr	r2, [r4]
 144              	.LVL21:
 145              		.loc 1 229 0
 146 0082 ED07     		lsls	r5, r5, #31
 230:Drivers/STM32G4xx_HAL_Driver/Src/stm32g4xx_hal_exti.c ****   {
 231:Drivers/STM32G4xx_HAL_Driver/Src/stm32g4xx_hal_exti.c ****     regval |= maskline;
 147              		.loc 1 231 0
 148 0084 4CBF     		ite	mi
 149 0086 1A43     		orrmi	r2, r2, r3
 150              	.LVL22:
 232:Drivers/STM32G4xx_HAL_Driver/Src/stm32g4xx_hal_exti.c ****   }
 233:Drivers/STM32G4xx_HAL_Driver/Src/stm32g4xx_hal_exti.c ****   else
 234:Drivers/STM32G4xx_HAL_Driver/Src/stm32g4xx_hal_exti.c ****   {
 235:Drivers/STM32G4xx_HAL_Driver/Src/stm32g4xx_hal_exti.c ****     regval &= ~maskline;
 151              		.loc 1 235 0
 152 0088 9A43     		bicpl	r2, r2, r3
 153              	.LVL23:
 236:Drivers/STM32G4xx_HAL_Driver/Src/stm32g4xx_hal_exti.c ****   }
 237:Drivers/STM32G4xx_HAL_Driver/Src/stm32g4xx_hal_exti.c **** 
 238:Drivers/STM32G4xx_HAL_Driver/Src/stm32g4xx_hal_exti.c ****   /* Store interrupt mode */
 239:Drivers/STM32G4xx_HAL_Driver/Src/stm32g4xx_hal_exti.c ****   *regaddr = regval;
 154              		.loc 1 239 0
 155 008a 2260     		str	r2, [r4]
ARM GAS  C:\Users\82057\AppData\Local\Temp\cc3Yoa6X.s 			page 8


 240:Drivers/STM32G4xx_HAL_Driver/Src/stm32g4xx_hal_exti.c **** 
 241:Drivers/STM32G4xx_HAL_Driver/Src/stm32g4xx_hal_exti.c ****   /* Configure event mode : read current mode */
 242:Drivers/STM32G4xx_HAL_Driver/Src/stm32g4xx_hal_exti.c ****   regaddr = (&EXTI->EMR1 + (EXTI_MODE_OFFSET * offset));
 156              		.loc 1 242 0
 157 008c 084C     		ldr	r4, .L16+8
 158              	.LVL24:
 243:Drivers/STM32G4xx_HAL_Driver/Src/stm32g4xx_hal_exti.c ****   regval = *regaddr;
 244:Drivers/STM32G4xx_HAL_Driver/Src/stm32g4xx_hal_exti.c **** 
 245:Drivers/STM32G4xx_HAL_Driver/Src/stm32g4xx_hal_exti.c ****   /* Mask or set line */
 246:Drivers/STM32G4xx_HAL_Driver/Src/stm32g4xx_hal_exti.c ****   if ((pExtiConfig->Mode & EXTI_MODE_EVENT) != 0x00u)
 159              		.loc 1 246 0
 160 008e 4968     		ldr	r1, [r1, #4]
 161              	.LVL25:
 243:Drivers/STM32G4xx_HAL_Driver/Src/stm32g4xx_hal_exti.c ****   regval = *regaddr;
 162              		.loc 1 243 0
 163 0090 0259     		ldr	r2, [r0, r4]
 164              	.LVL26:
 165              		.loc 1 246 0
 166 0092 8907     		lsls	r1, r1, #30
 247:Drivers/STM32G4xx_HAL_Driver/Src/stm32g4xx_hal_exti.c ****   {
 248:Drivers/STM32G4xx_HAL_Driver/Src/stm32g4xx_hal_exti.c ****     regval |= maskline;
 167              		.loc 1 248 0
 168 0094 4CBF     		ite	mi
 169 0096 1343     		orrmi	r3, r3, r2
 170              	.LVL27:
 249:Drivers/STM32G4xx_HAL_Driver/Src/stm32g4xx_hal_exti.c ****   }
 250:Drivers/STM32G4xx_HAL_Driver/Src/stm32g4xx_hal_exti.c ****   else
 251:Drivers/STM32G4xx_HAL_Driver/Src/stm32g4xx_hal_exti.c ****   {
 252:Drivers/STM32G4xx_HAL_Driver/Src/stm32g4xx_hal_exti.c ****     regval &= ~maskline;
 171              		.loc 1 252 0
 172 0098 22EA0303 		bicpl	r3, r2, r3
 173              	.LVL28:
 253:Drivers/STM32G4xx_HAL_Driver/Src/stm32g4xx_hal_exti.c ****   }
 254:Drivers/STM32G4xx_HAL_Driver/Src/stm32g4xx_hal_exti.c **** 
 255:Drivers/STM32G4xx_HAL_Driver/Src/stm32g4xx_hal_exti.c ****   /* Store event mode */
 256:Drivers/STM32G4xx_HAL_Driver/Src/stm32g4xx_hal_exti.c ****   *regaddr = regval;
 174              		.loc 1 256 0
 175 009c 0351     		str	r3, [r0, r4]
 257:Drivers/STM32G4xx_HAL_Driver/Src/stm32g4xx_hal_exti.c **** 
 258:Drivers/STM32G4xx_HAL_Driver/Src/stm32g4xx_hal_exti.c ****   return HAL_OK;
 176              		.loc 1 258 0
 177 009e 0020     		movs	r0, #0
 178              	.LVL29:
 179              	.L2:
 259:Drivers/STM32G4xx_HAL_Driver/Src/stm32g4xx_hal_exti.c **** }
 180              		.loc 1 259 0
 181 00a0 F0BD     		pop	{r4, r5, r6, r7, pc}
 182              	.LVL30:
 183              	.L15:
 155:Drivers/STM32G4xx_HAL_Driver/Src/stm32g4xx_hal_exti.c ****   }
 184              		.loc 1 155 0
 185 00a2 0120     		movs	r0, #1
 186              	.LVL31:
 187 00a4 FCE7     		b	.L2
 188              	.L17:
 189 00a6 00BF     		.align	2
 190              	.L16:
ARM GAS  C:\Users\82057\AppData\Local\Temp\cc3Yoa6X.s 			page 9


 191 00a8 08040140 		.word	1073808392
 192 00ac 0C040140 		.word	1073808396
 193 00b0 04040140 		.word	1073808388
 194              		.cfi_endproc
 195              	.LFE329:
 197              		.section	.text.HAL_EXTI_GetConfigLine,"ax",%progbits
 198              		.align	1
 199              		.global	HAL_EXTI_GetConfigLine
 200              		.syntax unified
 201              		.thumb
 202              		.thumb_func
 203              		.fpu fpv4-sp-d16
 205              	HAL_EXTI_GetConfigLine:
 206              	.LFB330:
 260:Drivers/STM32G4xx_HAL_Driver/Src/stm32g4xx_hal_exti.c **** 
 261:Drivers/STM32G4xx_HAL_Driver/Src/stm32g4xx_hal_exti.c **** 
 262:Drivers/STM32G4xx_HAL_Driver/Src/stm32g4xx_hal_exti.c **** /**
 263:Drivers/STM32G4xx_HAL_Driver/Src/stm32g4xx_hal_exti.c ****   * @brief  Get configuration of a dedicated Exti line.
 264:Drivers/STM32G4xx_HAL_Driver/Src/stm32g4xx_hal_exti.c ****   * @param  hexti Exti handle.
 265:Drivers/STM32G4xx_HAL_Driver/Src/stm32g4xx_hal_exti.c ****   * @param  pExtiConfig Pointer on structure to store Exti configuration.
 266:Drivers/STM32G4xx_HAL_Driver/Src/stm32g4xx_hal_exti.c ****   * @retval HAL Status.
 267:Drivers/STM32G4xx_HAL_Driver/Src/stm32g4xx_hal_exti.c ****   */
 268:Drivers/STM32G4xx_HAL_Driver/Src/stm32g4xx_hal_exti.c **** HAL_StatusTypeDef HAL_EXTI_GetConfigLine(EXTI_HandleTypeDef *hexti, EXTI_ConfigTypeDef *pExtiConfig
 269:Drivers/STM32G4xx_HAL_Driver/Src/stm32g4xx_hal_exti.c **** {
 207              		.loc 1 269 0
 208              		.cfi_startproc
 209              		@ args = 0, pretend = 0, frame = 0
 210              		@ frame_needed = 0, uses_anonymous_args = 0
 211              	.LVL32:
 212 0000 F0B5     		push	{r4, r5, r6, r7, lr}
 213              	.LCFI1:
 214              		.cfi_def_cfa_offset 20
 215              		.cfi_offset 4, -20
 216              		.cfi_offset 5, -16
 217              		.cfi_offset 6, -12
 218              		.cfi_offset 7, -8
 219              		.cfi_offset 14, -4
 270:Drivers/STM32G4xx_HAL_Driver/Src/stm32g4xx_hal_exti.c ****   __IO uint32_t *regaddr;
 271:Drivers/STM32G4xx_HAL_Driver/Src/stm32g4xx_hal_exti.c ****   uint32_t regval;
 272:Drivers/STM32G4xx_HAL_Driver/Src/stm32g4xx_hal_exti.c ****   uint32_t linepos;
 273:Drivers/STM32G4xx_HAL_Driver/Src/stm32g4xx_hal_exti.c ****   uint32_t maskline;
 274:Drivers/STM32G4xx_HAL_Driver/Src/stm32g4xx_hal_exti.c ****   uint32_t offset;
 275:Drivers/STM32G4xx_HAL_Driver/Src/stm32g4xx_hal_exti.c **** 
 276:Drivers/STM32G4xx_HAL_Driver/Src/stm32g4xx_hal_exti.c ****   /* Check null pointer */
 277:Drivers/STM32G4xx_HAL_Driver/Src/stm32g4xx_hal_exti.c ****   if ((hexti == NULL) || (pExtiConfig == NULL))
 220              		.loc 1 277 0
 221 0002 0028     		cmp	r0, #0
 222 0004 43D0     		beq	.L28
 223              		.loc 1 277 0 is_stmt 0 discriminator 1
 224 0006 0029     		cmp	r1, #0
 225 0008 41D0     		beq	.L28
 278:Drivers/STM32G4xx_HAL_Driver/Src/stm32g4xx_hal_exti.c ****   {
 279:Drivers/STM32G4xx_HAL_Driver/Src/stm32g4xx_hal_exti.c ****     return HAL_ERROR;
 280:Drivers/STM32G4xx_HAL_Driver/Src/stm32g4xx_hal_exti.c ****   }
 281:Drivers/STM32G4xx_HAL_Driver/Src/stm32g4xx_hal_exti.c **** 
 282:Drivers/STM32G4xx_HAL_Driver/Src/stm32g4xx_hal_exti.c ****   /* Check the parameter */
 283:Drivers/STM32G4xx_HAL_Driver/Src/stm32g4xx_hal_exti.c ****   assert_param(IS_EXTI_LINE(hexti->Line));
ARM GAS  C:\Users\82057\AppData\Local\Temp\cc3Yoa6X.s 			page 10


 284:Drivers/STM32G4xx_HAL_Driver/Src/stm32g4xx_hal_exti.c **** 
 285:Drivers/STM32G4xx_HAL_Driver/Src/stm32g4xx_hal_exti.c ****   /* Store handle line number to configuration structure */
 286:Drivers/STM32G4xx_HAL_Driver/Src/stm32g4xx_hal_exti.c ****   pExtiConfig->Line = hexti->Line;
 226              		.loc 1 286 0 is_stmt 1
 227 000a 0368     		ldr	r3, [r0]
 228 000c 0B60     		str	r3, [r1]
 229              	.LVL33:
 287:Drivers/STM32G4xx_HAL_Driver/Src/stm32g4xx_hal_exti.c **** 
 288:Drivers/STM32G4xx_HAL_Driver/Src/stm32g4xx_hal_exti.c ****   /* Compute line register offset and line mask */
 289:Drivers/STM32G4xx_HAL_Driver/Src/stm32g4xx_hal_exti.c ****   offset = ((pExtiConfig->Line & EXTI_REG_MASK) >> EXTI_REG_SHIFT);
 230              		.loc 1 289 0
 231 000e C3F30044 		ubfx	r4, r3, #16, #1
 290:Drivers/STM32G4xx_HAL_Driver/Src/stm32g4xx_hal_exti.c ****   /* Compute line position */
 291:Drivers/STM32G4xx_HAL_Driver/Src/stm32g4xx_hal_exti.c ****   linepos = (pExtiConfig->Line & EXTI_PIN_MASK);
 292:Drivers/STM32G4xx_HAL_Driver/Src/stm32g4xx_hal_exti.c ****   /* Compute mask */
 293:Drivers/STM32G4xx_HAL_Driver/Src/stm32g4xx_hal_exti.c ****   maskline = (1uL << linepos);
 294:Drivers/STM32G4xx_HAL_Driver/Src/stm32g4xx_hal_exti.c **** 
 295:Drivers/STM32G4xx_HAL_Driver/Src/stm32g4xx_hal_exti.c ****   /* 1] Get core mode : interrupt */
 296:Drivers/STM32G4xx_HAL_Driver/Src/stm32g4xx_hal_exti.c ****   regaddr = (&EXTI->IMR1 + (EXTI_MODE_OFFSET * offset));
 232              		.loc 1 296 0
 233 0012 6401     		lsls	r4, r4, #5
 234 0014 04F18046 		add	r6, r4, #1073741824
 235 0018 06F58236 		add	r6, r6, #66560
 293:Drivers/STM32G4xx_HAL_Driver/Src/stm32g4xx_hal_exti.c **** 
 236              		.loc 1 293 0
 237 001c 0127     		movs	r7, #1
 297:Drivers/STM32G4xx_HAL_Driver/Src/stm32g4xx_hal_exti.c ****   regval = *regaddr;
 238              		.loc 1 297 0
 239 001e 3268     		ldr	r2, [r6]
 298:Drivers/STM32G4xx_HAL_Driver/Src/stm32g4xx_hal_exti.c **** 
 299:Drivers/STM32G4xx_HAL_Driver/Src/stm32g4xx_hal_exti.c ****   /* Check if selected line is enable */
 300:Drivers/STM32G4xx_HAL_Driver/Src/stm32g4xx_hal_exti.c ****   if ((regval & maskline) != 0x00u)
 301:Drivers/STM32G4xx_HAL_Driver/Src/stm32g4xx_hal_exti.c ****   {
 302:Drivers/STM32G4xx_HAL_Driver/Src/stm32g4xx_hal_exti.c ****     pExtiConfig->Mode = EXTI_MODE_INTERRUPT;
 303:Drivers/STM32G4xx_HAL_Driver/Src/stm32g4xx_hal_exti.c ****   }
 304:Drivers/STM32G4xx_HAL_Driver/Src/stm32g4xx_hal_exti.c ****   else
 305:Drivers/STM32G4xx_HAL_Driver/Src/stm32g4xx_hal_exti.c ****   {
 306:Drivers/STM32G4xx_HAL_Driver/Src/stm32g4xx_hal_exti.c ****     pExtiConfig->Mode = EXTI_MODE_NONE;
 307:Drivers/STM32G4xx_HAL_Driver/Src/stm32g4xx_hal_exti.c ****   }
 308:Drivers/STM32G4xx_HAL_Driver/Src/stm32g4xx_hal_exti.c **** 
 309:Drivers/STM32G4xx_HAL_Driver/Src/stm32g4xx_hal_exti.c ****   /* Get event mode */
 310:Drivers/STM32G4xx_HAL_Driver/Src/stm32g4xx_hal_exti.c ****   regaddr = (&EXTI->EMR1 + (EXTI_MODE_OFFSET * offset));
 240              		.loc 1 310 0
 241 0020 1C4E     		ldr	r6, .L39
 291:Drivers/STM32G4xx_HAL_Driver/Src/stm32g4xx_hal_exti.c ****   /* Compute mask */
 242              		.loc 1 291 0
 243 0022 03F01F00 		and	r0, r3, #31
 244              	.LVL34:
 293:Drivers/STM32G4xx_HAL_Driver/Src/stm32g4xx_hal_exti.c **** 
 245              		.loc 1 293 0
 246 0026 07FA00F5 		lsl	r5, r7, r0
 247              	.LVL35:
 302:Drivers/STM32G4xx_HAL_Driver/Src/stm32g4xx_hal_exti.c ****   }
 248              		.loc 1 302 0
 249 002a 2A40     		ands	r2, r5, r2
 250              	.LVL36:
 251 002c 18BF     		it	ne
ARM GAS  C:\Users\82057\AppData\Local\Temp\cc3Yoa6X.s 			page 11


 252 002e 3A46     		movne	r2, r7
 253 0030 4A60     		str	r2, [r1, #4]
 311:Drivers/STM32G4xx_HAL_Driver/Src/stm32g4xx_hal_exti.c ****   regval = *regaddr;
 254              		.loc 1 311 0
 255 0032 A659     		ldr	r6, [r4, r6]
 256              	.LVL37:
 312:Drivers/STM32G4xx_HAL_Driver/Src/stm32g4xx_hal_exti.c **** 
 313:Drivers/STM32G4xx_HAL_Driver/Src/stm32g4xx_hal_exti.c ****   /* Check if selected line is enable */
 314:Drivers/STM32G4xx_HAL_Driver/Src/stm32g4xx_hal_exti.c ****   if ((regval & maskline) != 0x00u)
 257              		.loc 1 314 0
 258 0034 3542     		tst	r5, r6
 315:Drivers/STM32G4xx_HAL_Driver/Src/stm32g4xx_hal_exti.c ****   {
 316:Drivers/STM32G4xx_HAL_Driver/Src/stm32g4xx_hal_exti.c ****     pExtiConfig->Mode |= EXTI_MODE_EVENT;
 259              		.loc 1 316 0
 260 0036 1CBF     		itt	ne
 261 0038 42F00202 		orrne	r2, r2, #2
 262 003c 4A60     		strne	r2, [r1, #4]
 317:Drivers/STM32G4xx_HAL_Driver/Src/stm32g4xx_hal_exti.c ****   }
 318:Drivers/STM32G4xx_HAL_Driver/Src/stm32g4xx_hal_exti.c **** 
 319:Drivers/STM32G4xx_HAL_Driver/Src/stm32g4xx_hal_exti.c ****   /* Get default Trigger and GPIOSel configuration */
 320:Drivers/STM32G4xx_HAL_Driver/Src/stm32g4xx_hal_exti.c ****   pExtiConfig->Trigger = EXTI_TRIGGER_NONE;
 263              		.loc 1 320 0
 264 003e 0022     		movs	r2, #0
 321:Drivers/STM32G4xx_HAL_Driver/Src/stm32g4xx_hal_exti.c ****   pExtiConfig->GPIOSel = 0x00u;
 265              		.loc 1 321 0
 266 0040 C1E90222 		strd	r2, r2, [r1, #8]
 322:Drivers/STM32G4xx_HAL_Driver/Src/stm32g4xx_hal_exti.c **** 
 323:Drivers/STM32G4xx_HAL_Driver/Src/stm32g4xx_hal_exti.c ****   /* 2] Get trigger for configurable lines : rising */
 324:Drivers/STM32G4xx_HAL_Driver/Src/stm32g4xx_hal_exti.c ****   if ((pExtiConfig->Line & EXTI_CONFIG) != 0x00u)
 267              		.loc 1 324 0
 268 0044 9A01     		lsls	r2, r3, #6
 269 0046 01D4     		bmi	.L23
 270              	.LVL38:
 271              	.L38:
 325:Drivers/STM32G4xx_HAL_Driver/Src/stm32g4xx_hal_exti.c ****   {
 326:Drivers/STM32G4xx_HAL_Driver/Src/stm32g4xx_hal_exti.c ****     regaddr = (&EXTI->RTSR1 + (EXTI_CONFIG_OFFSET * offset));
 327:Drivers/STM32G4xx_HAL_Driver/Src/stm32g4xx_hal_exti.c ****     regval = *regaddr;
 328:Drivers/STM32G4xx_HAL_Driver/Src/stm32g4xx_hal_exti.c **** 
 329:Drivers/STM32G4xx_HAL_Driver/Src/stm32g4xx_hal_exti.c ****     /* Check if configuration of selected line is enable */
 330:Drivers/STM32G4xx_HAL_Driver/Src/stm32g4xx_hal_exti.c ****     if ((regval & maskline) != 0x00u)
 331:Drivers/STM32G4xx_HAL_Driver/Src/stm32g4xx_hal_exti.c ****     {
 332:Drivers/STM32G4xx_HAL_Driver/Src/stm32g4xx_hal_exti.c ****       pExtiConfig->Trigger = EXTI_TRIGGER_RISING;
 333:Drivers/STM32G4xx_HAL_Driver/Src/stm32g4xx_hal_exti.c ****     }
 334:Drivers/STM32G4xx_HAL_Driver/Src/stm32g4xx_hal_exti.c **** 
 335:Drivers/STM32G4xx_HAL_Driver/Src/stm32g4xx_hal_exti.c ****     /* Get falling configuration */
 336:Drivers/STM32G4xx_HAL_Driver/Src/stm32g4xx_hal_exti.c ****     regaddr = (&EXTI->FTSR1 + (EXTI_CONFIG_OFFSET * offset));
 337:Drivers/STM32G4xx_HAL_Driver/Src/stm32g4xx_hal_exti.c ****     regval = *regaddr;
 338:Drivers/STM32G4xx_HAL_Driver/Src/stm32g4xx_hal_exti.c **** 
 339:Drivers/STM32G4xx_HAL_Driver/Src/stm32g4xx_hal_exti.c ****     /* Check if configuration of selected line is enable */
 340:Drivers/STM32G4xx_HAL_Driver/Src/stm32g4xx_hal_exti.c ****     if ((regval & maskline) != 0x00u)
 341:Drivers/STM32G4xx_HAL_Driver/Src/stm32g4xx_hal_exti.c ****     {
 342:Drivers/STM32G4xx_HAL_Driver/Src/stm32g4xx_hal_exti.c ****       pExtiConfig->Trigger |= EXTI_TRIGGER_FALLING;
 343:Drivers/STM32G4xx_HAL_Driver/Src/stm32g4xx_hal_exti.c ****     }
 344:Drivers/STM32G4xx_HAL_Driver/Src/stm32g4xx_hal_exti.c **** 
 345:Drivers/STM32G4xx_HAL_Driver/Src/stm32g4xx_hal_exti.c ****     /* Get Gpio port selection for gpio lines */
 346:Drivers/STM32G4xx_HAL_Driver/Src/stm32g4xx_hal_exti.c ****     if ((pExtiConfig->Line & EXTI_GPIO) == EXTI_GPIO)
 347:Drivers/STM32G4xx_HAL_Driver/Src/stm32g4xx_hal_exti.c ****     {
ARM GAS  C:\Users\82057\AppData\Local\Temp\cc3Yoa6X.s 			page 12


 348:Drivers/STM32G4xx_HAL_Driver/Src/stm32g4xx_hal_exti.c ****       assert_param(IS_EXTI_GPIO_PIN(linepos));
 349:Drivers/STM32G4xx_HAL_Driver/Src/stm32g4xx_hal_exti.c **** 
 350:Drivers/STM32G4xx_HAL_Driver/Src/stm32g4xx_hal_exti.c ****       regval = SYSCFG->EXTICR[linepos >> 2u];
 351:Drivers/STM32G4xx_HAL_Driver/Src/stm32g4xx_hal_exti.c ****       pExtiConfig->GPIOSel = (regval >> (SYSCFG_EXTICR1_EXTI1_Pos * (linepos & 0x03u))) & SYSCFG_EX
 352:Drivers/STM32G4xx_HAL_Driver/Src/stm32g4xx_hal_exti.c ****     }
 353:Drivers/STM32G4xx_HAL_Driver/Src/stm32g4xx_hal_exti.c ****   }
 354:Drivers/STM32G4xx_HAL_Driver/Src/stm32g4xx_hal_exti.c **** 
 355:Drivers/STM32G4xx_HAL_Driver/Src/stm32g4xx_hal_exti.c ****   return HAL_OK;
 272              		.loc 1 355 0
 273 0048 0020     		movs	r0, #0
 274              	.LVL39:
 275              	.L19:
 356:Drivers/STM32G4xx_HAL_Driver/Src/stm32g4xx_hal_exti.c **** }
 276              		.loc 1 356 0
 277 004a F0BD     		pop	{r4, r5, r6, r7, pc}
 278              	.LVL40:
 279              	.L23:
 326:Drivers/STM32G4xx_HAL_Driver/Src/stm32g4xx_hal_exti.c ****     regval = *regaddr;
 280              		.loc 1 326 0
 281 004c 124A     		ldr	r2, .L39+4
 282              	.LVL41:
 327:Drivers/STM32G4xx_HAL_Driver/Src/stm32g4xx_hal_exti.c **** 
 283              		.loc 1 327 0
 284 004e A258     		ldr	r2, [r4, r2]
 285              	.LVL42:
 330:Drivers/STM32G4xx_HAL_Driver/Src/stm32g4xx_hal_exti.c ****     {
 286              		.loc 1 330 0
 287 0050 1542     		tst	r5, r2
 332:Drivers/STM32G4xx_HAL_Driver/Src/stm32g4xx_hal_exti.c ****     }
 288              		.loc 1 332 0
 289 0052 1CBF     		itt	ne
 290 0054 0122     		movne	r2, #1
 291              	.LVL43:
 292 0056 8A60     		strne	r2, [r1, #8]
 336:Drivers/STM32G4xx_HAL_Driver/Src/stm32g4xx_hal_exti.c ****     regval = *regaddr;
 293              		.loc 1 336 0
 294 0058 104A     		ldr	r2, .L39+8
 295              	.LVL44:
 337:Drivers/STM32G4xx_HAL_Driver/Src/stm32g4xx_hal_exti.c **** 
 296              		.loc 1 337 0
 297 005a A258     		ldr	r2, [r4, r2]
 298              	.LVL45:
 340:Drivers/STM32G4xx_HAL_Driver/Src/stm32g4xx_hal_exti.c ****     {
 299              		.loc 1 340 0
 300 005c 1542     		tst	r5, r2
 342:Drivers/STM32G4xx_HAL_Driver/Src/stm32g4xx_hal_exti.c ****     }
 301              		.loc 1 342 0
 302 005e 1EBF     		ittt	ne
 303 0060 8A68     		ldrne	r2, [r1, #8]
 304              	.LVL46:
 305 0062 42F00202 		orrne	r2, r2, #2
 306 0066 8A60     		strne	r2, [r1, #8]
 346:Drivers/STM32G4xx_HAL_Driver/Src/stm32g4xx_hal_exti.c ****     {
 307              		.loc 1 346 0
 308 0068 03F0C062 		and	r2, r3, #100663296
 309 006c B2F1C06F 		cmp	r2, #100663296
 310 0070 EAD1     		bne	.L38
ARM GAS  C:\Users\82057\AppData\Local\Temp\cc3Yoa6X.s 			page 13


 350:Drivers/STM32G4xx_HAL_Driver/Src/stm32g4xx_hal_exti.c ****       pExtiConfig->GPIOSel = (regval >> (SYSCFG_EXTICR1_EXTI1_Pos * (linepos & 0x03u))) & SYSCFG_EX
 311              		.loc 1 350 0
 312 0072 8008     		lsrs	r0, r0, #2
 313              	.LVL47:
 314 0074 0230     		adds	r0, r0, #2
 315 0076 0A4A     		ldr	r2, .L39+12
 351:Drivers/STM32G4xx_HAL_Driver/Src/stm32g4xx_hal_exti.c ****     }
 316              		.loc 1 351 0
 317 0078 03F00303 		and	r3, r3, #3
 318              	.LVL48:
 350:Drivers/STM32G4xx_HAL_Driver/Src/stm32g4xx_hal_exti.c ****       pExtiConfig->GPIOSel = (regval >> (SYSCFG_EXTICR1_EXTI1_Pos * (linepos & 0x03u))) & SYSCFG_EX
 319              		.loc 1 350 0
 320 007c 52F82020 		ldr	r2, [r2, r0, lsl #2]
 321              	.LVL49:
 351:Drivers/STM32G4xx_HAL_Driver/Src/stm32g4xx_hal_exti.c ****     }
 322              		.loc 1 351 0
 323 0080 9B00     		lsls	r3, r3, #2
 324 0082 22FA03F3 		lsr	r3, r2, r3
 325 0086 03F00703 		and	r3, r3, #7
 326 008a CB60     		str	r3, [r1, #12]
 327 008c DCE7     		b	.L38
 328              	.LVL50:
 329              	.L28:
 279:Drivers/STM32G4xx_HAL_Driver/Src/stm32g4xx_hal_exti.c ****   }
 330              		.loc 1 279 0
 331 008e 0120     		movs	r0, #1
 332              	.LVL51:
 333 0090 DBE7     		b	.L19
 334              	.L40:
 335 0092 00BF     		.align	2
 336              	.L39:
 337 0094 04040140 		.word	1073808388
 338 0098 08040140 		.word	1073808392
 339 009c 0C040140 		.word	1073808396
 340 00a0 00000140 		.word	1073807360
 341              		.cfi_endproc
 342              	.LFE330:
 344              		.section	.text.HAL_EXTI_ClearConfigLine,"ax",%progbits
 345              		.align	1
 346              		.global	HAL_EXTI_ClearConfigLine
 347              		.syntax unified
 348              		.thumb
 349              		.thumb_func
 350              		.fpu fpv4-sp-d16
 352              	HAL_EXTI_ClearConfigLine:
 353              	.LFB331:
 357:Drivers/STM32G4xx_HAL_Driver/Src/stm32g4xx_hal_exti.c **** 
 358:Drivers/STM32G4xx_HAL_Driver/Src/stm32g4xx_hal_exti.c **** 
 359:Drivers/STM32G4xx_HAL_Driver/Src/stm32g4xx_hal_exti.c **** /**
 360:Drivers/STM32G4xx_HAL_Driver/Src/stm32g4xx_hal_exti.c ****   * @brief  Clear whole configuration of a dedicated Exti line.
 361:Drivers/STM32G4xx_HAL_Driver/Src/stm32g4xx_hal_exti.c ****   * @param  hexti Exti handle.
 362:Drivers/STM32G4xx_HAL_Driver/Src/stm32g4xx_hal_exti.c ****   * @retval HAL Status.
 363:Drivers/STM32G4xx_HAL_Driver/Src/stm32g4xx_hal_exti.c ****   */
 364:Drivers/STM32G4xx_HAL_Driver/Src/stm32g4xx_hal_exti.c **** HAL_StatusTypeDef HAL_EXTI_ClearConfigLine(EXTI_HandleTypeDef *hexti)
 365:Drivers/STM32G4xx_HAL_Driver/Src/stm32g4xx_hal_exti.c **** {
 354              		.loc 1 365 0
 355              		.cfi_startproc
ARM GAS  C:\Users\82057\AppData\Local\Temp\cc3Yoa6X.s 			page 14


 356              		@ args = 0, pretend = 0, frame = 0
 357              		@ frame_needed = 0, uses_anonymous_args = 0
 358              	.LVL52:
 359 0000 F0B5     		push	{r4, r5, r6, r7, lr}
 360              	.LCFI2:
 361              		.cfi_def_cfa_offset 20
 362              		.cfi_offset 4, -20
 363              		.cfi_offset 5, -16
 364              		.cfi_offset 6, -12
 365              		.cfi_offset 7, -8
 366              		.cfi_offset 14, -4
 366:Drivers/STM32G4xx_HAL_Driver/Src/stm32g4xx_hal_exti.c ****   __IO uint32_t *regaddr;
 367:Drivers/STM32G4xx_HAL_Driver/Src/stm32g4xx_hal_exti.c ****   uint32_t regval;
 368:Drivers/STM32G4xx_HAL_Driver/Src/stm32g4xx_hal_exti.c ****   uint32_t linepos;
 369:Drivers/STM32G4xx_HAL_Driver/Src/stm32g4xx_hal_exti.c ****   uint32_t maskline;
 370:Drivers/STM32G4xx_HAL_Driver/Src/stm32g4xx_hal_exti.c ****   uint32_t offset;
 371:Drivers/STM32G4xx_HAL_Driver/Src/stm32g4xx_hal_exti.c **** 
 372:Drivers/STM32G4xx_HAL_Driver/Src/stm32g4xx_hal_exti.c ****   /* Check null pointer */
 373:Drivers/STM32G4xx_HAL_Driver/Src/stm32g4xx_hal_exti.c ****   if (hexti == NULL)
 367              		.loc 1 373 0
 368 0002 0028     		cmp	r0, #0
 369 0004 38D0     		beq	.L45
 374:Drivers/STM32G4xx_HAL_Driver/Src/stm32g4xx_hal_exti.c ****   {
 375:Drivers/STM32G4xx_HAL_Driver/Src/stm32g4xx_hal_exti.c ****     return HAL_ERROR;
 376:Drivers/STM32G4xx_HAL_Driver/Src/stm32g4xx_hal_exti.c ****   }
 377:Drivers/STM32G4xx_HAL_Driver/Src/stm32g4xx_hal_exti.c **** 
 378:Drivers/STM32G4xx_HAL_Driver/Src/stm32g4xx_hal_exti.c ****   /* Check the parameter */
 379:Drivers/STM32G4xx_HAL_Driver/Src/stm32g4xx_hal_exti.c ****   assert_param(IS_EXTI_LINE(hexti->Line));
 380:Drivers/STM32G4xx_HAL_Driver/Src/stm32g4xx_hal_exti.c **** 
 381:Drivers/STM32G4xx_HAL_Driver/Src/stm32g4xx_hal_exti.c ****   /* compute line register offset and line mask */
 382:Drivers/STM32G4xx_HAL_Driver/Src/stm32g4xx_hal_exti.c ****   offset = ((hexti->Line & EXTI_REG_MASK) >> EXTI_REG_SHIFT);
 370              		.loc 1 382 0
 371 0006 0268     		ldr	r2, [r0]
 372              	.LVL53:
 373 0008 C2F30047 		ubfx	r7, r2, #16, #1
 383:Drivers/STM32G4xx_HAL_Driver/Src/stm32g4xx_hal_exti.c ****   /* compute line position */
 384:Drivers/STM32G4xx_HAL_Driver/Src/stm32g4xx_hal_exti.c ****   linepos = (hexti->Line & EXTI_PIN_MASK);
 385:Drivers/STM32G4xx_HAL_Driver/Src/stm32g4xx_hal_exti.c ****   /* compute line mask */
 386:Drivers/STM32G4xx_HAL_Driver/Src/stm32g4xx_hal_exti.c ****   maskline = (1uL << linepos);
 387:Drivers/STM32G4xx_HAL_Driver/Src/stm32g4xx_hal_exti.c **** 
 388:Drivers/STM32G4xx_HAL_Driver/Src/stm32g4xx_hal_exti.c ****   /* 1] Clear interrupt mode */
 389:Drivers/STM32G4xx_HAL_Driver/Src/stm32g4xx_hal_exti.c ****   regaddr = (&EXTI->IMR1 + (EXTI_MODE_OFFSET * offset));
 374              		.loc 1 389 0
 375 000c 7F01     		lsls	r7, r7, #5
 376 000e 07F18041 		add	r1, r7, #1073741824
 377 0012 01F58231 		add	r1, r1, #66560
 386:Drivers/STM32G4xx_HAL_Driver/Src/stm32g4xx_hal_exti.c **** 
 378              		.loc 1 386 0
 379 0016 0123     		movs	r3, #1
 384:Drivers/STM32G4xx_HAL_Driver/Src/stm32g4xx_hal_exti.c ****   /* compute line mask */
 380              		.loc 1 384 0
 381 0018 02F01F06 		and	r6, r2, #31
 382              	.LVL54:
 390:Drivers/STM32G4xx_HAL_Driver/Src/stm32g4xx_hal_exti.c ****   regval = (*regaddr & ~maskline);
 383              		.loc 1 390 0
 384 001c 0C68     		ldr	r4, [r1]
 386:Drivers/STM32G4xx_HAL_Driver/Src/stm32g4xx_hal_exti.c **** 
ARM GAS  C:\Users\82057\AppData\Local\Temp\cc3Yoa6X.s 			page 15


 385              		.loc 1 386 0
 386 001e 03FA06F5 		lsl	r5, r3, r6
 387              	.LVL55:
 388              		.loc 1 390 0
 389 0022 EB43     		mvns	r3, r5
 390 0024 1C40     		ands	r4, r4, r3
 391              	.LVL56:
 391:Drivers/STM32G4xx_HAL_Driver/Src/stm32g4xx_hal_exti.c ****   *regaddr = regval;
 392              		.loc 1 391 0
 393 0026 0C60     		str	r4, [r1]
 392:Drivers/STM32G4xx_HAL_Driver/Src/stm32g4xx_hal_exti.c **** 
 393:Drivers/STM32G4xx_HAL_Driver/Src/stm32g4xx_hal_exti.c ****   /* 2] Clear event mode */
 394:Drivers/STM32G4xx_HAL_Driver/Src/stm32g4xx_hal_exti.c ****   regaddr = (&EXTI->EMR1 + (EXTI_MODE_OFFSET * offset));
 394              		.loc 1 394 0
 395 0028 144C     		ldr	r4, .L47
 396              	.LVL57:
 395:Drivers/STM32G4xx_HAL_Driver/Src/stm32g4xx_hal_exti.c ****   regval = (*regaddr & ~maskline);
 397              		.loc 1 395 0
 398 002a 3959     		ldr	r1, [r7, r4]
 399              	.LVL58:
 400 002c 1940     		ands	r1, r1, r3
 401              	.LVL59:
 396:Drivers/STM32G4xx_HAL_Driver/Src/stm32g4xx_hal_exti.c ****   *regaddr = regval;
 402              		.loc 1 396 0
 403 002e 3951     		str	r1, [r7, r4]
 397:Drivers/STM32G4xx_HAL_Driver/Src/stm32g4xx_hal_exti.c **** 
 398:Drivers/STM32G4xx_HAL_Driver/Src/stm32g4xx_hal_exti.c ****   /* 3] Clear triggers in case of configurable lines */
 399:Drivers/STM32G4xx_HAL_Driver/Src/stm32g4xx_hal_exti.c ****   if ((hexti->Line & EXTI_CONFIG) != 0x00u)
 404              		.loc 1 399 0
 405 0030 0168     		ldr	r1, [r0]
 406              	.LVL60:
 407 0032 8901     		lsls	r1, r1, #6
 408 0034 01D4     		bmi	.L43
 409              	.LVL61:
 410              	.L46:
 400:Drivers/STM32G4xx_HAL_Driver/Src/stm32g4xx_hal_exti.c ****   {
 401:Drivers/STM32G4xx_HAL_Driver/Src/stm32g4xx_hal_exti.c ****     regaddr = (&EXTI->RTSR1 + (EXTI_CONFIG_OFFSET * offset));
 402:Drivers/STM32G4xx_HAL_Driver/Src/stm32g4xx_hal_exti.c ****     regval = (*regaddr & ~maskline);
 403:Drivers/STM32G4xx_HAL_Driver/Src/stm32g4xx_hal_exti.c ****     *regaddr = regval;
 404:Drivers/STM32G4xx_HAL_Driver/Src/stm32g4xx_hal_exti.c **** 
 405:Drivers/STM32G4xx_HAL_Driver/Src/stm32g4xx_hal_exti.c ****     regaddr = (&EXTI->FTSR1 + (EXTI_CONFIG_OFFSET * offset));
 406:Drivers/STM32G4xx_HAL_Driver/Src/stm32g4xx_hal_exti.c ****     regval = (*regaddr & ~maskline);
 407:Drivers/STM32G4xx_HAL_Driver/Src/stm32g4xx_hal_exti.c ****     *regaddr = regval;
 408:Drivers/STM32G4xx_HAL_Driver/Src/stm32g4xx_hal_exti.c **** 
 409:Drivers/STM32G4xx_HAL_Driver/Src/stm32g4xx_hal_exti.c ****     /* Get Gpio port selection for gpio lines */
 410:Drivers/STM32G4xx_HAL_Driver/Src/stm32g4xx_hal_exti.c ****     if ((hexti->Line & EXTI_GPIO) == EXTI_GPIO)
 411:Drivers/STM32G4xx_HAL_Driver/Src/stm32g4xx_hal_exti.c ****     {
 412:Drivers/STM32G4xx_HAL_Driver/Src/stm32g4xx_hal_exti.c ****       assert_param(IS_EXTI_GPIO_PIN(linepos));
 413:Drivers/STM32G4xx_HAL_Driver/Src/stm32g4xx_hal_exti.c **** 
 414:Drivers/STM32G4xx_HAL_Driver/Src/stm32g4xx_hal_exti.c ****       regval = SYSCFG->EXTICR[linepos >> 2u];
 415:Drivers/STM32G4xx_HAL_Driver/Src/stm32g4xx_hal_exti.c ****       regval &= ~(SYSCFG_EXTICR1_EXTI0 << (SYSCFG_EXTICR1_EXTI1_Pos * (linepos & 0x03u)));
 416:Drivers/STM32G4xx_HAL_Driver/Src/stm32g4xx_hal_exti.c ****       SYSCFG->EXTICR[linepos >> 2u] = regval;
 417:Drivers/STM32G4xx_HAL_Driver/Src/stm32g4xx_hal_exti.c ****     }
 418:Drivers/STM32G4xx_HAL_Driver/Src/stm32g4xx_hal_exti.c ****   }
 419:Drivers/STM32G4xx_HAL_Driver/Src/stm32g4xx_hal_exti.c **** 
 420:Drivers/STM32G4xx_HAL_Driver/Src/stm32g4xx_hal_exti.c ****   return HAL_OK;
 411              		.loc 1 420 0
ARM GAS  C:\Users\82057\AppData\Local\Temp\cc3Yoa6X.s 			page 16


 412 0036 0020     		movs	r0, #0
 413              	.LVL62:
 414              	.L42:
 421:Drivers/STM32G4xx_HAL_Driver/Src/stm32g4xx_hal_exti.c **** }
 415              		.loc 1 421 0
 416 0038 F0BD     		pop	{r4, r5, r6, r7, pc}
 417              	.LVL63:
 418              	.L43:
 401:Drivers/STM32G4xx_HAL_Driver/Src/stm32g4xx_hal_exti.c ****     regval = (*regaddr & ~maskline);
 419              		.loc 1 401 0
 420 003a 114C     		ldr	r4, .L47+4
 421              	.LVL64:
 402:Drivers/STM32G4xx_HAL_Driver/Src/stm32g4xx_hal_exti.c ****     *regaddr = regval;
 422              		.loc 1 402 0
 423 003c 3959     		ldr	r1, [r7, r4]
 424 003e 1940     		ands	r1, r1, r3
 425              	.LVL65:
 403:Drivers/STM32G4xx_HAL_Driver/Src/stm32g4xx_hal_exti.c **** 
 426              		.loc 1 403 0
 427 0040 3951     		str	r1, [r7, r4]
 405:Drivers/STM32G4xx_HAL_Driver/Src/stm32g4xx_hal_exti.c ****     regval = (*regaddr & ~maskline);
 428              		.loc 1 405 0
 429 0042 0434     		adds	r4, r4, #4
 430              	.LVL66:
 406:Drivers/STM32G4xx_HAL_Driver/Src/stm32g4xx_hal_exti.c ****     *regaddr = regval;
 431              		.loc 1 406 0
 432 0044 3959     		ldr	r1, [r7, r4]
 433              	.LVL67:
 434 0046 1940     		ands	r1, r1, r3
 435              	.LVL68:
 407:Drivers/STM32G4xx_HAL_Driver/Src/stm32g4xx_hal_exti.c **** 
 436              		.loc 1 407 0
 437 0048 3951     		str	r1, [r7, r4]
 410:Drivers/STM32G4xx_HAL_Driver/Src/stm32g4xx_hal_exti.c ****     {
 438              		.loc 1 410 0
 439 004a 0168     		ldr	r1, [r0]
 440              	.LVL69:
 441 004c 01F0C061 		and	r1, r1, #100663296
 442 0050 B1F1C06F 		cmp	r1, #100663296
 443 0054 EFD1     		bne	.L46
 444 0056 06F01C03 		and	r3, r6, #28
 445 005a 03F18043 		add	r3, r3, #1073741824
 446 005e 03F58033 		add	r3, r3, #65536
 415:Drivers/STM32G4xx_HAL_Driver/Src/stm32g4xx_hal_exti.c ****       SYSCFG->EXTICR[linepos >> 2u] = regval;
 447              		.loc 1 415 0
 448 0062 02F00302 		and	r2, r2, #3
 449              	.LVL70:
 414:Drivers/STM32G4xx_HAL_Driver/Src/stm32g4xx_hal_exti.c ****       regval &= ~(SYSCFG_EXTICR1_EXTI0 << (SYSCFG_EXTICR1_EXTI1_Pos * (linepos & 0x03u)));
 450              		.loc 1 414 0
 451 0066 9968     		ldr	r1, [r3, #8]
 452              	.LVL71:
 415:Drivers/STM32G4xx_HAL_Driver/Src/stm32g4xx_hal_exti.c ****       SYSCFG->EXTICR[linepos >> 2u] = regval;
 453              		.loc 1 415 0
 454 0068 9200     		lsls	r2, r2, #2
 455 006a 0720     		movs	r0, #7
 456              	.LVL72:
 457 006c 00FA02F2 		lsl	r2, r0, r2
ARM GAS  C:\Users\82057\AppData\Local\Temp\cc3Yoa6X.s 			page 17


 458 0070 21EA0202 		bic	r2, r1, r2
 459              	.LVL73:
 416:Drivers/STM32G4xx_HAL_Driver/Src/stm32g4xx_hal_exti.c ****     }
 460              		.loc 1 416 0
 461 0074 9A60     		str	r2, [r3, #8]
 462 0076 DEE7     		b	.L46
 463              	.LVL74:
 464              	.L45:
 375:Drivers/STM32G4xx_HAL_Driver/Src/stm32g4xx_hal_exti.c ****   }
 465              		.loc 1 375 0
 466 0078 0120     		movs	r0, #1
 467              	.LVL75:
 468 007a DDE7     		b	.L42
 469              	.L48:
 470              		.align	2
 471              	.L47:
 472 007c 04040140 		.word	1073808388
 473 0080 08040140 		.word	1073808392
 474              		.cfi_endproc
 475              	.LFE331:
 477              		.section	.text.HAL_EXTI_RegisterCallback,"ax",%progbits
 478              		.align	1
 479              		.global	HAL_EXTI_RegisterCallback
 480              		.syntax unified
 481              		.thumb
 482              		.thumb_func
 483              		.fpu fpv4-sp-d16
 485              	HAL_EXTI_RegisterCallback:
 486              	.LFB332:
 422:Drivers/STM32G4xx_HAL_Driver/Src/stm32g4xx_hal_exti.c **** 
 423:Drivers/STM32G4xx_HAL_Driver/Src/stm32g4xx_hal_exti.c **** 
 424:Drivers/STM32G4xx_HAL_Driver/Src/stm32g4xx_hal_exti.c **** /**
 425:Drivers/STM32G4xx_HAL_Driver/Src/stm32g4xx_hal_exti.c ****   * @brief  Register callback for a dedicated Exti line.
 426:Drivers/STM32G4xx_HAL_Driver/Src/stm32g4xx_hal_exti.c ****   * @param  hexti Exti handle.
 427:Drivers/STM32G4xx_HAL_Driver/Src/stm32g4xx_hal_exti.c ****   * @param  CallbackID User callback identifier.
 428:Drivers/STM32G4xx_HAL_Driver/Src/stm32g4xx_hal_exti.c ****   *         This parameter can be one of @arg @ref EXTI_CallbackIDTypeDef values.
 429:Drivers/STM32G4xx_HAL_Driver/Src/stm32g4xx_hal_exti.c ****   * @param  pPendingCbfn function pointer to be stored as callback.
 430:Drivers/STM32G4xx_HAL_Driver/Src/stm32g4xx_hal_exti.c ****   * @retval HAL Status.
 431:Drivers/STM32G4xx_HAL_Driver/Src/stm32g4xx_hal_exti.c ****   */
 432:Drivers/STM32G4xx_HAL_Driver/Src/stm32g4xx_hal_exti.c **** HAL_StatusTypeDef HAL_EXTI_RegisterCallback(EXTI_HandleTypeDef *hexti, EXTI_CallbackIDTypeDef Callb
 433:Drivers/STM32G4xx_HAL_Driver/Src/stm32g4xx_hal_exti.c **** {
 487              		.loc 1 433 0
 488              		.cfi_startproc
 489              		@ args = 0, pretend = 0, frame = 0
 490              		@ frame_needed = 0, uses_anonymous_args = 0
 491              		@ link register save eliminated.
 492              	.LVL76:
 434:Drivers/STM32G4xx_HAL_Driver/Src/stm32g4xx_hal_exti.c ****   HAL_StatusTypeDef status = HAL_OK;
 435:Drivers/STM32G4xx_HAL_Driver/Src/stm32g4xx_hal_exti.c **** 
 436:Drivers/STM32G4xx_HAL_Driver/Src/stm32g4xx_hal_exti.c ****   /* Check the parameters */
 437:Drivers/STM32G4xx_HAL_Driver/Src/stm32g4xx_hal_exti.c ****   assert_param(IS_EXTI_CB(CallbackID));
 438:Drivers/STM32G4xx_HAL_Driver/Src/stm32g4xx_hal_exti.c **** 
 439:Drivers/STM32G4xx_HAL_Driver/Src/stm32g4xx_hal_exti.c ****   switch (CallbackID)
 493              		.loc 1 439 0
 494 0000 11B9     		cbnz	r1, .L53
 440:Drivers/STM32G4xx_HAL_Driver/Src/stm32g4xx_hal_exti.c ****   {
 441:Drivers/STM32G4xx_HAL_Driver/Src/stm32g4xx_hal_exti.c ****     /* set common callback */
ARM GAS  C:\Users\82057\AppData\Local\Temp\cc3Yoa6X.s 			page 18


 442:Drivers/STM32G4xx_HAL_Driver/Src/stm32g4xx_hal_exti.c ****     case  HAL_EXTI_COMMON_CB_ID:
 443:Drivers/STM32G4xx_HAL_Driver/Src/stm32g4xx_hal_exti.c ****       hexti->PendingCallback = pPendingCbfn;
 495              		.loc 1 443 0
 496 0002 4260     		str	r2, [r0, #4]
 434:Drivers/STM32G4xx_HAL_Driver/Src/stm32g4xx_hal_exti.c ****   HAL_StatusTypeDef status = HAL_OK;
 497              		.loc 1 434 0
 498 0004 0846     		mov	r0, r1
 499              	.LVL77:
 444:Drivers/STM32G4xx_HAL_Driver/Src/stm32g4xx_hal_exti.c ****       break;
 500              		.loc 1 444 0
 501 0006 7047     		bx	lr
 502              	.LVL78:
 503              	.L53:
 445:Drivers/STM32G4xx_HAL_Driver/Src/stm32g4xx_hal_exti.c **** 
 446:Drivers/STM32G4xx_HAL_Driver/Src/stm32g4xx_hal_exti.c ****     default:
 447:Drivers/STM32G4xx_HAL_Driver/Src/stm32g4xx_hal_exti.c ****       hexti->PendingCallback = NULL;
 504              		.loc 1 447 0
 505 0008 0023     		movs	r3, #0
 506 000a 4360     		str	r3, [r0, #4]
 507              	.LVL79:
 448:Drivers/STM32G4xx_HAL_Driver/Src/stm32g4xx_hal_exti.c ****       status = HAL_ERROR;
 508              		.loc 1 448 0
 509 000c 0120     		movs	r0, #1
 510              	.LVL80:
 449:Drivers/STM32G4xx_HAL_Driver/Src/stm32g4xx_hal_exti.c ****       break;
 450:Drivers/STM32G4xx_HAL_Driver/Src/stm32g4xx_hal_exti.c ****   }
 451:Drivers/STM32G4xx_HAL_Driver/Src/stm32g4xx_hal_exti.c **** 
 452:Drivers/STM32G4xx_HAL_Driver/Src/stm32g4xx_hal_exti.c ****   return status;
 453:Drivers/STM32G4xx_HAL_Driver/Src/stm32g4xx_hal_exti.c **** }
 511              		.loc 1 453 0
 512 000e 7047     		bx	lr
 513              		.cfi_endproc
 514              	.LFE332:
 516              		.section	.text.HAL_EXTI_GetHandle,"ax",%progbits
 517              		.align	1
 518              		.global	HAL_EXTI_GetHandle
 519              		.syntax unified
 520              		.thumb
 521              		.thumb_func
 522              		.fpu fpv4-sp-d16
 524              	HAL_EXTI_GetHandle:
 525              	.LFB333:
 454:Drivers/STM32G4xx_HAL_Driver/Src/stm32g4xx_hal_exti.c **** 
 455:Drivers/STM32G4xx_HAL_Driver/Src/stm32g4xx_hal_exti.c **** 
 456:Drivers/STM32G4xx_HAL_Driver/Src/stm32g4xx_hal_exti.c **** /**
 457:Drivers/STM32G4xx_HAL_Driver/Src/stm32g4xx_hal_exti.c ****   * @brief  Store line number as handle private field.
 458:Drivers/STM32G4xx_HAL_Driver/Src/stm32g4xx_hal_exti.c ****   * @param  hexti Exti handle.
 459:Drivers/STM32G4xx_HAL_Driver/Src/stm32g4xx_hal_exti.c ****   * @param  ExtiLine Exti line number.
 460:Drivers/STM32G4xx_HAL_Driver/Src/stm32g4xx_hal_exti.c ****   *         This parameter can be from 0 to @ref EXTI_LINE_NB.
 461:Drivers/STM32G4xx_HAL_Driver/Src/stm32g4xx_hal_exti.c ****   * @retval HAL Status.
 462:Drivers/STM32G4xx_HAL_Driver/Src/stm32g4xx_hal_exti.c ****   */
 463:Drivers/STM32G4xx_HAL_Driver/Src/stm32g4xx_hal_exti.c **** HAL_StatusTypeDef HAL_EXTI_GetHandle(EXTI_HandleTypeDef *hexti, uint32_t ExtiLine)
 464:Drivers/STM32G4xx_HAL_Driver/Src/stm32g4xx_hal_exti.c **** {
 526              		.loc 1 464 0
 527              		.cfi_startproc
 528              		@ args = 0, pretend = 0, frame = 0
 529              		@ frame_needed = 0, uses_anonymous_args = 0
ARM GAS  C:\Users\82057\AppData\Local\Temp\cc3Yoa6X.s 			page 19


 530              		@ link register save eliminated.
 531              	.LVL81:
 465:Drivers/STM32G4xx_HAL_Driver/Src/stm32g4xx_hal_exti.c ****   /* Check the parameters */
 466:Drivers/STM32G4xx_HAL_Driver/Src/stm32g4xx_hal_exti.c ****   assert_param(IS_EXTI_LINE(ExtiLine));
 467:Drivers/STM32G4xx_HAL_Driver/Src/stm32g4xx_hal_exti.c **** 
 468:Drivers/STM32G4xx_HAL_Driver/Src/stm32g4xx_hal_exti.c ****   /* Check null pointer */
 469:Drivers/STM32G4xx_HAL_Driver/Src/stm32g4xx_hal_exti.c ****   if (hexti == NULL)
 532              		.loc 1 469 0
 533 0000 10B1     		cbz	r0, .L56
 470:Drivers/STM32G4xx_HAL_Driver/Src/stm32g4xx_hal_exti.c ****   {
 471:Drivers/STM32G4xx_HAL_Driver/Src/stm32g4xx_hal_exti.c ****     return HAL_ERROR;
 472:Drivers/STM32G4xx_HAL_Driver/Src/stm32g4xx_hal_exti.c ****   }
 473:Drivers/STM32G4xx_HAL_Driver/Src/stm32g4xx_hal_exti.c ****   else
 474:Drivers/STM32G4xx_HAL_Driver/Src/stm32g4xx_hal_exti.c ****   {
 475:Drivers/STM32G4xx_HAL_Driver/Src/stm32g4xx_hal_exti.c ****     /* Store line number as handle private field */
 476:Drivers/STM32G4xx_HAL_Driver/Src/stm32g4xx_hal_exti.c ****     hexti->Line = ExtiLine;
 534              		.loc 1 476 0
 535 0002 0160     		str	r1, [r0]
 477:Drivers/STM32G4xx_HAL_Driver/Src/stm32g4xx_hal_exti.c **** 
 478:Drivers/STM32G4xx_HAL_Driver/Src/stm32g4xx_hal_exti.c ****     return HAL_OK;
 536              		.loc 1 478 0
 537 0004 0020     		movs	r0, #0
 538              	.LVL82:
 539 0006 7047     		bx	lr
 540              	.LVL83:
 541              	.L56:
 471:Drivers/STM32G4xx_HAL_Driver/Src/stm32g4xx_hal_exti.c ****   }
 542              		.loc 1 471 0
 543 0008 0120     		movs	r0, #1
 544              	.LVL84:
 479:Drivers/STM32G4xx_HAL_Driver/Src/stm32g4xx_hal_exti.c ****   }
 480:Drivers/STM32G4xx_HAL_Driver/Src/stm32g4xx_hal_exti.c **** }
 545              		.loc 1 480 0
 546 000a 7047     		bx	lr
 547              		.cfi_endproc
 548              	.LFE333:
 550              		.section	.text.HAL_EXTI_IRQHandler,"ax",%progbits
 551              		.align	1
 552              		.global	HAL_EXTI_IRQHandler
 553              		.syntax unified
 554              		.thumb
 555              		.thumb_func
 556              		.fpu fpv4-sp-d16
 558              	HAL_EXTI_IRQHandler:
 559              	.LFB334:
 481:Drivers/STM32G4xx_HAL_Driver/Src/stm32g4xx_hal_exti.c **** 
 482:Drivers/STM32G4xx_HAL_Driver/Src/stm32g4xx_hal_exti.c **** 
 483:Drivers/STM32G4xx_HAL_Driver/Src/stm32g4xx_hal_exti.c **** /**
 484:Drivers/STM32G4xx_HAL_Driver/Src/stm32g4xx_hal_exti.c ****   * @}
 485:Drivers/STM32G4xx_HAL_Driver/Src/stm32g4xx_hal_exti.c ****   */
 486:Drivers/STM32G4xx_HAL_Driver/Src/stm32g4xx_hal_exti.c **** 
 487:Drivers/STM32G4xx_HAL_Driver/Src/stm32g4xx_hal_exti.c **** /** @addtogroup EXTI_Exported_Functions_Group2
 488:Drivers/STM32G4xx_HAL_Driver/Src/stm32g4xx_hal_exti.c ****   *  @brief EXTI IO functions.
 489:Drivers/STM32G4xx_HAL_Driver/Src/stm32g4xx_hal_exti.c ****   *
 490:Drivers/STM32G4xx_HAL_Driver/Src/stm32g4xx_hal_exti.c **** @verbatim
 491:Drivers/STM32G4xx_HAL_Driver/Src/stm32g4xx_hal_exti.c ****  ===============================================================================
 492:Drivers/STM32G4xx_HAL_Driver/Src/stm32g4xx_hal_exti.c ****                        ##### IO operation functions #####
ARM GAS  C:\Users\82057\AppData\Local\Temp\cc3Yoa6X.s 			page 20


 493:Drivers/STM32G4xx_HAL_Driver/Src/stm32g4xx_hal_exti.c ****  ===============================================================================
 494:Drivers/STM32G4xx_HAL_Driver/Src/stm32g4xx_hal_exti.c **** 
 495:Drivers/STM32G4xx_HAL_Driver/Src/stm32g4xx_hal_exti.c **** @endverbatim
 496:Drivers/STM32G4xx_HAL_Driver/Src/stm32g4xx_hal_exti.c ****   * @{
 497:Drivers/STM32G4xx_HAL_Driver/Src/stm32g4xx_hal_exti.c ****   */
 498:Drivers/STM32G4xx_HAL_Driver/Src/stm32g4xx_hal_exti.c **** 
 499:Drivers/STM32G4xx_HAL_Driver/Src/stm32g4xx_hal_exti.c **** /**
 500:Drivers/STM32G4xx_HAL_Driver/Src/stm32g4xx_hal_exti.c ****   * @brief  Handle EXTI interrupt request.
 501:Drivers/STM32G4xx_HAL_Driver/Src/stm32g4xx_hal_exti.c ****   * @param  hexti Exti handle.
 502:Drivers/STM32G4xx_HAL_Driver/Src/stm32g4xx_hal_exti.c ****   * @retval none.
 503:Drivers/STM32G4xx_HAL_Driver/Src/stm32g4xx_hal_exti.c ****   */
 504:Drivers/STM32G4xx_HAL_Driver/Src/stm32g4xx_hal_exti.c **** void HAL_EXTI_IRQHandler(EXTI_HandleTypeDef *hexti)
 505:Drivers/STM32G4xx_HAL_Driver/Src/stm32g4xx_hal_exti.c **** {
 560              		.loc 1 505 0
 561              		.cfi_startproc
 562              		@ args = 0, pretend = 0, frame = 0
 563              		@ frame_needed = 0, uses_anonymous_args = 0
 564              		@ link register save eliminated.
 565              	.LVL85:
 506:Drivers/STM32G4xx_HAL_Driver/Src/stm32g4xx_hal_exti.c ****   __IO uint32_t *regaddr;
 507:Drivers/STM32G4xx_HAL_Driver/Src/stm32g4xx_hal_exti.c ****   uint32_t regval;
 508:Drivers/STM32G4xx_HAL_Driver/Src/stm32g4xx_hal_exti.c ****   uint32_t maskline;
 509:Drivers/STM32G4xx_HAL_Driver/Src/stm32g4xx_hal_exti.c ****   uint32_t offset;
 510:Drivers/STM32G4xx_HAL_Driver/Src/stm32g4xx_hal_exti.c **** 
 511:Drivers/STM32G4xx_HAL_Driver/Src/stm32g4xx_hal_exti.c ****   /* Compute line register offset */
 512:Drivers/STM32G4xx_HAL_Driver/Src/stm32g4xx_hal_exti.c ****   offset = ((hexti->Line & EXTI_REG_MASK) >> EXTI_REG_SHIFT);
 566              		.loc 1 512 0
 567 0000 0368     		ldr	r3, [r0]
 568              	.LVL86:
 513:Drivers/STM32G4xx_HAL_Driver/Src/stm32g4xx_hal_exti.c ****   /* compute line mask */
 514:Drivers/STM32G4xx_HAL_Driver/Src/stm32g4xx_hal_exti.c ****   maskline = (1uL << (hexti->Line & EXTI_PIN_MASK));
 569              		.loc 1 514 0
 570 0002 0122     		movs	r2, #1
 571 0004 03F01F01 		and	r1, r3, #31
 512:Drivers/STM32G4xx_HAL_Driver/Src/stm32g4xx_hal_exti.c ****   /* compute line mask */
 572              		.loc 1 512 0
 573 0008 C3F30043 		ubfx	r3, r3, #16, #1
 574              	.LVL87:
 575              		.loc 1 514 0
 576 000c 8A40     		lsls	r2, r2, r1
 577              	.LVL88:
 515:Drivers/STM32G4xx_HAL_Driver/Src/stm32g4xx_hal_exti.c **** 
 516:Drivers/STM32G4xx_HAL_Driver/Src/stm32g4xx_hal_exti.c ****   /* Get pending bit  */
 517:Drivers/STM32G4xx_HAL_Driver/Src/stm32g4xx_hal_exti.c ****   regaddr = (&EXTI->PR1 + (EXTI_CONFIG_OFFSET * offset));
 578              		.loc 1 517 0
 579 000e 5B01     		lsls	r3, r3, #5
 580 0010 0649     		ldr	r1, .L64
 581              	.LVL89:
 505:Drivers/STM32G4xx_HAL_Driver/Src/stm32g4xx_hal_exti.c ****   __IO uint32_t *regaddr;
 582              		.loc 1 505 0
 583 0012 10B4     		push	{r4}
 584              	.LCFI3:
 585              		.cfi_def_cfa_offset 4
 586              		.cfi_offset 4, -4
 518:Drivers/STM32G4xx_HAL_Driver/Src/stm32g4xx_hal_exti.c ****   regval = (*regaddr & maskline);
 587              		.loc 1 518 0
 588 0014 5C58     		ldr	r4, [r3, r1]
ARM GAS  C:\Users\82057\AppData\Local\Temp\cc3Yoa6X.s 			page 21


 589              	.LVL90:
 519:Drivers/STM32G4xx_HAL_Driver/Src/stm32g4xx_hal_exti.c **** 
 520:Drivers/STM32G4xx_HAL_Driver/Src/stm32g4xx_hal_exti.c ****   if (regval != 0x00u)
 590              		.loc 1 520 0
 591 0016 1442     		tst	r4, r2
 592 0018 05D0     		beq	.L57
 521:Drivers/STM32G4xx_HAL_Driver/Src/stm32g4xx_hal_exti.c ****   {
 522:Drivers/STM32G4xx_HAL_Driver/Src/stm32g4xx_hal_exti.c ****     /* Clear pending bit */
 523:Drivers/STM32G4xx_HAL_Driver/Src/stm32g4xx_hal_exti.c ****     *regaddr = maskline;
 593              		.loc 1 523 0
 594 001a 5A50     		str	r2, [r3, r1]
 595              	.LVL91:
 524:Drivers/STM32G4xx_HAL_Driver/Src/stm32g4xx_hal_exti.c **** 
 525:Drivers/STM32G4xx_HAL_Driver/Src/stm32g4xx_hal_exti.c ****     /* Call pending callback */
 526:Drivers/STM32G4xx_HAL_Driver/Src/stm32g4xx_hal_exti.c ****     if (hexti->PendingCallback != NULL)
 596              		.loc 1 526 0
 597 001c 4368     		ldr	r3, [r0, #4]
 598              	.LVL92:
 599 001e 13B1     		cbz	r3, .L57
 527:Drivers/STM32G4xx_HAL_Driver/Src/stm32g4xx_hal_exti.c ****     {
 528:Drivers/STM32G4xx_HAL_Driver/Src/stm32g4xx_hal_exti.c ****       hexti->PendingCallback();
 529:Drivers/STM32G4xx_HAL_Driver/Src/stm32g4xx_hal_exti.c ****     }
 530:Drivers/STM32G4xx_HAL_Driver/Src/stm32g4xx_hal_exti.c ****   }
 531:Drivers/STM32G4xx_HAL_Driver/Src/stm32g4xx_hal_exti.c **** }
 600              		.loc 1 531 0
 601 0020 5DF8044B 		ldr	r4, [sp], #4
 602              	.LCFI4:
 603              		.cfi_remember_state
 604              		.cfi_restore 4
 605              		.cfi_def_cfa_offset 0
 606              	.LVL93:
 528:Drivers/STM32G4xx_HAL_Driver/Src/stm32g4xx_hal_exti.c ****     }
 607              		.loc 1 528 0
 608 0024 1847     		bx	r3	@ indirect register sibling call
 609              	.LVL94:
 610              	.L57:
 611              	.LCFI5:
 612              		.cfi_restore_state
 613              		.loc 1 531 0
 614 0026 5DF8044B 		ldr	r4, [sp], #4
 615              	.LCFI6:
 616              		.cfi_restore 4
 617              		.cfi_def_cfa_offset 0
 618              	.LVL95:
 619 002a 7047     		bx	lr
 620              	.L65:
 621              		.align	2
 622              	.L64:
 623 002c 14040140 		.word	1073808404
 624              		.cfi_endproc
 625              	.LFE334:
 627              		.section	.text.HAL_EXTI_GetPending,"ax",%progbits
 628              		.align	1
 629              		.global	HAL_EXTI_GetPending
 630              		.syntax unified
 631              		.thumb
 632              		.thumb_func
ARM GAS  C:\Users\82057\AppData\Local\Temp\cc3Yoa6X.s 			page 22


 633              		.fpu fpv4-sp-d16
 635              	HAL_EXTI_GetPending:
 636              	.LFB335:
 532:Drivers/STM32G4xx_HAL_Driver/Src/stm32g4xx_hal_exti.c **** 
 533:Drivers/STM32G4xx_HAL_Driver/Src/stm32g4xx_hal_exti.c **** /**
 534:Drivers/STM32G4xx_HAL_Driver/Src/stm32g4xx_hal_exti.c ****   * @brief  Get interrupt pending bit of a dedicated line.
 535:Drivers/STM32G4xx_HAL_Driver/Src/stm32g4xx_hal_exti.c ****   * @param  hexti Exti handle.
 536:Drivers/STM32G4xx_HAL_Driver/Src/stm32g4xx_hal_exti.c ****   * @param  Edge unused
 537:Drivers/STM32G4xx_HAL_Driver/Src/stm32g4xx_hal_exti.c ****   * @retval 1 if interrupt is pending else 0.
 538:Drivers/STM32G4xx_HAL_Driver/Src/stm32g4xx_hal_exti.c ****   */
 539:Drivers/STM32G4xx_HAL_Driver/Src/stm32g4xx_hal_exti.c **** uint32_t HAL_EXTI_GetPending(EXTI_HandleTypeDef *hexti, uint32_t Edge)
 540:Drivers/STM32G4xx_HAL_Driver/Src/stm32g4xx_hal_exti.c **** {
 637              		.loc 1 540 0
 638              		.cfi_startproc
 639              		@ args = 0, pretend = 0, frame = 0
 640              		@ frame_needed = 0, uses_anonymous_args = 0
 641              		@ link register save eliminated.
 642              	.LVL96:
 541:Drivers/STM32G4xx_HAL_Driver/Src/stm32g4xx_hal_exti.c ****   __IO uint32_t *regaddr;
 542:Drivers/STM32G4xx_HAL_Driver/Src/stm32g4xx_hal_exti.c ****   uint32_t regval;
 543:Drivers/STM32G4xx_HAL_Driver/Src/stm32g4xx_hal_exti.c ****   uint32_t linepos;
 544:Drivers/STM32G4xx_HAL_Driver/Src/stm32g4xx_hal_exti.c ****   uint32_t maskline;
 545:Drivers/STM32G4xx_HAL_Driver/Src/stm32g4xx_hal_exti.c ****   uint32_t offset;
 546:Drivers/STM32G4xx_HAL_Driver/Src/stm32g4xx_hal_exti.c **** 
 547:Drivers/STM32G4xx_HAL_Driver/Src/stm32g4xx_hal_exti.c ****   /* Check parameters */
 548:Drivers/STM32G4xx_HAL_Driver/Src/stm32g4xx_hal_exti.c ****   assert_param(IS_EXTI_LINE(hexti->Line));
 549:Drivers/STM32G4xx_HAL_Driver/Src/stm32g4xx_hal_exti.c ****   assert_param(IS_EXTI_CONFIG_LINE(hexti->Line));
 550:Drivers/STM32G4xx_HAL_Driver/Src/stm32g4xx_hal_exti.c ****   UNUSED(Edge);
 551:Drivers/STM32G4xx_HAL_Driver/Src/stm32g4xx_hal_exti.c **** 
 552:Drivers/STM32G4xx_HAL_Driver/Src/stm32g4xx_hal_exti.c ****   /* Compute line register offset */
 553:Drivers/STM32G4xx_HAL_Driver/Src/stm32g4xx_hal_exti.c ****   offset = ((hexti->Line & EXTI_REG_MASK) >> EXTI_REG_SHIFT);
 643              		.loc 1 553 0
 644 0000 0368     		ldr	r3, [r0]
 645              	.LVL97:
 554:Drivers/STM32G4xx_HAL_Driver/Src/stm32g4xx_hal_exti.c ****   /* Compute line position */
 555:Drivers/STM32G4xx_HAL_Driver/Src/stm32g4xx_hal_exti.c ****   linepos = (hexti->Line & EXTI_PIN_MASK);
 556:Drivers/STM32G4xx_HAL_Driver/Src/stm32g4xx_hal_exti.c ****   /* Compute line mask */
 557:Drivers/STM32G4xx_HAL_Driver/Src/stm32g4xx_hal_exti.c ****   maskline = (1uL << linepos);
 558:Drivers/STM32G4xx_HAL_Driver/Src/stm32g4xx_hal_exti.c **** 
 559:Drivers/STM32G4xx_HAL_Driver/Src/stm32g4xx_hal_exti.c ****   /* Get pending bit */
 560:Drivers/STM32G4xx_HAL_Driver/Src/stm32g4xx_hal_exti.c ****   regaddr = (&EXTI->PR1 + (EXTI_CONFIG_OFFSET * offset));
 646              		.loc 1 560 0
 647 0002 064A     		ldr	r2, .L67
 555:Drivers/STM32G4xx_HAL_Driver/Src/stm32g4xx_hal_exti.c ****   /* Compute line mask */
 648              		.loc 1 555 0
 649 0004 03F01F00 		and	r0, r3, #31
 650              	.LVL98:
 553:Drivers/STM32G4xx_HAL_Driver/Src/stm32g4xx_hal_exti.c ****   /* Compute line position */
 651              		.loc 1 553 0
 652 0008 C3F30043 		ubfx	r3, r3, #16, #1
 653              	.LVL99:
 654              		.loc 1 560 0
 655 000c 5B01     		lsls	r3, r3, #5
 656              	.LVL100:
 561:Drivers/STM32G4xx_HAL_Driver/Src/stm32g4xx_hal_exti.c **** 
 562:Drivers/STM32G4xx_HAL_Driver/Src/stm32g4xx_hal_exti.c ****   /* return 1 if bit is set else 0 */
 563:Drivers/STM32G4xx_HAL_Driver/Src/stm32g4xx_hal_exti.c ****   regval = ((*regaddr & maskline) >> linepos);
ARM GAS  C:\Users\82057\AppData\Local\Temp\cc3Yoa6X.s 			page 23


 657              		.loc 1 563 0
 658 000e 9A58     		ldr	r2, [r3, r2]
 659              	.LVL101:
 557:Drivers/STM32G4xx_HAL_Driver/Src/stm32g4xx_hal_exti.c **** 
 660              		.loc 1 557 0
 661 0010 0123     		movs	r3, #1
 662              	.LVL102:
 663 0012 8340     		lsls	r3, r3, r0
 664              	.LVL103:
 665              		.loc 1 563 0
 666 0014 1340     		ands	r3, r3, r2
 667              	.LVL104:
 564:Drivers/STM32G4xx_HAL_Driver/Src/stm32g4xx_hal_exti.c ****   return regval;
 565:Drivers/STM32G4xx_HAL_Driver/Src/stm32g4xx_hal_exti.c **** }
 668              		.loc 1 565 0
 669 0016 23FA00F0 		lsr	r0, r3, r0
 670              	.LVL105:
 671 001a 7047     		bx	lr
 672              	.L68:
 673              		.align	2
 674              	.L67:
 675 001c 14040140 		.word	1073808404
 676              		.cfi_endproc
 677              	.LFE335:
 679              		.section	.text.HAL_EXTI_ClearPending,"ax",%progbits
 680              		.align	1
 681              		.global	HAL_EXTI_ClearPending
 682              		.syntax unified
 683              		.thumb
 684              		.thumb_func
 685              		.fpu fpv4-sp-d16
 687              	HAL_EXTI_ClearPending:
 688              	.LFB336:
 566:Drivers/STM32G4xx_HAL_Driver/Src/stm32g4xx_hal_exti.c **** 
 567:Drivers/STM32G4xx_HAL_Driver/Src/stm32g4xx_hal_exti.c **** 
 568:Drivers/STM32G4xx_HAL_Driver/Src/stm32g4xx_hal_exti.c **** /**
 569:Drivers/STM32G4xx_HAL_Driver/Src/stm32g4xx_hal_exti.c ****   * @brief  Clear interrupt pending bit of a dedicated line.
 570:Drivers/STM32G4xx_HAL_Driver/Src/stm32g4xx_hal_exti.c ****   * @param  hexti Exti handle.
 571:Drivers/STM32G4xx_HAL_Driver/Src/stm32g4xx_hal_exti.c ****   * @param  Edge unused
 572:Drivers/STM32G4xx_HAL_Driver/Src/stm32g4xx_hal_exti.c ****   * @retval None.
 573:Drivers/STM32G4xx_HAL_Driver/Src/stm32g4xx_hal_exti.c ****   */
 574:Drivers/STM32G4xx_HAL_Driver/Src/stm32g4xx_hal_exti.c **** void HAL_EXTI_ClearPending(EXTI_HandleTypeDef *hexti, uint32_t Edge)
 575:Drivers/STM32G4xx_HAL_Driver/Src/stm32g4xx_hal_exti.c **** {
 689              		.loc 1 575 0
 690              		.cfi_startproc
 691              		@ args = 0, pretend = 0, frame = 0
 692              		@ frame_needed = 0, uses_anonymous_args = 0
 693              		@ link register save eliminated.
 694              	.LVL106:
 576:Drivers/STM32G4xx_HAL_Driver/Src/stm32g4xx_hal_exti.c ****   __IO uint32_t *regaddr;
 577:Drivers/STM32G4xx_HAL_Driver/Src/stm32g4xx_hal_exti.c ****   uint32_t maskline;
 578:Drivers/STM32G4xx_HAL_Driver/Src/stm32g4xx_hal_exti.c ****   uint32_t offset;
 579:Drivers/STM32G4xx_HAL_Driver/Src/stm32g4xx_hal_exti.c **** 
 580:Drivers/STM32G4xx_HAL_Driver/Src/stm32g4xx_hal_exti.c ****   /* Check parameters */
 581:Drivers/STM32G4xx_HAL_Driver/Src/stm32g4xx_hal_exti.c ****   assert_param(IS_EXTI_LINE(hexti->Line));
 582:Drivers/STM32G4xx_HAL_Driver/Src/stm32g4xx_hal_exti.c ****   assert_param(IS_EXTI_CONFIG_LINE(hexti->Line));
 583:Drivers/STM32G4xx_HAL_Driver/Src/stm32g4xx_hal_exti.c ****   UNUSED(Edge);
ARM GAS  C:\Users\82057\AppData\Local\Temp\cc3Yoa6X.s 			page 24


 584:Drivers/STM32G4xx_HAL_Driver/Src/stm32g4xx_hal_exti.c **** 
 585:Drivers/STM32G4xx_HAL_Driver/Src/stm32g4xx_hal_exti.c ****   /* Compute line register offset */
 586:Drivers/STM32G4xx_HAL_Driver/Src/stm32g4xx_hal_exti.c ****   offset = ((hexti->Line & EXTI_REG_MASK) >> EXTI_REG_SHIFT);
 695              		.loc 1 586 0
 696 0000 0368     		ldr	r3, [r0]
 697              	.LVL107:
 587:Drivers/STM32G4xx_HAL_Driver/Src/stm32g4xx_hal_exti.c ****   /* Compute line mask */
 588:Drivers/STM32G4xx_HAL_Driver/Src/stm32g4xx_hal_exti.c ****   maskline = (1uL << (hexti->Line & EXTI_PIN_MASK));
 698              		.loc 1 588 0
 699 0002 0122     		movs	r2, #1
 700 0004 03F01F01 		and	r1, r3, #31
 701              	.LVL108:
 586:Drivers/STM32G4xx_HAL_Driver/Src/stm32g4xx_hal_exti.c ****   /* Compute line mask */
 702              		.loc 1 586 0
 703 0008 C3F30043 		ubfx	r3, r3, #16, #1
 704              	.LVL109:
 705              		.loc 1 588 0
 706 000c 8A40     		lsls	r2, r2, r1
 707              	.LVL110:
 589:Drivers/STM32G4xx_HAL_Driver/Src/stm32g4xx_hal_exti.c **** 
 590:Drivers/STM32G4xx_HAL_Driver/Src/stm32g4xx_hal_exti.c ****   /* Get pending register address */
 591:Drivers/STM32G4xx_HAL_Driver/Src/stm32g4xx_hal_exti.c ****   regaddr = (&EXTI->PR1 + (EXTI_CONFIG_OFFSET * offset));
 708              		.loc 1 591 0
 709 000e 5B01     		lsls	r3, r3, #5
 710 0010 0149     		ldr	r1, .L70
 711              	.LVL111:
 592:Drivers/STM32G4xx_HAL_Driver/Src/stm32g4xx_hal_exti.c **** 
 593:Drivers/STM32G4xx_HAL_Driver/Src/stm32g4xx_hal_exti.c ****   /* Clear Pending bit */
 594:Drivers/STM32G4xx_HAL_Driver/Src/stm32g4xx_hal_exti.c ****   *regaddr =  maskline;
 712              		.loc 1 594 0
 713 0012 5A50     		str	r2, [r3, r1]
 714              	.LVL112:
 595:Drivers/STM32G4xx_HAL_Driver/Src/stm32g4xx_hal_exti.c **** }
 715              		.loc 1 595 0
 716 0014 7047     		bx	lr
 717              	.L71:
 718 0016 00BF     		.align	2
 719              	.L70:
 720 0018 14040140 		.word	1073808404
 721              		.cfi_endproc
 722              	.LFE336:
 724              		.section	.text.HAL_EXTI_GenerateSWI,"ax",%progbits
 725              		.align	1
 726              		.global	HAL_EXTI_GenerateSWI
 727              		.syntax unified
 728              		.thumb
 729              		.thumb_func
 730              		.fpu fpv4-sp-d16
 732              	HAL_EXTI_GenerateSWI:
 733              	.LFB337:
 596:Drivers/STM32G4xx_HAL_Driver/Src/stm32g4xx_hal_exti.c **** 
 597:Drivers/STM32G4xx_HAL_Driver/Src/stm32g4xx_hal_exti.c **** 
 598:Drivers/STM32G4xx_HAL_Driver/Src/stm32g4xx_hal_exti.c **** /**
 599:Drivers/STM32G4xx_HAL_Driver/Src/stm32g4xx_hal_exti.c ****   * @brief  Generate a software interrupt for a dedicated line.
 600:Drivers/STM32G4xx_HAL_Driver/Src/stm32g4xx_hal_exti.c ****   * @param  hexti Exti handle.
 601:Drivers/STM32G4xx_HAL_Driver/Src/stm32g4xx_hal_exti.c ****   * @retval None.
 602:Drivers/STM32G4xx_HAL_Driver/Src/stm32g4xx_hal_exti.c ****   */
ARM GAS  C:\Users\82057\AppData\Local\Temp\cc3Yoa6X.s 			page 25


 603:Drivers/STM32G4xx_HAL_Driver/Src/stm32g4xx_hal_exti.c **** void HAL_EXTI_GenerateSWI(EXTI_HandleTypeDef *hexti)
 604:Drivers/STM32G4xx_HAL_Driver/Src/stm32g4xx_hal_exti.c **** {
 734              		.loc 1 604 0
 735              		.cfi_startproc
 736              		@ args = 0, pretend = 0, frame = 0
 737              		@ frame_needed = 0, uses_anonymous_args = 0
 738              		@ link register save eliminated.
 739              	.LVL113:
 605:Drivers/STM32G4xx_HAL_Driver/Src/stm32g4xx_hal_exti.c ****   __IO uint32_t *regaddr;
 606:Drivers/STM32G4xx_HAL_Driver/Src/stm32g4xx_hal_exti.c ****   uint32_t maskline;
 607:Drivers/STM32G4xx_HAL_Driver/Src/stm32g4xx_hal_exti.c ****   uint32_t offset;
 608:Drivers/STM32G4xx_HAL_Driver/Src/stm32g4xx_hal_exti.c **** 
 609:Drivers/STM32G4xx_HAL_Driver/Src/stm32g4xx_hal_exti.c ****   /* Check parameter */
 610:Drivers/STM32G4xx_HAL_Driver/Src/stm32g4xx_hal_exti.c ****   assert_param(IS_EXTI_LINE(hexti->Line));
 611:Drivers/STM32G4xx_HAL_Driver/Src/stm32g4xx_hal_exti.c ****   assert_param(IS_EXTI_CONFIG_LINE(hexti->Line));
 612:Drivers/STM32G4xx_HAL_Driver/Src/stm32g4xx_hal_exti.c **** 
 613:Drivers/STM32G4xx_HAL_Driver/Src/stm32g4xx_hal_exti.c ****   /* compute line register offset */
 614:Drivers/STM32G4xx_HAL_Driver/Src/stm32g4xx_hal_exti.c ****   offset = ((hexti->Line & EXTI_REG_MASK) >> EXTI_REG_SHIFT);
 740              		.loc 1 614 0
 741 0000 0368     		ldr	r3, [r0]
 742              	.LVL114:
 615:Drivers/STM32G4xx_HAL_Driver/Src/stm32g4xx_hal_exti.c ****   /* compute line mask */
 616:Drivers/STM32G4xx_HAL_Driver/Src/stm32g4xx_hal_exti.c ****   maskline = (1uL << (hexti->Line & EXTI_PIN_MASK));
 743              		.loc 1 616 0
 744 0002 0122     		movs	r2, #1
 745 0004 03F01F01 		and	r1, r3, #31
 614:Drivers/STM32G4xx_HAL_Driver/Src/stm32g4xx_hal_exti.c ****   /* compute line mask */
 746              		.loc 1 614 0
 747 0008 C3F30043 		ubfx	r3, r3, #16, #1
 748              	.LVL115:
 749              		.loc 1 616 0
 750 000c 8A40     		lsls	r2, r2, r1
 751              	.LVL116:
 617:Drivers/STM32G4xx_HAL_Driver/Src/stm32g4xx_hal_exti.c **** 
 618:Drivers/STM32G4xx_HAL_Driver/Src/stm32g4xx_hal_exti.c ****   regaddr = (&EXTI->SWIER1 + (EXTI_CONFIG_OFFSET * offset));
 752              		.loc 1 618 0
 753 000e 5B01     		lsls	r3, r3, #5
 754 0010 0149     		ldr	r1, .L73
 755              	.LVL117:
 619:Drivers/STM32G4xx_HAL_Driver/Src/stm32g4xx_hal_exti.c ****   *regaddr = maskline;
 756              		.loc 1 619 0
 757 0012 5A50     		str	r2, [r3, r1]
 758              	.LVL118:
 620:Drivers/STM32G4xx_HAL_Driver/Src/stm32g4xx_hal_exti.c **** }
 759              		.loc 1 620 0
 760 0014 7047     		bx	lr
 761              	.L74:
 762 0016 00BF     		.align	2
 763              	.L73:
 764 0018 10040140 		.word	1073808400
 765              		.cfi_endproc
 766              	.LFE337:
 768              		.text
 769              	.Letext0:
 770              		.file 2 "c:\\program files (x86)\\gnu tools arm embedded\\7 2018-q2-update\\arm-none-eabi\\include
 771              		.file 3 "c:\\program files (x86)\\gnu tools arm embedded\\7 2018-q2-update\\arm-none-eabi\\include
 772              		.file 4 "Drivers/CMSIS/Include/core_cm4.h"
ARM GAS  C:\Users\82057\AppData\Local\Temp\cc3Yoa6X.s 			page 26


 773              		.file 5 "Drivers/CMSIS/Device/ST/STM32G4xx/Include/system_stm32g4xx.h"
 774              		.file 6 "Drivers/CMSIS/Device/ST/STM32G4xx/Include/stm32g431xx.h"
 775              		.file 7 "Drivers/STM32G4xx_HAL_Driver/Inc/stm32g4xx_hal_def.h"
 776              		.file 8 "Drivers/STM32G4xx_HAL_Driver/Inc/stm32g4xx_hal_exti.h"
 777              		.file 9 "Drivers/STM32G4xx_HAL_Driver/Inc/stm32g4xx_hal_flash.h"
 778              		.file 10 "Drivers/STM32G4xx_HAL_Driver/Inc/stm32g4xx_hal_uart.h"
 779              		.file 11 "Drivers/STM32G4xx_HAL_Driver/Inc/stm32g4xx_hal.h"
ARM GAS  C:\Users\82057\AppData\Local\Temp\cc3Yoa6X.s 			page 27


DEFINED SYMBOLS
                            *ABS*:00000000 stm32g4xx_hal_exti.c
C:\Users\82057\AppData\Local\Temp\cc3Yoa6X.s:18     .text.HAL_EXTI_SetConfigLine:00000000 $t
C:\Users\82057\AppData\Local\Temp\cc3Yoa6X.s:25     .text.HAL_EXTI_SetConfigLine:00000000 HAL_EXTI_SetConfigLine
C:\Users\82057\AppData\Local\Temp\cc3Yoa6X.s:191    .text.HAL_EXTI_SetConfigLine:000000a8 $d
C:\Users\82057\AppData\Local\Temp\cc3Yoa6X.s:198    .text.HAL_EXTI_GetConfigLine:00000000 $t
C:\Users\82057\AppData\Local\Temp\cc3Yoa6X.s:205    .text.HAL_EXTI_GetConfigLine:00000000 HAL_EXTI_GetConfigLine
C:\Users\82057\AppData\Local\Temp\cc3Yoa6X.s:337    .text.HAL_EXTI_GetConfigLine:00000094 $d
C:\Users\82057\AppData\Local\Temp\cc3Yoa6X.s:345    .text.HAL_EXTI_ClearConfigLine:00000000 $t
C:\Users\82057\AppData\Local\Temp\cc3Yoa6X.s:352    .text.HAL_EXTI_ClearConfigLine:00000000 HAL_EXTI_ClearConfigLine
C:\Users\82057\AppData\Local\Temp\cc3Yoa6X.s:472    .text.HAL_EXTI_ClearConfigLine:0000007c $d
C:\Users\82057\AppData\Local\Temp\cc3Yoa6X.s:478    .text.HAL_EXTI_RegisterCallback:00000000 $t
C:\Users\82057\AppData\Local\Temp\cc3Yoa6X.s:485    .text.HAL_EXTI_RegisterCallback:00000000 HAL_EXTI_RegisterCallback
C:\Users\82057\AppData\Local\Temp\cc3Yoa6X.s:517    .text.HAL_EXTI_GetHandle:00000000 $t
C:\Users\82057\AppData\Local\Temp\cc3Yoa6X.s:524    .text.HAL_EXTI_GetHandle:00000000 HAL_EXTI_GetHandle
C:\Users\82057\AppData\Local\Temp\cc3Yoa6X.s:551    .text.HAL_EXTI_IRQHandler:00000000 $t
C:\Users\82057\AppData\Local\Temp\cc3Yoa6X.s:558    .text.HAL_EXTI_IRQHandler:00000000 HAL_EXTI_IRQHandler
C:\Users\82057\AppData\Local\Temp\cc3Yoa6X.s:623    .text.HAL_EXTI_IRQHandler:0000002c $d
C:\Users\82057\AppData\Local\Temp\cc3Yoa6X.s:628    .text.HAL_EXTI_GetPending:00000000 $t
C:\Users\82057\AppData\Local\Temp\cc3Yoa6X.s:635    .text.HAL_EXTI_GetPending:00000000 HAL_EXTI_GetPending
C:\Users\82057\AppData\Local\Temp\cc3Yoa6X.s:675    .text.HAL_EXTI_GetPending:0000001c $d
C:\Users\82057\AppData\Local\Temp\cc3Yoa6X.s:680    .text.HAL_EXTI_ClearPending:00000000 $t
C:\Users\82057\AppData\Local\Temp\cc3Yoa6X.s:687    .text.HAL_EXTI_ClearPending:00000000 HAL_EXTI_ClearPending
C:\Users\82057\AppData\Local\Temp\cc3Yoa6X.s:720    .text.HAL_EXTI_ClearPending:00000018 $d
C:\Users\82057\AppData\Local\Temp\cc3Yoa6X.s:725    .text.HAL_EXTI_GenerateSWI:00000000 $t
C:\Users\82057\AppData\Local\Temp\cc3Yoa6X.s:732    .text.HAL_EXTI_GenerateSWI:00000000 HAL_EXTI_GenerateSWI
C:\Users\82057\AppData\Local\Temp\cc3Yoa6X.s:764    .text.HAL_EXTI_GenerateSWI:00000018 $d

NO UNDEFINED SYMBOLS
