ARM GAS  C:\Users\82057\AppData\Local\Temp\cca2gc8S.s 			page 1


   1              		.cpu cortex-m4
   2              		.eabi_attribute 27, 1
   3              		.eabi_attribute 28, 1
   4              		.eabi_attribute 20, 1
   5              		.eabi_attribute 21, 1
   6              		.eabi_attribute 23, 3
   7              		.eabi_attribute 24, 1
   8              		.eabi_attribute 25, 1
   9              		.eabi_attribute 26, 1
  10              		.eabi_attribute 30, 1
  11              		.eabi_attribute 34, 1
  12              		.eabi_attribute 18, 4
  13              		.file	"stm32g4xx_it.c"
  14              		.text
  15              	.Ltext0:
  16              		.cfi_sections	.debug_frame
  17              		.section	.text.NMI_Handler,"ax",%progbits
  18              		.align	1
  19              		.global	NMI_Handler
  20              		.syntax unified
  21              		.thumb
  22              		.thumb_func
  23              		.fpu fpv4-sp-d16
  25              	NMI_Handler:
  26              	.LFB329:
  27              		.file 1 "Src/stm32g4xx_it.c"
   1:Src/stm32g4xx_it.c **** /* USER CODE BEGIN Header */
   2:Src/stm32g4xx_it.c **** /**
   3:Src/stm32g4xx_it.c ****   ******************************************************************************
   4:Src/stm32g4xx_it.c ****   * @file    stm32g4xx_it.c
   5:Src/stm32g4xx_it.c ****   * @brief   Interrupt Service Routines.
   6:Src/stm32g4xx_it.c ****   ******************************************************************************
   7:Src/stm32g4xx_it.c ****   * @attention
   8:Src/stm32g4xx_it.c ****   *
   9:Src/stm32g4xx_it.c ****   * <h2><center>&copy; Copyright (c) 2023 STMicroelectronics.
  10:Src/stm32g4xx_it.c ****   * All rights reserved.</center></h2>
  11:Src/stm32g4xx_it.c ****   *
  12:Src/stm32g4xx_it.c ****   * This software component is licensed by ST under BSD 3-Clause license,
  13:Src/stm32g4xx_it.c ****   * the "License"; You may not use this file except in compliance with the
  14:Src/stm32g4xx_it.c ****   * License. You may obtain a copy of the License at:
  15:Src/stm32g4xx_it.c ****   *                        opensource.org/licenses/BSD-3-Clause
  16:Src/stm32g4xx_it.c ****   *
  17:Src/stm32g4xx_it.c ****   ******************************************************************************
  18:Src/stm32g4xx_it.c ****   */
  19:Src/stm32g4xx_it.c **** /* USER CODE END Header */
  20:Src/stm32g4xx_it.c **** 
  21:Src/stm32g4xx_it.c **** /* Includes ------------------------------------------------------------------*/
  22:Src/stm32g4xx_it.c **** #include "main.h"
  23:Src/stm32g4xx_it.c **** #include "stm32g4xx_it.h"
  24:Src/stm32g4xx_it.c **** /* Private includes ----------------------------------------------------------*/
  25:Src/stm32g4xx_it.c **** /* USER CODE BEGIN Includes */
  26:Src/stm32g4xx_it.c **** /* USER CODE END Includes */
  27:Src/stm32g4xx_it.c **** 
  28:Src/stm32g4xx_it.c **** /* Private typedef -----------------------------------------------------------*/
  29:Src/stm32g4xx_it.c **** /* USER CODE BEGIN TD */
  30:Src/stm32g4xx_it.c **** 
  31:Src/stm32g4xx_it.c **** /* USER CODE END TD */
ARM GAS  C:\Users\82057\AppData\Local\Temp\cca2gc8S.s 			page 2


  32:Src/stm32g4xx_it.c **** 
  33:Src/stm32g4xx_it.c **** /* Private define ------------------------------------------------------------*/
  34:Src/stm32g4xx_it.c **** /* USER CODE BEGIN PD */
  35:Src/stm32g4xx_it.c **** 
  36:Src/stm32g4xx_it.c **** /* USER CODE END PD */
  37:Src/stm32g4xx_it.c **** 
  38:Src/stm32g4xx_it.c **** /* Private macro -------------------------------------------------------------*/
  39:Src/stm32g4xx_it.c **** /* USER CODE BEGIN PM */
  40:Src/stm32g4xx_it.c **** 
  41:Src/stm32g4xx_it.c **** /* USER CODE END PM */
  42:Src/stm32g4xx_it.c **** 
  43:Src/stm32g4xx_it.c **** /* Private variables ---------------------------------------------------------*/
  44:Src/stm32g4xx_it.c **** /* USER CODE BEGIN PV */
  45:Src/stm32g4xx_it.c **** 
  46:Src/stm32g4xx_it.c **** /* USER CODE END PV */
  47:Src/stm32g4xx_it.c **** 
  48:Src/stm32g4xx_it.c **** /* Private function prototypes -----------------------------------------------*/
  49:Src/stm32g4xx_it.c **** /* USER CODE BEGIN PFP */
  50:Src/stm32g4xx_it.c **** 
  51:Src/stm32g4xx_it.c **** /* USER CODE END PFP */
  52:Src/stm32g4xx_it.c **** 
  53:Src/stm32g4xx_it.c **** /* Private user code ---------------------------------------------------------*/
  54:Src/stm32g4xx_it.c **** /* USER CODE BEGIN 0 */
  55:Src/stm32g4xx_it.c **** 
  56:Src/stm32g4xx_it.c **** /* USER CODE END 0 */
  57:Src/stm32g4xx_it.c **** 
  58:Src/stm32g4xx_it.c **** /* External variables --------------------------------------------------------*/
  59:Src/stm32g4xx_it.c **** extern ADC_HandleTypeDef hadc1;
  60:Src/stm32g4xx_it.c **** extern ADC_HandleTypeDef hadc2;
  61:Src/stm32g4xx_it.c **** extern DMA_HandleTypeDef hdma_usart1_rx;
  62:Src/stm32g4xx_it.c **** extern DMA_HandleTypeDef hdma_usart1_tx;
  63:Src/stm32g4xx_it.c **** extern UART_HandleTypeDef huart1;
  64:Src/stm32g4xx_it.c **** /* USER CODE BEGIN EV */
  65:Src/stm32g4xx_it.c **** 
  66:Src/stm32g4xx_it.c **** /* USER CODE END EV */
  67:Src/stm32g4xx_it.c **** 
  68:Src/stm32g4xx_it.c **** /******************************************************************************/
  69:Src/stm32g4xx_it.c **** /*           Cortex-M4 Processor Interruption and Exception Handlers          */
  70:Src/stm32g4xx_it.c **** /******************************************************************************/
  71:Src/stm32g4xx_it.c **** /**
  72:Src/stm32g4xx_it.c ****   * @brief This function handles Non maskable interrupt.
  73:Src/stm32g4xx_it.c ****   */
  74:Src/stm32g4xx_it.c **** void NMI_Handler(void)
  75:Src/stm32g4xx_it.c **** {
  28              		.loc 1 75 0
  29              		.cfi_startproc
  30              		@ Volatile: function does not return.
  31              		@ args = 0, pretend = 0, frame = 0
  32              		@ frame_needed = 0, uses_anonymous_args = 0
  33              		@ link register save eliminated.
  34              	.L2:
  35 0000 FEE7     		b	.L2
  36              		.cfi_endproc
  37              	.LFE329:
  39              		.section	.text.HardFault_Handler,"ax",%progbits
  40              		.align	1
  41              		.global	HardFault_Handler
ARM GAS  C:\Users\82057\AppData\Local\Temp\cca2gc8S.s 			page 3


  42              		.syntax unified
  43              		.thumb
  44              		.thumb_func
  45              		.fpu fpv4-sp-d16
  47              	HardFault_Handler:
  48              	.LFB330:
  76:Src/stm32g4xx_it.c ****   /* USER CODE BEGIN NonMaskableInt_IRQn 0 */
  77:Src/stm32g4xx_it.c **** 
  78:Src/stm32g4xx_it.c ****   /* USER CODE END NonMaskableInt_IRQn 0 */
  79:Src/stm32g4xx_it.c ****   /* USER CODE BEGIN NonMaskableInt_IRQn 1 */
  80:Src/stm32g4xx_it.c ****   while (1)
  81:Src/stm32g4xx_it.c ****   {
  82:Src/stm32g4xx_it.c ****   }
  83:Src/stm32g4xx_it.c ****   /* USER CODE END NonMaskableInt_IRQn 1 */
  84:Src/stm32g4xx_it.c **** }
  85:Src/stm32g4xx_it.c **** 
  86:Src/stm32g4xx_it.c **** /**
  87:Src/stm32g4xx_it.c ****   * @brief This function handles Hard fault interrupt.
  88:Src/stm32g4xx_it.c ****   */
  89:Src/stm32g4xx_it.c **** void HardFault_Handler(void)
  90:Src/stm32g4xx_it.c **** {
  49              		.loc 1 90 0
  50              		.cfi_startproc
  51              		@ Volatile: function does not return.
  52              		@ args = 0, pretend = 0, frame = 0
  53              		@ frame_needed = 0, uses_anonymous_args = 0
  54              		@ link register save eliminated.
  55              	.L4:
  56 0000 FEE7     		b	.L4
  57              		.cfi_endproc
  58              	.LFE330:
  60              		.section	.text.MemManage_Handler,"ax",%progbits
  61              		.align	1
  62              		.global	MemManage_Handler
  63              		.syntax unified
  64              		.thumb
  65              		.thumb_func
  66              		.fpu fpv4-sp-d16
  68              	MemManage_Handler:
  69              	.LFB331:
  91:Src/stm32g4xx_it.c ****   /* USER CODE BEGIN HardFault_IRQn 0 */
  92:Src/stm32g4xx_it.c **** 
  93:Src/stm32g4xx_it.c ****   /* USER CODE END HardFault_IRQn 0 */
  94:Src/stm32g4xx_it.c ****   while (1)
  95:Src/stm32g4xx_it.c ****   {
  96:Src/stm32g4xx_it.c ****     /* USER CODE BEGIN W1_HardFault_IRQn 0 */
  97:Src/stm32g4xx_it.c ****     /* USER CODE END W1_HardFault_IRQn 0 */
  98:Src/stm32g4xx_it.c ****   }
  99:Src/stm32g4xx_it.c **** }
 100:Src/stm32g4xx_it.c **** 
 101:Src/stm32g4xx_it.c **** /**
 102:Src/stm32g4xx_it.c ****   * @brief This function handles Memory management fault.
 103:Src/stm32g4xx_it.c ****   */
 104:Src/stm32g4xx_it.c **** void MemManage_Handler(void)
 105:Src/stm32g4xx_it.c **** {
  70              		.loc 1 105 0
  71              		.cfi_startproc
ARM GAS  C:\Users\82057\AppData\Local\Temp\cca2gc8S.s 			page 4


  72              		@ Volatile: function does not return.
  73              		@ args = 0, pretend = 0, frame = 0
  74              		@ frame_needed = 0, uses_anonymous_args = 0
  75              		@ link register save eliminated.
  76              	.L6:
  77 0000 FEE7     		b	.L6
  78              		.cfi_endproc
  79              	.LFE331:
  81              		.section	.text.BusFault_Handler,"ax",%progbits
  82              		.align	1
  83              		.global	BusFault_Handler
  84              		.syntax unified
  85              		.thumb
  86              		.thumb_func
  87              		.fpu fpv4-sp-d16
  89              	BusFault_Handler:
  90              	.LFB332:
 106:Src/stm32g4xx_it.c ****   /* USER CODE BEGIN MemoryManagement_IRQn 0 */
 107:Src/stm32g4xx_it.c **** 
 108:Src/stm32g4xx_it.c ****   /* USER CODE END MemoryManagement_IRQn 0 */
 109:Src/stm32g4xx_it.c ****   while (1)
 110:Src/stm32g4xx_it.c ****   {
 111:Src/stm32g4xx_it.c ****     /* USER CODE BEGIN W1_MemoryManagement_IRQn 0 */
 112:Src/stm32g4xx_it.c ****     /* USER CODE END W1_MemoryManagement_IRQn 0 */
 113:Src/stm32g4xx_it.c ****   }
 114:Src/stm32g4xx_it.c **** }
 115:Src/stm32g4xx_it.c **** 
 116:Src/stm32g4xx_it.c **** /**
 117:Src/stm32g4xx_it.c ****   * @brief This function handles Prefetch fault, memory access fault.
 118:Src/stm32g4xx_it.c ****   */
 119:Src/stm32g4xx_it.c **** void BusFault_Handler(void)
 120:Src/stm32g4xx_it.c **** {
  91              		.loc 1 120 0
  92              		.cfi_startproc
  93              		@ Volatile: function does not return.
  94              		@ args = 0, pretend = 0, frame = 0
  95              		@ frame_needed = 0, uses_anonymous_args = 0
  96              		@ link register save eliminated.
  97              	.L8:
  98 0000 FEE7     		b	.L8
  99              		.cfi_endproc
 100              	.LFE332:
 102              		.section	.text.UsageFault_Handler,"ax",%progbits
 103              		.align	1
 104              		.global	UsageFault_Handler
 105              		.syntax unified
 106              		.thumb
 107              		.thumb_func
 108              		.fpu fpv4-sp-d16
 110              	UsageFault_Handler:
 111              	.LFB333:
 121:Src/stm32g4xx_it.c ****   /* USER CODE BEGIN BusFault_IRQn 0 */
 122:Src/stm32g4xx_it.c **** 
 123:Src/stm32g4xx_it.c ****   /* USER CODE END BusFault_IRQn 0 */
 124:Src/stm32g4xx_it.c ****   while (1)
 125:Src/stm32g4xx_it.c ****   {
 126:Src/stm32g4xx_it.c ****     /* USER CODE BEGIN W1_BusFault_IRQn 0 */
ARM GAS  C:\Users\82057\AppData\Local\Temp\cca2gc8S.s 			page 5


 127:Src/stm32g4xx_it.c ****     /* USER CODE END W1_BusFault_IRQn 0 */
 128:Src/stm32g4xx_it.c ****   }
 129:Src/stm32g4xx_it.c **** }
 130:Src/stm32g4xx_it.c **** 
 131:Src/stm32g4xx_it.c **** /**
 132:Src/stm32g4xx_it.c ****   * @brief This function handles Undefined instruction or illegal state.
 133:Src/stm32g4xx_it.c ****   */
 134:Src/stm32g4xx_it.c **** void UsageFault_Handler(void)
 135:Src/stm32g4xx_it.c **** {
 112              		.loc 1 135 0
 113              		.cfi_startproc
 114              		@ Volatile: function does not return.
 115              		@ args = 0, pretend = 0, frame = 0
 116              		@ frame_needed = 0, uses_anonymous_args = 0
 117              		@ link register save eliminated.
 118              	.L10:
 119 0000 FEE7     		b	.L10
 120              		.cfi_endproc
 121              	.LFE333:
 123              		.section	.text.DebugMon_Handler,"ax",%progbits
 124              		.align	1
 125              		.global	DebugMon_Handler
 126              		.syntax unified
 127              		.thumb
 128              		.thumb_func
 129              		.fpu fpv4-sp-d16
 131              	DebugMon_Handler:
 132              	.LFB334:
 136:Src/stm32g4xx_it.c ****   /* USER CODE BEGIN UsageFault_IRQn 0 */
 137:Src/stm32g4xx_it.c **** 
 138:Src/stm32g4xx_it.c ****   /* USER CODE END UsageFault_IRQn 0 */
 139:Src/stm32g4xx_it.c ****   while (1)
 140:Src/stm32g4xx_it.c ****   {
 141:Src/stm32g4xx_it.c ****     /* USER CODE BEGIN W1_UsageFault_IRQn 0 */
 142:Src/stm32g4xx_it.c ****     /* USER CODE END W1_UsageFault_IRQn 0 */
 143:Src/stm32g4xx_it.c ****   }
 144:Src/stm32g4xx_it.c **** }
 145:Src/stm32g4xx_it.c **** 
 146:Src/stm32g4xx_it.c **** /**
 147:Src/stm32g4xx_it.c ****   * @brief This function handles System service call via SWI instruction.
 148:Src/stm32g4xx_it.c **** 
 149:Src/stm32g4xx_it.c **** /**
 150:Src/stm32g4xx_it.c ****   * @brief This function handles Debug monitor.
 151:Src/stm32g4xx_it.c ****   */
 152:Src/stm32g4xx_it.c **** void DebugMon_Handler(void)
 153:Src/stm32g4xx_it.c **** {
 133              		.loc 1 153 0
 134              		.cfi_startproc
 135              		@ args = 0, pretend = 0, frame = 0
 136              		@ frame_needed = 0, uses_anonymous_args = 0
 137              		@ link register save eliminated.
 154:Src/stm32g4xx_it.c ****   /* USER CODE BEGIN DebugMonitor_IRQn 0 */
 155:Src/stm32g4xx_it.c **** 
 156:Src/stm32g4xx_it.c ****   /* USER CODE END DebugMonitor_IRQn 0 */
 157:Src/stm32g4xx_it.c ****   /* USER CODE BEGIN DebugMonitor_IRQn 1 */
 158:Src/stm32g4xx_it.c **** 
 159:Src/stm32g4xx_it.c ****   /* USER CODE END DebugMonitor_IRQn 1 */
ARM GAS  C:\Users\82057\AppData\Local\Temp\cca2gc8S.s 			page 6


 160:Src/stm32g4xx_it.c **** }
 138              		.loc 1 160 0
 139 0000 7047     		bx	lr
 140              		.cfi_endproc
 141              	.LFE334:
 143              		.section	.text.SysTick_Handler,"ax",%progbits
 144              		.align	1
 145              		.global	SysTick_Handler
 146              		.syntax unified
 147              		.thumb
 148              		.thumb_func
 149              		.fpu fpv4-sp-d16
 151              	SysTick_Handler:
 152              	.LFB335:
 161:Src/stm32g4xx_it.c **** 
 162:Src/stm32g4xx_it.c **** /**
 163:Src/stm32g4xx_it.c ****   * @brief This function handles Pendable request for system service.
 164:Src/stm32g4xx_it.c ****   */
 165:Src/stm32g4xx_it.c **** 
 166:Src/stm32g4xx_it.c **** /**
 167:Src/stm32g4xx_it.c ****   * @brief This function handles System tick timer.
 168:Src/stm32g4xx_it.c ****   */
 169:Src/stm32g4xx_it.c **** void SysTick_Handler(void)
 170:Src/stm32g4xx_it.c **** {
 153              		.loc 1 170 0
 154              		.cfi_startproc
 155              		@ args = 0, pretend = 0, frame = 0
 156              		@ frame_needed = 0, uses_anonymous_args = 0
 157 0000 08B5     		push	{r3, lr}
 158              	.LCFI0:
 159              		.cfi_def_cfa_offset 8
 160              		.cfi_offset 3, -8
 161              		.cfi_offset 14, -4
 171:Src/stm32g4xx_it.c ****   /* USER CODE BEGIN SysTick_IRQn 0 */
 172:Src/stm32g4xx_it.c **** 
 173:Src/stm32g4xx_it.c ****   /* USER CODE END SysTick_IRQn 0 */
 174:Src/stm32g4xx_it.c ****   HAL_IncTick();
 162              		.loc 1 174 0
 163 0002 FFF7FEFF 		bl	HAL_IncTick
 164              	.LVL0:
 175:Src/stm32g4xx_it.c ****   /* USER CODE BEGIN SysTick_IRQn 1 */
 176:Src/stm32g4xx_it.c **** 
 177:Src/stm32g4xx_it.c ****   /* USER CODE END SysTick_IRQn 1 */
 178:Src/stm32g4xx_it.c **** }
 165              		.loc 1 178 0
 166 0006 08BD     		pop	{r3, pc}
 167              		.cfi_endproc
 168              	.LFE335:
 170              		.section	.text.DMA1_Channel1_IRQHandler,"ax",%progbits
 171              		.align	1
 172              		.global	DMA1_Channel1_IRQHandler
 173              		.syntax unified
 174              		.thumb
 175              		.thumb_func
 176              		.fpu fpv4-sp-d16
 178              	DMA1_Channel1_IRQHandler:
 179              	.LFB336:
ARM GAS  C:\Users\82057\AppData\Local\Temp\cca2gc8S.s 			page 7


 179:Src/stm32g4xx_it.c **** 
 180:Src/stm32g4xx_it.c **** /******************************************************************************/
 181:Src/stm32g4xx_it.c **** /* STM32G4xx Peripheral Interrupt Handlers                                    */
 182:Src/stm32g4xx_it.c **** /* Add here the Interrupt Handlers for the used peripherals.                  */
 183:Src/stm32g4xx_it.c **** /* For the available peripheral interrupt handler names,                      */
 184:Src/stm32g4xx_it.c **** /* please refer to the startup file (startup_stm32g4xx.s).                    */
 185:Src/stm32g4xx_it.c **** /******************************************************************************/
 186:Src/stm32g4xx_it.c **** 
 187:Src/stm32g4xx_it.c **** /**
 188:Src/stm32g4xx_it.c ****   * @brief This function handles DMA1 channel1 global interrupt.
 189:Src/stm32g4xx_it.c ****   */
 190:Src/stm32g4xx_it.c **** void DMA1_Channel1_IRQHandler(void)
 191:Src/stm32g4xx_it.c **** {
 180              		.loc 1 191 0
 181              		.cfi_startproc
 182              		@ args = 0, pretend = 0, frame = 0
 183              		@ frame_needed = 0, uses_anonymous_args = 0
 184 0000 08B5     		push	{r3, lr}
 185              	.LCFI1:
 186              		.cfi_def_cfa_offset 8
 187              		.cfi_offset 3, -8
 188              		.cfi_offset 14, -4
 192:Src/stm32g4xx_it.c ****   /* USER CODE BEGIN DMA1_Channel1_IRQn 0 */
 193:Src/stm32g4xx_it.c **** 
 194:Src/stm32g4xx_it.c ****   /* USER CODE END DMA1_Channel1_IRQn 0 */
 195:Src/stm32g4xx_it.c ****   HAL_DMA_IRQHandler(&hdma_usart1_rx);
 189              		.loc 1 195 0
 190 0002 0248     		ldr	r0, .L16
 191 0004 FFF7FEFF 		bl	HAL_DMA_IRQHandler
 192              	.LVL1:
 196:Src/stm32g4xx_it.c ****   /* USER CODE BEGIN DMA1_Channel1_IRQn 1 */
 197:Src/stm32g4xx_it.c **** 
 198:Src/stm32g4xx_it.c ****   /* USER CODE END DMA1_Channel1_IRQn 1 */
 199:Src/stm32g4xx_it.c **** }
 193              		.loc 1 199 0
 194 0008 08BD     		pop	{r3, pc}
 195              	.L17:
 196 000a 00BF     		.align	2
 197              	.L16:
 198 000c 00000000 		.word	hdma_usart1_rx
 199              		.cfi_endproc
 200              	.LFE336:
 202              		.section	.text.USART1_IRQHandler,"ax",%progbits
 203              		.align	1
 204              		.global	USART1_IRQHandler
 205              		.syntax unified
 206              		.thumb
 207              		.thumb_func
 208              		.fpu fpv4-sp-d16
 210              	USART1_IRQHandler:
 211              	.LFB337:
 200:Src/stm32g4xx_it.c **** 
 201:Src/stm32g4xx_it.c **** /**
 202:Src/stm32g4xx_it.c ****   * @brief This function handles DMA1 channel2 global interrupt.
 203:Src/stm32g4xx_it.c ****   */
 204:Src/stm32g4xx_it.c **** 
 205:Src/stm32g4xx_it.c **** #if 0
ARM GAS  C:\Users\82057\AppData\Local\Temp\cca2gc8S.s 			page 8


 206:Src/stm32g4xx_it.c **** void DMA1_Channel2_IRQHandler(void)
 207:Src/stm32g4xx_it.c **** {
 208:Src/stm32g4xx_it.c ****   /* USER CODE BEGIN DMA1_Channel2_IRQn 0 */
 209:Src/stm32g4xx_it.c **** 
 210:Src/stm32g4xx_it.c ****   /* USER CODE END DMA1_Channel2_IRQn 0 */
 211:Src/stm32g4xx_it.c ****   HAL_DMA_IRQHandler(&hdma_usart1_tx);
 212:Src/stm32g4xx_it.c ****   /* USER CODE BEGIN DMA1_Channel2_IRQn 1 */
 213:Src/stm32g4xx_it.c **** 
 214:Src/stm32g4xx_it.c ****   /* USER CODE END DMA1_Channel2_IRQn 1 */
 215:Src/stm32g4xx_it.c **** }
 216:Src/stm32g4xx_it.c **** #endif
 217:Src/stm32g4xx_it.c **** 
 218:Src/stm32g4xx_it.c **** /**
 219:Src/stm32g4xx_it.c ****   * @brief This function handles USART1 global interrupt / USART1 wake-up interrupt through EXTI li
 220:Src/stm32g4xx_it.c ****   */
 221:Src/stm32g4xx_it.c **** void USART1_IRQHandler(void)
 222:Src/stm32g4xx_it.c **** {
 212              		.loc 1 222 0
 213              		.cfi_startproc
 214              		@ args = 0, pretend = 0, frame = 0
 215              		@ frame_needed = 0, uses_anonymous_args = 0
 216 0000 08B5     		push	{r3, lr}
 217              	.LCFI2:
 218              		.cfi_def_cfa_offset 8
 219              		.cfi_offset 3, -8
 220              		.cfi_offset 14, -4
 223:Src/stm32g4xx_it.c ****   /* USER CODE BEGIN USART1_IRQn 0 */
 224:Src/stm32g4xx_it.c **** 
 225:Src/stm32g4xx_it.c ****   /* USER CODE END USART1_IRQn 0 */
 226:Src/stm32g4xx_it.c ****   HAL_UART_IRQHandler(&huart1);
 221              		.loc 1 226 0
 222 0002 0248     		ldr	r0, .L20
 223 0004 FFF7FEFF 		bl	HAL_UART_IRQHandler
 224              	.LVL2:
 227:Src/stm32g4xx_it.c ****   /* USER CODE BEGIN USART1_IRQn 1 */
 228:Src/stm32g4xx_it.c **** 
 229:Src/stm32g4xx_it.c ****   /* USER CODE END USART1_IRQn 1 */
 230:Src/stm32g4xx_it.c **** }
 225              		.loc 1 230 0
 226 0008 08BD     		pop	{r3, pc}
 227              	.L21:
 228 000a 00BF     		.align	2
 229              	.L20:
 230 000c 00000000 		.word	huart1
 231              		.cfi_endproc
 232              	.LFE337:
 234              		.text
 235              	.Letext0:
 236              		.file 2 "c:\\program files (x86)\\gnu tools arm embedded\\7 2018-q2-update\\arm-none-eabi\\include
 237              		.file 3 "c:\\program files (x86)\\gnu tools arm embedded\\7 2018-q2-update\\arm-none-eabi\\include
 238              		.file 4 "Drivers/CMSIS/Include/core_cm4.h"
 239              		.file 5 "Drivers/CMSIS/Device/ST/STM32G4xx/Include/system_stm32g4xx.h"
 240              		.file 6 "Drivers/CMSIS/Device/ST/STM32G4xx/Include/stm32g431xx.h"
 241              		.file 7 "Drivers/CMSIS/Device/ST/STM32G4xx/Include/stm32g4xx.h"
 242              		.file 8 "Drivers/STM32G4xx_HAL_Driver/Inc/stm32g4xx_hal_def.h"
 243              		.file 9 "Drivers/STM32G4xx_HAL_Driver/Inc/stm32g4xx_hal_dma.h"
 244              		.file 10 "Drivers/STM32G4xx_HAL_Driver/Inc/stm32g4xx_hal_adc.h"
ARM GAS  C:\Users\82057\AppData\Local\Temp\cca2gc8S.s 			page 9


 245              		.file 11 "Drivers/STM32G4xx_HAL_Driver/Inc/stm32g4xx_hal_flash.h"
 246              		.file 12 "Drivers/STM32G4xx_HAL_Driver/Inc/stm32g4xx_hal_uart.h"
 247              		.file 13 "Drivers/STM32G4xx_HAL_Driver/Inc/stm32g4xx_hal.h"
ARM GAS  C:\Users\82057\AppData\Local\Temp\cca2gc8S.s 			page 10


DEFINED SYMBOLS
                            *ABS*:00000000 stm32g4xx_it.c
C:\Users\82057\AppData\Local\Temp\cca2gc8S.s:18     .text.NMI_Handler:00000000 $t
C:\Users\82057\AppData\Local\Temp\cca2gc8S.s:25     .text.NMI_Handler:00000000 NMI_Handler
C:\Users\82057\AppData\Local\Temp\cca2gc8S.s:40     .text.HardFault_Handler:00000000 $t
C:\Users\82057\AppData\Local\Temp\cca2gc8S.s:47     .text.HardFault_Handler:00000000 HardFault_Handler
C:\Users\82057\AppData\Local\Temp\cca2gc8S.s:61     .text.MemManage_Handler:00000000 $t
C:\Users\82057\AppData\Local\Temp\cca2gc8S.s:68     .text.MemManage_Handler:00000000 MemManage_Handler
C:\Users\82057\AppData\Local\Temp\cca2gc8S.s:82     .text.BusFault_Handler:00000000 $t
C:\Users\82057\AppData\Local\Temp\cca2gc8S.s:89     .text.BusFault_Handler:00000000 BusFault_Handler
C:\Users\82057\AppData\Local\Temp\cca2gc8S.s:103    .text.UsageFault_Handler:00000000 $t
C:\Users\82057\AppData\Local\Temp\cca2gc8S.s:110    .text.UsageFault_Handler:00000000 UsageFault_Handler
C:\Users\82057\AppData\Local\Temp\cca2gc8S.s:124    .text.DebugMon_Handler:00000000 $t
C:\Users\82057\AppData\Local\Temp\cca2gc8S.s:131    .text.DebugMon_Handler:00000000 DebugMon_Handler
C:\Users\82057\AppData\Local\Temp\cca2gc8S.s:144    .text.SysTick_Handler:00000000 $t
C:\Users\82057\AppData\Local\Temp\cca2gc8S.s:151    .text.SysTick_Handler:00000000 SysTick_Handler
C:\Users\82057\AppData\Local\Temp\cca2gc8S.s:171    .text.DMA1_Channel1_IRQHandler:00000000 $t
C:\Users\82057\AppData\Local\Temp\cca2gc8S.s:178    .text.DMA1_Channel1_IRQHandler:00000000 DMA1_Channel1_IRQHandler
C:\Users\82057\AppData\Local\Temp\cca2gc8S.s:198    .text.DMA1_Channel1_IRQHandler:0000000c $d
C:\Users\82057\AppData\Local\Temp\cca2gc8S.s:203    .text.USART1_IRQHandler:00000000 $t
C:\Users\82057\AppData\Local\Temp\cca2gc8S.s:210    .text.USART1_IRQHandler:00000000 USART1_IRQHandler
C:\Users\82057\AppData\Local\Temp\cca2gc8S.s:230    .text.USART1_IRQHandler:0000000c $d

UNDEFINED SYMBOLS
HAL_IncTick
HAL_DMA_IRQHandler
hdma_usart1_rx
HAL_UART_IRQHandler
huart1
