ARM GAS  C:\Users\82057\AppData\Local\Temp\ccHy1HlB.s 			page 1


   1              		.cpu cortex-m4
   2              		.eabi_attribute 27, 1
   3              		.eabi_attribute 28, 1
   4              		.eabi_attribute 20, 1
   5              		.eabi_attribute 21, 1
   6              		.eabi_attribute 23, 3
   7              		.eabi_attribute 24, 1
   8              		.eabi_attribute 25, 1
   9              		.eabi_attribute 26, 1
  10              		.eabi_attribute 30, 1
  11              		.eabi_attribute 34, 1
  12              		.eabi_attribute 18, 4
  13              		.file	"stm32g4xx_hal_msp.c"
  14              		.text
  15              	.Ltext0:
  16              		.cfi_sections	.debug_frame
  17              		.section	.text.HAL_MspInit,"ax",%progbits
  18              		.align	1
  19              		.global	HAL_MspInit
  20              		.syntax unified
  21              		.thumb
  22              		.thumb_func
  23              		.fpu fpv4-sp-d16
  25              	HAL_MspInit:
  26              	.LFB329:
  27              		.file 1 "Src/stm32g4xx_hal_msp.c"
   1:Src/stm32g4xx_hal_msp.c **** /* USER CODE BEGIN Header */
   2:Src/stm32g4xx_hal_msp.c **** /**
   3:Src/stm32g4xx_hal_msp.c ****   ******************************************************************************
   4:Src/stm32g4xx_hal_msp.c ****   * @file         stm32g4xx_hal_msp.c
   5:Src/stm32g4xx_hal_msp.c ****   * @brief        This file provides code for the MSP Initialization
   6:Src/stm32g4xx_hal_msp.c ****   *               and de-Initialization codes.
   7:Src/stm32g4xx_hal_msp.c ****   ******************************************************************************
   8:Src/stm32g4xx_hal_msp.c ****   * @attention
   9:Src/stm32g4xx_hal_msp.c ****   *
  10:Src/stm32g4xx_hal_msp.c ****   * <h2><center>&copy; Copyright (c) 2023 STMicroelectronics.
  11:Src/stm32g4xx_hal_msp.c ****   * All rights reserved.</center></h2>
  12:Src/stm32g4xx_hal_msp.c ****   *
  13:Src/stm32g4xx_hal_msp.c ****   * This software component is licensed by ST under BSD 3-Clause license,
  14:Src/stm32g4xx_hal_msp.c ****   * the "License"; You may not use this file except in compliance with the
  15:Src/stm32g4xx_hal_msp.c ****   * License. You may obtain a copy of the License at:
  16:Src/stm32g4xx_hal_msp.c ****   *                        opensource.org/licenses/BSD-3-Clause
  17:Src/stm32g4xx_hal_msp.c ****   *
  18:Src/stm32g4xx_hal_msp.c ****   ******************************************************************************
  19:Src/stm32g4xx_hal_msp.c ****   */
  20:Src/stm32g4xx_hal_msp.c **** /* USER CODE END Header */
  21:Src/stm32g4xx_hal_msp.c **** 
  22:Src/stm32g4xx_hal_msp.c **** /* Includes ------------------------------------------------------------------*/
  23:Src/stm32g4xx_hal_msp.c **** #include "main.h"
  24:Src/stm32g4xx_hal_msp.c **** /* USER CODE BEGIN Includes */
  25:Src/stm32g4xx_hal_msp.c **** 
  26:Src/stm32g4xx_hal_msp.c **** /* USER CODE END Includes */
  27:Src/stm32g4xx_hal_msp.c **** extern DMA_HandleTypeDef hdma_usart1_rx;
  28:Src/stm32g4xx_hal_msp.c **** 
  29:Src/stm32g4xx_hal_msp.c **** extern DMA_HandleTypeDef hdma_usart1_tx;
  30:Src/stm32g4xx_hal_msp.c **** 
  31:Src/stm32g4xx_hal_msp.c **** /* Private typedef -----------------------------------------------------------*/
ARM GAS  C:\Users\82057\AppData\Local\Temp\ccHy1HlB.s 			page 2


  32:Src/stm32g4xx_hal_msp.c **** /* USER CODE BEGIN TD */
  33:Src/stm32g4xx_hal_msp.c **** 
  34:Src/stm32g4xx_hal_msp.c **** /* USER CODE END TD */
  35:Src/stm32g4xx_hal_msp.c **** 
  36:Src/stm32g4xx_hal_msp.c **** /* Private define ------------------------------------------------------------*/
  37:Src/stm32g4xx_hal_msp.c **** /* USER CODE BEGIN Define */
  38:Src/stm32g4xx_hal_msp.c **** 
  39:Src/stm32g4xx_hal_msp.c **** /* USER CODE END Define */
  40:Src/stm32g4xx_hal_msp.c **** 
  41:Src/stm32g4xx_hal_msp.c **** /* Private macro -------------------------------------------------------------*/
  42:Src/stm32g4xx_hal_msp.c **** /* USER CODE BEGIN Macro */
  43:Src/stm32g4xx_hal_msp.c **** 
  44:Src/stm32g4xx_hal_msp.c **** /* USER CODE END Macro */
  45:Src/stm32g4xx_hal_msp.c **** 
  46:Src/stm32g4xx_hal_msp.c **** /* Private variables ---------------------------------------------------------*/
  47:Src/stm32g4xx_hal_msp.c **** /* USER CODE BEGIN PV */
  48:Src/stm32g4xx_hal_msp.c **** 
  49:Src/stm32g4xx_hal_msp.c **** /* USER CODE END PV */
  50:Src/stm32g4xx_hal_msp.c **** 
  51:Src/stm32g4xx_hal_msp.c **** /* Private function prototypes -----------------------------------------------*/
  52:Src/stm32g4xx_hal_msp.c **** /* USER CODE BEGIN PFP */
  53:Src/stm32g4xx_hal_msp.c **** 
  54:Src/stm32g4xx_hal_msp.c **** /* USER CODE END PFP */
  55:Src/stm32g4xx_hal_msp.c **** 
  56:Src/stm32g4xx_hal_msp.c **** /* External functions --------------------------------------------------------*/
  57:Src/stm32g4xx_hal_msp.c **** /* USER CODE BEGIN ExternalFunctions */
  58:Src/stm32g4xx_hal_msp.c **** 
  59:Src/stm32g4xx_hal_msp.c **** /* USER CODE END ExternalFunctions */
  60:Src/stm32g4xx_hal_msp.c **** 
  61:Src/stm32g4xx_hal_msp.c **** /* USER CODE BEGIN 0 */
  62:Src/stm32g4xx_hal_msp.c **** 
  63:Src/stm32g4xx_hal_msp.c **** /* USER CODE END 0 */
  64:Src/stm32g4xx_hal_msp.c **** 
  65:Src/stm32g4xx_hal_msp.c **** void HAL_TIM_MspPostInit(TIM_HandleTypeDef *htim);
  66:Src/stm32g4xx_hal_msp.c ****                     /**
  67:Src/stm32g4xx_hal_msp.c ****   * Initializes the Global MSP.
  68:Src/stm32g4xx_hal_msp.c ****   */
  69:Src/stm32g4xx_hal_msp.c **** void HAL_MspInit(void)
  70:Src/stm32g4xx_hal_msp.c **** {
  28              		.loc 1 70 0
  29              		.cfi_startproc
  30              		@ args = 0, pretend = 0, frame = 8
  31              		@ frame_needed = 0, uses_anonymous_args = 0
  32 0000 00B5     		push	{lr}
  33              	.LCFI0:
  34              		.cfi_def_cfa_offset 4
  35              		.cfi_offset 14, -4
  36 0002 83B0     		sub	sp, sp, #12
  37              	.LCFI1:
  38              		.cfi_def_cfa_offset 16
  39              	.LBB2:
  71:Src/stm32g4xx_hal_msp.c ****   /* USER CODE BEGIN MspInit 0 */
  72:Src/stm32g4xx_hal_msp.c **** 
  73:Src/stm32g4xx_hal_msp.c ****   /* USER CODE END MspInit 0 */
  74:Src/stm32g4xx_hal_msp.c **** 
  75:Src/stm32g4xx_hal_msp.c ****   __HAL_RCC_SYSCFG_CLK_ENABLE();
  40              		.loc 1 75 0
ARM GAS  C:\Users\82057\AppData\Local\Temp\ccHy1HlB.s 			page 3


  41 0004 0B4B     		ldr	r3, .L3
  42 0006 1A6E     		ldr	r2, [r3, #96]
  43 0008 42F00102 		orr	r2, r2, #1
  44 000c 1A66     		str	r2, [r3, #96]
  45 000e 1A6E     		ldr	r2, [r3, #96]
  46 0010 02F00102 		and	r2, r2, #1
  47 0014 0092     		str	r2, [sp]
  48 0016 009A     		ldr	r2, [sp]
  49              	.LBE2:
  50              	.LBB3:
  76:Src/stm32g4xx_hal_msp.c ****   __HAL_RCC_PWR_CLK_ENABLE();
  51              		.loc 1 76 0
  52 0018 9A6D     		ldr	r2, [r3, #88]
  53 001a 42F08052 		orr	r2, r2, #268435456
  54 001e 9A65     		str	r2, [r3, #88]
  55 0020 9B6D     		ldr	r3, [r3, #88]
  56 0022 03F08053 		and	r3, r3, #268435456
  57 0026 0193     		str	r3, [sp, #4]
  58 0028 019B     		ldr	r3, [sp, #4]
  59              	.LBE3:
  77:Src/stm32g4xx_hal_msp.c **** 
  78:Src/stm32g4xx_hal_msp.c ****   /* System interrupt init*/
  79:Src/stm32g4xx_hal_msp.c **** 
  80:Src/stm32g4xx_hal_msp.c ****   /** Disable the internal Pull-Up in Dead Battery pins of UCPD peripheral
  81:Src/stm32g4xx_hal_msp.c ****   */
  82:Src/stm32g4xx_hal_msp.c ****   HAL_PWREx_DisableUCPDDeadBattery();
  60              		.loc 1 82 0
  61 002a FFF7FEFF 		bl	HAL_PWREx_DisableUCPDDeadBattery
  62              	.LVL0:
  83:Src/stm32g4xx_hal_msp.c **** 
  84:Src/stm32g4xx_hal_msp.c ****   /* USER CODE BEGIN MspInit 1 */
  85:Src/stm32g4xx_hal_msp.c **** 
  86:Src/stm32g4xx_hal_msp.c ****   /* USER CODE END MspInit 1 */
  87:Src/stm32g4xx_hal_msp.c **** }
  63              		.loc 1 87 0
  64 002e 03B0     		add	sp, sp, #12
  65              	.LCFI2:
  66              		.cfi_def_cfa_offset 4
  67              		@ sp needed
  68 0030 5DF804FB 		ldr	pc, [sp], #4
  69              	.L4:
  70              		.align	2
  71              	.L3:
  72 0034 00100240 		.word	1073876992
  73              		.cfi_endproc
  74              	.LFE329:
  76              		.section	.text.HAL_ADC_MspInit,"ax",%progbits
  77              		.align	1
  78              		.global	HAL_ADC_MspInit
  79              		.syntax unified
  80              		.thumb
  81              		.thumb_func
  82              		.fpu fpv4-sp-d16
  84              	HAL_ADC_MspInit:
  85              	.LFB330:
  88:Src/stm32g4xx_hal_msp.c **** 
  89:Src/stm32g4xx_hal_msp.c **** static uint32_t HAL_RCC_ADC12_CLK_ENABLED=0;
ARM GAS  C:\Users\82057\AppData\Local\Temp\ccHy1HlB.s 			page 4


  90:Src/stm32g4xx_hal_msp.c **** 
  91:Src/stm32g4xx_hal_msp.c **** /**
  92:Src/stm32g4xx_hal_msp.c **** * @brief ADC MSP Initialization
  93:Src/stm32g4xx_hal_msp.c **** * This function configures the hardware resources used in this example
  94:Src/stm32g4xx_hal_msp.c **** * @param hadc: ADC handle pointer
  95:Src/stm32g4xx_hal_msp.c **** * @retval None
  96:Src/stm32g4xx_hal_msp.c **** */
  97:Src/stm32g4xx_hal_msp.c **** void HAL_ADC_MspInit(ADC_HandleTypeDef* hadc)
  98:Src/stm32g4xx_hal_msp.c **** {
  86              		.loc 1 98 0
  87              		.cfi_startproc
  88              		@ args = 0, pretend = 0, frame = 40
  89              		@ frame_needed = 0, uses_anonymous_args = 0
  90              	.LVL1:
  91 0000 00B5     		push	{lr}
  92              	.LCFI3:
  93              		.cfi_def_cfa_offset 4
  94              		.cfi_offset 14, -4
  95 0002 8BB0     		sub	sp, sp, #44
  96              	.LCFI4:
  97              		.cfi_def_cfa_offset 48
  99:Src/stm32g4xx_hal_msp.c ****   GPIO_InitTypeDef GPIO_InitStruct = {0};
  98              		.loc 1 99 0
  99 0004 0023     		movs	r3, #0
 100 0006 0593     		str	r3, [sp, #20]
 101 0008 0693     		str	r3, [sp, #24]
 102 000a 0793     		str	r3, [sp, #28]
 103 000c 0893     		str	r3, [sp, #32]
 104 000e 0993     		str	r3, [sp, #36]
 100:Src/stm32g4xx_hal_msp.c ****   if(hadc->Instance==ADC1)
 105              		.loc 1 100 0
 106 0010 0368     		ldr	r3, [r0]
 107 0012 B3F1A04F 		cmp	r3, #1342177280
 108 0016 05D0     		beq	.L11
 101:Src/stm32g4xx_hal_msp.c ****   {
 102:Src/stm32g4xx_hal_msp.c ****   /* USER CODE BEGIN ADC1_MspInit 0 */
 103:Src/stm32g4xx_hal_msp.c **** 
 104:Src/stm32g4xx_hal_msp.c ****   /* USER CODE END ADC1_MspInit 0 */
 105:Src/stm32g4xx_hal_msp.c ****     /* Peripheral clock enable */
 106:Src/stm32g4xx_hal_msp.c ****     HAL_RCC_ADC12_CLK_ENABLED++;
 107:Src/stm32g4xx_hal_msp.c ****     if(HAL_RCC_ADC12_CLK_ENABLED==1){
 108:Src/stm32g4xx_hal_msp.c ****       __HAL_RCC_ADC12_CLK_ENABLE();
 109:Src/stm32g4xx_hal_msp.c ****     }
 110:Src/stm32g4xx_hal_msp.c **** 
 111:Src/stm32g4xx_hal_msp.c ****     __HAL_RCC_GPIOA_CLK_ENABLE();
 112:Src/stm32g4xx_hal_msp.c ****     /**ADC1 GPIO Configuration
 113:Src/stm32g4xx_hal_msp.c ****     PA0     ------> ADC1_IN1
 114:Src/stm32g4xx_hal_msp.c ****     PA2     ------> ADC1_IN3
 115:Src/stm32g4xx_hal_msp.c ****     PA3     ------> ADC1_IN4
 116:Src/stm32g4xx_hal_msp.c ****     */
 117:Src/stm32g4xx_hal_msp.c ****     GPIO_InitStruct.Pin = GPIO_PIN_0|GPIO_PIN_2|GPIO_PIN_3;
 118:Src/stm32g4xx_hal_msp.c ****     GPIO_InitStruct.Mode = GPIO_MODE_ANALOG;
 119:Src/stm32g4xx_hal_msp.c ****     GPIO_InitStruct.Pull = GPIO_NOPULL;
 120:Src/stm32g4xx_hal_msp.c ****     HAL_GPIO_Init(GPIOA, &GPIO_InitStruct);
 121:Src/stm32g4xx_hal_msp.c **** 
 122:Src/stm32g4xx_hal_msp.c ****     /* ADC1 interrupt Init */
 123:Src/stm32g4xx_hal_msp.c ****     HAL_NVIC_SetPriority(ADC1_2_IRQn, 0, 0);
ARM GAS  C:\Users\82057\AppData\Local\Temp\ccHy1HlB.s 			page 5


 124:Src/stm32g4xx_hal_msp.c ****     HAL_NVIC_EnableIRQ(ADC1_2_IRQn);
 125:Src/stm32g4xx_hal_msp.c ****   /* USER CODE BEGIN ADC1_MspInit 1 */
 126:Src/stm32g4xx_hal_msp.c **** 
 127:Src/stm32g4xx_hal_msp.c ****   /* USER CODE END ADC1_MspInit 1 */
 128:Src/stm32g4xx_hal_msp.c ****   }
 129:Src/stm32g4xx_hal_msp.c ****   else if(hadc->Instance==ADC2)
 109              		.loc 1 129 0
 110 0018 2E4A     		ldr	r2, .L15
 111 001a 9342     		cmp	r3, r2
 112 001c 2FD0     		beq	.L12
 113              	.LVL2:
 114              	.L5:
 130:Src/stm32g4xx_hal_msp.c ****   {
 131:Src/stm32g4xx_hal_msp.c ****   /* USER CODE BEGIN ADC2_MspInit 0 */
 132:Src/stm32g4xx_hal_msp.c **** 
 133:Src/stm32g4xx_hal_msp.c ****   /* USER CODE END ADC2_MspInit 0 */
 134:Src/stm32g4xx_hal_msp.c ****     /* Peripheral clock enable */
 135:Src/stm32g4xx_hal_msp.c ****     HAL_RCC_ADC12_CLK_ENABLED++;
 136:Src/stm32g4xx_hal_msp.c ****     if(HAL_RCC_ADC12_CLK_ENABLED==1){
 137:Src/stm32g4xx_hal_msp.c ****       __HAL_RCC_ADC12_CLK_ENABLE();
 138:Src/stm32g4xx_hal_msp.c ****     }
 139:Src/stm32g4xx_hal_msp.c **** 
 140:Src/stm32g4xx_hal_msp.c ****     __HAL_RCC_GPIOA_CLK_ENABLE();
 141:Src/stm32g4xx_hal_msp.c ****     /**ADC2 GPIO Configuration
 142:Src/stm32g4xx_hal_msp.c ****     PA1     ------> ADC2_IN2
 143:Src/stm32g4xx_hal_msp.c ****     PA6     ------> ADC2_IN3
 144:Src/stm32g4xx_hal_msp.c ****     PA7     ------> ADC2_IN4
 145:Src/stm32g4xx_hal_msp.c ****     */
 146:Src/stm32g4xx_hal_msp.c ****     GPIO_InitStruct.Pin = GPIO_PIN_1|GPIO_PIN_7;
 147:Src/stm32g4xx_hal_msp.c ****     GPIO_InitStruct.Mode = GPIO_MODE_ANALOG;
 148:Src/stm32g4xx_hal_msp.c ****     GPIO_InitStruct.Pull = GPIO_NOPULL;
 149:Src/stm32g4xx_hal_msp.c ****     HAL_GPIO_Init(GPIOA, &GPIO_InitStruct);
 150:Src/stm32g4xx_hal_msp.c **** 
 151:Src/stm32g4xx_hal_msp.c ****     /* ADC2 interrupt Init */
 152:Src/stm32g4xx_hal_msp.c ****     HAL_NVIC_SetPriority(ADC1_2_IRQn, 0, 0);
 153:Src/stm32g4xx_hal_msp.c ****  //   HAL_NVIC_EnableIRQ(ADC1_2_IRQn);
 154:Src/stm32g4xx_hal_msp.c ****   /* USER CODE BEGIN ADC2_MspInit 1 */
 155:Src/stm32g4xx_hal_msp.c **** 
 156:Src/stm32g4xx_hal_msp.c ****   /* USER CODE END ADC2_MspInit 1 */
 157:Src/stm32g4xx_hal_msp.c ****   }
 158:Src/stm32g4xx_hal_msp.c **** 
 159:Src/stm32g4xx_hal_msp.c **** }
 115              		.loc 1 159 0
 116 001e 0BB0     		add	sp, sp, #44
 117              	.LCFI5:
 118              		.cfi_remember_state
 119              		.cfi_def_cfa_offset 4
 120              		@ sp needed
 121 0020 5DF804FB 		ldr	pc, [sp], #4
 122              	.LVL3:
 123              	.L11:
 124              	.LCFI6:
 125              		.cfi_restore_state
 106:Src/stm32g4xx_hal_msp.c ****     if(HAL_RCC_ADC12_CLK_ENABLED==1){
 126              		.loc 1 106 0
 127 0024 2C4A     		ldr	r2, .L15+4
 128 0026 1368     		ldr	r3, [r2]
ARM GAS  C:\Users\82057\AppData\Local\Temp\ccHy1HlB.s 			page 6


 129 0028 0133     		adds	r3, r3, #1
 130 002a 1360     		str	r3, [r2]
 107:Src/stm32g4xx_hal_msp.c ****       __HAL_RCC_ADC12_CLK_ENABLE();
 131              		.loc 1 107 0
 132 002c 012B     		cmp	r3, #1
 133 002e 1BD0     		beq	.L13
 134              	.L7:
 135              	.LBB4:
 111:Src/stm32g4xx_hal_msp.c ****     /**ADC1 GPIO Configuration
 136              		.loc 1 111 0
 137 0030 2A4B     		ldr	r3, .L15+8
 138 0032 DA6C     		ldr	r2, [r3, #76]
 139 0034 42F00102 		orr	r2, r2, #1
 140 0038 DA64     		str	r2, [r3, #76]
 141 003a DB6C     		ldr	r3, [r3, #76]
 142 003c 03F00103 		and	r3, r3, #1
 143 0040 0293     		str	r3, [sp, #8]
 144 0042 029B     		ldr	r3, [sp, #8]
 145              	.LBE4:
 117:Src/stm32g4xx_hal_msp.c ****     GPIO_InitStruct.Mode = GPIO_MODE_ANALOG;
 146              		.loc 1 117 0
 147 0044 0D23     		movs	r3, #13
 148 0046 0593     		str	r3, [sp, #20]
 118:Src/stm32g4xx_hal_msp.c ****     GPIO_InitStruct.Pull = GPIO_NOPULL;
 149              		.loc 1 118 0
 150 0048 0323     		movs	r3, #3
 151 004a 0693     		str	r3, [sp, #24]
 120:Src/stm32g4xx_hal_msp.c **** 
 152              		.loc 1 120 0
 153 004c 05A9     		add	r1, sp, #20
 154 004e 4FF09040 		mov	r0, #1207959552
 155              	.LVL4:
 156 0052 FFF7FEFF 		bl	HAL_GPIO_Init
 157              	.LVL5:
 123:Src/stm32g4xx_hal_msp.c ****     HAL_NVIC_EnableIRQ(ADC1_2_IRQn);
 158              		.loc 1 123 0
 159 0056 0022     		movs	r2, #0
 160 0058 1146     		mov	r1, r2
 161 005a 1220     		movs	r0, #18
 162 005c FFF7FEFF 		bl	HAL_NVIC_SetPriority
 163              	.LVL6:
 124:Src/stm32g4xx_hal_msp.c ****   /* USER CODE BEGIN ADC1_MspInit 1 */
 164              		.loc 1 124 0
 165 0060 1220     		movs	r0, #18
 166 0062 FFF7FEFF 		bl	HAL_NVIC_EnableIRQ
 167              	.LVL7:
 168 0066 DAE7     		b	.L5
 169              	.LVL8:
 170              	.L13:
 171              	.LBB5:
 108:Src/stm32g4xx_hal_msp.c ****     }
 172              		.loc 1 108 0
 173 0068 1C4B     		ldr	r3, .L15+8
 174 006a DA6C     		ldr	r2, [r3, #76]
 175 006c 42F40052 		orr	r2, r2, #8192
 176 0070 DA64     		str	r2, [r3, #76]
 177 0072 DB6C     		ldr	r3, [r3, #76]
ARM GAS  C:\Users\82057\AppData\Local\Temp\ccHy1HlB.s 			page 7


 178 0074 03F40053 		and	r3, r3, #8192
 179 0078 0193     		str	r3, [sp, #4]
 180 007a 019B     		ldr	r3, [sp, #4]
 181 007c D8E7     		b	.L7
 182              	.L12:
 183              	.LBE5:
 135:Src/stm32g4xx_hal_msp.c ****     if(HAL_RCC_ADC12_CLK_ENABLED==1){
 184              		.loc 1 135 0
 185 007e 164A     		ldr	r2, .L15+4
 186 0080 1368     		ldr	r3, [r2]
 187 0082 0133     		adds	r3, r3, #1
 188 0084 1360     		str	r3, [r2]
 136:Src/stm32g4xx_hal_msp.c ****       __HAL_RCC_ADC12_CLK_ENABLE();
 189              		.loc 1 136 0
 190 0086 012B     		cmp	r3, #1
 191 0088 18D0     		beq	.L14
 192              	.L9:
 193              	.LBB6:
 140:Src/stm32g4xx_hal_msp.c ****     /**ADC2 GPIO Configuration
 194              		.loc 1 140 0
 195 008a 144B     		ldr	r3, .L15+8
 196 008c DA6C     		ldr	r2, [r3, #76]
 197 008e 42F00102 		orr	r2, r2, #1
 198 0092 DA64     		str	r2, [r3, #76]
 199 0094 DB6C     		ldr	r3, [r3, #76]
 200 0096 03F00103 		and	r3, r3, #1
 201 009a 0493     		str	r3, [sp, #16]
 202 009c 049B     		ldr	r3, [sp, #16]
 203              	.LBE6:
 146:Src/stm32g4xx_hal_msp.c ****     GPIO_InitStruct.Mode = GPIO_MODE_ANALOG;
 204              		.loc 1 146 0
 205 009e 8223     		movs	r3, #130
 206 00a0 0593     		str	r3, [sp, #20]
 147:Src/stm32g4xx_hal_msp.c ****     GPIO_InitStruct.Pull = GPIO_NOPULL;
 207              		.loc 1 147 0
 208 00a2 0323     		movs	r3, #3
 209 00a4 0693     		str	r3, [sp, #24]
 149:Src/stm32g4xx_hal_msp.c **** 
 210              		.loc 1 149 0
 211 00a6 05A9     		add	r1, sp, #20
 212 00a8 4FF09040 		mov	r0, #1207959552
 213              	.LVL9:
 214 00ac FFF7FEFF 		bl	HAL_GPIO_Init
 215              	.LVL10:
 152:Src/stm32g4xx_hal_msp.c ****  //   HAL_NVIC_EnableIRQ(ADC1_2_IRQn);
 216              		.loc 1 152 0
 217 00b0 0022     		movs	r2, #0
 218 00b2 1146     		mov	r1, r2
 219 00b4 1220     		movs	r0, #18
 220 00b6 FFF7FEFF 		bl	HAL_NVIC_SetPriority
 221              	.LVL11:
 222              		.loc 1 159 0
 223 00ba B0E7     		b	.L5
 224              	.LVL12:
 225              	.L14:
 226              	.LBB7:
 137:Src/stm32g4xx_hal_msp.c ****     }
ARM GAS  C:\Users\82057\AppData\Local\Temp\ccHy1HlB.s 			page 8


 227              		.loc 1 137 0
 228 00bc 074B     		ldr	r3, .L15+8
 229 00be DA6C     		ldr	r2, [r3, #76]
 230 00c0 42F40052 		orr	r2, r2, #8192
 231 00c4 DA64     		str	r2, [r3, #76]
 232 00c6 DB6C     		ldr	r3, [r3, #76]
 233 00c8 03F40053 		and	r3, r3, #8192
 234 00cc 0393     		str	r3, [sp, #12]
 235 00ce 039B     		ldr	r3, [sp, #12]
 236 00d0 DBE7     		b	.L9
 237              	.L16:
 238 00d2 00BF     		.align	2
 239              	.L15:
 240 00d4 00010050 		.word	1342177536
 241 00d8 00000000 		.word	.LANCHOR0
 242 00dc 00100240 		.word	1073876992
 243              	.LBE7:
 244              		.cfi_endproc
 245              	.LFE330:
 247              		.section	.text.HAL_ADC_MspDeInit,"ax",%progbits
 248              		.align	1
 249              		.global	HAL_ADC_MspDeInit
 250              		.syntax unified
 251              		.thumb
 252              		.thumb_func
 253              		.fpu fpv4-sp-d16
 255              	HAL_ADC_MspDeInit:
 256              	.LFB331:
 160:Src/stm32g4xx_hal_msp.c **** 
 161:Src/stm32g4xx_hal_msp.c **** /**
 162:Src/stm32g4xx_hal_msp.c **** * @brief ADC MSP De-Initialization
 163:Src/stm32g4xx_hal_msp.c **** * This function freeze the hardware resources used in this example
 164:Src/stm32g4xx_hal_msp.c **** * @param hadc: ADC handle pointer
 165:Src/stm32g4xx_hal_msp.c **** * @retval None
 166:Src/stm32g4xx_hal_msp.c **** */
 167:Src/stm32g4xx_hal_msp.c **** void HAL_ADC_MspDeInit(ADC_HandleTypeDef* hadc)
 168:Src/stm32g4xx_hal_msp.c **** {
 257              		.loc 1 168 0
 258              		.cfi_startproc
 259              		@ args = 0, pretend = 0, frame = 0
 260              		@ frame_needed = 0, uses_anonymous_args = 0
 261              	.LVL13:
 262 0000 08B5     		push	{r3, lr}
 263              	.LCFI7:
 264              		.cfi_def_cfa_offset 8
 265              		.cfi_offset 3, -8
 266              		.cfi_offset 14, -4
 169:Src/stm32g4xx_hal_msp.c ****   if(hadc->Instance==ADC1)
 267              		.loc 1 169 0
 268 0002 0368     		ldr	r3, [r0]
 269 0004 B3F1A04F 		cmp	r3, #1342177280
 270 0008 03D0     		beq	.L23
 170:Src/stm32g4xx_hal_msp.c ****   {
 171:Src/stm32g4xx_hal_msp.c ****   /* USER CODE BEGIN ADC1_MspDeInit 0 */
 172:Src/stm32g4xx_hal_msp.c **** 
 173:Src/stm32g4xx_hal_msp.c ****   /* USER CODE END ADC1_MspDeInit 0 */
 174:Src/stm32g4xx_hal_msp.c ****     /* Peripheral clock disable */
ARM GAS  C:\Users\82057\AppData\Local\Temp\ccHy1HlB.s 			page 9


 175:Src/stm32g4xx_hal_msp.c ****     HAL_RCC_ADC12_CLK_ENABLED--;
 176:Src/stm32g4xx_hal_msp.c ****     if(HAL_RCC_ADC12_CLK_ENABLED==0){
 177:Src/stm32g4xx_hal_msp.c ****       __HAL_RCC_ADC12_CLK_DISABLE();
 178:Src/stm32g4xx_hal_msp.c ****     }
 179:Src/stm32g4xx_hal_msp.c **** 
 180:Src/stm32g4xx_hal_msp.c ****     /**ADC1 GPIO Configuration
 181:Src/stm32g4xx_hal_msp.c ****     PA0     ------> ADC1_IN1
 182:Src/stm32g4xx_hal_msp.c ****     PA2     ------> ADC1_IN3
 183:Src/stm32g4xx_hal_msp.c ****     PA3     ------> ADC1_IN4
 184:Src/stm32g4xx_hal_msp.c ****     */
 185:Src/stm32g4xx_hal_msp.c ****     HAL_GPIO_DeInit(GPIOA, GPIO_PIN_0|GPIO_PIN_2|GPIO_PIN_3);
 186:Src/stm32g4xx_hal_msp.c **** 
 187:Src/stm32g4xx_hal_msp.c ****     /* ADC1 interrupt DeInit */
 188:Src/stm32g4xx_hal_msp.c ****   /* USER CODE BEGIN ADC1:ADC1_2_IRQn disable */
 189:Src/stm32g4xx_hal_msp.c ****     /**
 190:Src/stm32g4xx_hal_msp.c ****     * Uncomment the line below to disable the "ADC1_2_IRQn" interrupt
 191:Src/stm32g4xx_hal_msp.c ****     * Be aware, disabling shared interrupt may affect other IPs
 192:Src/stm32g4xx_hal_msp.c ****     */
 193:Src/stm32g4xx_hal_msp.c ****     /* HAL_NVIC_DisableIRQ(ADC1_2_IRQn); */
 194:Src/stm32g4xx_hal_msp.c ****   /* USER CODE END ADC1:ADC1_2_IRQn disable */
 195:Src/stm32g4xx_hal_msp.c **** 
 196:Src/stm32g4xx_hal_msp.c ****   /* USER CODE BEGIN ADC1_MspDeInit 1 */
 197:Src/stm32g4xx_hal_msp.c **** 
 198:Src/stm32g4xx_hal_msp.c ****   /* USER CODE END ADC1_MspDeInit 1 */
 199:Src/stm32g4xx_hal_msp.c ****   }
 200:Src/stm32g4xx_hal_msp.c ****   else if(hadc->Instance==ADC2)
 271              		.loc 1 200 0
 272 000a 124A     		ldr	r2, .L25
 273 000c 9342     		cmp	r3, r2
 274 000e 10D0     		beq	.L24
 275              	.LVL14:
 276              	.L17:
 201:Src/stm32g4xx_hal_msp.c ****   {
 202:Src/stm32g4xx_hal_msp.c ****   /* USER CODE BEGIN ADC2_MspDeInit 0 */
 203:Src/stm32g4xx_hal_msp.c **** 
 204:Src/stm32g4xx_hal_msp.c ****   /* USER CODE END ADC2_MspDeInit 0 */
 205:Src/stm32g4xx_hal_msp.c ****     /* Peripheral clock disable */
 206:Src/stm32g4xx_hal_msp.c ****     HAL_RCC_ADC12_CLK_ENABLED--;
 207:Src/stm32g4xx_hal_msp.c ****     if(HAL_RCC_ADC12_CLK_ENABLED==0){
 208:Src/stm32g4xx_hal_msp.c ****       __HAL_RCC_ADC12_CLK_DISABLE();
 209:Src/stm32g4xx_hal_msp.c ****     }
 210:Src/stm32g4xx_hal_msp.c **** 
 211:Src/stm32g4xx_hal_msp.c ****     /**ADC2 GPIO Configuration
 212:Src/stm32g4xx_hal_msp.c ****     PA1     ------> ADC2_IN2
 213:Src/stm32g4xx_hal_msp.c ****     PA6     ------> ADC2_IN3
 214:Src/stm32g4xx_hal_msp.c ****     PA7     ------> ADC2_IN4
 215:Src/stm32g4xx_hal_msp.c ****     */
 216:Src/stm32g4xx_hal_msp.c ****     HAL_GPIO_DeInit(GPIOA, GPIO_PIN_1|GPIO_PIN_7);
 217:Src/stm32g4xx_hal_msp.c **** 
 218:Src/stm32g4xx_hal_msp.c ****     /* ADC2 interrupt DeInit */
 219:Src/stm32g4xx_hal_msp.c ****   /* USER CODE BEGIN ADC2:ADC1_2_IRQn disable */
 220:Src/stm32g4xx_hal_msp.c ****     /**
 221:Src/stm32g4xx_hal_msp.c ****     * Uncomment the line below to disable the "ADC1_2_IRQn" interrupt
 222:Src/stm32g4xx_hal_msp.c ****     * Be aware, disabling shared interrupt may affect other IPs
 223:Src/stm32g4xx_hal_msp.c ****     */
 224:Src/stm32g4xx_hal_msp.c ****     /* HAL_NVIC_DisableIRQ(ADC1_2_IRQn); */
 225:Src/stm32g4xx_hal_msp.c ****   /* USER CODE END ADC2:ADC1_2_IRQn disable */
ARM GAS  C:\Users\82057\AppData\Local\Temp\ccHy1HlB.s 			page 10


 226:Src/stm32g4xx_hal_msp.c **** 
 227:Src/stm32g4xx_hal_msp.c ****   /* USER CODE BEGIN ADC2_MspDeInit 1 */
 228:Src/stm32g4xx_hal_msp.c **** 
 229:Src/stm32g4xx_hal_msp.c ****   /* USER CODE END ADC2_MspDeInit 1 */
 230:Src/stm32g4xx_hal_msp.c ****   }
 231:Src/stm32g4xx_hal_msp.c **** 
 232:Src/stm32g4xx_hal_msp.c **** }
 277              		.loc 1 232 0
 278 0010 08BD     		pop	{r3, pc}
 279              	.LVL15:
 280              	.L23:
 175:Src/stm32g4xx_hal_msp.c ****     if(HAL_RCC_ADC12_CLK_ENABLED==0){
 281              		.loc 1 175 0
 282 0012 114A     		ldr	r2, .L25+4
 283 0014 1368     		ldr	r3, [r2]
 284 0016 013B     		subs	r3, r3, #1
 285 0018 1360     		str	r3, [r2]
 176:Src/stm32g4xx_hal_msp.c ****       __HAL_RCC_ADC12_CLK_DISABLE();
 286              		.loc 1 176 0
 287 001a 23B9     		cbnz	r3, .L19
 177:Src/stm32g4xx_hal_msp.c ****     }
 288              		.loc 1 177 0
 289 001c 0F4A     		ldr	r2, .L25+8
 290 001e D36C     		ldr	r3, [r2, #76]
 291 0020 23F40053 		bic	r3, r3, #8192
 292 0024 D364     		str	r3, [r2, #76]
 293              	.L19:
 185:Src/stm32g4xx_hal_msp.c **** 
 294              		.loc 1 185 0
 295 0026 0D21     		movs	r1, #13
 296 0028 4FF09040 		mov	r0, #1207959552
 297              	.LVL16:
 298 002c FFF7FEFF 		bl	HAL_GPIO_DeInit
 299              	.LVL17:
 300 0030 EEE7     		b	.L17
 301              	.LVL18:
 302              	.L24:
 206:Src/stm32g4xx_hal_msp.c ****     if(HAL_RCC_ADC12_CLK_ENABLED==0){
 303              		.loc 1 206 0
 304 0032 094A     		ldr	r2, .L25+4
 305 0034 1368     		ldr	r3, [r2]
 306 0036 013B     		subs	r3, r3, #1
 307 0038 1360     		str	r3, [r2]
 207:Src/stm32g4xx_hal_msp.c ****       __HAL_RCC_ADC12_CLK_DISABLE();
 308              		.loc 1 207 0
 309 003a 23B9     		cbnz	r3, .L21
 208:Src/stm32g4xx_hal_msp.c ****     }
 310              		.loc 1 208 0
 311 003c 074A     		ldr	r2, .L25+8
 312 003e D36C     		ldr	r3, [r2, #76]
 313 0040 23F40053 		bic	r3, r3, #8192
 314 0044 D364     		str	r3, [r2, #76]
 315              	.L21:
 216:Src/stm32g4xx_hal_msp.c **** 
 316              		.loc 1 216 0
 317 0046 8221     		movs	r1, #130
 318 0048 4FF09040 		mov	r0, #1207959552
ARM GAS  C:\Users\82057\AppData\Local\Temp\ccHy1HlB.s 			page 11


 319              	.LVL19:
 320 004c FFF7FEFF 		bl	HAL_GPIO_DeInit
 321              	.LVL20:
 322              		.loc 1 232 0
 323 0050 DEE7     		b	.L17
 324              	.L26:
 325 0052 00BF     		.align	2
 326              	.L25:
 327 0054 00010050 		.word	1342177536
 328 0058 00000000 		.word	.LANCHOR0
 329 005c 00100240 		.word	1073876992
 330              		.cfi_endproc
 331              	.LFE331:
 333              		.section	.text.HAL_TIM_Base_MspInit,"ax",%progbits
 334              		.align	1
 335              		.global	HAL_TIM_Base_MspInit
 336              		.syntax unified
 337              		.thumb
 338              		.thumb_func
 339              		.fpu fpv4-sp-d16
 341              	HAL_TIM_Base_MspInit:
 342              	.LFB332:
 233:Src/stm32g4xx_hal_msp.c **** 
 234:Src/stm32g4xx_hal_msp.c **** /**
 235:Src/stm32g4xx_hal_msp.c **** * @brief TIM_Base MSP Initialization
 236:Src/stm32g4xx_hal_msp.c **** * This function configures the hardware resources used in this example
 237:Src/stm32g4xx_hal_msp.c **** * @param htim_base: TIM_Base handle pointer
 238:Src/stm32g4xx_hal_msp.c **** * @retval None
 239:Src/stm32g4xx_hal_msp.c **** */
 240:Src/stm32g4xx_hal_msp.c **** void HAL_TIM_Base_MspInit(TIM_HandleTypeDef* htim_base)
 241:Src/stm32g4xx_hal_msp.c **** {
 343              		.loc 1 241 0
 344              		.cfi_startproc
 345              		@ args = 0, pretend = 0, frame = 40
 346              		@ frame_needed = 0, uses_anonymous_args = 0
 347              	.LVL21:
 348 0000 30B5     		push	{r4, r5, lr}
 349              	.LCFI8:
 350              		.cfi_def_cfa_offset 12
 351              		.cfi_offset 4, -12
 352              		.cfi_offset 5, -8
 353              		.cfi_offset 14, -4
 354 0002 8BB0     		sub	sp, sp, #44
 355              	.LCFI9:
 356              		.cfi_def_cfa_offset 56
 242:Src/stm32g4xx_hal_msp.c ****   GPIO_InitTypeDef GPIO_InitStruct = {0};
 357              		.loc 1 242 0
 358 0004 0023     		movs	r3, #0
 359 0006 0593     		str	r3, [sp, #20]
 360 0008 0693     		str	r3, [sp, #24]
 361 000a 0793     		str	r3, [sp, #28]
 362 000c 0893     		str	r3, [sp, #32]
 363 000e 0993     		str	r3, [sp, #36]
 243:Src/stm32g4xx_hal_msp.c ****   if(htim_base->Instance==TIM1)
 364              		.loc 1 243 0
 365 0010 0368     		ldr	r3, [r0]
 366 0012 244A     		ldr	r2, .L33
ARM GAS  C:\Users\82057\AppData\Local\Temp\ccHy1HlB.s 			page 12


 367 0014 9342     		cmp	r3, r2
 368 0016 04D0     		beq	.L31
 244:Src/stm32g4xx_hal_msp.c ****   {
 245:Src/stm32g4xx_hal_msp.c ****   /* USER CODE BEGIN TIM1_MspInit 0 */
 246:Src/stm32g4xx_hal_msp.c **** 
 247:Src/stm32g4xx_hal_msp.c ****   /* USER CODE END TIM1_MspInit 0 */
 248:Src/stm32g4xx_hal_msp.c ****     /* Peripheral clock enable */
 249:Src/stm32g4xx_hal_msp.c ****     __HAL_RCC_TIM1_CLK_ENABLE();
 250:Src/stm32g4xx_hal_msp.c ****   /* USER CODE BEGIN TIM1_MspInit 1 */
 251:Src/stm32g4xx_hal_msp.c **** 
 252:Src/stm32g4xx_hal_msp.c ****   /* USER CODE END TIM1_MspInit 1 */
 253:Src/stm32g4xx_hal_msp.c ****   }
 254:Src/stm32g4xx_hal_msp.c ****   else if(htim_base->Instance==TIM2)
 369              		.loc 1 254 0
 370 0018 B3F1804F 		cmp	r3, #1073741824
 371 001c 0CD0     		beq	.L32
 372              	.LVL22:
 373              	.L27:
 255:Src/stm32g4xx_hal_msp.c ****   {
 256:Src/stm32g4xx_hal_msp.c ****   /* USER CODE BEGIN TIM2_MspInit 0 */
 257:Src/stm32g4xx_hal_msp.c **** 
 258:Src/stm32g4xx_hal_msp.c ****   /* USER CODE END TIM2_MspInit 0 */
 259:Src/stm32g4xx_hal_msp.c ****     /* Peripheral clock enable */
 260:Src/stm32g4xx_hal_msp.c ****     __HAL_RCC_TIM2_CLK_ENABLE();
 261:Src/stm32g4xx_hal_msp.c **** 
 262:Src/stm32g4xx_hal_msp.c ****     __HAL_RCC_GPIOA_CLK_ENABLE();
 263:Src/stm32g4xx_hal_msp.c ****     __HAL_RCC_GPIOB_CLK_ENABLE();
 264:Src/stm32g4xx_hal_msp.c ****     /**TIM2 GPIO Configuration
 265:Src/stm32g4xx_hal_msp.c ****     PA5     ------> TIM2_CH1
 266:Src/stm32g4xx_hal_msp.c ****     PB10     ------> TIM2_CH3
 267:Src/stm32g4xx_hal_msp.c ****     PB3     ------> TIM2_CH2
 268:Src/stm32g4xx_hal_msp.c ****     */
 269:Src/stm32g4xx_hal_msp.c ****     GPIO_InitStruct.Pin = GPIO_PIN_5;
 270:Src/stm32g4xx_hal_msp.c ****     GPIO_InitStruct.Mode = GPIO_MODE_AF_PP;
 271:Src/stm32g4xx_hal_msp.c ****     GPIO_InitStruct.Pull = GPIO_PULLUP;
 272:Src/stm32g4xx_hal_msp.c ****     GPIO_InitStruct.Speed = GPIO_SPEED_FREQ_LOW;
 273:Src/stm32g4xx_hal_msp.c ****     GPIO_InitStruct.Alternate = GPIO_AF1_TIM2;
 274:Src/stm32g4xx_hal_msp.c ****     HAL_GPIO_Init(GPIOA, &GPIO_InitStruct);
 275:Src/stm32g4xx_hal_msp.c **** 
 276:Src/stm32g4xx_hal_msp.c ****     GPIO_InitStruct.Pin = GPIO_PIN_10|GPIO_PIN_3;
 277:Src/stm32g4xx_hal_msp.c ****     GPIO_InitStruct.Mode = GPIO_MODE_AF_PP;
 278:Src/stm32g4xx_hal_msp.c ****     GPIO_InitStruct.Pull = GPIO_PULLUP;
 279:Src/stm32g4xx_hal_msp.c ****     GPIO_InitStruct.Speed = GPIO_SPEED_FREQ_LOW;
 280:Src/stm32g4xx_hal_msp.c ****     GPIO_InitStruct.Alternate = GPIO_AF1_TIM2;
 281:Src/stm32g4xx_hal_msp.c ****     HAL_GPIO_Init(GPIOB, &GPIO_InitStruct);
 282:Src/stm32g4xx_hal_msp.c **** 
 283:Src/stm32g4xx_hal_msp.c ****   /* USER CODE BEGIN TIM2_MspInit 1 */
 284:Src/stm32g4xx_hal_msp.c **** 
 285:Src/stm32g4xx_hal_msp.c ****   /* USER CODE END TIM2_MspInit 1 */
 286:Src/stm32g4xx_hal_msp.c ****   }
 287:Src/stm32g4xx_hal_msp.c **** 
 288:Src/stm32g4xx_hal_msp.c **** }
 374              		.loc 1 288 0
 375 001e 0BB0     		add	sp, sp, #44
 376              	.LCFI10:
 377              		.cfi_remember_state
 378              		.cfi_def_cfa_offset 12
ARM GAS  C:\Users\82057\AppData\Local\Temp\ccHy1HlB.s 			page 13


 379              		@ sp needed
 380 0020 30BD     		pop	{r4, r5, pc}
 381              	.LVL23:
 382              	.L31:
 383              	.LCFI11:
 384              		.cfi_restore_state
 385              	.LBB8:
 249:Src/stm32g4xx_hal_msp.c ****   /* USER CODE BEGIN TIM1_MspInit 1 */
 386              		.loc 1 249 0
 387 0022 214B     		ldr	r3, .L33+4
 388 0024 1A6E     		ldr	r2, [r3, #96]
 389 0026 42F40062 		orr	r2, r2, #2048
 390 002a 1A66     		str	r2, [r3, #96]
 391 002c 1B6E     		ldr	r3, [r3, #96]
 392 002e 03F40063 		and	r3, r3, #2048
 393 0032 0193     		str	r3, [sp, #4]
 394 0034 019B     		ldr	r3, [sp, #4]
 395              	.LBE8:
 396 0036 F2E7     		b	.L27
 397              	.L32:
 398              	.LBB9:
 260:Src/stm32g4xx_hal_msp.c **** 
 399              		.loc 1 260 0
 400 0038 03F50433 		add	r3, r3, #135168
 401 003c 9A6D     		ldr	r2, [r3, #88]
 402 003e 42F00102 		orr	r2, r2, #1
 403 0042 9A65     		str	r2, [r3, #88]
 404 0044 9A6D     		ldr	r2, [r3, #88]
 405 0046 02F00102 		and	r2, r2, #1
 406 004a 0292     		str	r2, [sp, #8]
 407 004c 029A     		ldr	r2, [sp, #8]
 408              	.LBE9:
 409              	.LBB10:
 262:Src/stm32g4xx_hal_msp.c ****     __HAL_RCC_GPIOB_CLK_ENABLE();
 410              		.loc 1 262 0
 411 004e DA6C     		ldr	r2, [r3, #76]
 412 0050 42F00102 		orr	r2, r2, #1
 413 0054 DA64     		str	r2, [r3, #76]
 414 0056 DA6C     		ldr	r2, [r3, #76]
 415 0058 02F00102 		and	r2, r2, #1
 416 005c 0392     		str	r2, [sp, #12]
 417 005e 039A     		ldr	r2, [sp, #12]
 418              	.LBE10:
 419              	.LBB11:
 263:Src/stm32g4xx_hal_msp.c ****     /**TIM2 GPIO Configuration
 420              		.loc 1 263 0
 421 0060 DA6C     		ldr	r2, [r3, #76]
 422 0062 42F00202 		orr	r2, r2, #2
 423 0066 DA64     		str	r2, [r3, #76]
 424 0068 DB6C     		ldr	r3, [r3, #76]
 425 006a 03F00203 		and	r3, r3, #2
 426 006e 0493     		str	r3, [sp, #16]
 427 0070 049B     		ldr	r3, [sp, #16]
 428              	.LBE11:
 269:Src/stm32g4xx_hal_msp.c ****     GPIO_InitStruct.Mode = GPIO_MODE_AF_PP;
 429              		.loc 1 269 0
 430 0072 2023     		movs	r3, #32
ARM GAS  C:\Users\82057\AppData\Local\Temp\ccHy1HlB.s 			page 14


 431 0074 0593     		str	r3, [sp, #20]
 270:Src/stm32g4xx_hal_msp.c ****     GPIO_InitStruct.Pull = GPIO_PULLUP;
 432              		.loc 1 270 0
 433 0076 0225     		movs	r5, #2
 434 0078 0695     		str	r5, [sp, #24]
 271:Src/stm32g4xx_hal_msp.c ****     GPIO_InitStruct.Speed = GPIO_SPEED_FREQ_LOW;
 435              		.loc 1 271 0
 436 007a 0124     		movs	r4, #1
 437 007c 0794     		str	r4, [sp, #28]
 273:Src/stm32g4xx_hal_msp.c ****     HAL_GPIO_Init(GPIOA, &GPIO_InitStruct);
 438              		.loc 1 273 0
 439 007e 0994     		str	r4, [sp, #36]
 274:Src/stm32g4xx_hal_msp.c **** 
 440              		.loc 1 274 0
 441 0080 05A9     		add	r1, sp, #20
 442 0082 4FF09040 		mov	r0, #1207959552
 443              	.LVL24:
 444 0086 FFF7FEFF 		bl	HAL_GPIO_Init
 445              	.LVL25:
 276:Src/stm32g4xx_hal_msp.c ****     GPIO_InitStruct.Mode = GPIO_MODE_AF_PP;
 446              		.loc 1 276 0
 447 008a 4FF48163 		mov	r3, #1032
 448 008e 0593     		str	r3, [sp, #20]
 277:Src/stm32g4xx_hal_msp.c ****     GPIO_InitStruct.Pull = GPIO_PULLUP;
 449              		.loc 1 277 0
 450 0090 0695     		str	r5, [sp, #24]
 278:Src/stm32g4xx_hal_msp.c ****     GPIO_InitStruct.Speed = GPIO_SPEED_FREQ_LOW;
 451              		.loc 1 278 0
 452 0092 0794     		str	r4, [sp, #28]
 279:Src/stm32g4xx_hal_msp.c ****     GPIO_InitStruct.Alternate = GPIO_AF1_TIM2;
 453              		.loc 1 279 0
 454 0094 0023     		movs	r3, #0
 455 0096 0893     		str	r3, [sp, #32]
 280:Src/stm32g4xx_hal_msp.c ****     HAL_GPIO_Init(GPIOB, &GPIO_InitStruct);
 456              		.loc 1 280 0
 457 0098 0994     		str	r4, [sp, #36]
 281:Src/stm32g4xx_hal_msp.c **** 
 458              		.loc 1 281 0
 459 009a 05A9     		add	r1, sp, #20
 460 009c 0348     		ldr	r0, .L33+8
 461 009e FFF7FEFF 		bl	HAL_GPIO_Init
 462              	.LVL26:
 463              		.loc 1 288 0
 464 00a2 BCE7     		b	.L27
 465              	.L34:
 466              		.align	2
 467              	.L33:
 468 00a4 002C0140 		.word	1073818624
 469 00a8 00100240 		.word	1073876992
 470 00ac 00040048 		.word	1207960576
 471              		.cfi_endproc
 472              	.LFE332:
 474              		.section	.text.HAL_TIM_MspPostInit,"ax",%progbits
 475              		.align	1
 476              		.global	HAL_TIM_MspPostInit
 477              		.syntax unified
 478              		.thumb
ARM GAS  C:\Users\82057\AppData\Local\Temp\ccHy1HlB.s 			page 15


 479              		.thumb_func
 480              		.fpu fpv4-sp-d16
 482              	HAL_TIM_MspPostInit:
 483              	.LFB333:
 289:Src/stm32g4xx_hal_msp.c **** 
 290:Src/stm32g4xx_hal_msp.c **** void HAL_TIM_MspPostInit(TIM_HandleTypeDef* htim)
 291:Src/stm32g4xx_hal_msp.c **** {
 484              		.loc 1 291 0
 485              		.cfi_startproc
 486              		@ args = 0, pretend = 0, frame = 32
 487              		@ frame_needed = 0, uses_anonymous_args = 0
 488              	.LVL27:
 489 0000 F0B5     		push	{r4, r5, r6, r7, lr}
 490              	.LCFI12:
 491              		.cfi_def_cfa_offset 20
 492              		.cfi_offset 4, -20
 493              		.cfi_offset 5, -16
 494              		.cfi_offset 6, -12
 495              		.cfi_offset 7, -8
 496              		.cfi_offset 14, -4
 497 0002 89B0     		sub	sp, sp, #36
 498              	.LCFI13:
 499              		.cfi_def_cfa_offset 56
 292:Src/stm32g4xx_hal_msp.c ****   GPIO_InitTypeDef GPIO_InitStruct = {0};
 500              		.loc 1 292 0
 501 0004 0023     		movs	r3, #0
 502 0006 0393     		str	r3, [sp, #12]
 503 0008 0493     		str	r3, [sp, #16]
 504 000a 0593     		str	r3, [sp, #20]
 505 000c 0693     		str	r3, [sp, #24]
 506 000e 0793     		str	r3, [sp, #28]
 293:Src/stm32g4xx_hal_msp.c ****   if(htim->Instance==TIM1)
 507              		.loc 1 293 0
 508 0010 0268     		ldr	r2, [r0]
 509 0012 2A4B     		ldr	r3, .L39
 510 0014 9A42     		cmp	r2, r3
 511 0016 01D0     		beq	.L38
 512              	.LVL28:
 513              	.L35:
 294:Src/stm32g4xx_hal_msp.c ****   {
 295:Src/stm32g4xx_hal_msp.c ****   /* USER CODE BEGIN TIM1_MspPostInit 0 */
 296:Src/stm32g4xx_hal_msp.c **** 
 297:Src/stm32g4xx_hal_msp.c ****   /* USER CODE END TIM1_MspPostInit 0 */
 298:Src/stm32g4xx_hal_msp.c **** 
 299:Src/stm32g4xx_hal_msp.c ****     __HAL_RCC_GPIOB_CLK_ENABLE();
 300:Src/stm32g4xx_hal_msp.c ****     __HAL_RCC_GPIOA_CLK_ENABLE();
 301:Src/stm32g4xx_hal_msp.c ****     __HAL_RCC_GPIOC_CLK_ENABLE();
 302:Src/stm32g4xx_hal_msp.c ****     /**TIM1 GPIO Configuration
 303:Src/stm32g4xx_hal_msp.c ****     PB13     ------> TIM1_CH1N
 304:Src/stm32g4xx_hal_msp.c ****     PB14     ------> TIM1_CH2N
 305:Src/stm32g4xx_hal_msp.c ****     PB15     ------> TIM1_CH3N
 306:Src/stm32g4xx_hal_msp.c ****     PA8     ------> TIM1_CH1
 307:Src/stm32g4xx_hal_msp.c ****     PA9     ------> TIM1_CH2
 308:Src/stm32g4xx_hal_msp.c ****     PA10     ------> TIM1_CH3
 309:Src/stm32g4xx_hal_msp.c ****     PA11     ------> TIM1_CH4
 310:Src/stm32g4xx_hal_msp.c ****     */
 311:Src/stm32g4xx_hal_msp.c ****     GPIO_InitStruct.Pin = GPIO_PIN_13;
ARM GAS  C:\Users\82057\AppData\Local\Temp\ccHy1HlB.s 			page 16


 312:Src/stm32g4xx_hal_msp.c ****     GPIO_InitStruct.Mode = GPIO_MODE_AF_PP;
 313:Src/stm32g4xx_hal_msp.c ****     GPIO_InitStruct.Pull = GPIO_NOPULL;
 314:Src/stm32g4xx_hal_msp.c ****     GPIO_InitStruct.Speed = GPIO_SPEED_FREQ_MEDIUM;
 315:Src/stm32g4xx_hal_msp.c ****     GPIO_InitStruct.Alternate = GPIO_AF4_TIM1;
 316:Src/stm32g4xx_hal_msp.c ****     HAL_GPIO_Init(GPIOC, &GPIO_InitStruct);
 317:Src/stm32g4xx_hal_msp.c **** 
 318:Src/stm32g4xx_hal_msp.c ****     GPIO_InitStruct.Pin = GPIO_PIN_0|GPIO_PIN_1;
 319:Src/stm32g4xx_hal_msp.c ****     GPIO_InitStruct.Mode = GPIO_MODE_AF_PP;
 320:Src/stm32g4xx_hal_msp.c ****     GPIO_InitStruct.Pull = GPIO_NOPULL;
 321:Src/stm32g4xx_hal_msp.c ****     GPIO_InitStruct.Speed = GPIO_SPEED_FREQ_MEDIUM;
 322:Src/stm32g4xx_hal_msp.c ****     GPIO_InitStruct.Alternate = GPIO_AF6_TIM1;
 323:Src/stm32g4xx_hal_msp.c ****     HAL_GPIO_Init(GPIOB, &GPIO_InitStruct);
 324:Src/stm32g4xx_hal_msp.c **** 
 325:Src/stm32g4xx_hal_msp.c ****     GPIO_InitStruct.Pin = GPIO_PIN_8|GPIO_PIN_9|GPIO_PIN_10;
 326:Src/stm32g4xx_hal_msp.c ****     GPIO_InitStruct.Mode = GPIO_MODE_AF_PP;
 327:Src/stm32g4xx_hal_msp.c ****     GPIO_InitStruct.Pull = GPIO_PULLDOWN;
 328:Src/stm32g4xx_hal_msp.c ****     GPIO_InitStruct.Speed = GPIO_SPEED_FREQ_MEDIUM;
 329:Src/stm32g4xx_hal_msp.c ****     GPIO_InitStruct.Alternate = GPIO_AF6_TIM1;
 330:Src/stm32g4xx_hal_msp.c ****     HAL_GPIO_Init(GPIOA, &GPIO_InitStruct);
 331:Src/stm32g4xx_hal_msp.c **** 
 332:Src/stm32g4xx_hal_msp.c ****     GPIO_InitStruct.Pin = GPIO_PIN_11;
 333:Src/stm32g4xx_hal_msp.c ****     GPIO_InitStruct.Mode = GPIO_MODE_AF_PP;
 334:Src/stm32g4xx_hal_msp.c ****     GPIO_InitStruct.Pull = GPIO_NOPULL;
 335:Src/stm32g4xx_hal_msp.c ****     GPIO_InitStruct.Speed = GPIO_SPEED_FREQ_MEDIUM;
 336:Src/stm32g4xx_hal_msp.c ****     GPIO_InitStruct.Alternate = GPIO_AF11_TIM1;
 337:Src/stm32g4xx_hal_msp.c ****     HAL_GPIO_Init(GPIOA, &GPIO_InitStruct);
 338:Src/stm32g4xx_hal_msp.c **** 
 339:Src/stm32g4xx_hal_msp.c ****   /* USER CODE BEGIN TIM1_MspPostInit 1 */
 340:Src/stm32g4xx_hal_msp.c **** 
 341:Src/stm32g4xx_hal_msp.c ****   /* USER CODE END TIM1_MspPostInit 1 */
 342:Src/stm32g4xx_hal_msp.c ****   }
 343:Src/stm32g4xx_hal_msp.c **** 
 344:Src/stm32g4xx_hal_msp.c **** }
 514              		.loc 1 344 0
 515 0018 09B0     		add	sp, sp, #36
 516              	.LCFI14:
 517              		.cfi_remember_state
 518              		.cfi_def_cfa_offset 20
 519              		@ sp needed
 520 001a F0BD     		pop	{r4, r5, r6, r7, pc}
 521              	.LVL29:
 522              	.L38:
 523              	.LCFI15:
 524              		.cfi_restore_state
 525              	.LBB12:
 299:Src/stm32g4xx_hal_msp.c ****     __HAL_RCC_GPIOA_CLK_ENABLE();
 526              		.loc 1 299 0
 527 001c 03F56443 		add	r3, r3, #58368
 528 0020 DA6C     		ldr	r2, [r3, #76]
 529 0022 42F00202 		orr	r2, r2, #2
 530 0026 DA64     		str	r2, [r3, #76]
 531 0028 DA6C     		ldr	r2, [r3, #76]
 532 002a 02F00202 		and	r2, r2, #2
 533 002e 0092     		str	r2, [sp]
 534 0030 009A     		ldr	r2, [sp]
 535              	.LBE12:
 536              	.LBB13:
ARM GAS  C:\Users\82057\AppData\Local\Temp\ccHy1HlB.s 			page 17


 300:Src/stm32g4xx_hal_msp.c ****     __HAL_RCC_GPIOC_CLK_ENABLE();
 537              		.loc 1 300 0
 538 0032 DA6C     		ldr	r2, [r3, #76]
 539 0034 42F00102 		orr	r2, r2, #1
 540 0038 DA64     		str	r2, [r3, #76]
 541 003a DA6C     		ldr	r2, [r3, #76]
 542 003c 02F00102 		and	r2, r2, #1
 543 0040 0192     		str	r2, [sp, #4]
 544 0042 019A     		ldr	r2, [sp, #4]
 545              	.LBE13:
 546              	.LBB14:
 301:Src/stm32g4xx_hal_msp.c ****     /**TIM1 GPIO Configuration
 547              		.loc 1 301 0
 548 0044 DA6C     		ldr	r2, [r3, #76]
 549 0046 42F00402 		orr	r2, r2, #4
 550 004a DA64     		str	r2, [r3, #76]
 551 004c DB6C     		ldr	r3, [r3, #76]
 552 004e 03F00403 		and	r3, r3, #4
 553 0052 0293     		str	r3, [sp, #8]
 554 0054 029B     		ldr	r3, [sp, #8]
 555              	.LBE14:
 311:Src/stm32g4xx_hal_msp.c ****     GPIO_InitStruct.Mode = GPIO_MODE_AF_PP;
 556              		.loc 1 311 0
 557 0056 4FF40053 		mov	r3, #8192
 558 005a 0393     		str	r3, [sp, #12]
 312:Src/stm32g4xx_hal_msp.c ****     GPIO_InitStruct.Pull = GPIO_NOPULL;
 559              		.loc 1 312 0
 560 005c 0224     		movs	r4, #2
 561 005e 0494     		str	r4, [sp, #16]
 314:Src/stm32g4xx_hal_msp.c ****     GPIO_InitStruct.Alternate = GPIO_AF4_TIM1;
 562              		.loc 1 314 0
 563 0060 0125     		movs	r5, #1
 564 0062 0695     		str	r5, [sp, #24]
 315:Src/stm32g4xx_hal_msp.c ****     HAL_GPIO_Init(GPIOC, &GPIO_InitStruct);
 565              		.loc 1 315 0
 566 0064 0423     		movs	r3, #4
 567 0066 0793     		str	r3, [sp, #28]
 316:Src/stm32g4xx_hal_msp.c **** 
 568              		.loc 1 316 0
 569 0068 03A9     		add	r1, sp, #12
 570 006a 1548     		ldr	r0, .L39+4
 571              	.LVL30:
 572 006c FFF7FEFF 		bl	HAL_GPIO_Init
 573              	.LVL31:
 318:Src/stm32g4xx_hal_msp.c ****     GPIO_InitStruct.Mode = GPIO_MODE_AF_PP;
 574              		.loc 1 318 0
 575 0070 0323     		movs	r3, #3
 576 0072 0393     		str	r3, [sp, #12]
 319:Src/stm32g4xx_hal_msp.c ****     GPIO_InitStruct.Pull = GPIO_NOPULL;
 577              		.loc 1 319 0
 578 0074 0494     		str	r4, [sp, #16]
 320:Src/stm32g4xx_hal_msp.c ****     GPIO_InitStruct.Speed = GPIO_SPEED_FREQ_MEDIUM;
 579              		.loc 1 320 0
 580 0076 0026     		movs	r6, #0
 581 0078 0596     		str	r6, [sp, #20]
 321:Src/stm32g4xx_hal_msp.c ****     GPIO_InitStruct.Alternate = GPIO_AF6_TIM1;
 582              		.loc 1 321 0
ARM GAS  C:\Users\82057\AppData\Local\Temp\ccHy1HlB.s 			page 18


 583 007a 0695     		str	r5, [sp, #24]
 322:Src/stm32g4xx_hal_msp.c ****     HAL_GPIO_Init(GPIOB, &GPIO_InitStruct);
 584              		.loc 1 322 0
 585 007c 0627     		movs	r7, #6
 586 007e 0797     		str	r7, [sp, #28]
 323:Src/stm32g4xx_hal_msp.c **** 
 587              		.loc 1 323 0
 588 0080 03A9     		add	r1, sp, #12
 589 0082 1048     		ldr	r0, .L39+8
 590 0084 FFF7FEFF 		bl	HAL_GPIO_Init
 591              	.LVL32:
 325:Src/stm32g4xx_hal_msp.c ****     GPIO_InitStruct.Mode = GPIO_MODE_AF_PP;
 592              		.loc 1 325 0
 593 0088 4FF4E063 		mov	r3, #1792
 594 008c 0393     		str	r3, [sp, #12]
 326:Src/stm32g4xx_hal_msp.c ****     GPIO_InitStruct.Pull = GPIO_PULLDOWN;
 595              		.loc 1 326 0
 596 008e 0494     		str	r4, [sp, #16]
 327:Src/stm32g4xx_hal_msp.c ****     GPIO_InitStruct.Speed = GPIO_SPEED_FREQ_MEDIUM;
 597              		.loc 1 327 0
 598 0090 0594     		str	r4, [sp, #20]
 328:Src/stm32g4xx_hal_msp.c ****     GPIO_InitStruct.Alternate = GPIO_AF6_TIM1;
 599              		.loc 1 328 0
 600 0092 0695     		str	r5, [sp, #24]
 329:Src/stm32g4xx_hal_msp.c ****     HAL_GPIO_Init(GPIOA, &GPIO_InitStruct);
 601              		.loc 1 329 0
 602 0094 0797     		str	r7, [sp, #28]
 330:Src/stm32g4xx_hal_msp.c **** 
 603              		.loc 1 330 0
 604 0096 03A9     		add	r1, sp, #12
 605 0098 4FF09040 		mov	r0, #1207959552
 606 009c FFF7FEFF 		bl	HAL_GPIO_Init
 607              	.LVL33:
 332:Src/stm32g4xx_hal_msp.c ****     GPIO_InitStruct.Mode = GPIO_MODE_AF_PP;
 608              		.loc 1 332 0
 609 00a0 4FF40063 		mov	r3, #2048
 610 00a4 0393     		str	r3, [sp, #12]
 333:Src/stm32g4xx_hal_msp.c ****     GPIO_InitStruct.Pull = GPIO_NOPULL;
 611              		.loc 1 333 0
 612 00a6 0494     		str	r4, [sp, #16]
 334:Src/stm32g4xx_hal_msp.c ****     GPIO_InitStruct.Speed = GPIO_SPEED_FREQ_MEDIUM;
 613              		.loc 1 334 0
 614 00a8 0596     		str	r6, [sp, #20]
 335:Src/stm32g4xx_hal_msp.c ****     GPIO_InitStruct.Alternate = GPIO_AF11_TIM1;
 615              		.loc 1 335 0
 616 00aa 0695     		str	r5, [sp, #24]
 336:Src/stm32g4xx_hal_msp.c ****     HAL_GPIO_Init(GPIOA, &GPIO_InitStruct);
 617              		.loc 1 336 0
 618 00ac 0B23     		movs	r3, #11
 619 00ae 0793     		str	r3, [sp, #28]
 337:Src/stm32g4xx_hal_msp.c **** 
 620              		.loc 1 337 0
 621 00b0 03A9     		add	r1, sp, #12
 622 00b2 4FF09040 		mov	r0, #1207959552
 623 00b6 FFF7FEFF 		bl	HAL_GPIO_Init
 624              	.LVL34:
 625              		.loc 1 344 0
ARM GAS  C:\Users\82057\AppData\Local\Temp\ccHy1HlB.s 			page 19


 626 00ba ADE7     		b	.L35
 627              	.L40:
 628              		.align	2
 629              	.L39:
 630 00bc 002C0140 		.word	1073818624
 631 00c0 00080048 		.word	1207961600
 632 00c4 00040048 		.word	1207960576
 633              		.cfi_endproc
 634              	.LFE333:
 636              		.section	.text.HAL_TIM_Base_MspDeInit,"ax",%progbits
 637              		.align	1
 638              		.global	HAL_TIM_Base_MspDeInit
 639              		.syntax unified
 640              		.thumb
 641              		.thumb_func
 642              		.fpu fpv4-sp-d16
 644              	HAL_TIM_Base_MspDeInit:
 645              	.LFB334:
 345:Src/stm32g4xx_hal_msp.c **** /**
 346:Src/stm32g4xx_hal_msp.c **** * @brief TIM_Base MSP De-Initialization
 347:Src/stm32g4xx_hal_msp.c **** * This function freeze the hardware resources used in this example
 348:Src/stm32g4xx_hal_msp.c **** * @param htim_base: TIM_Base handle pointer
 349:Src/stm32g4xx_hal_msp.c **** * @retval None
 350:Src/stm32g4xx_hal_msp.c **** */
 351:Src/stm32g4xx_hal_msp.c **** void HAL_TIM_Base_MspDeInit(TIM_HandleTypeDef* htim_base)
 352:Src/stm32g4xx_hal_msp.c **** {
 646              		.loc 1 352 0
 647              		.cfi_startproc
 648              		@ args = 0, pretend = 0, frame = 0
 649              		@ frame_needed = 0, uses_anonymous_args = 0
 650              	.LVL35:
 651 0000 08B5     		push	{r3, lr}
 652              	.LCFI16:
 653              		.cfi_def_cfa_offset 8
 654              		.cfi_offset 3, -8
 655              		.cfi_offset 14, -4
 353:Src/stm32g4xx_hal_msp.c ****   if(htim_base->Instance==TIM1)
 656              		.loc 1 353 0
 657 0002 0368     		ldr	r3, [r0]
 658 0004 0E4A     		ldr	r2, .L47
 659 0006 9342     		cmp	r3, r2
 660 0008 03D0     		beq	.L45
 354:Src/stm32g4xx_hal_msp.c ****   {
 355:Src/stm32g4xx_hal_msp.c ****   /* USER CODE BEGIN TIM1_MspDeInit 0 */
 356:Src/stm32g4xx_hal_msp.c **** 
 357:Src/stm32g4xx_hal_msp.c ****   /* USER CODE END TIM1_MspDeInit 0 */
 358:Src/stm32g4xx_hal_msp.c ****     /* Peripheral clock disable */
 359:Src/stm32g4xx_hal_msp.c ****     __HAL_RCC_TIM1_CLK_DISABLE();
 360:Src/stm32g4xx_hal_msp.c ****   /* USER CODE BEGIN TIM1_MspDeInit 1 */
 361:Src/stm32g4xx_hal_msp.c **** 
 362:Src/stm32g4xx_hal_msp.c ****   /* USER CODE END TIM1_MspDeInit 1 */
 363:Src/stm32g4xx_hal_msp.c ****   }
 364:Src/stm32g4xx_hal_msp.c ****   else if(htim_base->Instance==TIM2)
 661              		.loc 1 364 0
 662 000a B3F1804F 		cmp	r3, #1073741824
 663 000e 07D0     		beq	.L46
 664              	.LVL36:
ARM GAS  C:\Users\82057\AppData\Local\Temp\ccHy1HlB.s 			page 20


 665              	.L41:
 365:Src/stm32g4xx_hal_msp.c ****   {
 366:Src/stm32g4xx_hal_msp.c ****   /* USER CODE BEGIN TIM2_MspDeInit 0 */
 367:Src/stm32g4xx_hal_msp.c **** 
 368:Src/stm32g4xx_hal_msp.c ****   /* USER CODE END TIM2_MspDeInit 0 */
 369:Src/stm32g4xx_hal_msp.c ****     /* Peripheral clock disable */
 370:Src/stm32g4xx_hal_msp.c ****     __HAL_RCC_TIM2_CLK_DISABLE();
 371:Src/stm32g4xx_hal_msp.c **** 
 372:Src/stm32g4xx_hal_msp.c ****     /**TIM2 GPIO Configuration
 373:Src/stm32g4xx_hal_msp.c ****     PA5     ------> TIM2_CH1
 374:Src/stm32g4xx_hal_msp.c ****     PB10     ------> TIM2_CH3
 375:Src/stm32g4xx_hal_msp.c ****     PB3     ------> TIM2_CH2
 376:Src/stm32g4xx_hal_msp.c ****     */
 377:Src/stm32g4xx_hal_msp.c ****     HAL_GPIO_DeInit(GPIOA, GPIO_PIN_5);
 378:Src/stm32g4xx_hal_msp.c **** 
 379:Src/stm32g4xx_hal_msp.c ****     HAL_GPIO_DeInit(GPIOB, GPIO_PIN_10|GPIO_PIN_3);
 380:Src/stm32g4xx_hal_msp.c **** 
 381:Src/stm32g4xx_hal_msp.c ****   /* USER CODE BEGIN TIM2_MspDeInit 1 */
 382:Src/stm32g4xx_hal_msp.c **** 
 383:Src/stm32g4xx_hal_msp.c ****   /* USER CODE END TIM2_MspDeInit 1 */
 384:Src/stm32g4xx_hal_msp.c ****   }
 385:Src/stm32g4xx_hal_msp.c **** 
 386:Src/stm32g4xx_hal_msp.c **** }
 666              		.loc 1 386 0
 667 0010 08BD     		pop	{r3, pc}
 668              	.LVL37:
 669              	.L45:
 359:Src/stm32g4xx_hal_msp.c ****   /* USER CODE BEGIN TIM1_MspDeInit 1 */
 670              		.loc 1 359 0
 671 0012 02F56442 		add	r2, r2, #58368
 672 0016 136E     		ldr	r3, [r2, #96]
 673 0018 23F40063 		bic	r3, r3, #2048
 674 001c 1366     		str	r3, [r2, #96]
 675 001e F7E7     		b	.L41
 676              	.L46:
 370:Src/stm32g4xx_hal_msp.c **** 
 677              		.loc 1 370 0
 678 0020 084A     		ldr	r2, .L47+4
 679 0022 936D     		ldr	r3, [r2, #88]
 680 0024 23F00103 		bic	r3, r3, #1
 681 0028 9365     		str	r3, [r2, #88]
 377:Src/stm32g4xx_hal_msp.c **** 
 682              		.loc 1 377 0
 683 002a 2021     		movs	r1, #32
 684 002c 4FF09040 		mov	r0, #1207959552
 685              	.LVL38:
 686 0030 FFF7FEFF 		bl	HAL_GPIO_DeInit
 687              	.LVL39:
 379:Src/stm32g4xx_hal_msp.c **** 
 688              		.loc 1 379 0
 689 0034 4FF48161 		mov	r1, #1032
 690 0038 0348     		ldr	r0, .L47+8
 691 003a FFF7FEFF 		bl	HAL_GPIO_DeInit
 692              	.LVL40:
 693              		.loc 1 386 0
 694 003e E7E7     		b	.L41
 695              	.L48:
ARM GAS  C:\Users\82057\AppData\Local\Temp\ccHy1HlB.s 			page 21


 696              		.align	2
 697              	.L47:
 698 0040 002C0140 		.word	1073818624
 699 0044 00100240 		.word	1073876992
 700 0048 00040048 		.word	1207960576
 701              		.cfi_endproc
 702              	.LFE334:
 704              		.section	.text.HAL_UART_MspInit,"ax",%progbits
 705              		.align	1
 706              		.global	HAL_UART_MspInit
 707              		.syntax unified
 708              		.thumb
 709              		.thumb_func
 710              		.fpu fpv4-sp-d16
 712              	HAL_UART_MspInit:
 713              	.LFB335:
 387:Src/stm32g4xx_hal_msp.c **** 
 388:Src/stm32g4xx_hal_msp.c **** /**
 389:Src/stm32g4xx_hal_msp.c **** * @brief UART MSP Initialization
 390:Src/stm32g4xx_hal_msp.c **** * This function configures the hardware resources used in this example
 391:Src/stm32g4xx_hal_msp.c **** * @param huart: UART handle pointer
 392:Src/stm32g4xx_hal_msp.c **** * @retval None
 393:Src/stm32g4xx_hal_msp.c **** */
 394:Src/stm32g4xx_hal_msp.c **** void HAL_UART_MspInit(UART_HandleTypeDef* huart)
 395:Src/stm32g4xx_hal_msp.c **** {
 714              		.loc 1 395 0
 715              		.cfi_startproc
 716              		@ args = 0, pretend = 0, frame = 32
 717              		@ frame_needed = 0, uses_anonymous_args = 0
 718              	.LVL41:
 719 0000 F0B5     		push	{r4, r5, r6, r7, lr}
 720              	.LCFI17:
 721              		.cfi_def_cfa_offset 20
 722              		.cfi_offset 4, -20
 723              		.cfi_offset 5, -16
 724              		.cfi_offset 6, -12
 725              		.cfi_offset 7, -8
 726              		.cfi_offset 14, -4
 727 0002 89B0     		sub	sp, sp, #36
 728              	.LCFI18:
 729              		.cfi_def_cfa_offset 56
 396:Src/stm32g4xx_hal_msp.c ****   GPIO_InitTypeDef GPIO_InitStruct = {0};
 730              		.loc 1 396 0
 731 0004 0023     		movs	r3, #0
 732 0006 0393     		str	r3, [sp, #12]
 733 0008 0493     		str	r3, [sp, #16]
 734 000a 0593     		str	r3, [sp, #20]
 735 000c 0693     		str	r3, [sp, #24]
 736 000e 0793     		str	r3, [sp, #28]
 397:Src/stm32g4xx_hal_msp.c ****   if(huart->Instance==USART1)
 737              		.loc 1 397 0
 738 0010 0268     		ldr	r2, [r0]
 739 0012 394B     		ldr	r3, .L57
 740 0014 9A42     		cmp	r2, r3
 741 0016 01D0     		beq	.L54
 742              	.LVL42:
 743              	.L49:
ARM GAS  C:\Users\82057\AppData\Local\Temp\ccHy1HlB.s 			page 22


 398:Src/stm32g4xx_hal_msp.c ****   {
 399:Src/stm32g4xx_hal_msp.c ****   /* USER CODE BEGIN USART1_MspInit 0 */
 400:Src/stm32g4xx_hal_msp.c **** 
 401:Src/stm32g4xx_hal_msp.c ****   /* USER CODE END USART1_MspInit 0 */
 402:Src/stm32g4xx_hal_msp.c ****     /* Peripheral clock enable */
 403:Src/stm32g4xx_hal_msp.c ****     __HAL_RCC_USART1_CLK_ENABLE();
 404:Src/stm32g4xx_hal_msp.c **** 
 405:Src/stm32g4xx_hal_msp.c ****     __HAL_RCC_GPIOA_CLK_ENABLE();
 406:Src/stm32g4xx_hal_msp.c ****     __HAL_RCC_GPIOB_CLK_ENABLE();
 407:Src/stm32g4xx_hal_msp.c ****     /**USART1 GPIO Configuration
 408:Src/stm32g4xx_hal_msp.c ****     PA12     ------> USART1_DE
 409:Src/stm32g4xx_hal_msp.c ****     PB6     ------> USART1_TX
 410:Src/stm32g4xx_hal_msp.c ****     PB7     ------> USART1_RX
 411:Src/stm32g4xx_hal_msp.c ****     */
 412:Src/stm32g4xx_hal_msp.c ****     GPIO_InitStruct.Pin = GPIO_PIN_12;
 413:Src/stm32g4xx_hal_msp.c ****     GPIO_InitStruct.Mode = GPIO_MODE_AF_PP;
 414:Src/stm32g4xx_hal_msp.c ****     GPIO_InitStruct.Pull = GPIO_PULLUP;
 415:Src/stm32g4xx_hal_msp.c ****     GPIO_InitStruct.Speed = GPIO_SPEED_FREQ_LOW;
 416:Src/stm32g4xx_hal_msp.c ****     GPIO_InitStruct.Alternate = GPIO_AF7_USART1;
 417:Src/stm32g4xx_hal_msp.c ****     HAL_GPIO_Init(GPIOA, &GPIO_InitStruct);
 418:Src/stm32g4xx_hal_msp.c **** 
 419:Src/stm32g4xx_hal_msp.c ****     GPIO_InitStruct.Pin = GPIO_PIN_6|GPIO_PIN_7;
 420:Src/stm32g4xx_hal_msp.c ****     GPIO_InitStruct.Mode = GPIO_MODE_AF_PP;
 421:Src/stm32g4xx_hal_msp.c ****     GPIO_InitStruct.Pull = GPIO_PULLUP;
 422:Src/stm32g4xx_hal_msp.c ****     GPIO_InitStruct.Speed = GPIO_SPEED_FREQ_LOW;
 423:Src/stm32g4xx_hal_msp.c ****     GPIO_InitStruct.Alternate = GPIO_AF7_USART1;
 424:Src/stm32g4xx_hal_msp.c ****     HAL_GPIO_Init(GPIOB, &GPIO_InitStruct);
 425:Src/stm32g4xx_hal_msp.c **** 
 426:Src/stm32g4xx_hal_msp.c ****     /* USART1 DMA Init */
 427:Src/stm32g4xx_hal_msp.c ****     /* USART1_RX Init */
 428:Src/stm32g4xx_hal_msp.c ****     hdma_usart1_rx.Instance = DMA1_Channel1;
 429:Src/stm32g4xx_hal_msp.c ****     hdma_usart1_rx.Init.Request = DMA_REQUEST_USART1_RX;
 430:Src/stm32g4xx_hal_msp.c ****     hdma_usart1_rx.Init.Direction = DMA_PERIPH_TO_MEMORY;
 431:Src/stm32g4xx_hal_msp.c ****     hdma_usart1_rx.Init.PeriphInc = DMA_PINC_DISABLE;
 432:Src/stm32g4xx_hal_msp.c ****     hdma_usart1_rx.Init.MemInc = DMA_MINC_ENABLE;
 433:Src/stm32g4xx_hal_msp.c ****     hdma_usart1_rx.Init.PeriphDataAlignment = DMA_PDATAALIGN_BYTE;
 434:Src/stm32g4xx_hal_msp.c ****     hdma_usart1_rx.Init.MemDataAlignment = DMA_MDATAALIGN_BYTE;
 435:Src/stm32g4xx_hal_msp.c ****     hdma_usart1_rx.Init.Mode = DMA_CIRCULAR;
 436:Src/stm32g4xx_hal_msp.c ****     hdma_usart1_rx.Init.Priority = DMA_PRIORITY_LOW;
 437:Src/stm32g4xx_hal_msp.c ****     if (HAL_DMA_Init(&hdma_usart1_rx) != HAL_OK)
 438:Src/stm32g4xx_hal_msp.c ****     {
 439:Src/stm32g4xx_hal_msp.c ****       Error_Handler();
 440:Src/stm32g4xx_hal_msp.c ****     }
 441:Src/stm32g4xx_hal_msp.c **** 
 442:Src/stm32g4xx_hal_msp.c ****     __HAL_LINKDMA(huart,hdmarx,hdma_usart1_rx);
 443:Src/stm32g4xx_hal_msp.c **** 
 444:Src/stm32g4xx_hal_msp.c ****     /* USART1_TX Init */
 445:Src/stm32g4xx_hal_msp.c ****     hdma_usart1_tx.Instance = DMA1_Channel2;
 446:Src/stm32g4xx_hal_msp.c ****     hdma_usart1_tx.Init.Request = DMA_REQUEST_USART1_TX;
 447:Src/stm32g4xx_hal_msp.c ****     hdma_usart1_tx.Init.Direction = DMA_MEMORY_TO_PERIPH;
 448:Src/stm32g4xx_hal_msp.c ****     hdma_usart1_tx.Init.PeriphInc = DMA_PINC_DISABLE;
 449:Src/stm32g4xx_hal_msp.c ****     hdma_usart1_tx.Init.MemInc = DMA_MINC_ENABLE;
 450:Src/stm32g4xx_hal_msp.c ****     hdma_usart1_tx.Init.PeriphDataAlignment = DMA_PDATAALIGN_BYTE;
 451:Src/stm32g4xx_hal_msp.c ****     hdma_usart1_tx.Init.MemDataAlignment = DMA_MDATAALIGN_BYTE;
 452:Src/stm32g4xx_hal_msp.c ****     hdma_usart1_tx.Init.Mode = DMA_NORMAL;
 453:Src/stm32g4xx_hal_msp.c ****     hdma_usart1_tx.Init.Priority = DMA_PRIORITY_LOW;
 454:Src/stm32g4xx_hal_msp.c ****     if (HAL_DMA_Init(&hdma_usart1_tx) != HAL_OK)
ARM GAS  C:\Users\82057\AppData\Local\Temp\ccHy1HlB.s 			page 23


 455:Src/stm32g4xx_hal_msp.c ****     {
 456:Src/stm32g4xx_hal_msp.c ****       Error_Handler();
 457:Src/stm32g4xx_hal_msp.c ****     }
 458:Src/stm32g4xx_hal_msp.c **** 
 459:Src/stm32g4xx_hal_msp.c ****     __HAL_LINKDMA(huart,hdmatx,hdma_usart1_tx);
 460:Src/stm32g4xx_hal_msp.c **** 
 461:Src/stm32g4xx_hal_msp.c ****   /* USER CODE BEGIN USART1_MspInit 1 */
 462:Src/stm32g4xx_hal_msp.c **** 
 463:Src/stm32g4xx_hal_msp.c ****   /* USER CODE END USART1_MspInit 1 */
 464:Src/stm32g4xx_hal_msp.c **** 		
 465:Src/stm32g4xx_hal_msp.c **** 		HAL_NVIC_SetPriority(USART1_IRQn, 1, 1);
 466:Src/stm32g4xx_hal_msp.c ****  //   HAL_NVIC_EnableIRQ(USART1_IRQn);
 467:Src/stm32g4xx_hal_msp.c ****   }
 468:Src/stm32g4xx_hal_msp.c **** 
 469:Src/stm32g4xx_hal_msp.c **** }
 744              		.loc 1 469 0
 745 0018 09B0     		add	sp, sp, #36
 746              	.LCFI19:
 747              		.cfi_remember_state
 748              		.cfi_def_cfa_offset 20
 749              		@ sp needed
 750 001a F0BD     		pop	{r4, r5, r6, r7, pc}
 751              	.LVL43:
 752              	.L54:
 753              	.LCFI20:
 754              		.cfi_restore_state
 755 001c 0446     		mov	r4, r0
 756              	.LBB15:
 403:Src/stm32g4xx_hal_msp.c **** 
 757              		.loc 1 403 0
 758 001e 03F55843 		add	r3, r3, #55296
 759 0022 1A6E     		ldr	r2, [r3, #96]
 760 0024 42F48042 		orr	r2, r2, #16384
 761 0028 1A66     		str	r2, [r3, #96]
 762 002a 1A6E     		ldr	r2, [r3, #96]
 763 002c 02F48042 		and	r2, r2, #16384
 764 0030 0092     		str	r2, [sp]
 765 0032 009A     		ldr	r2, [sp]
 766              	.LBE15:
 767              	.LBB16:
 405:Src/stm32g4xx_hal_msp.c ****     __HAL_RCC_GPIOB_CLK_ENABLE();
 768              		.loc 1 405 0
 769 0034 DA6C     		ldr	r2, [r3, #76]
 770 0036 42F00102 		orr	r2, r2, #1
 771 003a DA64     		str	r2, [r3, #76]
 772 003c DA6C     		ldr	r2, [r3, #76]
 773 003e 02F00102 		and	r2, r2, #1
 774 0042 0192     		str	r2, [sp, #4]
 775 0044 019A     		ldr	r2, [sp, #4]
 776              	.LBE16:
 777              	.LBB17:
 406:Src/stm32g4xx_hal_msp.c ****     /**USART1 GPIO Configuration
 778              		.loc 1 406 0
 779 0046 DA6C     		ldr	r2, [r3, #76]
 780 0048 42F00202 		orr	r2, r2, #2
 781 004c DA64     		str	r2, [r3, #76]
 782 004e DB6C     		ldr	r3, [r3, #76]
ARM GAS  C:\Users\82057\AppData\Local\Temp\ccHy1HlB.s 			page 24


 783 0050 03F00203 		and	r3, r3, #2
 784 0054 0293     		str	r3, [sp, #8]
 785 0056 029B     		ldr	r3, [sp, #8]
 786              	.LBE17:
 412:Src/stm32g4xx_hal_msp.c ****     GPIO_InitStruct.Mode = GPIO_MODE_AF_PP;
 787              		.loc 1 412 0
 788 0058 4FF48053 		mov	r3, #4096
 789 005c 0393     		str	r3, [sp, #12]
 413:Src/stm32g4xx_hal_msp.c ****     GPIO_InitStruct.Pull = GPIO_PULLUP;
 790              		.loc 1 413 0
 791 005e 0227     		movs	r7, #2
 792 0060 0497     		str	r7, [sp, #16]
 414:Src/stm32g4xx_hal_msp.c ****     GPIO_InitStruct.Speed = GPIO_SPEED_FREQ_LOW;
 793              		.loc 1 414 0
 794 0062 0125     		movs	r5, #1
 795 0064 0595     		str	r5, [sp, #20]
 416:Src/stm32g4xx_hal_msp.c ****     HAL_GPIO_Init(GPIOA, &GPIO_InitStruct);
 796              		.loc 1 416 0
 797 0066 0726     		movs	r6, #7
 798 0068 0796     		str	r6, [sp, #28]
 417:Src/stm32g4xx_hal_msp.c **** 
 799              		.loc 1 417 0
 800 006a 03A9     		add	r1, sp, #12
 801 006c 4FF09040 		mov	r0, #1207959552
 802              	.LVL44:
 803 0070 FFF7FEFF 		bl	HAL_GPIO_Init
 804              	.LVL45:
 419:Src/stm32g4xx_hal_msp.c ****     GPIO_InitStruct.Mode = GPIO_MODE_AF_PP;
 805              		.loc 1 419 0
 806 0074 C023     		movs	r3, #192
 807 0076 0393     		str	r3, [sp, #12]
 420:Src/stm32g4xx_hal_msp.c ****     GPIO_InitStruct.Pull = GPIO_PULLUP;
 808              		.loc 1 420 0
 809 0078 0497     		str	r7, [sp, #16]
 421:Src/stm32g4xx_hal_msp.c ****     GPIO_InitStruct.Speed = GPIO_SPEED_FREQ_LOW;
 810              		.loc 1 421 0
 811 007a 0595     		str	r5, [sp, #20]
 422:Src/stm32g4xx_hal_msp.c ****     GPIO_InitStruct.Alternate = GPIO_AF7_USART1;
 812              		.loc 1 422 0
 813 007c 0025     		movs	r5, #0
 814 007e 0695     		str	r5, [sp, #24]
 423:Src/stm32g4xx_hal_msp.c ****     HAL_GPIO_Init(GPIOB, &GPIO_InitStruct);
 815              		.loc 1 423 0
 816 0080 0796     		str	r6, [sp, #28]
 424:Src/stm32g4xx_hal_msp.c **** 
 817              		.loc 1 424 0
 818 0082 03A9     		add	r1, sp, #12
 819 0084 1D48     		ldr	r0, .L57+4
 820 0086 FFF7FEFF 		bl	HAL_GPIO_Init
 821              	.LVL46:
 428:Src/stm32g4xx_hal_msp.c ****     hdma_usart1_rx.Init.Request = DMA_REQUEST_USART1_RX;
 822              		.loc 1 428 0
 823 008a 1D48     		ldr	r0, .L57+8
 824 008c 1D4B     		ldr	r3, .L57+12
 825 008e 0360     		str	r3, [r0]
 429:Src/stm32g4xx_hal_msp.c ****     hdma_usart1_rx.Init.Direction = DMA_PERIPH_TO_MEMORY;
 826              		.loc 1 429 0
ARM GAS  C:\Users\82057\AppData\Local\Temp\ccHy1HlB.s 			page 25


 827 0090 1823     		movs	r3, #24
 828 0092 4360     		str	r3, [r0, #4]
 430:Src/stm32g4xx_hal_msp.c ****     hdma_usart1_rx.Init.PeriphInc = DMA_PINC_DISABLE;
 829              		.loc 1 430 0
 830 0094 8560     		str	r5, [r0, #8]
 431:Src/stm32g4xx_hal_msp.c ****     hdma_usart1_rx.Init.MemInc = DMA_MINC_ENABLE;
 831              		.loc 1 431 0
 832 0096 C560     		str	r5, [r0, #12]
 432:Src/stm32g4xx_hal_msp.c ****     hdma_usart1_rx.Init.PeriphDataAlignment = DMA_PDATAALIGN_BYTE;
 833              		.loc 1 432 0
 834 0098 8023     		movs	r3, #128
 835 009a 0361     		str	r3, [r0, #16]
 433:Src/stm32g4xx_hal_msp.c ****     hdma_usart1_rx.Init.MemDataAlignment = DMA_MDATAALIGN_BYTE;
 836              		.loc 1 433 0
 837 009c 4561     		str	r5, [r0, #20]
 434:Src/stm32g4xx_hal_msp.c ****     hdma_usart1_rx.Init.Mode = DMA_CIRCULAR;
 838              		.loc 1 434 0
 839 009e 8561     		str	r5, [r0, #24]
 435:Src/stm32g4xx_hal_msp.c ****     hdma_usart1_rx.Init.Priority = DMA_PRIORITY_LOW;
 840              		.loc 1 435 0
 841 00a0 2023     		movs	r3, #32
 842 00a2 C361     		str	r3, [r0, #28]
 436:Src/stm32g4xx_hal_msp.c ****     if (HAL_DMA_Init(&hdma_usart1_rx) != HAL_OK)
 843              		.loc 1 436 0
 844 00a4 0562     		str	r5, [r0, #32]
 437:Src/stm32g4xx_hal_msp.c ****     {
 845              		.loc 1 437 0
 846 00a6 FFF7FEFF 		bl	HAL_DMA_Init
 847              	.LVL47:
 848 00aa F0B9     		cbnz	r0, .L55
 849              	.L51:
 442:Src/stm32g4xx_hal_msp.c **** 
 850              		.loc 1 442 0
 851 00ac 144B     		ldr	r3, .L57+8
 852 00ae C4F88030 		str	r3, [r4, #128]
 853 00b2 9C62     		str	r4, [r3, #40]
 445:Src/stm32g4xx_hal_msp.c ****     hdma_usart1_tx.Init.Request = DMA_REQUEST_USART1_TX;
 854              		.loc 1 445 0
 855 00b4 1448     		ldr	r0, .L57+16
 856 00b6 154B     		ldr	r3, .L57+20
 857 00b8 0360     		str	r3, [r0]
 446:Src/stm32g4xx_hal_msp.c ****     hdma_usart1_tx.Init.Direction = DMA_MEMORY_TO_PERIPH;
 858              		.loc 1 446 0
 859 00ba 1923     		movs	r3, #25
 860 00bc 4360     		str	r3, [r0, #4]
 447:Src/stm32g4xx_hal_msp.c ****     hdma_usart1_tx.Init.PeriphInc = DMA_PINC_DISABLE;
 861              		.loc 1 447 0
 862 00be 1023     		movs	r3, #16
 863 00c0 8360     		str	r3, [r0, #8]
 448:Src/stm32g4xx_hal_msp.c ****     hdma_usart1_tx.Init.MemInc = DMA_MINC_ENABLE;
 864              		.loc 1 448 0
 865 00c2 0023     		movs	r3, #0
 866 00c4 C360     		str	r3, [r0, #12]
 449:Src/stm32g4xx_hal_msp.c ****     hdma_usart1_tx.Init.PeriphDataAlignment = DMA_PDATAALIGN_BYTE;
 867              		.loc 1 449 0
 868 00c6 8022     		movs	r2, #128
 869 00c8 0261     		str	r2, [r0, #16]
ARM GAS  C:\Users\82057\AppData\Local\Temp\ccHy1HlB.s 			page 26


 450:Src/stm32g4xx_hal_msp.c ****     hdma_usart1_tx.Init.MemDataAlignment = DMA_MDATAALIGN_BYTE;
 870              		.loc 1 450 0
 871 00ca 4361     		str	r3, [r0, #20]
 451:Src/stm32g4xx_hal_msp.c ****     hdma_usart1_tx.Init.Mode = DMA_NORMAL;
 872              		.loc 1 451 0
 873 00cc 8361     		str	r3, [r0, #24]
 452:Src/stm32g4xx_hal_msp.c ****     hdma_usart1_tx.Init.Priority = DMA_PRIORITY_LOW;
 874              		.loc 1 452 0
 875 00ce C361     		str	r3, [r0, #28]
 453:Src/stm32g4xx_hal_msp.c ****     if (HAL_DMA_Init(&hdma_usart1_tx) != HAL_OK)
 876              		.loc 1 453 0
 877 00d0 0362     		str	r3, [r0, #32]
 454:Src/stm32g4xx_hal_msp.c ****     {
 878              		.loc 1 454 0
 879 00d2 FFF7FEFF 		bl	HAL_DMA_Init
 880              	.LVL48:
 881 00d6 58B9     		cbnz	r0, .L56
 882              	.L52:
 459:Src/stm32g4xx_hal_msp.c **** 
 883              		.loc 1 459 0
 884 00d8 0B4B     		ldr	r3, .L57+16
 885 00da E367     		str	r3, [r4, #124]
 886 00dc 9C62     		str	r4, [r3, #40]
 465:Src/stm32g4xx_hal_msp.c ****  //   HAL_NVIC_EnableIRQ(USART1_IRQn);
 887              		.loc 1 465 0
 888 00de 0122     		movs	r2, #1
 889 00e0 1146     		mov	r1, r2
 890 00e2 2520     		movs	r0, #37
 891 00e4 FFF7FEFF 		bl	HAL_NVIC_SetPriority
 892              	.LVL49:
 893              		.loc 1 469 0
 894 00e8 96E7     		b	.L49
 895              	.L55:
 896              	.LBB18:
 439:Src/stm32g4xx_hal_msp.c ****     }
 897              		.loc 1 439 0
 898 00ea FFF7FEFF 		bl	Error_Handler
 899              	.LVL50:
 900 00ee DDE7     		b	.L51
 901              	.L56:
 902              	.LBE18:
 903              	.LBB19:
 456:Src/stm32g4xx_hal_msp.c ****     }
 904              		.loc 1 456 0
 905 00f0 FFF7FEFF 		bl	Error_Handler
 906              	.LVL51:
 907 00f4 F0E7     		b	.L52
 908              	.L58:
 909 00f6 00BF     		.align	2
 910              	.L57:
 911 00f8 00380140 		.word	1073821696
 912 00fc 00040048 		.word	1207960576
 913 0100 00000000 		.word	hdma_usart1_rx
 914 0104 08000240 		.word	1073872904
 915 0108 00000000 		.word	hdma_usart1_tx
 916 010c 1C000240 		.word	1073872924
 917              	.LBE19:
ARM GAS  C:\Users\82057\AppData\Local\Temp\ccHy1HlB.s 			page 27


 918              		.cfi_endproc
 919              	.LFE335:
 921              		.section	.text.HAL_UART_MspDeInit,"ax",%progbits
 922              		.align	1
 923              		.global	HAL_UART_MspDeInit
 924              		.syntax unified
 925              		.thumb
 926              		.thumb_func
 927              		.fpu fpv4-sp-d16
 929              	HAL_UART_MspDeInit:
 930              	.LFB336:
 470:Src/stm32g4xx_hal_msp.c **** 
 471:Src/stm32g4xx_hal_msp.c **** /**
 472:Src/stm32g4xx_hal_msp.c **** * @brief UART MSP De-Initialization
 473:Src/stm32g4xx_hal_msp.c **** * This function freeze the hardware resources used in this example
 474:Src/stm32g4xx_hal_msp.c **** * @param huart: UART handle pointer
 475:Src/stm32g4xx_hal_msp.c **** * @retval None
 476:Src/stm32g4xx_hal_msp.c **** */
 477:Src/stm32g4xx_hal_msp.c **** void HAL_UART_MspDeInit(UART_HandleTypeDef* huart)
 478:Src/stm32g4xx_hal_msp.c **** {
 931              		.loc 1 478 0
 932              		.cfi_startproc
 933              		@ args = 0, pretend = 0, frame = 0
 934              		@ frame_needed = 0, uses_anonymous_args = 0
 935              	.LVL52:
 479:Src/stm32g4xx_hal_msp.c ****   if(huart->Instance==USART1)
 936              		.loc 1 479 0
 937 0000 0268     		ldr	r2, [r0]
 938 0002 0E4B     		ldr	r3, .L66
 939 0004 9A42     		cmp	r2, r3
 940 0006 00D0     		beq	.L65
 941 0008 7047     		bx	lr
 942              	.L65:
 478:Src/stm32g4xx_hal_msp.c ****   if(huart->Instance==USART1)
 943              		.loc 1 478 0
 944 000a 10B5     		push	{r4, lr}
 945              	.LCFI21:
 946              		.cfi_def_cfa_offset 8
 947              		.cfi_offset 4, -8
 948              		.cfi_offset 14, -4
 949 000c 0446     		mov	r4, r0
 480:Src/stm32g4xx_hal_msp.c ****   {
 481:Src/stm32g4xx_hal_msp.c ****   /* USER CODE BEGIN USART1_MspDeInit 0 */
 482:Src/stm32g4xx_hal_msp.c **** 
 483:Src/stm32g4xx_hal_msp.c ****   /* USER CODE END USART1_MspDeInit 0 */
 484:Src/stm32g4xx_hal_msp.c ****     /* Peripheral clock disable */
 485:Src/stm32g4xx_hal_msp.c ****     __HAL_RCC_USART1_CLK_DISABLE();
 950              		.loc 1 485 0
 951 000e 0C4A     		ldr	r2, .L66+4
 952 0010 136E     		ldr	r3, [r2, #96]
 953 0012 23F48043 		bic	r3, r3, #16384
 954 0016 1366     		str	r3, [r2, #96]
 486:Src/stm32g4xx_hal_msp.c **** 
 487:Src/stm32g4xx_hal_msp.c ****     /**USART1 GPIO Configuration
 488:Src/stm32g4xx_hal_msp.c ****     PA12     ------> USART1_DE
 489:Src/stm32g4xx_hal_msp.c ****     PB6     ------> USART1_TX
 490:Src/stm32g4xx_hal_msp.c ****     PB7     ------> USART1_RX
ARM GAS  C:\Users\82057\AppData\Local\Temp\ccHy1HlB.s 			page 28


 491:Src/stm32g4xx_hal_msp.c ****     */
 492:Src/stm32g4xx_hal_msp.c ****     HAL_GPIO_DeInit(GPIOA, GPIO_PIN_12);
 955              		.loc 1 492 0
 956 0018 4FF48051 		mov	r1, #4096
 957 001c 4FF09040 		mov	r0, #1207959552
 958              	.LVL53:
 959 0020 FFF7FEFF 		bl	HAL_GPIO_DeInit
 960              	.LVL54:
 493:Src/stm32g4xx_hal_msp.c **** 
 494:Src/stm32g4xx_hal_msp.c ****     HAL_GPIO_DeInit(GPIOB, GPIO_PIN_6|GPIO_PIN_7);
 961              		.loc 1 494 0
 962 0024 C021     		movs	r1, #192
 963 0026 0748     		ldr	r0, .L66+8
 964 0028 FFF7FEFF 		bl	HAL_GPIO_DeInit
 965              	.LVL55:
 495:Src/stm32g4xx_hal_msp.c **** 
 496:Src/stm32g4xx_hal_msp.c ****     /* USART1 DMA DeInit */
 497:Src/stm32g4xx_hal_msp.c ****     HAL_DMA_DeInit(huart->hdmarx);
 966              		.loc 1 497 0
 967 002c D4F88000 		ldr	r0, [r4, #128]
 968 0030 FFF7FEFF 		bl	HAL_DMA_DeInit
 969              	.LVL56:
 498:Src/stm32g4xx_hal_msp.c ****     HAL_DMA_DeInit(huart->hdmatx);
 970              		.loc 1 498 0
 971 0034 E06F     		ldr	r0, [r4, #124]
 972 0036 FFF7FEFF 		bl	HAL_DMA_DeInit
 973              	.LVL57:
 499:Src/stm32g4xx_hal_msp.c ****   /* USER CODE BEGIN USART1_MspDeInit 1 */
 500:Src/stm32g4xx_hal_msp.c **** 
 501:Src/stm32g4xx_hal_msp.c ****   /* USER CODE END USART1_MspDeInit 1 */
 502:Src/stm32g4xx_hal_msp.c ****   }
 503:Src/stm32g4xx_hal_msp.c **** 
 504:Src/stm32g4xx_hal_msp.c **** }
 974              		.loc 1 504 0
 975 003a 10BD     		pop	{r4, pc}
 976              	.LVL58:
 977              	.L67:
 978              		.align	2
 979              	.L66:
 980 003c 00380140 		.word	1073821696
 981 0040 00100240 		.word	1073876992
 982 0044 00040048 		.word	1207960576
 983              		.cfi_endproc
 984              	.LFE336:
 986              		.section	.bss.HAL_RCC_ADC12_CLK_ENABLED,"aw",%nobits
 987              		.align	2
 988              		.set	.LANCHOR0,. + 0
 991              	HAL_RCC_ADC12_CLK_ENABLED:
 992 0000 00000000 		.space	4
 993              		.text
 994              	.Letext0:
 995              		.file 2 "c:\\program files (x86)\\gnu tools arm embedded\\7 2018-q2-update\\arm-none-eabi\\include
 996              		.file 3 "c:\\program files (x86)\\gnu tools arm embedded\\7 2018-q2-update\\arm-none-eabi\\include
 997              		.file 4 "Drivers/CMSIS/Include/core_cm4.h"
 998              		.file 5 "Drivers/CMSIS/Device/ST/STM32G4xx/Include/system_stm32g4xx.h"
 999              		.file 6 "Drivers/CMSIS/Device/ST/STM32G4xx/Include/stm32g431xx.h"
 1000              		.file 7 "Drivers/CMSIS/Device/ST/STM32G4xx/Include/stm32g4xx.h"
ARM GAS  C:\Users\82057\AppData\Local\Temp\ccHy1HlB.s 			page 29


 1001              		.file 8 "Drivers/STM32G4xx_HAL_Driver/Inc/stm32g4xx_hal_def.h"
 1002              		.file 9 "Drivers/STM32G4xx_HAL_Driver/Inc/stm32g4xx_hal_gpio.h"
 1003              		.file 10 "Drivers/STM32G4xx_HAL_Driver/Inc/stm32g4xx_hal_dma.h"
 1004              		.file 11 "Drivers/STM32G4xx_HAL_Driver/Inc/stm32g4xx_hal_adc.h"
 1005              		.file 12 "Drivers/STM32G4xx_HAL_Driver/Inc/stm32g4xx_hal_flash.h"
 1006              		.file 13 "Drivers/STM32G4xx_HAL_Driver/Inc/stm32g4xx_hal_tim.h"
 1007              		.file 14 "Drivers/STM32G4xx_HAL_Driver/Inc/stm32g4xx_hal_uart.h"
 1008              		.file 15 "Drivers/STM32G4xx_HAL_Driver/Inc/stm32g4xx_hal.h"
 1009              		.file 16 "Drivers/STM32G4xx_HAL_Driver/Inc/stm32g4xx_hal_cortex.h"
 1010              		.file 17 "Drivers/STM32G4xx_HAL_Driver/Inc/stm32g4xx_hal_pwr_ex.h"
ARM GAS  C:\Users\82057\AppData\Local\Temp\ccHy1HlB.s 			page 30


DEFINED SYMBOLS
                            *ABS*:00000000 stm32g4xx_hal_msp.c
C:\Users\82057\AppData\Local\Temp\ccHy1HlB.s:18     .text.HAL_MspInit:00000000 $t
C:\Users\82057\AppData\Local\Temp\ccHy1HlB.s:25     .text.HAL_MspInit:00000000 HAL_MspInit
C:\Users\82057\AppData\Local\Temp\ccHy1HlB.s:72     .text.HAL_MspInit:00000034 $d
C:\Users\82057\AppData\Local\Temp\ccHy1HlB.s:77     .text.HAL_ADC_MspInit:00000000 $t
C:\Users\82057\AppData\Local\Temp\ccHy1HlB.s:84     .text.HAL_ADC_MspInit:00000000 HAL_ADC_MspInit
C:\Users\82057\AppData\Local\Temp\ccHy1HlB.s:240    .text.HAL_ADC_MspInit:000000d4 $d
C:\Users\82057\AppData\Local\Temp\ccHy1HlB.s:248    .text.HAL_ADC_MspDeInit:00000000 $t
C:\Users\82057\AppData\Local\Temp\ccHy1HlB.s:255    .text.HAL_ADC_MspDeInit:00000000 HAL_ADC_MspDeInit
C:\Users\82057\AppData\Local\Temp\ccHy1HlB.s:327    .text.HAL_ADC_MspDeInit:00000054 $d
C:\Users\82057\AppData\Local\Temp\ccHy1HlB.s:334    .text.HAL_TIM_Base_MspInit:00000000 $t
C:\Users\82057\AppData\Local\Temp\ccHy1HlB.s:341    .text.HAL_TIM_Base_MspInit:00000000 HAL_TIM_Base_MspInit
C:\Users\82057\AppData\Local\Temp\ccHy1HlB.s:468    .text.HAL_TIM_Base_MspInit:000000a4 $d
C:\Users\82057\AppData\Local\Temp\ccHy1HlB.s:475    .text.HAL_TIM_MspPostInit:00000000 $t
C:\Users\82057\AppData\Local\Temp\ccHy1HlB.s:482    .text.HAL_TIM_MspPostInit:00000000 HAL_TIM_MspPostInit
C:\Users\82057\AppData\Local\Temp\ccHy1HlB.s:630    .text.HAL_TIM_MspPostInit:000000bc $d
C:\Users\82057\AppData\Local\Temp\ccHy1HlB.s:637    .text.HAL_TIM_Base_MspDeInit:00000000 $t
C:\Users\82057\AppData\Local\Temp\ccHy1HlB.s:644    .text.HAL_TIM_Base_MspDeInit:00000000 HAL_TIM_Base_MspDeInit
C:\Users\82057\AppData\Local\Temp\ccHy1HlB.s:698    .text.HAL_TIM_Base_MspDeInit:00000040 $d
C:\Users\82057\AppData\Local\Temp\ccHy1HlB.s:705    .text.HAL_UART_MspInit:00000000 $t
C:\Users\82057\AppData\Local\Temp\ccHy1HlB.s:712    .text.HAL_UART_MspInit:00000000 HAL_UART_MspInit
C:\Users\82057\AppData\Local\Temp\ccHy1HlB.s:911    .text.HAL_UART_MspInit:000000f8 $d
C:\Users\82057\AppData\Local\Temp\ccHy1HlB.s:922    .text.HAL_UART_MspDeInit:00000000 $t
C:\Users\82057\AppData\Local\Temp\ccHy1HlB.s:929    .text.HAL_UART_MspDeInit:00000000 HAL_UART_MspDeInit
C:\Users\82057\AppData\Local\Temp\ccHy1HlB.s:980    .text.HAL_UART_MspDeInit:0000003c $d
C:\Users\82057\AppData\Local\Temp\ccHy1HlB.s:987    .bss.HAL_RCC_ADC12_CLK_ENABLED:00000000 $d
C:\Users\82057\AppData\Local\Temp\ccHy1HlB.s:991    .bss.HAL_RCC_ADC12_CLK_ENABLED:00000000 HAL_RCC_ADC12_CLK_ENABLED

UNDEFINED SYMBOLS
HAL_PWREx_DisableUCPDDeadBattery
HAL_GPIO_Init
HAL_NVIC_SetPriority
HAL_NVIC_EnableIRQ
HAL_GPIO_DeInit
HAL_DMA_Init
Error_Handler
hdma_usart1_rx
hdma_usart1_tx
HAL_DMA_DeInit
