ARM GAS  C:\Users\82057\AppData\Local\Temp\ccCBC8ya.s 			page 1


   1              		.cpu cortex-m4
   2              		.eabi_attribute 27, 1
   3              		.eabi_attribute 28, 1
   4              		.eabi_attribute 20, 1
   5              		.eabi_attribute 21, 1
   6              		.eabi_attribute 23, 3
   7              		.eabi_attribute 24, 1
   8              		.eabi_attribute 25, 1
   9              		.eabi_attribute 26, 1
  10              		.eabi_attribute 30, 4
  11              		.eabi_attribute 34, 1
  12              		.eabi_attribute 18, 4
  13              		.file	"stm32g4xx_hal_gpio.c"
  14              		.text
  15              	.Ltext0:
  16              		.cfi_sections	.debug_frame
  17              		.section	.text.HAL_GPIO_Init,"ax",%progbits
  18              		.align	1
  19              		.global	HAL_GPIO_Init
  20              		.syntax unified
  21              		.thumb
  22              		.thumb_func
  23              		.fpu fpv4-sp-d16
  25              	HAL_GPIO_Init:
  26              	.LFB329:
  27              		.file 1 "Drivers/STM32G4xx_HAL_Driver/Src/stm32g4xx_hal_gpio.c"
   1:Drivers/STM32G4xx_HAL_Driver/Src/stm32g4xx_hal_gpio.c **** /**
   2:Drivers/STM32G4xx_HAL_Driver/Src/stm32g4xx_hal_gpio.c ****   ******************************************************************************
   3:Drivers/STM32G4xx_HAL_Driver/Src/stm32g4xx_hal_gpio.c ****   * @file    stm32g4xx_hal_gpio.c
   4:Drivers/STM32G4xx_HAL_Driver/Src/stm32g4xx_hal_gpio.c ****   * @author  MCD Application Team
   5:Drivers/STM32G4xx_HAL_Driver/Src/stm32g4xx_hal_gpio.c ****   * @brief   GPIO HAL module driver.
   6:Drivers/STM32G4xx_HAL_Driver/Src/stm32g4xx_hal_gpio.c ****   *          This file provides firmware functions to manage the following
   7:Drivers/STM32G4xx_HAL_Driver/Src/stm32g4xx_hal_gpio.c ****   *          functionalities of the General Purpose Input/Output (GPIO) peripheral:
   8:Drivers/STM32G4xx_HAL_Driver/Src/stm32g4xx_hal_gpio.c ****   *           + Initialization and de-initialization functions
   9:Drivers/STM32G4xx_HAL_Driver/Src/stm32g4xx_hal_gpio.c ****   *           + IO operation functions
  10:Drivers/STM32G4xx_HAL_Driver/Src/stm32g4xx_hal_gpio.c ****   *
  11:Drivers/STM32G4xx_HAL_Driver/Src/stm32g4xx_hal_gpio.c ****   ******************************************************************************
  12:Drivers/STM32G4xx_HAL_Driver/Src/stm32g4xx_hal_gpio.c ****   * @attention
  13:Drivers/STM32G4xx_HAL_Driver/Src/stm32g4xx_hal_gpio.c ****   *
  14:Drivers/STM32G4xx_HAL_Driver/Src/stm32g4xx_hal_gpio.c ****   * Copyright (c) 2019 STMicroelectronics.
  15:Drivers/STM32G4xx_HAL_Driver/Src/stm32g4xx_hal_gpio.c ****   * All rights reserved.
  16:Drivers/STM32G4xx_HAL_Driver/Src/stm32g4xx_hal_gpio.c ****   *
  17:Drivers/STM32G4xx_HAL_Driver/Src/stm32g4xx_hal_gpio.c ****   * This software is licensed under terms that can be found in the LICENSE file
  18:Drivers/STM32G4xx_HAL_Driver/Src/stm32g4xx_hal_gpio.c ****   * in the root directory of this software component.
  19:Drivers/STM32G4xx_HAL_Driver/Src/stm32g4xx_hal_gpio.c ****   * If no LICENSE file comes with this software, it is provided AS-IS.
  20:Drivers/STM32G4xx_HAL_Driver/Src/stm32g4xx_hal_gpio.c ****   *
  21:Drivers/STM32G4xx_HAL_Driver/Src/stm32g4xx_hal_gpio.c ****   ******************************************************************************
  22:Drivers/STM32G4xx_HAL_Driver/Src/stm32g4xx_hal_gpio.c ****   @verbatim
  23:Drivers/STM32G4xx_HAL_Driver/Src/stm32g4xx_hal_gpio.c ****   ==============================================================================
  24:Drivers/STM32G4xx_HAL_Driver/Src/stm32g4xx_hal_gpio.c ****                     ##### GPIO Peripheral features #####
  25:Drivers/STM32G4xx_HAL_Driver/Src/stm32g4xx_hal_gpio.c ****   ==============================================================================
  26:Drivers/STM32G4xx_HAL_Driver/Src/stm32g4xx_hal_gpio.c ****   [..]
  27:Drivers/STM32G4xx_HAL_Driver/Src/stm32g4xx_hal_gpio.c ****     (+) Each port bit of the general-purpose I/O (GPIO) ports can be individually
  28:Drivers/STM32G4xx_HAL_Driver/Src/stm32g4xx_hal_gpio.c ****         configured by software in several modes:
  29:Drivers/STM32G4xx_HAL_Driver/Src/stm32g4xx_hal_gpio.c ****         (++) Input mode
  30:Drivers/STM32G4xx_HAL_Driver/Src/stm32g4xx_hal_gpio.c ****         (++) Analog mode
  31:Drivers/STM32G4xx_HAL_Driver/Src/stm32g4xx_hal_gpio.c ****         (++) Output mode
ARM GAS  C:\Users\82057\AppData\Local\Temp\ccCBC8ya.s 			page 2


  32:Drivers/STM32G4xx_HAL_Driver/Src/stm32g4xx_hal_gpio.c ****         (++) Alternate function mode
  33:Drivers/STM32G4xx_HAL_Driver/Src/stm32g4xx_hal_gpio.c ****         (++) External interrupt/event lines
  34:Drivers/STM32G4xx_HAL_Driver/Src/stm32g4xx_hal_gpio.c **** 
  35:Drivers/STM32G4xx_HAL_Driver/Src/stm32g4xx_hal_gpio.c ****     (+) During and just after reset, the alternate functions and external interrupt
  36:Drivers/STM32G4xx_HAL_Driver/Src/stm32g4xx_hal_gpio.c ****         lines are not active and the I/O ports are configured in input floating mode.
  37:Drivers/STM32G4xx_HAL_Driver/Src/stm32g4xx_hal_gpio.c **** 
  38:Drivers/STM32G4xx_HAL_Driver/Src/stm32g4xx_hal_gpio.c ****     (+) All GPIO pins have weak internal pull-up and pull-down resistors, which can be
  39:Drivers/STM32G4xx_HAL_Driver/Src/stm32g4xx_hal_gpio.c ****         activated or not.
  40:Drivers/STM32G4xx_HAL_Driver/Src/stm32g4xx_hal_gpio.c **** 
  41:Drivers/STM32G4xx_HAL_Driver/Src/stm32g4xx_hal_gpio.c ****     (+) In Output or Alternate mode, each IO can be configured on open-drain or push-pull
  42:Drivers/STM32G4xx_HAL_Driver/Src/stm32g4xx_hal_gpio.c ****         type and the IO speed can be selected depending on the VDD value.
  43:Drivers/STM32G4xx_HAL_Driver/Src/stm32g4xx_hal_gpio.c **** 
  44:Drivers/STM32G4xx_HAL_Driver/Src/stm32g4xx_hal_gpio.c ****     (+) The microcontroller IO pins are connected to onboard peripherals/modules through a
  45:Drivers/STM32G4xx_HAL_Driver/Src/stm32g4xx_hal_gpio.c ****         multiplexer that allows only one peripheral alternate function (AF) connected
  46:Drivers/STM32G4xx_HAL_Driver/Src/stm32g4xx_hal_gpio.c ****        to an IO pin at a time. In this way, there can be no conflict between peripherals
  47:Drivers/STM32G4xx_HAL_Driver/Src/stm32g4xx_hal_gpio.c ****        sharing the same IO pin.
  48:Drivers/STM32G4xx_HAL_Driver/Src/stm32g4xx_hal_gpio.c **** 
  49:Drivers/STM32G4xx_HAL_Driver/Src/stm32g4xx_hal_gpio.c ****     (+) All ports have external interrupt/event capability. To use external interrupt
  50:Drivers/STM32G4xx_HAL_Driver/Src/stm32g4xx_hal_gpio.c ****         lines, the port must be configured in input mode. All available GPIO pins are
  51:Drivers/STM32G4xx_HAL_Driver/Src/stm32g4xx_hal_gpio.c ****         connected to the 16 external interrupt/event lines from EXTI0 to EXTI15.
  52:Drivers/STM32G4xx_HAL_Driver/Src/stm32g4xx_hal_gpio.c **** 
  53:Drivers/STM32G4xx_HAL_Driver/Src/stm32g4xx_hal_gpio.c ****     (+) The external interrupt/event controller consists of up to 44 edge detectors
  54:Drivers/STM32G4xx_HAL_Driver/Src/stm32g4xx_hal_gpio.c ****         (16 lines are connected to GPIO) for generating event/interrupt requests (each
  55:Drivers/STM32G4xx_HAL_Driver/Src/stm32g4xx_hal_gpio.c ****         input line can be independently configured to select the type (interrupt or event)
  56:Drivers/STM32G4xx_HAL_Driver/Src/stm32g4xx_hal_gpio.c ****         and the corresponding trigger event (rising or falling or both). Each line can
  57:Drivers/STM32G4xx_HAL_Driver/Src/stm32g4xx_hal_gpio.c ****         also be masked independently.
  58:Drivers/STM32G4xx_HAL_Driver/Src/stm32g4xx_hal_gpio.c **** 
  59:Drivers/STM32G4xx_HAL_Driver/Src/stm32g4xx_hal_gpio.c ****                      ##### How to use this driver #####
  60:Drivers/STM32G4xx_HAL_Driver/Src/stm32g4xx_hal_gpio.c ****   ==============================================================================
  61:Drivers/STM32G4xx_HAL_Driver/Src/stm32g4xx_hal_gpio.c ****   [..]
  62:Drivers/STM32G4xx_HAL_Driver/Src/stm32g4xx_hal_gpio.c ****     (#) Enable the GPIO AHB clock using the following function: __HAL_RCC_GPIOx_CLK_ENABLE().
  63:Drivers/STM32G4xx_HAL_Driver/Src/stm32g4xx_hal_gpio.c **** 
  64:Drivers/STM32G4xx_HAL_Driver/Src/stm32g4xx_hal_gpio.c ****     (#) Configure the GPIO pin(s) using HAL_GPIO_Init().
  65:Drivers/STM32G4xx_HAL_Driver/Src/stm32g4xx_hal_gpio.c ****         (++) Configure the IO mode using "Mode" member from GPIO_InitTypeDef structure
  66:Drivers/STM32G4xx_HAL_Driver/Src/stm32g4xx_hal_gpio.c ****         (++) Activate Pull-up, Pull-down resistor using "Pull" member from GPIO_InitTypeDef
  67:Drivers/STM32G4xx_HAL_Driver/Src/stm32g4xx_hal_gpio.c ****              structure.
  68:Drivers/STM32G4xx_HAL_Driver/Src/stm32g4xx_hal_gpio.c ****         (++) In case of Output or alternate function mode selection: the speed is
  69:Drivers/STM32G4xx_HAL_Driver/Src/stm32g4xx_hal_gpio.c ****              configured through "Speed" member from GPIO_InitTypeDef structure.
  70:Drivers/STM32G4xx_HAL_Driver/Src/stm32g4xx_hal_gpio.c ****         (++) In alternate mode is selection, the alternate function connected to the IO
  71:Drivers/STM32G4xx_HAL_Driver/Src/stm32g4xx_hal_gpio.c ****              is configured through "Alternate" member from GPIO_InitTypeDef structure.
  72:Drivers/STM32G4xx_HAL_Driver/Src/stm32g4xx_hal_gpio.c ****         (++) Analog mode is required when a pin is to be used as ADC channel
  73:Drivers/STM32G4xx_HAL_Driver/Src/stm32g4xx_hal_gpio.c ****              or DAC output.
  74:Drivers/STM32G4xx_HAL_Driver/Src/stm32g4xx_hal_gpio.c ****         (++) In case of external interrupt/event selection the "Mode" member from
  75:Drivers/STM32G4xx_HAL_Driver/Src/stm32g4xx_hal_gpio.c ****              GPIO_InitTypeDef structure select the type (interrupt or event) and
  76:Drivers/STM32G4xx_HAL_Driver/Src/stm32g4xx_hal_gpio.c ****              the corresponding trigger event (rising or falling or both).
  77:Drivers/STM32G4xx_HAL_Driver/Src/stm32g4xx_hal_gpio.c **** 
  78:Drivers/STM32G4xx_HAL_Driver/Src/stm32g4xx_hal_gpio.c ****     (#) In case of external interrupt/event mode selection, configure NVIC IRQ priority
  79:Drivers/STM32G4xx_HAL_Driver/Src/stm32g4xx_hal_gpio.c ****         mapped to the EXTI line using HAL_NVIC_SetPriority() and enable it using
  80:Drivers/STM32G4xx_HAL_Driver/Src/stm32g4xx_hal_gpio.c ****         HAL_NVIC_EnableIRQ().
  81:Drivers/STM32G4xx_HAL_Driver/Src/stm32g4xx_hal_gpio.c **** 
  82:Drivers/STM32G4xx_HAL_Driver/Src/stm32g4xx_hal_gpio.c ****     (#) To get the level of a pin configured in input mode use HAL_GPIO_ReadPin().
  83:Drivers/STM32G4xx_HAL_Driver/Src/stm32g4xx_hal_gpio.c **** 
  84:Drivers/STM32G4xx_HAL_Driver/Src/stm32g4xx_hal_gpio.c ****     (#) To set/reset the level of a pin configured in output mode use
  85:Drivers/STM32G4xx_HAL_Driver/Src/stm32g4xx_hal_gpio.c ****         HAL_GPIO_WritePin()/HAL_GPIO_TogglePin().
  86:Drivers/STM32G4xx_HAL_Driver/Src/stm32g4xx_hal_gpio.c **** 
  87:Drivers/STM32G4xx_HAL_Driver/Src/stm32g4xx_hal_gpio.c ****    (#) To lock pin configuration until next reset use HAL_GPIO_LockPin().
  88:Drivers/STM32G4xx_HAL_Driver/Src/stm32g4xx_hal_gpio.c **** 
ARM GAS  C:\Users\82057\AppData\Local\Temp\ccCBC8ya.s 			page 3


  89:Drivers/STM32G4xx_HAL_Driver/Src/stm32g4xx_hal_gpio.c ****     (#) During and just after reset, the alternate functions are not
  90:Drivers/STM32G4xx_HAL_Driver/Src/stm32g4xx_hal_gpio.c ****         active and the GPIO pins are configured in input floating mode (except JTAG
  91:Drivers/STM32G4xx_HAL_Driver/Src/stm32g4xx_hal_gpio.c ****         pins).
  92:Drivers/STM32G4xx_HAL_Driver/Src/stm32g4xx_hal_gpio.c **** 
  93:Drivers/STM32G4xx_HAL_Driver/Src/stm32g4xx_hal_gpio.c ****     (#) The LSE oscillator pins OSC32_IN and OSC32_OUT can be used as general purpose
  94:Drivers/STM32G4xx_HAL_Driver/Src/stm32g4xx_hal_gpio.c ****         (PC14 and PC15, respectively) when the LSE oscillator is off. The LSE has
  95:Drivers/STM32G4xx_HAL_Driver/Src/stm32g4xx_hal_gpio.c ****         priority over the GPIO function.
  96:Drivers/STM32G4xx_HAL_Driver/Src/stm32g4xx_hal_gpio.c **** 
  97:Drivers/STM32G4xx_HAL_Driver/Src/stm32g4xx_hal_gpio.c ****     (#) The HSE oscillator pins OSC_IN/OSC_OUT can be used as
  98:Drivers/STM32G4xx_HAL_Driver/Src/stm32g4xx_hal_gpio.c ****         general purpose PF0 and PF1, respectively, when the HSE oscillator is off.
  99:Drivers/STM32G4xx_HAL_Driver/Src/stm32g4xx_hal_gpio.c ****         The HSE has priority over the GPIO function.
 100:Drivers/STM32G4xx_HAL_Driver/Src/stm32g4xx_hal_gpio.c **** 
 101:Drivers/STM32G4xx_HAL_Driver/Src/stm32g4xx_hal_gpio.c ****   @endverbatim
 102:Drivers/STM32G4xx_HAL_Driver/Src/stm32g4xx_hal_gpio.c ****   ******************************************************************************
 103:Drivers/STM32G4xx_HAL_Driver/Src/stm32g4xx_hal_gpio.c ****   */
 104:Drivers/STM32G4xx_HAL_Driver/Src/stm32g4xx_hal_gpio.c **** 
 105:Drivers/STM32G4xx_HAL_Driver/Src/stm32g4xx_hal_gpio.c **** /* Includes ------------------------------------------------------------------*/
 106:Drivers/STM32G4xx_HAL_Driver/Src/stm32g4xx_hal_gpio.c **** #include "stm32g4xx_hal.h"
 107:Drivers/STM32G4xx_HAL_Driver/Src/stm32g4xx_hal_gpio.c **** 
 108:Drivers/STM32G4xx_HAL_Driver/Src/stm32g4xx_hal_gpio.c **** /** @addtogroup STM32G4xx_HAL_Driver
 109:Drivers/STM32G4xx_HAL_Driver/Src/stm32g4xx_hal_gpio.c ****   * @{
 110:Drivers/STM32G4xx_HAL_Driver/Src/stm32g4xx_hal_gpio.c ****   */
 111:Drivers/STM32G4xx_HAL_Driver/Src/stm32g4xx_hal_gpio.c **** 
 112:Drivers/STM32G4xx_HAL_Driver/Src/stm32g4xx_hal_gpio.c **** /** @addtogroup GPIO
 113:Drivers/STM32G4xx_HAL_Driver/Src/stm32g4xx_hal_gpio.c ****   * @{
 114:Drivers/STM32G4xx_HAL_Driver/Src/stm32g4xx_hal_gpio.c ****   */
 115:Drivers/STM32G4xx_HAL_Driver/Src/stm32g4xx_hal_gpio.c **** /** MISRA C:2012 deviation rule has been granted for following rules:
 116:Drivers/STM32G4xx_HAL_Driver/Src/stm32g4xx_hal_gpio.c ****   * Rule-12.2 - Medium: RHS argument is in interval [0,INF] which is out of
 117:Drivers/STM32G4xx_HAL_Driver/Src/stm32g4xx_hal_gpio.c ****   * range of the shift operator in following API :
 118:Drivers/STM32G4xx_HAL_Driver/Src/stm32g4xx_hal_gpio.c ****   * HAL_GPIO_Init
 119:Drivers/STM32G4xx_HAL_Driver/Src/stm32g4xx_hal_gpio.c ****   * HAL_GPIO_DeInit
 120:Drivers/STM32G4xx_HAL_Driver/Src/stm32g4xx_hal_gpio.c ****   */
 121:Drivers/STM32G4xx_HAL_Driver/Src/stm32g4xx_hal_gpio.c **** 
 122:Drivers/STM32G4xx_HAL_Driver/Src/stm32g4xx_hal_gpio.c **** #ifdef HAL_GPIO_MODULE_ENABLED
 123:Drivers/STM32G4xx_HAL_Driver/Src/stm32g4xx_hal_gpio.c **** 
 124:Drivers/STM32G4xx_HAL_Driver/Src/stm32g4xx_hal_gpio.c **** /* Private typedef -----------------------------------------------------------*/
 125:Drivers/STM32G4xx_HAL_Driver/Src/stm32g4xx_hal_gpio.c **** /* Private defines -----------------------------------------------------------*/
 126:Drivers/STM32G4xx_HAL_Driver/Src/stm32g4xx_hal_gpio.c **** /** @addtogroup GPIO_Private_Constants GPIO Private Constants
 127:Drivers/STM32G4xx_HAL_Driver/Src/stm32g4xx_hal_gpio.c ****   * @{
 128:Drivers/STM32G4xx_HAL_Driver/Src/stm32g4xx_hal_gpio.c ****   */
 129:Drivers/STM32G4xx_HAL_Driver/Src/stm32g4xx_hal_gpio.c **** #define GPIO_NUMBER           (16U)
 130:Drivers/STM32G4xx_HAL_Driver/Src/stm32g4xx_hal_gpio.c **** /**
 131:Drivers/STM32G4xx_HAL_Driver/Src/stm32g4xx_hal_gpio.c ****   * @}
 132:Drivers/STM32G4xx_HAL_Driver/Src/stm32g4xx_hal_gpio.c ****   */
 133:Drivers/STM32G4xx_HAL_Driver/Src/stm32g4xx_hal_gpio.c **** 
 134:Drivers/STM32G4xx_HAL_Driver/Src/stm32g4xx_hal_gpio.c **** /* Private macros ------------------------------------------------------------*/
 135:Drivers/STM32G4xx_HAL_Driver/Src/stm32g4xx_hal_gpio.c **** /* Private variables ---------------------------------------------------------*/
 136:Drivers/STM32G4xx_HAL_Driver/Src/stm32g4xx_hal_gpio.c **** /* Private function prototypes -----------------------------------------------*/
 137:Drivers/STM32G4xx_HAL_Driver/Src/stm32g4xx_hal_gpio.c **** /* Exported functions --------------------------------------------------------*/
 138:Drivers/STM32G4xx_HAL_Driver/Src/stm32g4xx_hal_gpio.c **** 
 139:Drivers/STM32G4xx_HAL_Driver/Src/stm32g4xx_hal_gpio.c **** /** @addtogroup GPIO_Exported_Functions
 140:Drivers/STM32G4xx_HAL_Driver/Src/stm32g4xx_hal_gpio.c ****   * @{
 141:Drivers/STM32G4xx_HAL_Driver/Src/stm32g4xx_hal_gpio.c ****   */
 142:Drivers/STM32G4xx_HAL_Driver/Src/stm32g4xx_hal_gpio.c **** 
 143:Drivers/STM32G4xx_HAL_Driver/Src/stm32g4xx_hal_gpio.c **** /** @defgroup GPIO_Exported_Functions_Group1 Initialization/de-initialization functions
 144:Drivers/STM32G4xx_HAL_Driver/Src/stm32g4xx_hal_gpio.c ****   *  @brief    Initialization and Configuration functions
 145:Drivers/STM32G4xx_HAL_Driver/Src/stm32g4xx_hal_gpio.c ****   *
ARM GAS  C:\Users\82057\AppData\Local\Temp\ccCBC8ya.s 			page 4


 146:Drivers/STM32G4xx_HAL_Driver/Src/stm32g4xx_hal_gpio.c **** @verbatim
 147:Drivers/STM32G4xx_HAL_Driver/Src/stm32g4xx_hal_gpio.c ****  ===============================================================================
 148:Drivers/STM32G4xx_HAL_Driver/Src/stm32g4xx_hal_gpio.c ****               ##### Initialization and de-initialization functions #####
 149:Drivers/STM32G4xx_HAL_Driver/Src/stm32g4xx_hal_gpio.c ****  ===============================================================================
 150:Drivers/STM32G4xx_HAL_Driver/Src/stm32g4xx_hal_gpio.c **** 
 151:Drivers/STM32G4xx_HAL_Driver/Src/stm32g4xx_hal_gpio.c **** @endverbatim
 152:Drivers/STM32G4xx_HAL_Driver/Src/stm32g4xx_hal_gpio.c ****   * @{
 153:Drivers/STM32G4xx_HAL_Driver/Src/stm32g4xx_hal_gpio.c ****   */
 154:Drivers/STM32G4xx_HAL_Driver/Src/stm32g4xx_hal_gpio.c **** 
 155:Drivers/STM32G4xx_HAL_Driver/Src/stm32g4xx_hal_gpio.c **** /**
 156:Drivers/STM32G4xx_HAL_Driver/Src/stm32g4xx_hal_gpio.c ****   * @brief  Initialize the GPIOx peripheral according to the specified parameters in the GPIO_Init.
 157:Drivers/STM32G4xx_HAL_Driver/Src/stm32g4xx_hal_gpio.c ****   * @param  GPIOx where x can be (A..G) to select the GPIO peripheral for STM32G4xx family
 158:Drivers/STM32G4xx_HAL_Driver/Src/stm32g4xx_hal_gpio.c ****   * @param  GPIO_Init pointer to a GPIO_InitTypeDef structure that contains
 159:Drivers/STM32G4xx_HAL_Driver/Src/stm32g4xx_hal_gpio.c ****   *         the configuration information for the specified GPIO peripheral.
 160:Drivers/STM32G4xx_HAL_Driver/Src/stm32g4xx_hal_gpio.c ****   * @retval None
 161:Drivers/STM32G4xx_HAL_Driver/Src/stm32g4xx_hal_gpio.c ****   */
 162:Drivers/STM32G4xx_HAL_Driver/Src/stm32g4xx_hal_gpio.c **** void HAL_GPIO_Init(GPIO_TypeDef  *GPIOx, GPIO_InitTypeDef *GPIO_Init)
 163:Drivers/STM32G4xx_HAL_Driver/Src/stm32g4xx_hal_gpio.c **** {
  28              		.loc 1 163 0
  29              		.cfi_startproc
  30              		@ args = 0, pretend = 0, frame = 16
  31              		@ frame_needed = 0, uses_anonymous_args = 0
  32              	.LVL0:
  33 0000 2DE9F04F 		push	{r4, r5, r6, r7, r8, r9, r10, fp, lr}
  34              	.LCFI0:
  35              		.cfi_def_cfa_offset 36
  36              		.cfi_offset 4, -36
  37              		.cfi_offset 5, -32
  38              		.cfi_offset 6, -28
  39              		.cfi_offset 7, -24
  40              		.cfi_offset 8, -20
  41              		.cfi_offset 9, -16
  42              		.cfi_offset 10, -12
  43              		.cfi_offset 11, -8
  44              		.cfi_offset 14, -4
  45 0004 85B0     		sub	sp, sp, #20
  46              	.LCFI1:
  47              		.cfi_def_cfa_offset 56
 164:Drivers/STM32G4xx_HAL_Driver/Src/stm32g4xx_hal_gpio.c ****   uint32_t position = 0x00U;
 165:Drivers/STM32G4xx_HAL_Driver/Src/stm32g4xx_hal_gpio.c ****   uint32_t iocurrent;
 166:Drivers/STM32G4xx_HAL_Driver/Src/stm32g4xx_hal_gpio.c ****   uint32_t temp;
 167:Drivers/STM32G4xx_HAL_Driver/Src/stm32g4xx_hal_gpio.c **** 
 168:Drivers/STM32G4xx_HAL_Driver/Src/stm32g4xx_hal_gpio.c ****   /* Check the parameters */
 169:Drivers/STM32G4xx_HAL_Driver/Src/stm32g4xx_hal_gpio.c ****   assert_param(IS_GPIO_ALL_INSTANCE(GPIOx));
 170:Drivers/STM32G4xx_HAL_Driver/Src/stm32g4xx_hal_gpio.c ****   assert_param(IS_GPIO_PIN(GPIO_Init->Pin));
 171:Drivers/STM32G4xx_HAL_Driver/Src/stm32g4xx_hal_gpio.c ****   assert_param(IS_GPIO_MODE(GPIO_Init->Mode));
 172:Drivers/STM32G4xx_HAL_Driver/Src/stm32g4xx_hal_gpio.c **** 
 173:Drivers/STM32G4xx_HAL_Driver/Src/stm32g4xx_hal_gpio.c ****   /* Configure the port pins */
 174:Drivers/STM32G4xx_HAL_Driver/Src/stm32g4xx_hal_gpio.c ****   while (((GPIO_Init->Pin) >> position) != 0U)
  48              		.loc 1 174 0
  49 0006 0B68     		ldr	r3, [r1]
  50              	.LBB2:
 175:Drivers/STM32G4xx_HAL_Driver/Src/stm32g4xx_hal_gpio.c ****   {
 176:Drivers/STM32G4xx_HAL_Driver/Src/stm32g4xx_hal_gpio.c ****     /* Get current io position */
 177:Drivers/STM32G4xx_HAL_Driver/Src/stm32g4xx_hal_gpio.c ****     iocurrent = (GPIO_Init->Pin) & (1UL << position);
 178:Drivers/STM32G4xx_HAL_Driver/Src/stm32g4xx_hal_gpio.c **** 
 179:Drivers/STM32G4xx_HAL_Driver/Src/stm32g4xx_hal_gpio.c ****     if (iocurrent != 0x00u)
ARM GAS  C:\Users\82057\AppData\Local\Temp\ccCBC8ya.s 			page 5


 180:Drivers/STM32G4xx_HAL_Driver/Src/stm32g4xx_hal_gpio.c ****     {
 181:Drivers/STM32G4xx_HAL_Driver/Src/stm32g4xx_hal_gpio.c ****       /*--------------------- GPIO Mode Configuration ------------------------*/
 182:Drivers/STM32G4xx_HAL_Driver/Src/stm32g4xx_hal_gpio.c ****       /* In case of Output or Alternate function mode selection */
 183:Drivers/STM32G4xx_HAL_Driver/Src/stm32g4xx_hal_gpio.c ****       if(((GPIO_Init->Mode & GPIO_MODE) == MODE_OUTPUT) ||
 184:Drivers/STM32G4xx_HAL_Driver/Src/stm32g4xx_hal_gpio.c ****          ((GPIO_Init->Mode & GPIO_MODE) == MODE_AF))
 185:Drivers/STM32G4xx_HAL_Driver/Src/stm32g4xx_hal_gpio.c ****       {
 186:Drivers/STM32G4xx_HAL_Driver/Src/stm32g4xx_hal_gpio.c ****         /* Check the Speed parameter */
 187:Drivers/STM32G4xx_HAL_Driver/Src/stm32g4xx_hal_gpio.c ****         assert_param(IS_GPIO_SPEED(GPIO_Init->Speed));
 188:Drivers/STM32G4xx_HAL_Driver/Src/stm32g4xx_hal_gpio.c ****         /* Configure the IO Speed */
 189:Drivers/STM32G4xx_HAL_Driver/Src/stm32g4xx_hal_gpio.c ****         temp = GPIOx->OSPEEDR;
 190:Drivers/STM32G4xx_HAL_Driver/Src/stm32g4xx_hal_gpio.c ****         temp &= ~(GPIO_OSPEEDR_OSPEED0 << (position * 2U));
 191:Drivers/STM32G4xx_HAL_Driver/Src/stm32g4xx_hal_gpio.c ****         temp |= (GPIO_Init->Speed << (position * 2U));
 192:Drivers/STM32G4xx_HAL_Driver/Src/stm32g4xx_hal_gpio.c ****         GPIOx->OSPEEDR = temp;
 193:Drivers/STM32G4xx_HAL_Driver/Src/stm32g4xx_hal_gpio.c **** 
 194:Drivers/STM32G4xx_HAL_Driver/Src/stm32g4xx_hal_gpio.c ****         /* Configure the IO Output Type */
 195:Drivers/STM32G4xx_HAL_Driver/Src/stm32g4xx_hal_gpio.c ****         temp = GPIOx->OTYPER;
 196:Drivers/STM32G4xx_HAL_Driver/Src/stm32g4xx_hal_gpio.c ****         temp &= ~(GPIO_OTYPER_OT0 << position) ;
 197:Drivers/STM32G4xx_HAL_Driver/Src/stm32g4xx_hal_gpio.c ****         temp |= (((GPIO_Init->Mode & OUTPUT_TYPE) >> OUTPUT_TYPE_Pos) << position);
 198:Drivers/STM32G4xx_HAL_Driver/Src/stm32g4xx_hal_gpio.c ****         GPIOx->OTYPER = temp;
 199:Drivers/STM32G4xx_HAL_Driver/Src/stm32g4xx_hal_gpio.c ****       }
 200:Drivers/STM32G4xx_HAL_Driver/Src/stm32g4xx_hal_gpio.c **** 
 201:Drivers/STM32G4xx_HAL_Driver/Src/stm32g4xx_hal_gpio.c ****       if ((GPIO_Init->Mode & GPIO_MODE) != MODE_ANALOG)
 202:Drivers/STM32G4xx_HAL_Driver/Src/stm32g4xx_hal_gpio.c ****       {
 203:Drivers/STM32G4xx_HAL_Driver/Src/stm32g4xx_hal_gpio.c ****         /* Check the Pull parameter */
 204:Drivers/STM32G4xx_HAL_Driver/Src/stm32g4xx_hal_gpio.c ****         assert_param(IS_GPIO_PULL(GPIO_Init->Pull));
 205:Drivers/STM32G4xx_HAL_Driver/Src/stm32g4xx_hal_gpio.c **** 
 206:Drivers/STM32G4xx_HAL_Driver/Src/stm32g4xx_hal_gpio.c ****         /* Activate the Pull-up or Pull down resistor for the current IO */
 207:Drivers/STM32G4xx_HAL_Driver/Src/stm32g4xx_hal_gpio.c ****         temp = GPIOx->PUPDR;
 208:Drivers/STM32G4xx_HAL_Driver/Src/stm32g4xx_hal_gpio.c ****         temp &= ~(GPIO_PUPDR_PUPD0 << (position * 2U));
 209:Drivers/STM32G4xx_HAL_Driver/Src/stm32g4xx_hal_gpio.c ****         temp |= ((GPIO_Init->Pull) << (position * 2U));
 210:Drivers/STM32G4xx_HAL_Driver/Src/stm32g4xx_hal_gpio.c ****         GPIOx->PUPDR = temp;
 211:Drivers/STM32G4xx_HAL_Driver/Src/stm32g4xx_hal_gpio.c ****       }
 212:Drivers/STM32G4xx_HAL_Driver/Src/stm32g4xx_hal_gpio.c **** 
 213:Drivers/STM32G4xx_HAL_Driver/Src/stm32g4xx_hal_gpio.c ****       /* In case of Alternate function mode selection */
 214:Drivers/STM32G4xx_HAL_Driver/Src/stm32g4xx_hal_gpio.c ****       if ((GPIO_Init->Mode & GPIO_MODE) == MODE_AF)
 215:Drivers/STM32G4xx_HAL_Driver/Src/stm32g4xx_hal_gpio.c ****       {
 216:Drivers/STM32G4xx_HAL_Driver/Src/stm32g4xx_hal_gpio.c ****         /* Check the Alternate function parameters */
 217:Drivers/STM32G4xx_HAL_Driver/Src/stm32g4xx_hal_gpio.c ****         assert_param(IS_GPIO_AF_INSTANCE(GPIOx));
 218:Drivers/STM32G4xx_HAL_Driver/Src/stm32g4xx_hal_gpio.c ****         assert_param(IS_GPIO_AF(GPIO_Init->Alternate));
 219:Drivers/STM32G4xx_HAL_Driver/Src/stm32g4xx_hal_gpio.c **** 
 220:Drivers/STM32G4xx_HAL_Driver/Src/stm32g4xx_hal_gpio.c ****         /* Configure Alternate function mapped with the current IO */
 221:Drivers/STM32G4xx_HAL_Driver/Src/stm32g4xx_hal_gpio.c ****         temp = GPIOx->AFR[position >> 3U];
 222:Drivers/STM32G4xx_HAL_Driver/Src/stm32g4xx_hal_gpio.c ****         temp &= ~(0xFU << ((position & 0x07U) * 4U));
 223:Drivers/STM32G4xx_HAL_Driver/Src/stm32g4xx_hal_gpio.c ****         temp |= ((GPIO_Init->Alternate) << ((position & 0x07U) * 4U));
 224:Drivers/STM32G4xx_HAL_Driver/Src/stm32g4xx_hal_gpio.c ****         GPIOx->AFR[position >> 3U] = temp;
 225:Drivers/STM32G4xx_HAL_Driver/Src/stm32g4xx_hal_gpio.c ****       }
 226:Drivers/STM32G4xx_HAL_Driver/Src/stm32g4xx_hal_gpio.c **** 
 227:Drivers/STM32G4xx_HAL_Driver/Src/stm32g4xx_hal_gpio.c ****       /* Configure IO Direction mode (Input, Output, Alternate or Analog) */
 228:Drivers/STM32G4xx_HAL_Driver/Src/stm32g4xx_hal_gpio.c ****       temp = GPIOx->MODER;
 229:Drivers/STM32G4xx_HAL_Driver/Src/stm32g4xx_hal_gpio.c ****       temp &= ~(GPIO_MODER_MODE0 << (position * 2U));
 230:Drivers/STM32G4xx_HAL_Driver/Src/stm32g4xx_hal_gpio.c ****       temp |= ((GPIO_Init->Mode & GPIO_MODE) << (position * 2U));
 231:Drivers/STM32G4xx_HAL_Driver/Src/stm32g4xx_hal_gpio.c ****       GPIOx->MODER = temp;
 232:Drivers/STM32G4xx_HAL_Driver/Src/stm32g4xx_hal_gpio.c **** 
 233:Drivers/STM32G4xx_HAL_Driver/Src/stm32g4xx_hal_gpio.c ****       /*--------------------- EXTI Mode Configuration ------------------------*/
 234:Drivers/STM32G4xx_HAL_Driver/Src/stm32g4xx_hal_gpio.c ****       /* Configure the External Interrupt or event for the current IO */
 235:Drivers/STM32G4xx_HAL_Driver/Src/stm32g4xx_hal_gpio.c ****       if ((GPIO_Init->Mode & EXTI_MODE) != 0x00u)
 236:Drivers/STM32G4xx_HAL_Driver/Src/stm32g4xx_hal_gpio.c ****       {
ARM GAS  C:\Users\82057\AppData\Local\Temp\ccCBC8ya.s 			page 6


 237:Drivers/STM32G4xx_HAL_Driver/Src/stm32g4xx_hal_gpio.c ****         /* Enable SYSCFG Clock */
 238:Drivers/STM32G4xx_HAL_Driver/Src/stm32g4xx_hal_gpio.c ****         __HAL_RCC_SYSCFG_CLK_ENABLE();
  51              		.loc 1 238 0
  52 0008 DFF88891 		ldr	r9, .L29+8
  53              	.LBE2:
 239:Drivers/STM32G4xx_HAL_Driver/Src/stm32g4xx_hal_gpio.c **** 
 240:Drivers/STM32G4xx_HAL_Driver/Src/stm32g4xx_hal_gpio.c ****         temp = SYSCFG->EXTICR[position >> 2U];
 241:Drivers/STM32G4xx_HAL_Driver/Src/stm32g4xx_hal_gpio.c ****         temp &= ~(0x0FUL << (4U * (position & 0x03U)));
 242:Drivers/STM32G4xx_HAL_Driver/Src/stm32g4xx_hal_gpio.c ****         temp |= (GPIO_GET_INDEX(GPIOx) << (4U * (position & 0x03U)));
 243:Drivers/STM32G4xx_HAL_Driver/Src/stm32g4xx_hal_gpio.c ****         SYSCFG->EXTICR[position >> 2U] = temp;
 244:Drivers/STM32G4xx_HAL_Driver/Src/stm32g4xx_hal_gpio.c **** 
 245:Drivers/STM32G4xx_HAL_Driver/Src/stm32g4xx_hal_gpio.c ****         /* Clear Rising Falling edge configuration */
 246:Drivers/STM32G4xx_HAL_Driver/Src/stm32g4xx_hal_gpio.c ****         temp = EXTI->RTSR1;
  54              		.loc 1 246 0
  55 000c 5F4A     		ldr	r2, .L29
 174:Drivers/STM32G4xx_HAL_Driver/Src/stm32g4xx_hal_gpio.c ****   {
  56              		.loc 1 174 0
  57 000e 0193     		str	r3, [sp, #4]
 164:Drivers/STM32G4xx_HAL_Driver/Src/stm32g4xx_hal_gpio.c ****   uint32_t iocurrent;
  58              		.loc 1 164 0
  59 0010 0023     		movs	r3, #0
  60              	.LVL1:
  61              	.L2:
 174:Drivers/STM32G4xx_HAL_Driver/Src/stm32g4xx_hal_gpio.c ****   {
  62              		.loc 1 174 0
  63 0012 019C     		ldr	r4, [sp, #4]
  64 0014 DC40     		lsrs	r4, r4, r3
  65 0016 02D1     		bne	.L19
 247:Drivers/STM32G4xx_HAL_Driver/Src/stm32g4xx_hal_gpio.c ****         temp &= ~(iocurrent);
 248:Drivers/STM32G4xx_HAL_Driver/Src/stm32g4xx_hal_gpio.c ****         if ((GPIO_Init->Mode & TRIGGER_RISING) != 0x00U)
 249:Drivers/STM32G4xx_HAL_Driver/Src/stm32g4xx_hal_gpio.c ****         {
 250:Drivers/STM32G4xx_HAL_Driver/Src/stm32g4xx_hal_gpio.c ****           temp |= iocurrent;
 251:Drivers/STM32G4xx_HAL_Driver/Src/stm32g4xx_hal_gpio.c ****         }
 252:Drivers/STM32G4xx_HAL_Driver/Src/stm32g4xx_hal_gpio.c ****         EXTI->RTSR1 = temp;
 253:Drivers/STM32G4xx_HAL_Driver/Src/stm32g4xx_hal_gpio.c **** 
 254:Drivers/STM32G4xx_HAL_Driver/Src/stm32g4xx_hal_gpio.c ****         temp = EXTI->FTSR1;
 255:Drivers/STM32G4xx_HAL_Driver/Src/stm32g4xx_hal_gpio.c ****         temp &= ~(iocurrent);
 256:Drivers/STM32G4xx_HAL_Driver/Src/stm32g4xx_hal_gpio.c ****         if ((GPIO_Init->Mode & TRIGGER_FALLING) != 0x00U)
 257:Drivers/STM32G4xx_HAL_Driver/Src/stm32g4xx_hal_gpio.c ****         {
 258:Drivers/STM32G4xx_HAL_Driver/Src/stm32g4xx_hal_gpio.c ****           temp |= iocurrent;
 259:Drivers/STM32G4xx_HAL_Driver/Src/stm32g4xx_hal_gpio.c ****         }
 260:Drivers/STM32G4xx_HAL_Driver/Src/stm32g4xx_hal_gpio.c ****         EXTI->FTSR1 = temp;
 261:Drivers/STM32G4xx_HAL_Driver/Src/stm32g4xx_hal_gpio.c **** 
 262:Drivers/STM32G4xx_HAL_Driver/Src/stm32g4xx_hal_gpio.c ****         temp = EXTI->EMR1;
 263:Drivers/STM32G4xx_HAL_Driver/Src/stm32g4xx_hal_gpio.c ****         temp &= ~(iocurrent);
 264:Drivers/STM32G4xx_HAL_Driver/Src/stm32g4xx_hal_gpio.c ****         if ((GPIO_Init->Mode & EXTI_EVT) != 0x00U)
 265:Drivers/STM32G4xx_HAL_Driver/Src/stm32g4xx_hal_gpio.c ****         {
 266:Drivers/STM32G4xx_HAL_Driver/Src/stm32g4xx_hal_gpio.c ****           temp |= iocurrent;
 267:Drivers/STM32G4xx_HAL_Driver/Src/stm32g4xx_hal_gpio.c ****         }
 268:Drivers/STM32G4xx_HAL_Driver/Src/stm32g4xx_hal_gpio.c ****         EXTI->EMR1 = temp;
 269:Drivers/STM32G4xx_HAL_Driver/Src/stm32g4xx_hal_gpio.c **** 
 270:Drivers/STM32G4xx_HAL_Driver/Src/stm32g4xx_hal_gpio.c ****         /* Clear EXTI line configuration */
 271:Drivers/STM32G4xx_HAL_Driver/Src/stm32g4xx_hal_gpio.c ****         temp = EXTI->IMR1;
 272:Drivers/STM32G4xx_HAL_Driver/Src/stm32g4xx_hal_gpio.c ****         temp &= ~(iocurrent);
 273:Drivers/STM32G4xx_HAL_Driver/Src/stm32g4xx_hal_gpio.c ****         if ((GPIO_Init->Mode & EXTI_IT) != 0x00U)
 274:Drivers/STM32G4xx_HAL_Driver/Src/stm32g4xx_hal_gpio.c ****         {
 275:Drivers/STM32G4xx_HAL_Driver/Src/stm32g4xx_hal_gpio.c ****           temp |= iocurrent;
ARM GAS  C:\Users\82057\AppData\Local\Temp\ccCBC8ya.s 			page 7


 276:Drivers/STM32G4xx_HAL_Driver/Src/stm32g4xx_hal_gpio.c ****         }
 277:Drivers/STM32G4xx_HAL_Driver/Src/stm32g4xx_hal_gpio.c ****         EXTI->IMR1 = temp;
 278:Drivers/STM32G4xx_HAL_Driver/Src/stm32g4xx_hal_gpio.c ****       }
 279:Drivers/STM32G4xx_HAL_Driver/Src/stm32g4xx_hal_gpio.c ****     }
 280:Drivers/STM32G4xx_HAL_Driver/Src/stm32g4xx_hal_gpio.c **** 
 281:Drivers/STM32G4xx_HAL_Driver/Src/stm32g4xx_hal_gpio.c ****     position++;
 282:Drivers/STM32G4xx_HAL_Driver/Src/stm32g4xx_hal_gpio.c ****   }
 283:Drivers/STM32G4xx_HAL_Driver/Src/stm32g4xx_hal_gpio.c **** }
  66              		.loc 1 283 0
  67 0018 05B0     		add	sp, sp, #20
  68              	.LCFI2:
  69              		.cfi_remember_state
  70              		.cfi_def_cfa_offset 36
  71              		@ sp needed
  72 001a BDE8F08F 		pop	{r4, r5, r6, r7, r8, r9, r10, fp, pc}
  73              	.L19:
  74              	.LCFI3:
  75              		.cfi_restore_state
 177:Drivers/STM32G4xx_HAL_Driver/Src/stm32g4xx_hal_gpio.c **** 
  76              		.loc 1 177 0
  77 001e 0124     		movs	r4, #1
  78 0020 04FA03FE 		lsl	lr, r4, r3
  79              	.LVL2:
 179:Drivers/STM32G4xx_HAL_Driver/Src/stm32g4xx_hal_gpio.c ****     {
  80              		.loc 1 179 0
  81 0024 019C     		ldr	r4, [sp, #4]
  82 0026 1EEA040C 		ands	ip, lr, r4
  83              	.LVL3:
  84 002a 00F0A380 		beq	.L4
 183:Drivers/STM32G4xx_HAL_Driver/Src/stm32g4xx_hal_gpio.c ****          ((GPIO_Init->Mode & GPIO_MODE) == MODE_AF))
  85              		.loc 1 183 0
  86 002e 4D68     		ldr	r5, [r1, #4]
  87 0030 05F00304 		and	r4, r5, #3
  88 0034 4FEA4308 		lsl	r8, r3, #1
  89 0038 0326     		movs	r6, #3
  90 003a 671E     		subs	r7, r4, #1
  91 003c 06FA08F6 		lsl	r6, r6, r8
  92 0040 012F     		cmp	r7, #1
  93 0042 6FEA0606 		mvn	r6, r6
  94 0046 34D8     		bhi	.L5
 189:Drivers/STM32G4xx_HAL_Driver/Src/stm32g4xx_hal_gpio.c ****         temp &= ~(GPIO_OSPEEDR_OSPEED0 << (position * 2U));
  95              		.loc 1 189 0
  96 0048 8768     		ldr	r7, [r0, #8]
  97              	.LVL4:
 190:Drivers/STM32G4xx_HAL_Driver/Src/stm32g4xx_hal_gpio.c ****         temp |= (GPIO_Init->Speed << (position * 2U));
  98              		.loc 1 190 0
  99 004a 07EA060A 		and	r10, r7, r6
 100              	.LVL5:
 191:Drivers/STM32G4xx_HAL_Driver/Src/stm32g4xx_hal_gpio.c ****         GPIOx->OSPEEDR = temp;
 101              		.loc 1 191 0
 102 004e CF68     		ldr	r7, [r1, #12]
 103 0050 07FA08F7 		lsl	r7, r7, r8
 104 0054 47EA0A07 		orr	r7, r7, r10
 105              	.LVL6:
 192:Drivers/STM32G4xx_HAL_Driver/Src/stm32g4xx_hal_gpio.c **** 
 106              		.loc 1 192 0
 107 0058 8760     		str	r7, [r0, #8]
ARM GAS  C:\Users\82057\AppData\Local\Temp\ccCBC8ya.s 			page 8


 195:Drivers/STM32G4xx_HAL_Driver/Src/stm32g4xx_hal_gpio.c ****         temp &= ~(GPIO_OTYPER_OT0 << position) ;
 108              		.loc 1 195 0
 109 005a 4768     		ldr	r7, [r0, #4]
 110              	.LVL7:
 196:Drivers/STM32G4xx_HAL_Driver/Src/stm32g4xx_hal_gpio.c ****         temp |= (((GPIO_Init->Mode & OUTPUT_TYPE) >> OUTPUT_TYPE_Pos) << position);
 111              		.loc 1 196 0
 112 005c 27EA0E0E 		bic	lr, r7, lr
 113              	.LVL8:
 197:Drivers/STM32G4xx_HAL_Driver/Src/stm32g4xx_hal_gpio.c ****         GPIOx->OTYPER = temp;
 114              		.loc 1 197 0
 115 0060 C5F30017 		ubfx	r7, r5, #4, #1
 116 0064 9F40     		lsls	r7, r7, r3
 117 0066 47EA0E07 		orr	r7, r7, lr
 118              	.LVL9:
 198:Drivers/STM32G4xx_HAL_Driver/Src/stm32g4xx_hal_gpio.c ****       }
 119              		.loc 1 198 0
 120 006a 4760     		str	r7, [r0, #4]
 121              	.LVL10:
 122              	.L6:
 207:Drivers/STM32G4xx_HAL_Driver/Src/stm32g4xx_hal_gpio.c ****         temp &= ~(GPIO_PUPDR_PUPD0 << (position * 2U));
 123              		.loc 1 207 0
 124 006c C768     		ldr	r7, [r0, #12]
 125              	.LVL11:
 208:Drivers/STM32G4xx_HAL_Driver/Src/stm32g4xx_hal_gpio.c ****         temp |= ((GPIO_Init->Pull) << (position * 2U));
 126              		.loc 1 208 0
 127 006e 07EA060E 		and	lr, r7, r6
 128              	.LVL12:
 209:Drivers/STM32G4xx_HAL_Driver/Src/stm32g4xx_hal_gpio.c ****         GPIOx->PUPDR = temp;
 129              		.loc 1 209 0
 130 0072 8F68     		ldr	r7, [r1, #8]
 131 0074 07FA08F7 		lsl	r7, r7, r8
 132 0078 47EA0E07 		orr	r7, r7, lr
 133              	.LVL13:
 214:Drivers/STM32G4xx_HAL_Driver/Src/stm32g4xx_hal_gpio.c ****       {
 134              		.loc 1 214 0
 135 007c 022C     		cmp	r4, #2
 210:Drivers/STM32G4xx_HAL_Driver/Src/stm32g4xx_hal_gpio.c ****       }
 136              		.loc 1 210 0
 137 007e C760     		str	r7, [r0, #12]
 214:Drivers/STM32G4xx_HAL_Driver/Src/stm32g4xx_hal_gpio.c ****       {
 138              		.loc 1 214 0
 139 0080 19D1     		bne	.L7
 221:Drivers/STM32G4xx_HAL_Driver/Src/stm32g4xx_hal_gpio.c ****         temp &= ~(0xFU << ((position & 0x07U) * 4U));
 140              		.loc 1 221 0
 141 0082 4FEAD30A 		lsr	r10, r3, #3
 142 0086 00EB8A0A 		add	r10, r0, r10, lsl #2
 222:Drivers/STM32G4xx_HAL_Driver/Src/stm32g4xx_hal_gpio.c ****         temp |= ((GPIO_Init->Alternate) << ((position & 0x07U) * 4U));
 143              		.loc 1 222 0
 144 008a 03F0070B 		and	fp, r3, #7
 221:Drivers/STM32G4xx_HAL_Driver/Src/stm32g4xx_hal_gpio.c ****         temp &= ~(0xFU << ((position & 0x07U) * 4U));
 145              		.loc 1 221 0
 146 008e DAF82070 		ldr	r7, [r10, #32]
 147              	.LVL14:
 222:Drivers/STM32G4xx_HAL_Driver/Src/stm32g4xx_hal_gpio.c ****         temp |= ((GPIO_Init->Alternate) << ((position & 0x07U) * 4U));
 148              		.loc 1 222 0
 149 0092 4FEA8B0B 		lsl	fp, fp, #2
 150 0096 4FF00F0E 		mov	lr, #15
ARM GAS  C:\Users\82057\AppData\Local\Temp\ccCBC8ya.s 			page 9


 151 009a 0EFA0BFE 		lsl	lr, lr, fp
 152 009e 27EA0E0E 		bic	lr, r7, lr
 153              	.LVL15:
 223:Drivers/STM32G4xx_HAL_Driver/Src/stm32g4xx_hal_gpio.c ****         GPIOx->AFR[position >> 3U] = temp;
 154              		.loc 1 223 0
 155 00a2 0F69     		ldr	r7, [r1, #16]
 156 00a4 07FA0BF7 		lsl	r7, r7, fp
 157 00a8 47EA0E07 		orr	r7, r7, lr
 158              	.LVL16:
 224:Drivers/STM32G4xx_HAL_Driver/Src/stm32g4xx_hal_gpio.c ****       }
 159              		.loc 1 224 0
 160 00ac CAF82070 		str	r7, [r10, #32]
 161 00b0 01E0     		b	.L7
 162              	.LVL17:
 163              	.L5:
 201:Drivers/STM32G4xx_HAL_Driver/Src/stm32g4xx_hal_gpio.c ****       {
 164              		.loc 1 201 0
 165 00b2 032C     		cmp	r4, #3
 166 00b4 DAD1     		bne	.L6
 167              	.L7:
 228:Drivers/STM32G4xx_HAL_Driver/Src/stm32g4xx_hal_gpio.c ****       temp &= ~(GPIO_MODER_MODE0 << (position * 2U));
 168              		.loc 1 228 0
 169 00b6 0768     		ldr	r7, [r0]
 170              	.LVL18:
 230:Drivers/STM32G4xx_HAL_Driver/Src/stm32g4xx_hal_gpio.c ****       GPIOx->MODER = temp;
 171              		.loc 1 230 0
 172 00b8 04FA08F4 		lsl	r4, r4, r8
 229:Drivers/STM32G4xx_HAL_Driver/Src/stm32g4xx_hal_gpio.c ****       temp |= ((GPIO_Init->Mode & GPIO_MODE) << (position * 2U));
 173              		.loc 1 229 0
 174 00bc 3E40     		ands	r6, r6, r7
 175              	.LVL19:
 230:Drivers/STM32G4xx_HAL_Driver/Src/stm32g4xx_hal_gpio.c ****       GPIOx->MODER = temp;
 176              		.loc 1 230 0
 177 00be 2643     		orrs	r6, r6, r4
 178              	.LVL20:
 235:Drivers/STM32G4xx_HAL_Driver/Src/stm32g4xx_hal_gpio.c ****       {
 179              		.loc 1 235 0
 180 00c0 15F4403F 		tst	r5, #196608
 231:Drivers/STM32G4xx_HAL_Driver/Src/stm32g4xx_hal_gpio.c **** 
 181              		.loc 1 231 0
 182 00c4 0660     		str	r6, [r0]
 235:Drivers/STM32G4xx_HAL_Driver/Src/stm32g4xx_hal_gpio.c ****       {
 183              		.loc 1 235 0
 184 00c6 55D0     		beq	.L4
 185              	.LBB3:
 238:Drivers/STM32G4xx_HAL_Driver/Src/stm32g4xx_hal_gpio.c **** 
 186              		.loc 1 238 0
 187 00c8 D9F86040 		ldr	r4, [r9, #96]
 188 00cc 44F00104 		orr	r4, r4, #1
 189 00d0 C9F86040 		str	r4, [r9, #96]
 190 00d4 D9F86040 		ldr	r4, [r9, #96]
 191 00d8 23F00306 		bic	r6, r3, #3
 192              	.LVL21:
 193 00dc 06F18046 		add	r6, r6, #1073741824
 194 00e0 04F00104 		and	r4, r4, #1
 195 00e4 06F58036 		add	r6, r6, #65536
 196 00e8 0394     		str	r4, [sp, #12]
ARM GAS  C:\Users\82057\AppData\Local\Temp\ccCBC8ya.s 			page 10


 197              	.LBE3:
 241:Drivers/STM32G4xx_HAL_Driver/Src/stm32g4xx_hal_gpio.c ****         temp |= (GPIO_GET_INDEX(GPIOx) << (4U * (position & 0x03U)));
 198              		.loc 1 241 0
 199 00ea 03F0030E 		and	lr, r3, #3
 200              	.LBB4:
 238:Drivers/STM32G4xx_HAL_Driver/Src/stm32g4xx_hal_gpio.c **** 
 201              		.loc 1 238 0
 202 00ee 039C     		ldr	r4, [sp, #12]
 203              	.LBE4:
 240:Drivers/STM32G4xx_HAL_Driver/Src/stm32g4xx_hal_gpio.c ****         temp &= ~(0x0FUL << (4U * (position & 0x03U)));
 204              		.loc 1 240 0
 205 00f0 B468     		ldr	r4, [r6, #8]
 206              	.LVL22:
 241:Drivers/STM32G4xx_HAL_Driver/Src/stm32g4xx_hal_gpio.c ****         temp |= (GPIO_GET_INDEX(GPIOx) << (4U * (position & 0x03U)));
 207              		.loc 1 241 0
 208 00f2 4FEA8E0E 		lsl	lr, lr, #2
 209 00f6 0F27     		movs	r7, #15
 210 00f8 07FA0EF7 		lsl	r7, r7, lr
 242:Drivers/STM32G4xx_HAL_Driver/Src/stm32g4xx_hal_gpio.c ****         SYSCFG->EXTICR[position >> 2U] = temp;
 211              		.loc 1 242 0
 212 00fc B0F1904F 		cmp	r0, #1207959552
 241:Drivers/STM32G4xx_HAL_Driver/Src/stm32g4xx_hal_gpio.c ****         temp |= (GPIO_GET_INDEX(GPIOx) << (4U * (position & 0x03U)));
 213              		.loc 1 241 0
 214 0100 24EA0707 		bic	r7, r4, r7
 215              	.LVL23:
 242:Drivers/STM32G4xx_HAL_Driver/Src/stm32g4xx_hal_gpio.c ****         SYSCFG->EXTICR[position >> 2U] = temp;
 216              		.loc 1 242 0
 217 0104 38D0     		beq	.L20
 242:Drivers/STM32G4xx_HAL_Driver/Src/stm32g4xx_hal_gpio.c ****         SYSCFG->EXTICR[position >> 2U] = temp;
 218              		.loc 1 242 0 is_stmt 0 discriminator 1
 219 0106 224C     		ldr	r4, .L29+4
 220 0108 A042     		cmp	r0, r4
 221 010a 37D0     		beq	.L21
 242:Drivers/STM32G4xx_HAL_Driver/Src/stm32g4xx_hal_gpio.c ****         SYSCFG->EXTICR[position >> 2U] = temp;
 222              		.loc 1 242 0 discriminator 3
 223 010c 04F58064 		add	r4, r4, #1024
 224 0110 A042     		cmp	r0, r4
 225 0112 35D0     		beq	.L22
 242:Drivers/STM32G4xx_HAL_Driver/Src/stm32g4xx_hal_gpio.c ****         SYSCFG->EXTICR[position >> 2U] = temp;
 226              		.loc 1 242 0 discriminator 5
 227 0114 04F58064 		add	r4, r4, #1024
 228 0118 A042     		cmp	r0, r4
 229 011a 33D0     		beq	.L23
 242:Drivers/STM32G4xx_HAL_Driver/Src/stm32g4xx_hal_gpio.c ****         SYSCFG->EXTICR[position >> 2U] = temp;
 230              		.loc 1 242 0 discriminator 7
 231 011c 04F58064 		add	r4, r4, #1024
 232 0120 A042     		cmp	r0, r4
 233 0122 31D0     		beq	.L24
 242:Drivers/STM32G4xx_HAL_Driver/Src/stm32g4xx_hal_gpio.c ****         SYSCFG->EXTICR[position >> 2U] = temp;
 234              		.loc 1 242 0 discriminator 9
 235 0124 04F58064 		add	r4, r4, #1024
 236 0128 A042     		cmp	r0, r4
 237 012a 14BF     		ite	ne
 238 012c 0624     		movne	r4, #6
 239 012e 0524     		moveq	r4, #5
 240              	.L10:
 242:Drivers/STM32G4xx_HAL_Driver/Src/stm32g4xx_hal_gpio.c ****         SYSCFG->EXTICR[position >> 2U] = temp;
ARM GAS  C:\Users\82057\AppData\Local\Temp\ccCBC8ya.s 			page 11


 241              		.loc 1 242 0 discriminator 24
 242 0130 04FA0EF4 		lsl	r4, r4, lr
 243 0134 3C43     		orrs	r4, r4, r7
 244              	.LVL24:
 243:Drivers/STM32G4xx_HAL_Driver/Src/stm32g4xx_hal_gpio.c **** 
 245              		.loc 1 243 0 is_stmt 1 discriminator 24
 246 0136 B460     		str	r4, [r6, #8]
 246:Drivers/STM32G4xx_HAL_Driver/Src/stm32g4xx_hal_gpio.c ****         temp &= ~(iocurrent);
 247              		.loc 1 246 0 discriminator 24
 248 0138 9468     		ldr	r4, [r2, #8]
 249              	.LVL25:
 247:Drivers/STM32G4xx_HAL_Driver/Src/stm32g4xx_hal_gpio.c ****         if ((GPIO_Init->Mode & TRIGGER_RISING) != 0x00U)
 250              		.loc 1 247 0 discriminator 24
 251 013a 6FEA0C06 		mvn	r6, ip
 252              	.LVL26:
 248:Drivers/STM32G4xx_HAL_Driver/Src/stm32g4xx_hal_gpio.c ****         {
 253              		.loc 1 248 0 discriminator 24
 254 013e EF02     		lsls	r7, r5, #11
 247:Drivers/STM32G4xx_HAL_Driver/Src/stm32g4xx_hal_gpio.c ****         if ((GPIO_Init->Mode & TRIGGER_RISING) != 0x00U)
 255              		.loc 1 247 0 discriminator 24
 256 0140 54BF     		ite	pl
 257 0142 3440     		andpl	r4, r4, r6
 258              	.LVL27:
 250:Drivers/STM32G4xx_HAL_Driver/Src/stm32g4xx_hal_gpio.c ****         }
 259              		.loc 1 250 0 discriminator 24
 260 0144 4CEA0404 		orrmi	r4, ip, r4
 261              	.LVL28:
 252:Drivers/STM32G4xx_HAL_Driver/Src/stm32g4xx_hal_gpio.c **** 
 262              		.loc 1 252 0 discriminator 24
 263 0148 9460     		str	r4, [r2, #8]
 254:Drivers/STM32G4xx_HAL_Driver/Src/stm32g4xx_hal_gpio.c ****         temp &= ~(iocurrent);
 264              		.loc 1 254 0 discriminator 24
 265 014a D468     		ldr	r4, [r2, #12]
 266              	.LVL29:
 256:Drivers/STM32G4xx_HAL_Driver/Src/stm32g4xx_hal_gpio.c ****         {
 267              		.loc 1 256 0 discriminator 24
 268 014c AF02     		lsls	r7, r5, #10
 255:Drivers/STM32G4xx_HAL_Driver/Src/stm32g4xx_hal_gpio.c ****         if ((GPIO_Init->Mode & TRIGGER_FALLING) != 0x00U)
 269              		.loc 1 255 0 discriminator 24
 270 014e 54BF     		ite	pl
 271 0150 3440     		andpl	r4, r4, r6
 272              	.LVL30:
 258:Drivers/STM32G4xx_HAL_Driver/Src/stm32g4xx_hal_gpio.c ****         }
 273              		.loc 1 258 0 discriminator 24
 274 0152 4CEA0404 		orrmi	r4, ip, r4
 275              	.LVL31:
 260:Drivers/STM32G4xx_HAL_Driver/Src/stm32g4xx_hal_gpio.c **** 
 276              		.loc 1 260 0 discriminator 24
 277 0156 D460     		str	r4, [r2, #12]
 262:Drivers/STM32G4xx_HAL_Driver/Src/stm32g4xx_hal_gpio.c ****         temp &= ~(iocurrent);
 278              		.loc 1 262 0 discriminator 24
 279 0158 5468     		ldr	r4, [r2, #4]
 280              	.LVL32:
 264:Drivers/STM32G4xx_HAL_Driver/Src/stm32g4xx_hal_gpio.c ****         {
 281              		.loc 1 264 0 discriminator 24
 282 015a AF03     		lsls	r7, r5, #14
 263:Drivers/STM32G4xx_HAL_Driver/Src/stm32g4xx_hal_gpio.c ****         if ((GPIO_Init->Mode & EXTI_EVT) != 0x00U)
ARM GAS  C:\Users\82057\AppData\Local\Temp\ccCBC8ya.s 			page 12


 283              		.loc 1 263 0 discriminator 24
 284 015c 54BF     		ite	pl
 285 015e 3440     		andpl	r4, r4, r6
 286              	.LVL33:
 266:Drivers/STM32G4xx_HAL_Driver/Src/stm32g4xx_hal_gpio.c ****         }
 287              		.loc 1 266 0 discriminator 24
 288 0160 4CEA0404 		orrmi	r4, ip, r4
 289              	.LVL34:
 268:Drivers/STM32G4xx_HAL_Driver/Src/stm32g4xx_hal_gpio.c **** 
 290              		.loc 1 268 0 discriminator 24
 291 0164 5460     		str	r4, [r2, #4]
 271:Drivers/STM32G4xx_HAL_Driver/Src/stm32g4xx_hal_gpio.c ****         temp &= ~(iocurrent);
 292              		.loc 1 271 0 discriminator 24
 293 0166 1468     		ldr	r4, [r2]
 294              	.LVL35:
 273:Drivers/STM32G4xx_HAL_Driver/Src/stm32g4xx_hal_gpio.c ****         {
 295              		.loc 1 273 0 discriminator 24
 296 0168 ED03     		lsls	r5, r5, #15
 272:Drivers/STM32G4xx_HAL_Driver/Src/stm32g4xx_hal_gpio.c ****         if ((GPIO_Init->Mode & EXTI_IT) != 0x00U)
 297              		.loc 1 272 0 discriminator 24
 298 016a 54BF     		ite	pl
 299 016c 3440     		andpl	r4, r4, r6
 300              	.LVL36:
 275:Drivers/STM32G4xx_HAL_Driver/Src/stm32g4xx_hal_gpio.c ****         }
 301              		.loc 1 275 0 discriminator 24
 302 016e 4CEA0404 		orrmi	r4, ip, r4
 303              	.LVL37:
 277:Drivers/STM32G4xx_HAL_Driver/Src/stm32g4xx_hal_gpio.c ****       }
 304              		.loc 1 277 0 discriminator 24
 305 0172 1460     		str	r4, [r2]
 306              	.LVL38:
 307              	.L4:
 281:Drivers/STM32G4xx_HAL_Driver/Src/stm32g4xx_hal_gpio.c ****   }
 308              		.loc 1 281 0
 309 0174 0133     		adds	r3, r3, #1
 310              	.LVL39:
 311 0176 4CE7     		b	.L2
 312              	.LVL40:
 313              	.L20:
 242:Drivers/STM32G4xx_HAL_Driver/Src/stm32g4xx_hal_gpio.c ****         SYSCFG->EXTICR[position >> 2U] = temp;
 314              		.loc 1 242 0
 315 0178 0024     		movs	r4, #0
 316 017a D9E7     		b	.L10
 317              	.L21:
 318 017c 0124     		movs	r4, #1
 319 017e D7E7     		b	.L10
 320              	.L22:
 321 0180 0224     		movs	r4, #2
 322 0182 D5E7     		b	.L10
 323              	.L23:
 324 0184 0324     		movs	r4, #3
 325 0186 D3E7     		b	.L10
 326              	.L24:
 327 0188 0424     		movs	r4, #4
 328 018a D1E7     		b	.L10
 329              	.L30:
 330              		.align	2
ARM GAS  C:\Users\82057\AppData\Local\Temp\ccCBC8ya.s 			page 13


 331              	.L29:
 332 018c 00040140 		.word	1073808384
 333 0190 00040048 		.word	1207960576
 334 0194 00100240 		.word	1073876992
 335              		.cfi_endproc
 336              	.LFE329:
 338              		.section	.text.HAL_GPIO_DeInit,"ax",%progbits
 339              		.align	1
 340              		.global	HAL_GPIO_DeInit
 341              		.syntax unified
 342              		.thumb
 343              		.thumb_func
 344              		.fpu fpv4-sp-d16
 346              	HAL_GPIO_DeInit:
 347              	.LFB330:
 284:Drivers/STM32G4xx_HAL_Driver/Src/stm32g4xx_hal_gpio.c **** 
 285:Drivers/STM32G4xx_HAL_Driver/Src/stm32g4xx_hal_gpio.c **** /**
 286:Drivers/STM32G4xx_HAL_Driver/Src/stm32g4xx_hal_gpio.c ****   * @brief  De-initialize the GPIOx peripheral registers to their default reset values.
 287:Drivers/STM32G4xx_HAL_Driver/Src/stm32g4xx_hal_gpio.c ****   * @param  GPIOx where x can be (A..G) to select the GPIO peripheral for STM32G4xx family
 288:Drivers/STM32G4xx_HAL_Driver/Src/stm32g4xx_hal_gpio.c ****   * @param  GPIO_Pin specifies the port bit to be written.
 289:Drivers/STM32G4xx_HAL_Driver/Src/stm32g4xx_hal_gpio.c ****   *         This parameter can be any combination of GPIO_PIN_x where x can be (0..15).
 290:Drivers/STM32G4xx_HAL_Driver/Src/stm32g4xx_hal_gpio.c ****   * @retval None
 291:Drivers/STM32G4xx_HAL_Driver/Src/stm32g4xx_hal_gpio.c ****   */
 292:Drivers/STM32G4xx_HAL_Driver/Src/stm32g4xx_hal_gpio.c **** void HAL_GPIO_DeInit(GPIO_TypeDef  *GPIOx, uint32_t GPIO_Pin)
 293:Drivers/STM32G4xx_HAL_Driver/Src/stm32g4xx_hal_gpio.c **** {
 348              		.loc 1 293 0
 349              		.cfi_startproc
 350              		@ args = 0, pretend = 0, frame = 0
 351              		@ frame_needed = 0, uses_anonymous_args = 0
 352              	.LVL41:
 294:Drivers/STM32G4xx_HAL_Driver/Src/stm32g4xx_hal_gpio.c ****   uint32_t position = 0x00U;
 295:Drivers/STM32G4xx_HAL_Driver/Src/stm32g4xx_hal_gpio.c ****   uint32_t iocurrent;
 296:Drivers/STM32G4xx_HAL_Driver/Src/stm32g4xx_hal_gpio.c ****   uint32_t tmp;
 297:Drivers/STM32G4xx_HAL_Driver/Src/stm32g4xx_hal_gpio.c **** 
 298:Drivers/STM32G4xx_HAL_Driver/Src/stm32g4xx_hal_gpio.c ****   /* Check the parameters */
 299:Drivers/STM32G4xx_HAL_Driver/Src/stm32g4xx_hal_gpio.c ****   assert_param(IS_GPIO_ALL_INSTANCE(GPIOx));
 300:Drivers/STM32G4xx_HAL_Driver/Src/stm32g4xx_hal_gpio.c ****   assert_param(IS_GPIO_PIN(GPIO_Pin));
 301:Drivers/STM32G4xx_HAL_Driver/Src/stm32g4xx_hal_gpio.c **** 
 302:Drivers/STM32G4xx_HAL_Driver/Src/stm32g4xx_hal_gpio.c ****   /* Configure the port pins */
 303:Drivers/STM32G4xx_HAL_Driver/Src/stm32g4xx_hal_gpio.c ****   while ((GPIO_Pin >> position) != 0U)
 304:Drivers/STM32G4xx_HAL_Driver/Src/stm32g4xx_hal_gpio.c ****   {
 305:Drivers/STM32G4xx_HAL_Driver/Src/stm32g4xx_hal_gpio.c ****     /* Get current io position */
 306:Drivers/STM32G4xx_HAL_Driver/Src/stm32g4xx_hal_gpio.c ****     iocurrent = (GPIO_Pin) & (1UL << position);
 307:Drivers/STM32G4xx_HAL_Driver/Src/stm32g4xx_hal_gpio.c **** 
 308:Drivers/STM32G4xx_HAL_Driver/Src/stm32g4xx_hal_gpio.c ****     if (iocurrent != 0x00u)
 309:Drivers/STM32G4xx_HAL_Driver/Src/stm32g4xx_hal_gpio.c ****     {
 310:Drivers/STM32G4xx_HAL_Driver/Src/stm32g4xx_hal_gpio.c ****       /*------------------------- EXTI Mode Configuration --------------------*/
 311:Drivers/STM32G4xx_HAL_Driver/Src/stm32g4xx_hal_gpio.c ****       /* Clear the External Interrupt or Event for the current IO */
 312:Drivers/STM32G4xx_HAL_Driver/Src/stm32g4xx_hal_gpio.c **** 
 313:Drivers/STM32G4xx_HAL_Driver/Src/stm32g4xx_hal_gpio.c ****       tmp = SYSCFG->EXTICR[position >> 2U];
 314:Drivers/STM32G4xx_HAL_Driver/Src/stm32g4xx_hal_gpio.c ****       tmp &= (0x0FUL << (4U * (position & 0x03U)));
 315:Drivers/STM32G4xx_HAL_Driver/Src/stm32g4xx_hal_gpio.c ****       if (tmp == (GPIO_GET_INDEX(GPIOx) << (4U * (position & 0x03U))))
 316:Drivers/STM32G4xx_HAL_Driver/Src/stm32g4xx_hal_gpio.c ****       {
 317:Drivers/STM32G4xx_HAL_Driver/Src/stm32g4xx_hal_gpio.c ****         /* Clear EXTI line configuration */
 318:Drivers/STM32G4xx_HAL_Driver/Src/stm32g4xx_hal_gpio.c ****         EXTI->IMR1 &= ~(iocurrent);
 353              		.loc 1 318 0
 354 0000 3B4A     		ldr	r2, .L46
ARM GAS  C:\Users\82057\AppData\Local\Temp\ccCBC8ya.s 			page 14


 293:Drivers/STM32G4xx_HAL_Driver/Src/stm32g4xx_hal_gpio.c ****   uint32_t position = 0x00U;
 355              		.loc 1 293 0
 356 0002 2DE9F04F 		push	{r4, r5, r6, r7, r8, r9, r10, fp, lr}
 357              	.LCFI4:
 358              		.cfi_def_cfa_offset 36
 359              		.cfi_offset 4, -36
 360              		.cfi_offset 5, -32
 361              		.cfi_offset 6, -28
 362              		.cfi_offset 7, -24
 363              		.cfi_offset 8, -20
 364              		.cfi_offset 9, -16
 365              		.cfi_offset 10, -12
 366              		.cfi_offset 11, -8
 367              		.cfi_offset 14, -4
 294:Drivers/STM32G4xx_HAL_Driver/Src/stm32g4xx_hal_gpio.c ****   uint32_t position = 0x00U;
 368              		.loc 1 294 0
 369 0006 0023     		movs	r3, #0
 306:Drivers/STM32G4xx_HAL_Driver/Src/stm32g4xx_hal_gpio.c **** 
 370              		.loc 1 306 0
 371 0008 4FF0010A 		mov	r10, #1
 314:Drivers/STM32G4xx_HAL_Driver/Src/stm32g4xx_hal_gpio.c ****       if (tmp == (GPIO_GET_INDEX(GPIOx) << (4U * (position & 0x03U))))
 372              		.loc 1 314 0
 373 000c 4FF00F08 		mov	r8, #15
 319:Drivers/STM32G4xx_HAL_Driver/Src/stm32g4xx_hal_gpio.c ****         EXTI->EMR1 &= ~(iocurrent);
 320:Drivers/STM32G4xx_HAL_Driver/Src/stm32g4xx_hal_gpio.c **** 
 321:Drivers/STM32G4xx_HAL_Driver/Src/stm32g4xx_hal_gpio.c ****         /* Clear Rising Falling edge configuration */
 322:Drivers/STM32G4xx_HAL_Driver/Src/stm32g4xx_hal_gpio.c ****         EXTI->FTSR1 &= ~(iocurrent);
 323:Drivers/STM32G4xx_HAL_Driver/Src/stm32g4xx_hal_gpio.c ****         EXTI->RTSR1 &= ~(iocurrent);
 324:Drivers/STM32G4xx_HAL_Driver/Src/stm32g4xx_hal_gpio.c **** 
 325:Drivers/STM32G4xx_HAL_Driver/Src/stm32g4xx_hal_gpio.c ****         tmp = 0x0FUL << (4U * (position & 0x03U));
 326:Drivers/STM32G4xx_HAL_Driver/Src/stm32g4xx_hal_gpio.c ****         SYSCFG->EXTICR[position >> 2U] &= ~tmp;
 327:Drivers/STM32G4xx_HAL_Driver/Src/stm32g4xx_hal_gpio.c ****       }
 328:Drivers/STM32G4xx_HAL_Driver/Src/stm32g4xx_hal_gpio.c **** 
 329:Drivers/STM32G4xx_HAL_Driver/Src/stm32g4xx_hal_gpio.c ****       /*------------------------- GPIO Mode Configuration --------------------*/
 330:Drivers/STM32G4xx_HAL_Driver/Src/stm32g4xx_hal_gpio.c ****       /* Configure IO in Analog Mode */
 331:Drivers/STM32G4xx_HAL_Driver/Src/stm32g4xx_hal_gpio.c ****       GPIOx->MODER |= (GPIO_MODER_MODE0 << (position * 2u));
 374              		.loc 1 331 0
 375 0010 4FF0030B 		mov	fp, #3
 376              	.LVL42:
 377              	.L32:
 303:Drivers/STM32G4xx_HAL_Driver/Src/stm32g4xx_hal_gpio.c ****   {
 378              		.loc 1 303 0
 379 0014 31FA03F4 		lsrs	r4, r1, r3
 380 0018 01D1     		bne	.L36
 332:Drivers/STM32G4xx_HAL_Driver/Src/stm32g4xx_hal_gpio.c **** 
 333:Drivers/STM32G4xx_HAL_Driver/Src/stm32g4xx_hal_gpio.c ****       /* Configure the default Alternate Function in current IO */
 334:Drivers/STM32G4xx_HAL_Driver/Src/stm32g4xx_hal_gpio.c ****       GPIOx->AFR[position >> 3u] &= ~(0xFu << ((position & 0x07u) * 4u));
 335:Drivers/STM32G4xx_HAL_Driver/Src/stm32g4xx_hal_gpio.c **** 
 336:Drivers/STM32G4xx_HAL_Driver/Src/stm32g4xx_hal_gpio.c ****       /* Deactivate the Pull-up and Pull-down resistor for the current IO */
 337:Drivers/STM32G4xx_HAL_Driver/Src/stm32g4xx_hal_gpio.c ****       GPIOx->PUPDR &= ~(GPIO_PUPDR_PUPD0 << (position * 2u));
 338:Drivers/STM32G4xx_HAL_Driver/Src/stm32g4xx_hal_gpio.c **** 
 339:Drivers/STM32G4xx_HAL_Driver/Src/stm32g4xx_hal_gpio.c ****       /* Configure the default value IO Output Type */
 340:Drivers/STM32G4xx_HAL_Driver/Src/stm32g4xx_hal_gpio.c ****       GPIOx->OTYPER  &= ~(GPIO_OTYPER_OT0 << position);
 341:Drivers/STM32G4xx_HAL_Driver/Src/stm32g4xx_hal_gpio.c **** 
 342:Drivers/STM32G4xx_HAL_Driver/Src/stm32g4xx_hal_gpio.c ****       /* Configure the default value for IO Speed */
 343:Drivers/STM32G4xx_HAL_Driver/Src/stm32g4xx_hal_gpio.c ****       GPIOx->OSPEEDR &= ~(GPIO_OSPEEDR_OSPEED0 << (position * 2u));
 344:Drivers/STM32G4xx_HAL_Driver/Src/stm32g4xx_hal_gpio.c ****     }
ARM GAS  C:\Users\82057\AppData\Local\Temp\ccCBC8ya.s 			page 15


 345:Drivers/STM32G4xx_HAL_Driver/Src/stm32g4xx_hal_gpio.c **** 
 346:Drivers/STM32G4xx_HAL_Driver/Src/stm32g4xx_hal_gpio.c ****     position++;
 347:Drivers/STM32G4xx_HAL_Driver/Src/stm32g4xx_hal_gpio.c ****   }
 348:Drivers/STM32G4xx_HAL_Driver/Src/stm32g4xx_hal_gpio.c **** }
 381              		.loc 1 348 0
 382 001a BDE8F08F 		pop	{r4, r5, r6, r7, r8, r9, r10, fp, pc}
 383              	.L36:
 306:Drivers/STM32G4xx_HAL_Driver/Src/stm32g4xx_hal_gpio.c **** 
 384              		.loc 1 306 0
 385 001e 0AFA03FC 		lsl	ip, r10, r3
 386              	.LVL43:
 308:Drivers/STM32G4xx_HAL_Driver/Src/stm32g4xx_hal_gpio.c ****     {
 387              		.loc 1 308 0
 388 0022 1CEA0104 		ands	r4, ip, r1
 389              	.LVL44:
 390 0026 56D0     		beq	.L33
 391 0028 23F00306 		bic	r6, r3, #3
 392 002c 06F18046 		add	r6, r6, #1073741824
 393 0030 06F58036 		add	r6, r6, #65536
 314:Drivers/STM32G4xx_HAL_Driver/Src/stm32g4xx_hal_gpio.c ****       if (tmp == (GPIO_GET_INDEX(GPIOx) << (4U * (position & 0x03U))))
 394              		.loc 1 314 0
 395 0034 03F00307 		and	r7, r3, #3
 313:Drivers/STM32G4xx_HAL_Driver/Src/stm32g4xx_hal_gpio.c ****       tmp &= (0x0FUL << (4U * (position & 0x03U)));
 396              		.loc 1 313 0
 397 0038 B568     		ldr	r5, [r6, #8]
 398              	.LVL45:
 314:Drivers/STM32G4xx_HAL_Driver/Src/stm32g4xx_hal_gpio.c ****       if (tmp == (GPIO_GET_INDEX(GPIOx) << (4U * (position & 0x03U))))
 399              		.loc 1 314 0
 400 003a BF00     		lsls	r7, r7, #2
 401 003c 08FA07F9 		lsl	r9, r8, r7
 315:Drivers/STM32G4xx_HAL_Driver/Src/stm32g4xx_hal_gpio.c ****       {
 402              		.loc 1 315 0
 403 0040 B0F1904F 		cmp	r0, #1207959552
 314:Drivers/STM32G4xx_HAL_Driver/Src/stm32g4xx_hal_gpio.c ****       if (tmp == (GPIO_GET_INDEX(GPIOx) << (4U * (position & 0x03U))))
 404              		.loc 1 314 0
 405 0044 09EA050E 		and	lr, r9, r5
 406              	.LVL46:
 315:Drivers/STM32G4xx_HAL_Driver/Src/stm32g4xx_hal_gpio.c ****       {
 407              		.loc 1 315 0
 408 0048 47D0     		beq	.L37
 315:Drivers/STM32G4xx_HAL_Driver/Src/stm32g4xx_hal_gpio.c ****       {
 409              		.loc 1 315 0 is_stmt 0 discriminator 1
 410 004a 2A4D     		ldr	r5, .L46+4
 411 004c A842     		cmp	r0, r5
 412 004e 46D0     		beq	.L38
 315:Drivers/STM32G4xx_HAL_Driver/Src/stm32g4xx_hal_gpio.c ****       {
 413              		.loc 1 315 0 discriminator 3
 414 0050 05F58065 		add	r5, r5, #1024
 415 0054 A842     		cmp	r0, r5
 416 0056 44D0     		beq	.L39
 315:Drivers/STM32G4xx_HAL_Driver/Src/stm32g4xx_hal_gpio.c ****       {
 417              		.loc 1 315 0 discriminator 5
 418 0058 05F58065 		add	r5, r5, #1024
 419 005c A842     		cmp	r0, r5
 420 005e 42D0     		beq	.L40
 315:Drivers/STM32G4xx_HAL_Driver/Src/stm32g4xx_hal_gpio.c ****       {
 421              		.loc 1 315 0 discriminator 7
ARM GAS  C:\Users\82057\AppData\Local\Temp\ccCBC8ya.s 			page 16


 422 0060 05F58065 		add	r5, r5, #1024
 423 0064 A842     		cmp	r0, r5
 424 0066 40D0     		beq	.L41
 315:Drivers/STM32G4xx_HAL_Driver/Src/stm32g4xx_hal_gpio.c ****       {
 425              		.loc 1 315 0 discriminator 9
 426 0068 05F58065 		add	r5, r5, #1024
 427 006c A842     		cmp	r0, r5
 428 006e 0CBF     		ite	eq
 429 0070 0525     		moveq	r5, #5
 430 0072 0625     		movne	r5, #6
 431              	.L34:
 315:Drivers/STM32G4xx_HAL_Driver/Src/stm32g4xx_hal_gpio.c ****       {
 432              		.loc 1 315 0 discriminator 24
 433 0074 BD40     		lsls	r5, r5, r7
 434 0076 7545     		cmp	r5, lr
 435 0078 10D1     		bne	.L35
 318:Drivers/STM32G4xx_HAL_Driver/Src/stm32g4xx_hal_gpio.c ****         EXTI->EMR1 &= ~(iocurrent);
 436              		.loc 1 318 0 is_stmt 1
 437 007a 1568     		ldr	r5, [r2]
 438 007c E443     		mvns	r4, r4
 439              	.LVL47:
 440 007e 2540     		ands	r5, r5, r4
 441 0080 1560     		str	r5, [r2]
 319:Drivers/STM32G4xx_HAL_Driver/Src/stm32g4xx_hal_gpio.c **** 
 442              		.loc 1 319 0
 443 0082 5568     		ldr	r5, [r2, #4]
 444 0084 2540     		ands	r5, r5, r4
 445 0086 5560     		str	r5, [r2, #4]
 322:Drivers/STM32G4xx_HAL_Driver/Src/stm32g4xx_hal_gpio.c ****         EXTI->RTSR1 &= ~(iocurrent);
 446              		.loc 1 322 0
 447 0088 D568     		ldr	r5, [r2, #12]
 448 008a 2540     		ands	r5, r5, r4
 449 008c D560     		str	r5, [r2, #12]
 323:Drivers/STM32G4xx_HAL_Driver/Src/stm32g4xx_hal_gpio.c **** 
 450              		.loc 1 323 0
 451 008e 9568     		ldr	r5, [r2, #8]
 452 0090 2C40     		ands	r4, r4, r5
 453              	.LVL48:
 454 0092 9460     		str	r4, [r2, #8]
 455              	.LVL49:
 326:Drivers/STM32G4xx_HAL_Driver/Src/stm32g4xx_hal_gpio.c ****       }
 456              		.loc 1 326 0
 457 0094 B468     		ldr	r4, [r6, #8]
 458 0096 24EA0904 		bic	r4, r4, r9
 459 009a B460     		str	r4, [r6, #8]
 460              	.LVL50:
 461              	.L35:
 331:Drivers/STM32G4xx_HAL_Driver/Src/stm32g4xx_hal_gpio.c **** 
 462              		.loc 1 331 0
 463 009c 0568     		ldr	r5, [r0]
 464 009e 5C00     		lsls	r4, r3, #1
 465 00a0 0BFA04F4 		lsl	r4, fp, r4
 334:Drivers/STM32G4xx_HAL_Driver/Src/stm32g4xx_hal_gpio.c **** 
 466              		.loc 1 334 0
 467 00a4 DE08     		lsrs	r6, r3, #3
 331:Drivers/STM32G4xx_HAL_Driver/Src/stm32g4xx_hal_gpio.c **** 
 468              		.loc 1 331 0
ARM GAS  C:\Users\82057\AppData\Local\Temp\ccCBC8ya.s 			page 17


 469 00a6 2543     		orrs	r5, r5, r4
 470 00a8 00EB8606 		add	r6, r0, r6, lsl #2
 471 00ac 0560     		str	r5, [r0]
 334:Drivers/STM32G4xx_HAL_Driver/Src/stm32g4xx_hal_gpio.c **** 
 472              		.loc 1 334 0
 473 00ae 03F00705 		and	r5, r3, #7
 474 00b2 376A     		ldr	r7, [r6, #32]
 475 00b4 AD00     		lsls	r5, r5, #2
 476 00b6 08FA05F5 		lsl	r5, r8, r5
 477 00ba 27EA0505 		bic	r5, r7, r5
 478 00be 3562     		str	r5, [r6, #32]
 337:Drivers/STM32G4xx_HAL_Driver/Src/stm32g4xx_hal_gpio.c **** 
 479              		.loc 1 337 0
 480 00c0 C568     		ldr	r5, [r0, #12]
 481 00c2 E443     		mvns	r4, r4
 482 00c4 2540     		ands	r5, r5, r4
 483 00c6 C560     		str	r5, [r0, #12]
 340:Drivers/STM32G4xx_HAL_Driver/Src/stm32g4xx_hal_gpio.c **** 
 484              		.loc 1 340 0
 485 00c8 4568     		ldr	r5, [r0, #4]
 486 00ca 25EA0C05 		bic	r5, r5, ip
 487 00ce 4560     		str	r5, [r0, #4]
 343:Drivers/STM32G4xx_HAL_Driver/Src/stm32g4xx_hal_gpio.c ****     }
 488              		.loc 1 343 0
 489 00d0 8568     		ldr	r5, [r0, #8]
 490 00d2 2C40     		ands	r4, r4, r5
 491 00d4 8460     		str	r4, [r0, #8]
 492              	.L33:
 346:Drivers/STM32G4xx_HAL_Driver/Src/stm32g4xx_hal_gpio.c ****   }
 493              		.loc 1 346 0
 494 00d6 0133     		adds	r3, r3, #1
 495              	.LVL51:
 496 00d8 9CE7     		b	.L32
 497              	.LVL52:
 498              	.L37:
 315:Drivers/STM32G4xx_HAL_Driver/Src/stm32g4xx_hal_gpio.c ****       {
 499              		.loc 1 315 0
 500 00da 0025     		movs	r5, #0
 501 00dc CAE7     		b	.L34
 502              	.L38:
 503 00de 0125     		movs	r5, #1
 504 00e0 C8E7     		b	.L34
 505              	.L39:
 506 00e2 0225     		movs	r5, #2
 507 00e4 C6E7     		b	.L34
 508              	.L40:
 509 00e6 0325     		movs	r5, #3
 510 00e8 C4E7     		b	.L34
 511              	.L41:
 512 00ea 0425     		movs	r5, #4
 513 00ec C2E7     		b	.L34
 514              	.L47:
 515 00ee 00BF     		.align	2
 516              	.L46:
 517 00f0 00040140 		.word	1073808384
 518 00f4 00040048 		.word	1207960576
 519              		.cfi_endproc
ARM GAS  C:\Users\82057\AppData\Local\Temp\ccCBC8ya.s 			page 18


 520              	.LFE330:
 522              		.section	.text.HAL_GPIO_ReadPin,"ax",%progbits
 523              		.align	1
 524              		.global	HAL_GPIO_ReadPin
 525              		.syntax unified
 526              		.thumb
 527              		.thumb_func
 528              		.fpu fpv4-sp-d16
 530              	HAL_GPIO_ReadPin:
 531              	.LFB331:
 349:Drivers/STM32G4xx_HAL_Driver/Src/stm32g4xx_hal_gpio.c **** 
 350:Drivers/STM32G4xx_HAL_Driver/Src/stm32g4xx_hal_gpio.c **** /**
 351:Drivers/STM32G4xx_HAL_Driver/Src/stm32g4xx_hal_gpio.c ****   * @}
 352:Drivers/STM32G4xx_HAL_Driver/Src/stm32g4xx_hal_gpio.c ****   */
 353:Drivers/STM32G4xx_HAL_Driver/Src/stm32g4xx_hal_gpio.c **** 
 354:Drivers/STM32G4xx_HAL_Driver/Src/stm32g4xx_hal_gpio.c **** /** @addtogroup GPIO_Exported_Functions_Group2
 355:Drivers/STM32G4xx_HAL_Driver/Src/stm32g4xx_hal_gpio.c ****   *  @brief GPIO Read, Write, Toggle, Lock and EXTI management functions.
 356:Drivers/STM32G4xx_HAL_Driver/Src/stm32g4xx_hal_gpio.c ****   *
 357:Drivers/STM32G4xx_HAL_Driver/Src/stm32g4xx_hal_gpio.c **** @verbatim
 358:Drivers/STM32G4xx_HAL_Driver/Src/stm32g4xx_hal_gpio.c ****  ===============================================================================
 359:Drivers/STM32G4xx_HAL_Driver/Src/stm32g4xx_hal_gpio.c ****                        ##### IO operation functions #####
 360:Drivers/STM32G4xx_HAL_Driver/Src/stm32g4xx_hal_gpio.c ****  ===============================================================================
 361:Drivers/STM32G4xx_HAL_Driver/Src/stm32g4xx_hal_gpio.c **** 
 362:Drivers/STM32G4xx_HAL_Driver/Src/stm32g4xx_hal_gpio.c **** @endverbatim
 363:Drivers/STM32G4xx_HAL_Driver/Src/stm32g4xx_hal_gpio.c ****   * @{
 364:Drivers/STM32G4xx_HAL_Driver/Src/stm32g4xx_hal_gpio.c ****   */
 365:Drivers/STM32G4xx_HAL_Driver/Src/stm32g4xx_hal_gpio.c **** 
 366:Drivers/STM32G4xx_HAL_Driver/Src/stm32g4xx_hal_gpio.c **** /**
 367:Drivers/STM32G4xx_HAL_Driver/Src/stm32g4xx_hal_gpio.c ****   * @brief  Read the specified input port pin.
 368:Drivers/STM32G4xx_HAL_Driver/Src/stm32g4xx_hal_gpio.c ****   * @param  GPIOx where x can be (A..G) to select the GPIO peripheral for STM32G4xx family
 369:Drivers/STM32G4xx_HAL_Driver/Src/stm32g4xx_hal_gpio.c ****   * @param  GPIO_Pin specifies the port bit to read.
 370:Drivers/STM32G4xx_HAL_Driver/Src/stm32g4xx_hal_gpio.c ****   *         This parameter can be any combination of GPIO_PIN_x where x can be (0..15).
 371:Drivers/STM32G4xx_HAL_Driver/Src/stm32g4xx_hal_gpio.c ****   * @retval The input port pin value.
 372:Drivers/STM32G4xx_HAL_Driver/Src/stm32g4xx_hal_gpio.c ****   */
 373:Drivers/STM32G4xx_HAL_Driver/Src/stm32g4xx_hal_gpio.c **** GPIO_PinState HAL_GPIO_ReadPin(GPIO_TypeDef *GPIOx, uint16_t GPIO_Pin)
 374:Drivers/STM32G4xx_HAL_Driver/Src/stm32g4xx_hal_gpio.c **** {
 532              		.loc 1 374 0
 533              		.cfi_startproc
 534              		@ args = 0, pretend = 0, frame = 0
 535              		@ frame_needed = 0, uses_anonymous_args = 0
 536              		@ link register save eliminated.
 537              	.LVL53:
 375:Drivers/STM32G4xx_HAL_Driver/Src/stm32g4xx_hal_gpio.c ****   GPIO_PinState bitstatus;
 376:Drivers/STM32G4xx_HAL_Driver/Src/stm32g4xx_hal_gpio.c **** 
 377:Drivers/STM32G4xx_HAL_Driver/Src/stm32g4xx_hal_gpio.c ****   /* Check the parameters */
 378:Drivers/STM32G4xx_HAL_Driver/Src/stm32g4xx_hal_gpio.c ****   assert_param(IS_GPIO_PIN(GPIO_Pin));
 379:Drivers/STM32G4xx_HAL_Driver/Src/stm32g4xx_hal_gpio.c **** 
 380:Drivers/STM32G4xx_HAL_Driver/Src/stm32g4xx_hal_gpio.c ****   if ((GPIOx->IDR & GPIO_Pin) != 0x00U)
 538              		.loc 1 380 0
 539 0000 0369     		ldr	r3, [r0, #16]
 540              	.LVL54:
 541 0002 1942     		tst	r1, r3
 381:Drivers/STM32G4xx_HAL_Driver/Src/stm32g4xx_hal_gpio.c ****   {
 382:Drivers/STM32G4xx_HAL_Driver/Src/stm32g4xx_hal_gpio.c ****     bitstatus = GPIO_PIN_SET;
 383:Drivers/STM32G4xx_HAL_Driver/Src/stm32g4xx_hal_gpio.c ****   }
 384:Drivers/STM32G4xx_HAL_Driver/Src/stm32g4xx_hal_gpio.c ****   else
 385:Drivers/STM32G4xx_HAL_Driver/Src/stm32g4xx_hal_gpio.c ****   {
ARM GAS  C:\Users\82057\AppData\Local\Temp\ccCBC8ya.s 			page 19


 386:Drivers/STM32G4xx_HAL_Driver/Src/stm32g4xx_hal_gpio.c ****     bitstatus = GPIO_PIN_RESET;
 387:Drivers/STM32G4xx_HAL_Driver/Src/stm32g4xx_hal_gpio.c ****   }
 388:Drivers/STM32G4xx_HAL_Driver/Src/stm32g4xx_hal_gpio.c ****   return bitstatus;
 389:Drivers/STM32G4xx_HAL_Driver/Src/stm32g4xx_hal_gpio.c **** }
 542              		.loc 1 389 0
 543 0004 14BF     		ite	ne
 544 0006 0120     		movne	r0, #1
 545              	.LVL55:
 546 0008 0020     		moveq	r0, #0
 547 000a 7047     		bx	lr
 548              		.cfi_endproc
 549              	.LFE331:
 551              		.section	.text.HAL_GPIO_WritePin,"ax",%progbits
 552              		.align	1
 553              		.global	HAL_GPIO_WritePin
 554              		.syntax unified
 555              		.thumb
 556              		.thumb_func
 557              		.fpu fpv4-sp-d16
 559              	HAL_GPIO_WritePin:
 560              	.LFB332:
 390:Drivers/STM32G4xx_HAL_Driver/Src/stm32g4xx_hal_gpio.c **** 
 391:Drivers/STM32G4xx_HAL_Driver/Src/stm32g4xx_hal_gpio.c **** /**
 392:Drivers/STM32G4xx_HAL_Driver/Src/stm32g4xx_hal_gpio.c ****   * @brief  Set or clear the selected data port bit.
 393:Drivers/STM32G4xx_HAL_Driver/Src/stm32g4xx_hal_gpio.c ****   *
 394:Drivers/STM32G4xx_HAL_Driver/Src/stm32g4xx_hal_gpio.c ****   * @note   This function uses GPIOx_BSRR and GPIOx_BRR registers to allow atomic read/modify
 395:Drivers/STM32G4xx_HAL_Driver/Src/stm32g4xx_hal_gpio.c ****   *         accesses. In this way, there is no risk of an IRQ occurring between
 396:Drivers/STM32G4xx_HAL_Driver/Src/stm32g4xx_hal_gpio.c ****   *         the read and the modify access.
 397:Drivers/STM32G4xx_HAL_Driver/Src/stm32g4xx_hal_gpio.c ****   *
 398:Drivers/STM32G4xx_HAL_Driver/Src/stm32g4xx_hal_gpio.c ****   * @param  GPIOx where x can be (A..G) to select the GPIO peripheral for STM32G4xx family
 399:Drivers/STM32G4xx_HAL_Driver/Src/stm32g4xx_hal_gpio.c ****   * @param  GPIO_Pin specifies the port bit to be written.
 400:Drivers/STM32G4xx_HAL_Driver/Src/stm32g4xx_hal_gpio.c ****   *         This parameter can be any combination of GPIO_PIN_x where x can be (0..15).
 401:Drivers/STM32G4xx_HAL_Driver/Src/stm32g4xx_hal_gpio.c ****   * @param  PinState specifies the value to be written to the selected bit.
 402:Drivers/STM32G4xx_HAL_Driver/Src/stm32g4xx_hal_gpio.c ****   *         This parameter can be one of the GPIO_PinState enum values:
 403:Drivers/STM32G4xx_HAL_Driver/Src/stm32g4xx_hal_gpio.c ****   *            @arg GPIO_PIN_RESET: to clear the port pin
 404:Drivers/STM32G4xx_HAL_Driver/Src/stm32g4xx_hal_gpio.c ****   *            @arg GPIO_PIN_SET: to set the port pin
 405:Drivers/STM32G4xx_HAL_Driver/Src/stm32g4xx_hal_gpio.c ****   * @retval None
 406:Drivers/STM32G4xx_HAL_Driver/Src/stm32g4xx_hal_gpio.c ****   */
 407:Drivers/STM32G4xx_HAL_Driver/Src/stm32g4xx_hal_gpio.c **** void HAL_GPIO_WritePin(GPIO_TypeDef *GPIOx, uint16_t GPIO_Pin, GPIO_PinState PinState)
 408:Drivers/STM32G4xx_HAL_Driver/Src/stm32g4xx_hal_gpio.c **** {
 561              		.loc 1 408 0
 562              		.cfi_startproc
 563              		@ args = 0, pretend = 0, frame = 0
 564              		@ frame_needed = 0, uses_anonymous_args = 0
 565              		@ link register save eliminated.
 566              	.LVL56:
 409:Drivers/STM32G4xx_HAL_Driver/Src/stm32g4xx_hal_gpio.c ****   /* Check the parameters */
 410:Drivers/STM32G4xx_HAL_Driver/Src/stm32g4xx_hal_gpio.c ****   assert_param(IS_GPIO_PIN(GPIO_Pin));
 411:Drivers/STM32G4xx_HAL_Driver/Src/stm32g4xx_hal_gpio.c ****   assert_param(IS_GPIO_PIN_ACTION(PinState));
 412:Drivers/STM32G4xx_HAL_Driver/Src/stm32g4xx_hal_gpio.c **** 
 413:Drivers/STM32G4xx_HAL_Driver/Src/stm32g4xx_hal_gpio.c ****   if (PinState != GPIO_PIN_RESET)
 567              		.loc 1 413 0
 568 0000 0AB1     		cbz	r2, .L50
 414:Drivers/STM32G4xx_HAL_Driver/Src/stm32g4xx_hal_gpio.c ****   {
 415:Drivers/STM32G4xx_HAL_Driver/Src/stm32g4xx_hal_gpio.c ****     GPIOx->BSRR = (uint32_t)GPIO_Pin;
 569              		.loc 1 415 0
 570 0002 8161     		str	r1, [r0, #24]
ARM GAS  C:\Users\82057\AppData\Local\Temp\ccCBC8ya.s 			page 20


 571 0004 7047     		bx	lr
 572              	.L50:
 416:Drivers/STM32G4xx_HAL_Driver/Src/stm32g4xx_hal_gpio.c ****   }
 417:Drivers/STM32G4xx_HAL_Driver/Src/stm32g4xx_hal_gpio.c ****   else
 418:Drivers/STM32G4xx_HAL_Driver/Src/stm32g4xx_hal_gpio.c ****   {
 419:Drivers/STM32G4xx_HAL_Driver/Src/stm32g4xx_hal_gpio.c ****     GPIOx->BRR = (uint32_t)GPIO_Pin;
 573              		.loc 1 419 0
 574 0006 8162     		str	r1, [r0, #40]
 420:Drivers/STM32G4xx_HAL_Driver/Src/stm32g4xx_hal_gpio.c ****   }
 421:Drivers/STM32G4xx_HAL_Driver/Src/stm32g4xx_hal_gpio.c **** }
 575              		.loc 1 421 0
 576 0008 7047     		bx	lr
 577              		.cfi_endproc
 578              	.LFE332:
 580              		.section	.text.HAL_GPIO_TogglePin,"ax",%progbits
 581              		.align	1
 582              		.global	HAL_GPIO_TogglePin
 583              		.syntax unified
 584              		.thumb
 585              		.thumb_func
 586              		.fpu fpv4-sp-d16
 588              	HAL_GPIO_TogglePin:
 589              	.LFB333:
 422:Drivers/STM32G4xx_HAL_Driver/Src/stm32g4xx_hal_gpio.c **** 
 423:Drivers/STM32G4xx_HAL_Driver/Src/stm32g4xx_hal_gpio.c **** /**
 424:Drivers/STM32G4xx_HAL_Driver/Src/stm32g4xx_hal_gpio.c ****   * @brief  Toggle the specified GPIO pin.
 425:Drivers/STM32G4xx_HAL_Driver/Src/stm32g4xx_hal_gpio.c ****   * @param  GPIOx where x can be (A..G) to select the GPIO peripheral for STM32G4xx family
 426:Drivers/STM32G4xx_HAL_Driver/Src/stm32g4xx_hal_gpio.c ****   * @param  GPIO_Pin specifies the pin to be toggled.
 427:Drivers/STM32G4xx_HAL_Driver/Src/stm32g4xx_hal_gpio.c ****   *         This parameter can be any combination of GPIO_PIN_x where x can be (0..15).
 428:Drivers/STM32G4xx_HAL_Driver/Src/stm32g4xx_hal_gpio.c ****   * @retval None
 429:Drivers/STM32G4xx_HAL_Driver/Src/stm32g4xx_hal_gpio.c ****   */
 430:Drivers/STM32G4xx_HAL_Driver/Src/stm32g4xx_hal_gpio.c **** void HAL_GPIO_TogglePin(GPIO_TypeDef *GPIOx, uint16_t GPIO_Pin)
 431:Drivers/STM32G4xx_HAL_Driver/Src/stm32g4xx_hal_gpio.c **** {
 590              		.loc 1 431 0
 591              		.cfi_startproc
 592              		@ args = 0, pretend = 0, frame = 0
 593              		@ frame_needed = 0, uses_anonymous_args = 0
 594              		@ link register save eliminated.
 595              	.LVL57:
 432:Drivers/STM32G4xx_HAL_Driver/Src/stm32g4xx_hal_gpio.c ****   uint32_t odr;
 433:Drivers/STM32G4xx_HAL_Driver/Src/stm32g4xx_hal_gpio.c **** 
 434:Drivers/STM32G4xx_HAL_Driver/Src/stm32g4xx_hal_gpio.c ****   /* Check the parameters */
 435:Drivers/STM32G4xx_HAL_Driver/Src/stm32g4xx_hal_gpio.c ****   assert_param(IS_GPIO_PIN(GPIO_Pin));
 436:Drivers/STM32G4xx_HAL_Driver/Src/stm32g4xx_hal_gpio.c **** 
 437:Drivers/STM32G4xx_HAL_Driver/Src/stm32g4xx_hal_gpio.c ****   /* get current Output Data Register value */
 438:Drivers/STM32G4xx_HAL_Driver/Src/stm32g4xx_hal_gpio.c ****   odr = GPIOx->ODR;
 596              		.loc 1 438 0
 597 0000 4369     		ldr	r3, [r0, #20]
 598              	.LVL58:
 439:Drivers/STM32G4xx_HAL_Driver/Src/stm32g4xx_hal_gpio.c **** 
 440:Drivers/STM32G4xx_HAL_Driver/Src/stm32g4xx_hal_gpio.c ****   /* Set selected pins that were at low level, and reset ones that were high */
 441:Drivers/STM32G4xx_HAL_Driver/Src/stm32g4xx_hal_gpio.c ****   GPIOx->BSRR = ((odr & GPIO_Pin) << GPIO_NUMBER) | (~odr & GPIO_Pin);
 599              		.loc 1 441 0
 600 0002 01EA0302 		and	r2, r1, r3
 601 0006 21EA0301 		bic	r1, r1, r3
 602              	.LVL59:
 603 000a 41EA0241 		orr	r1, r1, r2, lsl #16
ARM GAS  C:\Users\82057\AppData\Local\Temp\ccCBC8ya.s 			page 21


 604 000e 8161     		str	r1, [r0, #24]
 442:Drivers/STM32G4xx_HAL_Driver/Src/stm32g4xx_hal_gpio.c **** }
 605              		.loc 1 442 0
 606 0010 7047     		bx	lr
 607              		.cfi_endproc
 608              	.LFE333:
 610              		.section	.text.HAL_GPIO_LockPin,"ax",%progbits
 611              		.align	1
 612              		.global	HAL_GPIO_LockPin
 613              		.syntax unified
 614              		.thumb
 615              		.thumb_func
 616              		.fpu fpv4-sp-d16
 618              	HAL_GPIO_LockPin:
 619              	.LFB334:
 443:Drivers/STM32G4xx_HAL_Driver/Src/stm32g4xx_hal_gpio.c **** 
 444:Drivers/STM32G4xx_HAL_Driver/Src/stm32g4xx_hal_gpio.c **** /**
 445:Drivers/STM32G4xx_HAL_Driver/Src/stm32g4xx_hal_gpio.c ****   * @brief  Lock GPIO Pins configuration registers.
 446:Drivers/STM32G4xx_HAL_Driver/Src/stm32g4xx_hal_gpio.c ****   * @note   The locked registers are GPIOx_MODER, GPIOx_OTYPER, GPIOx_OSPEEDR,
 447:Drivers/STM32G4xx_HAL_Driver/Src/stm32g4xx_hal_gpio.c ****   *         GPIOx_PUPDR, GPIOx_AFRL and GPIOx_AFRH.
 448:Drivers/STM32G4xx_HAL_Driver/Src/stm32g4xx_hal_gpio.c ****   * @note   The configuration of the locked GPIO pins can no longer be modified
 449:Drivers/STM32G4xx_HAL_Driver/Src/stm32g4xx_hal_gpio.c ****   *         until the next reset.
 450:Drivers/STM32G4xx_HAL_Driver/Src/stm32g4xx_hal_gpio.c ****   * @param  GPIOx where x can be (A..G) to select the GPIO peripheral for STM32G4xx family
 451:Drivers/STM32G4xx_HAL_Driver/Src/stm32g4xx_hal_gpio.c ****   * @param  GPIO_Pin specifies the port bits to be locked.
 452:Drivers/STM32G4xx_HAL_Driver/Src/stm32g4xx_hal_gpio.c ****   *         This parameter can be any combination of GPIO_Pin_x where x can be (0..15).
 453:Drivers/STM32G4xx_HAL_Driver/Src/stm32g4xx_hal_gpio.c ****   * @retval None
 454:Drivers/STM32G4xx_HAL_Driver/Src/stm32g4xx_hal_gpio.c ****   */
 455:Drivers/STM32G4xx_HAL_Driver/Src/stm32g4xx_hal_gpio.c **** HAL_StatusTypeDef HAL_GPIO_LockPin(GPIO_TypeDef *GPIOx, uint16_t GPIO_Pin)
 456:Drivers/STM32G4xx_HAL_Driver/Src/stm32g4xx_hal_gpio.c **** {
 620              		.loc 1 456 0
 621              		.cfi_startproc
 622              		@ args = 0, pretend = 0, frame = 8
 623              		@ frame_needed = 0, uses_anonymous_args = 0
 624              		@ link register save eliminated.
 625              	.LVL60:
 626 0000 82B0     		sub	sp, sp, #8
 627              	.LCFI5:
 628              		.cfi_def_cfa_offset 8
 457:Drivers/STM32G4xx_HAL_Driver/Src/stm32g4xx_hal_gpio.c ****   __IO uint32_t tmp = GPIO_LCKR_LCKK;
 629              		.loc 1 457 0
 630 0002 4FF48033 		mov	r3, #65536
 631 0006 0193     		str	r3, [sp, #4]
 458:Drivers/STM32G4xx_HAL_Driver/Src/stm32g4xx_hal_gpio.c **** 
 459:Drivers/STM32G4xx_HAL_Driver/Src/stm32g4xx_hal_gpio.c ****   /* Check the parameters */
 460:Drivers/STM32G4xx_HAL_Driver/Src/stm32g4xx_hal_gpio.c ****   assert_param(IS_GPIO_LOCK_INSTANCE(GPIOx));
 461:Drivers/STM32G4xx_HAL_Driver/Src/stm32g4xx_hal_gpio.c ****   assert_param(IS_GPIO_PIN(GPIO_Pin));
 462:Drivers/STM32G4xx_HAL_Driver/Src/stm32g4xx_hal_gpio.c **** 
 463:Drivers/STM32G4xx_HAL_Driver/Src/stm32g4xx_hal_gpio.c ****   /* Apply lock key write sequence */
 464:Drivers/STM32G4xx_HAL_Driver/Src/stm32g4xx_hal_gpio.c ****   tmp |= GPIO_Pin;
 632              		.loc 1 464 0
 633 0008 019B     		ldr	r3, [sp, #4]
 634 000a 0B43     		orrs	r3, r3, r1
 635 000c 0193     		str	r3, [sp, #4]
 465:Drivers/STM32G4xx_HAL_Driver/Src/stm32g4xx_hal_gpio.c ****   /* Set LCKx bit(s): LCKK='1' + LCK[15-0] */
 466:Drivers/STM32G4xx_HAL_Driver/Src/stm32g4xx_hal_gpio.c ****   GPIOx->LCKR = tmp;
 636              		.loc 1 466 0
 637 000e 019B     		ldr	r3, [sp, #4]
ARM GAS  C:\Users\82057\AppData\Local\Temp\ccCBC8ya.s 			page 22


 638 0010 C361     		str	r3, [r0, #28]
 467:Drivers/STM32G4xx_HAL_Driver/Src/stm32g4xx_hal_gpio.c ****   /* Reset LCKx bit(s): LCKK='0' + LCK[15-0] */
 468:Drivers/STM32G4xx_HAL_Driver/Src/stm32g4xx_hal_gpio.c ****   GPIOx->LCKR = GPIO_Pin;
 639              		.loc 1 468 0
 640 0012 C161     		str	r1, [r0, #28]
 469:Drivers/STM32G4xx_HAL_Driver/Src/stm32g4xx_hal_gpio.c ****   /* Set LCKx bit(s): LCKK='1' + LCK[15-0] */
 470:Drivers/STM32G4xx_HAL_Driver/Src/stm32g4xx_hal_gpio.c ****   GPIOx->LCKR = tmp;
 641              		.loc 1 470 0
 642 0014 019B     		ldr	r3, [sp, #4]
 643 0016 C361     		str	r3, [r0, #28]
 471:Drivers/STM32G4xx_HAL_Driver/Src/stm32g4xx_hal_gpio.c ****   /* Read LCKK register. This read is mandatory to complete key lock sequence */
 472:Drivers/STM32G4xx_HAL_Driver/Src/stm32g4xx_hal_gpio.c ****   tmp = GPIOx->LCKR;
 644              		.loc 1 472 0
 645 0018 C369     		ldr	r3, [r0, #28]
 646 001a 0193     		str	r3, [sp, #4]
 473:Drivers/STM32G4xx_HAL_Driver/Src/stm32g4xx_hal_gpio.c **** 
 474:Drivers/STM32G4xx_HAL_Driver/Src/stm32g4xx_hal_gpio.c ****   /* read again in order to confirm lock is active */
 475:Drivers/STM32G4xx_HAL_Driver/Src/stm32g4xx_hal_gpio.c ****   if ((GPIOx->LCKR & GPIO_LCKR_LCKK) != 0x00u)
 647              		.loc 1 475 0
 648 001c C069     		ldr	r0, [r0, #28]
 649              	.LVL61:
 650 001e 80F48030 		eor	r0, r0, #65536
 476:Drivers/STM32G4xx_HAL_Driver/Src/stm32g4xx_hal_gpio.c ****   {
 477:Drivers/STM32G4xx_HAL_Driver/Src/stm32g4xx_hal_gpio.c ****     return HAL_OK;
 478:Drivers/STM32G4xx_HAL_Driver/Src/stm32g4xx_hal_gpio.c ****   }
 479:Drivers/STM32G4xx_HAL_Driver/Src/stm32g4xx_hal_gpio.c ****   else
 480:Drivers/STM32G4xx_HAL_Driver/Src/stm32g4xx_hal_gpio.c ****   {
 481:Drivers/STM32G4xx_HAL_Driver/Src/stm32g4xx_hal_gpio.c ****     return HAL_ERROR;
 482:Drivers/STM32G4xx_HAL_Driver/Src/stm32g4xx_hal_gpio.c ****   }
 483:Drivers/STM32G4xx_HAL_Driver/Src/stm32g4xx_hal_gpio.c **** }
 651              		.loc 1 483 0
 652 0022 C0F30040 		ubfx	r0, r0, #16, #1
 653 0026 02B0     		add	sp, sp, #8
 654              	.LCFI6:
 655              		.cfi_def_cfa_offset 0
 656              		@ sp needed
 657 0028 7047     		bx	lr
 658              		.cfi_endproc
 659              	.LFE334:
 661              		.section	.text.HAL_GPIO_EXTI_Callback,"ax",%progbits
 662              		.align	1
 663              		.weak	HAL_GPIO_EXTI_Callback
 664              		.syntax unified
 665              		.thumb
 666              		.thumb_func
 667              		.fpu fpv4-sp-d16
 669              	HAL_GPIO_EXTI_Callback:
 670              	.LFB336:
 484:Drivers/STM32G4xx_HAL_Driver/Src/stm32g4xx_hal_gpio.c **** 
 485:Drivers/STM32G4xx_HAL_Driver/Src/stm32g4xx_hal_gpio.c **** /**
 486:Drivers/STM32G4xx_HAL_Driver/Src/stm32g4xx_hal_gpio.c ****   * @brief  Handle EXTI interrupt request.
 487:Drivers/STM32G4xx_HAL_Driver/Src/stm32g4xx_hal_gpio.c ****   * @param  GPIO_Pin Specifies the port pin connected to corresponding EXTI line.
 488:Drivers/STM32G4xx_HAL_Driver/Src/stm32g4xx_hal_gpio.c ****   * @retval None
 489:Drivers/STM32G4xx_HAL_Driver/Src/stm32g4xx_hal_gpio.c ****   */
 490:Drivers/STM32G4xx_HAL_Driver/Src/stm32g4xx_hal_gpio.c **** void HAL_GPIO_EXTI_IRQHandler(uint16_t GPIO_Pin)
 491:Drivers/STM32G4xx_HAL_Driver/Src/stm32g4xx_hal_gpio.c **** {
 492:Drivers/STM32G4xx_HAL_Driver/Src/stm32g4xx_hal_gpio.c ****   /* EXTI line interrupt detected */
ARM GAS  C:\Users\82057\AppData\Local\Temp\ccCBC8ya.s 			page 23


 493:Drivers/STM32G4xx_HAL_Driver/Src/stm32g4xx_hal_gpio.c ****   if (__HAL_GPIO_EXTI_GET_IT(GPIO_Pin) != 0x00u)
 494:Drivers/STM32G4xx_HAL_Driver/Src/stm32g4xx_hal_gpio.c ****   {
 495:Drivers/STM32G4xx_HAL_Driver/Src/stm32g4xx_hal_gpio.c ****     __HAL_GPIO_EXTI_CLEAR_IT(GPIO_Pin);
 496:Drivers/STM32G4xx_HAL_Driver/Src/stm32g4xx_hal_gpio.c ****     HAL_GPIO_EXTI_Callback(GPIO_Pin);
 497:Drivers/STM32G4xx_HAL_Driver/Src/stm32g4xx_hal_gpio.c ****   }
 498:Drivers/STM32G4xx_HAL_Driver/Src/stm32g4xx_hal_gpio.c **** }
 499:Drivers/STM32G4xx_HAL_Driver/Src/stm32g4xx_hal_gpio.c **** 
 500:Drivers/STM32G4xx_HAL_Driver/Src/stm32g4xx_hal_gpio.c **** /**
 501:Drivers/STM32G4xx_HAL_Driver/Src/stm32g4xx_hal_gpio.c ****   * @brief  EXTI line detection callback.
 502:Drivers/STM32G4xx_HAL_Driver/Src/stm32g4xx_hal_gpio.c ****   * @param  GPIO_Pin: Specifies the port pin connected to corresponding EXTI line.
 503:Drivers/STM32G4xx_HAL_Driver/Src/stm32g4xx_hal_gpio.c ****   * @retval None
 504:Drivers/STM32G4xx_HAL_Driver/Src/stm32g4xx_hal_gpio.c ****   */
 505:Drivers/STM32G4xx_HAL_Driver/Src/stm32g4xx_hal_gpio.c **** __weak void HAL_GPIO_EXTI_Callback(uint16_t GPIO_Pin)
 506:Drivers/STM32G4xx_HAL_Driver/Src/stm32g4xx_hal_gpio.c **** {
 671              		.loc 1 506 0
 672              		.cfi_startproc
 673              		@ args = 0, pretend = 0, frame = 0
 674              		@ frame_needed = 0, uses_anonymous_args = 0
 675              		@ link register save eliminated.
 676              	.LVL62:
 507:Drivers/STM32G4xx_HAL_Driver/Src/stm32g4xx_hal_gpio.c ****   /* Prevent unused argument(s) compilation warning */
 508:Drivers/STM32G4xx_HAL_Driver/Src/stm32g4xx_hal_gpio.c ****   UNUSED(GPIO_Pin);
 509:Drivers/STM32G4xx_HAL_Driver/Src/stm32g4xx_hal_gpio.c **** 
 510:Drivers/STM32G4xx_HAL_Driver/Src/stm32g4xx_hal_gpio.c ****   /* NOTE: This function should not be modified, when the callback is needed,
 511:Drivers/STM32G4xx_HAL_Driver/Src/stm32g4xx_hal_gpio.c ****            the HAL_GPIO_EXTI_Callback could be implemented in the user file
 512:Drivers/STM32G4xx_HAL_Driver/Src/stm32g4xx_hal_gpio.c ****    */
 513:Drivers/STM32G4xx_HAL_Driver/Src/stm32g4xx_hal_gpio.c **** }
 677              		.loc 1 513 0
 678 0000 7047     		bx	lr
 679              		.cfi_endproc
 680              	.LFE336:
 682              		.section	.text.HAL_GPIO_EXTI_IRQHandler,"ax",%progbits
 683              		.align	1
 684              		.global	HAL_GPIO_EXTI_IRQHandler
 685              		.syntax unified
 686              		.thumb
 687              		.thumb_func
 688              		.fpu fpv4-sp-d16
 690              	HAL_GPIO_EXTI_IRQHandler:
 691              	.LFB335:
 491:Drivers/STM32G4xx_HAL_Driver/Src/stm32g4xx_hal_gpio.c ****   /* EXTI line interrupt detected */
 692              		.loc 1 491 0
 693              		.cfi_startproc
 694              		@ args = 0, pretend = 0, frame = 0
 695              		@ frame_needed = 0, uses_anonymous_args = 0
 696              	.LVL63:
 697 0000 08B5     		push	{r3, lr}
 698              	.LCFI7:
 699              		.cfi_def_cfa_offset 8
 700              		.cfi_offset 3, -8
 701              		.cfi_offset 14, -4
 493:Drivers/STM32G4xx_HAL_Driver/Src/stm32g4xx_hal_gpio.c ****   {
 702              		.loc 1 493 0
 703 0002 044B     		ldr	r3, .L60
 704 0004 5969     		ldr	r1, [r3, #20]
 705 0006 0142     		tst	r1, r0
 706 0008 02D0     		beq	.L55
ARM GAS  C:\Users\82057\AppData\Local\Temp\ccCBC8ya.s 			page 24


 495:Drivers/STM32G4xx_HAL_Driver/Src/stm32g4xx_hal_gpio.c ****     HAL_GPIO_EXTI_Callback(GPIO_Pin);
 707              		.loc 1 495 0
 708 000a 5861     		str	r0, [r3, #20]
 496:Drivers/STM32G4xx_HAL_Driver/Src/stm32g4xx_hal_gpio.c ****   }
 709              		.loc 1 496 0
 710 000c FFF7FEFF 		bl	HAL_GPIO_EXTI_Callback
 711              	.LVL64:
 712              	.L55:
 498:Drivers/STM32G4xx_HAL_Driver/Src/stm32g4xx_hal_gpio.c **** 
 713              		.loc 1 498 0
 714 0010 08BD     		pop	{r3, pc}
 715              	.L61:
 716 0012 00BF     		.align	2
 717              	.L60:
 718 0014 00040140 		.word	1073808384
 719              		.cfi_endproc
 720              	.LFE335:
 722              		.text
 723              	.Letext0:
 724              		.file 2 "c:\\program files (x86)\\gnu tools arm embedded\\7 2018-q2-update\\arm-none-eabi\\include
 725              		.file 3 "c:\\program files (x86)\\gnu tools arm embedded\\7 2018-q2-update\\arm-none-eabi\\include
 726              		.file 4 "Drivers/CMSIS/Include/core_cm4.h"
 727              		.file 5 "Drivers/CMSIS/Device/ST/STM32G4xx/Include/system_stm32g4xx.h"
 728              		.file 6 "Drivers/CMSIS/Device/ST/STM32G4xx/Include/stm32g431xx.h"
 729              		.file 7 "Drivers/STM32G4xx_HAL_Driver/Inc/stm32g4xx_hal_def.h"
 730              		.file 8 "Drivers/STM32G4xx_HAL_Driver/Inc/stm32g4xx_hal_gpio.h"
 731              		.file 9 "Drivers/STM32G4xx_HAL_Driver/Inc/stm32g4xx_hal_flash.h"
 732              		.file 10 "Drivers/STM32G4xx_HAL_Driver/Inc/stm32g4xx_hal_uart.h"
 733              		.file 11 "Drivers/STM32G4xx_HAL_Driver/Inc/stm32g4xx_hal.h"
ARM GAS  C:\Users\82057\AppData\Local\Temp\ccCBC8ya.s 			page 25


DEFINED SYMBOLS
                            *ABS*:00000000 stm32g4xx_hal_gpio.c
C:\Users\82057\AppData\Local\Temp\ccCBC8ya.s:18     .text.HAL_GPIO_Init:00000000 $t
C:\Users\82057\AppData\Local\Temp\ccCBC8ya.s:25     .text.HAL_GPIO_Init:00000000 HAL_GPIO_Init
C:\Users\82057\AppData\Local\Temp\ccCBC8ya.s:332    .text.HAL_GPIO_Init:0000018c $d
C:\Users\82057\AppData\Local\Temp\ccCBC8ya.s:339    .text.HAL_GPIO_DeInit:00000000 $t
C:\Users\82057\AppData\Local\Temp\ccCBC8ya.s:346    .text.HAL_GPIO_DeInit:00000000 HAL_GPIO_DeInit
C:\Users\82057\AppData\Local\Temp\ccCBC8ya.s:517    .text.HAL_GPIO_DeInit:000000f0 $d
C:\Users\82057\AppData\Local\Temp\ccCBC8ya.s:523    .text.HAL_GPIO_ReadPin:00000000 $t
C:\Users\82057\AppData\Local\Temp\ccCBC8ya.s:530    .text.HAL_GPIO_ReadPin:00000000 HAL_GPIO_ReadPin
C:\Users\82057\AppData\Local\Temp\ccCBC8ya.s:552    .text.HAL_GPIO_WritePin:00000000 $t
C:\Users\82057\AppData\Local\Temp\ccCBC8ya.s:559    .text.HAL_GPIO_WritePin:00000000 HAL_GPIO_WritePin
C:\Users\82057\AppData\Local\Temp\ccCBC8ya.s:581    .text.HAL_GPIO_TogglePin:00000000 $t
C:\Users\82057\AppData\Local\Temp\ccCBC8ya.s:588    .text.HAL_GPIO_TogglePin:00000000 HAL_GPIO_TogglePin
C:\Users\82057\AppData\Local\Temp\ccCBC8ya.s:611    .text.HAL_GPIO_LockPin:00000000 $t
C:\Users\82057\AppData\Local\Temp\ccCBC8ya.s:618    .text.HAL_GPIO_LockPin:00000000 HAL_GPIO_LockPin
C:\Users\82057\AppData\Local\Temp\ccCBC8ya.s:662    .text.HAL_GPIO_EXTI_Callback:00000000 $t
C:\Users\82057\AppData\Local\Temp\ccCBC8ya.s:669    .text.HAL_GPIO_EXTI_Callback:00000000 HAL_GPIO_EXTI_Callback
C:\Users\82057\AppData\Local\Temp\ccCBC8ya.s:683    .text.HAL_GPIO_EXTI_IRQHandler:00000000 $t
C:\Users\82057\AppData\Local\Temp\ccCBC8ya.s:690    .text.HAL_GPIO_EXTI_IRQHandler:00000000 HAL_GPIO_EXTI_IRQHandler
C:\Users\82057\AppData\Local\Temp\ccCBC8ya.s:718    .text.HAL_GPIO_EXTI_IRQHandler:00000014 $d

NO UNDEFINED SYMBOLS
